     5 : nkpt
    23 : nstsv

     1   0.000000000       0.000000000       0.000000000     : k-point, vkl
 (state, eigenvalue and occupancy below)
     1  -1.214298438       2.000000000    
     2  -1.214298437       2.000000000    
     3  -1.214298437       2.000000000    
     4  -1.214269798       2.000000000    
     5  -1.214269798       2.000000000    
     6 -0.4665851295       2.000000000    
     7 -0.4665851295       2.000000000    
     8 -0.4665851289       2.000000000    
     9 -0.4658531582       2.000000000    
    10 -0.4658531582       2.000000000    
    11 -0.3285507060       2.000000000    
    12  0.1779524235E-02   2.000000000    
    13  0.6670507283E-01   1.333288614    
    14  0.6670507305E-01   1.333288513    
    15  0.6670507305E-01   1.333288513    
    16  0.1937496407       0.000000000    
    17  0.1937496407       0.000000000    
    18  0.1937496518       0.000000000    
    19  0.3110800132       0.000000000    
    20  0.4066213247       0.000000000    
    21  0.4066213247       0.000000000    
    22  0.4588167664       0.000000000    
    23  0.4588167778       0.000000000    


     2  0.3333333333       0.000000000       0.000000000     : k-point, vkl
 (state, eigenvalue and occupancy below)
     1  -1.214338494       2.000000000    
     2  -1.214338494       2.000000000    
     3  -1.214335686       2.000000000    
     4  -1.214249997       2.000000000    
     5  -1.214249997       2.000000000    
     6 -0.4671368361       2.000000000    
     7 -0.4664829401       2.000000000    
     8 -0.4664829396       2.000000000    
     9 -0.4658253813       2.000000000    
    10 -0.4658253811       2.000000000    
    11 -0.3055932409       2.000000000    
    12 -0.1008485996       2.000000000    
    13  0.4535388814E-01   1.999999999    
    14  0.4535389121E-01   1.999999999    
    15  0.7908562178E-01  0.1679610401E-04
    16  0.2225382640       0.000000000    
    17  0.2225382663       0.000000000    
    18  0.2685279624       0.000000000    
    19  0.3652898813       0.000000000    
    20  0.3913974935       0.000000000    
    21  0.3913974958       0.000000000    
    22  0.4700300025       0.000000000    
    23  0.5777605361       0.000000000    


     3  0.6666666667       0.000000000       0.000000000     : k-point, vkl
 (state, eigenvalue and occupancy below)
     1  -1.214338494       2.000000000    
     2  -1.214338494       2.000000000    
     3  -1.214335686       2.000000000    
     4  -1.214249997       2.000000000    
     5  -1.214249997       2.000000000    
     6 -0.4671368361       2.000000000    
     7 -0.4664829401       2.000000000    
     8 -0.4664829396       2.000000000    
     9 -0.4658253813       2.000000000    
    10 -0.4658253811       2.000000000    
    11 -0.3055932409       2.000000000    
    12 -0.1008485996       2.000000000    
    13  0.4535388814E-01   1.999999999    
    14  0.4535389121E-01   1.999999999    
    15  0.7908562178E-01  0.1679610401E-04
    16  0.2225382640       0.000000000    
    17  0.2225382663       0.000000000    
    18  0.2685279624       0.000000000    
    19  0.3652898813       0.000000000    
    20  0.3913974935       0.000000000    
    21  0.3913974958       0.000000000    
    22  0.4700300025       0.000000000    
    23  0.5777605361       0.000000000    


     4  0.3333333333      0.3333333333       0.000000000     : k-point, vkl
 (state, eigenvalue and occupancy below)
     1  -1.214271742       2.000000000    
     2  -1.214271741       2.000000000    
     3  -1.214267930       2.000000000    
     4  -1.214232415       2.000000000    
     5  -1.214227131       2.000000000    
     6 -0.4673003575       2.000000000    
     7 -0.4661771295       2.000000000    
     8 -0.4661771291       2.000000000    
     9 -0.4659109022       2.000000000    
    10 -0.4656581463       2.000000000    
    11 -0.2971483652       2.000000000    
    12 -0.1101185200       2.000000000    
    13  0.1546109125E-01   2.000000000    
    14  0.1546109288E-01   2.000000000    
    15  0.1263677640       0.000000000    
    16  0.1515357396       0.000000000    
    17  0.2988086176       0.000000000    
    18  0.2988086240       0.000000000    
    19  0.3246427373       0.000000000    
    20  0.4588415952       0.000000000    
    21  0.4613277077       0.000000000    
    22  0.5597750159       0.000000000    
    23  0.5597750215       0.000000000    


     5  0.6666666667      0.3333333333       0.000000000     : k-point, vkl
 (state, eigenvalue and occupancy below)
     1  -1.214362774       2.000000000    
     2  -1.214340015       2.000000000    
     3  -1.214319759       2.000000000    
     4  -1.214296506       2.000000000    
     5  -1.214235580       2.000000000    
     6 -0.4674717241       2.000000000    
     7 -0.4663911383       2.000000000    
     8 -0.4663222060       2.000000000    
     9 -0.4659753652       2.000000000    
    10 -0.4657357729       2.000000000    
    11 -0.2852989271       2.000000000    
    12 -0.1312695037       2.000000000    
    13 -0.2432350434E-01   2.000000000    
    14  0.2148714109E-01   2.000000000    
    15  0.1361526141       0.000000000    
    16  0.2310272076       0.000000000    
    17  0.2784295684       0.000000000    
    18  0.2820502900       0.000000000    
    19  0.3277277580       0.000000000    
    20  0.3945452040       0.000000000    
    21  0.4823951059       0.000000000    
    22  0.5350783180       0.000000000    
    23  0.5673980273       0.000000000    

