
+----------------------------+
| Real-space lattice vectors |
+----------------------------+

vector a1 :    6.000000000       6.000000000       0.000000000    
vector a2 :    6.000000000       0.000000000       6.000000000    
vector a3 :    0.000000000       6.000000000       6.000000000    

Stored column-wise as a matrix :
   6.000000000       6.000000000       0.000000000    
   6.000000000       0.000000000       6.000000000    
   0.000000000       6.000000000       6.000000000    

Inverse of matrix :
  0.8333333333E-01  0.8333333333E-01 -0.8333333333E-01
  0.8333333333E-01 -0.8333333333E-01  0.8333333333E-01
 -0.8333333333E-01  0.8333333333E-01  0.8333333333E-01

Unit cell volume :    432.0000000    


+----------------------------------+
| Reciprocal-space lattice vectors |
+----------------------------------+

vector b1 :   0.5235987756      0.5235987756     -0.5235987756    
vector b2 :   0.5235987756     -0.5235987756      0.5235987756    
vector b3 :  -0.5235987756      0.5235987756      0.5235987756    

Stored column-wise as a matrix :
  0.5235987756      0.5235987756     -0.5235987756    
  0.5235987756     -0.5235987756      0.5235987756    
 -0.5235987756      0.5235987756      0.5235987756    

Inverse of matrix :
  0.9549296586      0.9549296586      -0.000000000    
  0.9549296586      -0.000000000      0.9549296586    
  -0.000000000      0.9549296586      0.9549296586    

Brillouin zone volume :   0.5741903089    
