
1  -35.421619995200004 
1  -35.421619995200004 
1  -35.4216153168 
1  -35.4216080544 
1  -34.698558424 
1  -34.6985530928 
1  -34.6956243328 
1  -34.6956243056 
1  -34.6956228368 
1  -34.6956206064 
1  -14.98109787584 
1  -14.98109785952 
1  -14.981088820959998 
1  -14.98107482656 
1  -14.54311284064 
1  -14.54310394624 
1  -14.512796014400001 
1  -14.51279598176 
1  -14.51279176848 
1  -14.51278520512 
1  -11.9009527208 
1  -11.900952696320001 
1  -0.6174127869439999 
1  -0.6174127537599999 
1  -0.308170166144 
1  -0.307956495728 
1  -3.2841313483199996e-05 
1  -3.2156352176e-05 
1  2.509413624176e-06 
1  5.7631040182399994e-05 
1  3.37600534592 
1  3.3760440732799997 
1  3.55099525664 
1  3.5509953735999997 
1  3.5510012460800002 
1  3.55101121488 
1  7.13025346208 
1  7.13025348112 
1  9.63837023024 
1  9.63837041792 
1  9.63837135088 
1  9.63837274624 
1  11.09937722624 
1  11.114681871999998 
1  11.124577748799998 
1  11.124577993599999 

2  -35.4186082752 
2  -35.418608248 
2  -35.4183007248 
2  -35.418285112 
2  -34.696009675199996 
2  -34.696009675199996 
2  -34.6921136016 
2  -34.6920951328 
2  -34.6918453008 
2  -34.6918453008 
2  -14.974775088960001 
2  -14.974775039999999 
2  -14.974233871520001 
2  -14.97401101376 
2  -14.53777171264 
2  -14.537771704479999 
2  -14.5051542152 
2  -14.50490098864 
2  -14.50453826576 
2  -14.50453824672 
2  -11.89994771888 
2  -11.8999476944 
2  -0.6554859113279999 
2  -0.6554858824959999 
2  -0.291899539312 
2  -0.291899409296 
2  -0.000523961941424 
2  -0.000320530687712 
2  0.01864435979696 
2  0.01864445352544 
2  3.37832154016 
2  3.37832167616 
2  3.55227350432 
2  3.55227374096 
2  3.55339071168 
2  3.55352221824 
2  7.13694277984 
2  7.1369428016 
2  9.629069209279999 
2  9.62930321088 
2  9.629303409439999 
2  9.62965691696 
2  11.10666363024 
2  11.10669392016 
2  11.13415007072 
2  11.13438694192 

3  -35.418640588799995 
3  -35.4186350944 
3  -35.418364808 
3  -35.4183474816 
3  -34.696054664 
3  -34.69604906079999 
3  -34.6921366944 
3  -34.692118878399995 
3  -34.6919262752 
3  -34.6919237184 
3  -14.9748848736 
3  -14.97487522032 
3  -14.97448835744 
3  -14.974018510079999 
3  -14.53789442 
3  -14.537884793919998 
3  -14.5053269624 
3  -14.50479863776 
3  -14.504772544800002 
3  -14.5047677576 
3  -11.897010719999999 
3  -11.897010692799999 
3  -0.74710972224 
3  -0.747069206208 
3  -0.2678656361216 
3  -0.2676910183776 
3  -0.0050447806 
3  -0.00463442251776 
3  0.0700689424592 
3  0.0701199085952 
3  3.3845358752 
3  3.38458000448 
3  3.55557615008 
3  3.55558573536 
3  3.56002404912 
3  3.56028503584 
3  7.15637859696 
3  7.15637901856 
3  9.599912049599999 
3  9.600264613279998 
3  9.60026603584 
3  9.60103287456 
3  11.08806305712 
3  11.0899891544 
3  11.16597217488 
3  11.18128065856 

4  -35.418663790400004 
4  -35.4186636544 
4  -35.4184219008 
4  -35.4184112384 
4  -34.6960906768 
4  -34.6960906768 
4  -34.692155952 
4  -34.6921391696 
4  -34.692001864 
4  -34.6920018096 
4  -14.97499612976 
4  -14.97499570544 
4  -14.974729588799999 
4  -14.97401559696 
4  -14.538014100000002 
4  -14.538014097280001 
4  -14.50546937616 
4  -14.50503029472 
4  -14.50503019408 
4  -14.504668055999998 
4  -11.8921189088 
4  -11.8921188816 
4  -0.8640082632959999 
4  -0.8640081852320001 
4  -0.2539857231248 
4  -0.2539855511936 
4  -0.01241791543664 
4  -0.01182418965872 
4  0.14643788423680001 
4  0.1464380021216 
4  3.39497198752 
4  3.3949721208 
4  3.5613727176 
4  3.56137293792 
4  3.57103707344 
4  3.5714238656000004 
4  7.188467601119999 
4  7.188467628320001 
4  9.55499441568 
4  9.55538443648 
4  9.5553846432 
4  9.55656650496 
4  11.05778031248 
4  11.05778200432 
4  11.238389093119999 
4  11.239091119680001 

5  -35.4186859856 
5  -35.4186857408 
5  -35.4184789664 
5  -35.418469936 
5  -34.6961261184 
5  -34.6961261184 
5  -34.692171945599995 
5  -34.692155543999995 
5  -34.692075984 
5  -34.692075848 
5  -14.97512297152 
5  -14.975122043999999 
5  -14.974958615519999 
5  -14.974002236319999 
5  -14.538144839519997 
5  -14.53814483136 
5  -14.5055812824 
5  -14.5053182448 
5  -14.505318073439998 
5  -14.504509879839999 
5  -11.8852784896 
5  -11.8852784624 
5  -0.9937030609440001 
5  -0.993702996752 
5  -0.251262084472 
5  -0.251261994168 
5  -0.022573614304320002 
5  -0.02179125502224 
5  0.2357340130432 
5  0.2357341024496 
5  3.4096113512 
5  3.40961146544 
5  3.5700252252799998 
5  3.5700254401600002 
5  3.5862994096 
5  3.5868080958399995 
5  7.232761688639999 
5  7.23276171584 
5  9.49810665744 
5  9.498495010880001 
5  9.49849520944 
5  9.50004170896 
5  11.0156293728 
5  11.01562996576 
5  11.32426161472 
5  11.32511821072 

6  -35.4187046992 
6  -35.4187041824 
6  -35.418533774400004 
6  -35.41852583199999 
6  -34.6961582688 
6  -34.6961581056 
6  -34.6921848656 
6  -34.6921683824 
6  -34.692147384 
6  -34.692146894400004 
6  -14.975261384159998 
6  -14.9752591184 
6  -14.975174132 
6  -14.973979391039999 
6  -14.53828154944 
6  -14.5382812856 
6  -14.50566373104 
6  -14.50563339488 
6  -14.50563178464 
6  -14.504324990559999 
6  -11.87649819088 
6  -11.876498163679999 
6  -1.130868105216 
6  -1.13086613648 
6  -0.25624412672159996 
6  -0.2562406014384 
6  -0.0353926701104 
6  -0.034428101942399994 
6  0.329127692704 
6  0.32912999953600003 
6  3.4285748648 
6  3.42857644512 
6  3.5819874316799996 
6  3.5819881089599996 
6  3.605633156 
6  3.6062582664000002 
6  7.28865247168 
6  7.288652588639999 
6  9.43295388272 
6  9.433334949279999 
6  9.4333351696 
6  9.435172828799999 
6  10.96472724112 
6  10.96473588528 
6  11.42694464752 
6  11.42805643392 

7  -35.418723712 
7  -35.418715035199995 
7  -35.41858860959999 
7  -35.4185771584 
7  -34.6961887872 
7  -34.6961851696 
7  -34.6922191376 
7  -34.69221391519999 
7  -34.6921932704 
7  -34.692177168 
7  -14.975414903679999 
7  -14.975402271999998 
7  -14.975376829119998 
7  -14.973947798240001 
7  -14.53842644656 
7  -14.538420370079999 
7  -14.505977994399998 
7  -14.50597165408 
7  -14.50571212256 
7  -14.504114318399997 
7  -11.86578931424 
7  -11.865789270719999 
7  -1.272915782592 
7  -1.272870464944 
7  -0.2665526695456 
7  -0.266477345184 
7  -0.050736151704 
7  -0.0495954864656 
7  0.421374382528 
7  0.421426838816 
7  3.4520149625600003 
7  3.4520514595200003 
7  3.5977111967999997 
7  3.5977369334400002 
7  3.6288156561599996 
7  3.62955028736 
7  7.35538135584 
7  7.355384851039999 
7  9.36270543008 
7  9.36308903168 
7  9.3630905984 
7  9.3651441848 
7  10.907062373439999 
7  10.907197065119998 
7  11.53768153232 
7  11.55034212048 

8  -35.4187320624 
8  -35.418730865600004 
8  -35.418636291199995 
8  -35.4186295728 
8  -34.696212587199994 
8  -34.6962123696 
8  -34.6922828672 
8  -34.6922823776 
8  -34.6921990096 
8  -34.692183016 
8  -14.975583872800001 
8  -14.975565360480001 
8  -14.975551858400001 
8  -14.97390826304 
8  -14.538570481439999 
8  -14.538570157759999 
8  -14.50634154144 
8  -14.506341130720001 
8  -14.50573109184 
8  -14.503878872479998 
8  -11.85316575888 
8  -11.85316573168 
8  -1.4182967448959998 
8  -1.418294177216 
8  -0.280696369312 
8  -0.280692307536 
8  -0.068440421448 
8  -0.067136156288 
8  0.509480981296 
8  0.50948385552 
8  3.48021306384 
8  3.4802152942399998 
8  3.61766811152 
8  3.61766972448 
8  3.6555835107199997 
8  3.65641960608 
8  7.432057492159999 
8  7.4320577940799994 
8  9.28989453616 
8  9.29029490384 
8  9.29029511872 
8  9.29250362272 
8  10.84484197088 
8  10.84484729664 
8  11.67109421392 
8  11.67242242256 

9  -35.418741391999994 
9  -35.4187392432 
9  -35.418683428799994 
9  -35.4186774448 
9  -34.696234864 
9  -34.6962347008 
9  -34.692346216 
9  -34.692345808 
9  -34.692201756799996 
9  -34.692185164799994 
9  -14.975758339039999 
9  -14.9757341256 
9  -14.975722783199998 
9  -14.9738614464 
9  -14.53872175968 
9  -14.538721509439998 
9  -14.506731725440002 
9  -14.506731371839999 
9  -14.50571905312 
9  -14.50361968096 
9  -11.83864418208 
9  -11.83864415488 
9  -1.566120720624 
9  -1.56611866376 
9  -0.297960320832 
9  -0.297957138976 
9  -0.08833014357279999 
9  -0.0868705521328 
9  0.59144295264 
9  0.591445164816 
9  3.5133525728 
9  3.51335446864 
9  3.64222588176 
9  3.6422274756799995 
9  3.68563668464 
9  3.6865660352 
9  7.51764483264 
9  7.517645172639999 
9  9.21649016544 
9  9.21691323968 
9  9.216913438239999 
9  9.21923219744 
9  10.779826330399999 
9  10.77982946112 
9  11.80822756992 
9  11.809525621919999 

10  -35.4187512656 
10  -35.4187447376 
10  -35.4187243648 
10  -35.4187222976 
10  -34.6962539584 
10  -34.6962539312 
10  -34.692406872 
10  -34.692406654399996 
10  -34.6922011856 
10  -34.6921838864 
10  -14.9759286056 
10  -14.975912984639999 
10  -14.975894094240001 
10  -14.97380808 
10  -14.538876832319998 
10  -14.53887673984 
10  -14.50714398768 
10  -14.50714387072 
10  -14.505676039039997 
10  -14.503337845439999 
10  -11.822244012799999 
10  -11.8222439856 
10  -1.715692156816 
10  -1.7156915167999998 
10  -0.317769799856 
10  -0.317768787472 
10  -0.11021429098239999 
10  -0.10861019516319999 
10  0.666000906912 
10  0.6660016146559999 
10  3.55155544064 
10  3.5515559982399996 
10  3.67184574064 
10  3.6718466409599997 
10  3.71864410224 
10  3.7196573104 
10  7.610972836159999 
10  7.610972961279999 
10  9.14401824608 
10  9.14445961504 
10  9.14445977824 
10  9.14686497904 
10  10.713962406239999 
10  10.7139632576 
10  11.9533715816 
10  11.95456370048 

11  -35.4187799344 
11  -35.4187669056 
11  -35.4187446016 
11  -35.418740983999996 
11  -34.6962700064 
11  -34.6962700064 
11  -34.6924648624 
11  -34.6924647264 
11  -34.692197377599996 
11  -34.6921791808 
11  -14.976107913439998 
11  -14.976101624800002 
11  -14.976052020160001 
11  -14.97374887648 
11  -14.539035190719998 
11  -14.53903516896 
11  -14.507576747840002 
11  -14.50757672336 
11  -14.50560226992 
11  -14.503034508319999 
11  -11.80398760672 
11  -11.80398757952 
11  -1.866499890672 
11  -1.866499810432 
11  -0.339731424208 
11  -0.33973129391999995 
11  -0.1338948764272 
11  -0.1321575448624 
11  0.732300435264 
11  0.732300568 
11  3.5945544273599994 
11  3.5945545144 
11  3.7072025718399995 
11  3.70720287648 
11  3.7542468839999996 
11  3.7553347969599997 
11  7.7107103945599995 
11  7.710710413599999 
11  9.07367659536 
11  9.07411825264 
11  9.07411841584 
11  9.0766065168 
11  10.64909005536 
11  10.649090213120001 
11  12.1053866288 
11  12.106575864479998 

12  -35.418819048 
12  -35.4188064 
12  -35.4187445744 
12  -35.4187407392 
12  -34.6962834704 
12  -34.6962826272 
12  -34.692521248 
12  -34.692518990399996 
12  -34.6921904688 
12  -34.692171075199994 
12  -14.97630383776 
12  -14.97629831616 
12  -14.97618981808 
12  -14.97368453216 
12  -14.539196864800001 
12  -14.539195515680001 
12  -14.508029214399999 
12  -14.508026954079998 
12  -14.505498064 
12  -14.50271087456 
12  -11.7839003904 
12  -11.78390034688 
12  -2.01813756616 
12  -2.018126729952 
12  -0.363536375696 
12  -0.363519382224 
12  -0.15916989206239998 
12  -0.1573109457344 
12  0.789823074688 
12  0.789833035056 
12  3.6413830353599996 
12  3.6413923975999998 
12  3.74946425088 
12  3.74948244496 
12  3.7920640585600003 
12  3.7932170012800004 
12  7.815335180959999 
12  7.815339122239999 
12  9.006426643520001 
12  9.00683566896 
12  9.006835965439999 
12  9.00942308256 
12  10.5870598352 
12  10.5870673696 
12  12.2622084328 
12  12.26603345456 

13  -35.4188575904 
13  -35.418843664 
13  -35.4187412016 
13  -35.4187354352 
13  -34.6962938064 
13  -34.6962925008 
13  -34.6925745056 
13  -34.6925708064 
13  -34.6921804592 
13  -34.6921595968 
13  -14.97651136016 
13  -14.97650348032 
13  -14.97631113008 
13  -14.9736157352 
13  -14.53936019808 
13  -14.539358122719998 
13  -14.508497772479998 
13  -14.50849416576 
13  -14.505363832 
13  -14.50236819264 
13  -11.762010956480001 
13  -11.76201095104 
13  -2.1702514228000003 
13  -2.1702350269119997 
13  -0.388899919008 
13  -0.388873780624 
13  -0.1858368879344 
13  -0.18386819096639997 
13  0.838361331616 
13  0.838375412512 
13  3.69022257472 
13  3.69023455904 
13  3.8004550736 
13  3.8004900256000003 
13  3.8316959599999993 
13  3.83290450496 
13  7.9230955425600005 
13  7.923102979039999 
13  8.94306130048 
13  8.94338951744 
13  8.94338973776 
13  8.94611104064 
13  10.5298182104 
13  10.52982705312 
13  12.42482186208 
13  12.4307256928 

14  -35.4188936848 
14  -35.4188791872 
14  -35.41873168159999 
14  -35.418729287999994 
14  -34.6963005792 
14  -34.696300116799996 
14  -34.6926231664 
14  -34.692621752 
14  -34.692167212799994 
14  -34.6921449904 
14  -14.9767242464 
14  -14.976721099359999 
14  -14.976417182879999 
14  -14.973543162879999 
14  -14.539523784319998 
14  -14.539523052639998 
14  -14.50897896496 
14  -14.508977599519998 
14  -14.505200082559998 
14  -14.502007773599999 
14  -11.738351403680001 
14  -11.73835136288 
14  -2.322536085376 
14  -2.3225302017439997 
14  -0.415569899808 
14  -0.415560386064 
14  -0.2136958334208 
14  -0.2116295228608 
14  0.877972991904 
14  0.8779775519840001 
14  3.7389405926399997 
14  3.7389439681599996 
14  3.8620747015999997 
14  3.8620897567999997 
14  3.8727292952 
14  3.87398398768 
14  8.03195410688 
14  8.0319573736 
14  8.88425330656 
14  8.884436789599999 
14  8.88443696368 
14  8.88734570992 
14  10.4794718128 
14  10.4794741112 
14  12.5952221264 
14  12.59769660832 

15  -35.4189295888 
15  -35.418909352 
15  -35.418726976 
15  -35.4187128048 
15  -34.6963062096 
15  -34.696303272 
15  -34.692673976 
15  -34.6926648096 
15  -34.6921517632 
15  -34.6921264672 
15  -14.976955081919998 
15  -14.976936245920001 
15  -14.976509224960001 
15  -14.97346748432 
15  -14.53969052576 
15  -14.5396860296 
15  -14.50947711936 
15  -14.50946854048 
15  -14.50500746304 
15  -14.50163094752 
15  -11.712957364 
15  -11.71295724432 
15  -2.474752307584 
15  -2.4747168782239997 
15  -0.443369527344 
15  -0.44331103755199996 
15  -0.2425522467808 
15  -0.2403993243488 
15  0.908926532608 
15  0.9089517619680001 
15  3.78623924384 
15  3.7862566627199996 
15  3.91474047856 
15  3.9160327614399995 
15  3.93504737024 
15  3.93515286272 
15  8.13951501632 
15  8.13953842736 
15  8.83054791024 
15  8.83054834544 
15  8.83058907472 
15  8.83371524416 
15  10.43835630096 
15  10.438366800159999 
15  12.7628866256 
15  12.776699838239999 

16  -35.418959808 
16  -35.4189416928 
16  -35.4187061136 
16  -35.4187051072 
16  -34.6963064816 
16  -34.6963063184 
16  -34.692713851200004 
16  -34.6927133616 
16  -34.692132015999995 
16  -34.6921059312 
16  -14.977177072 
16  -14.977175943199999 
16  -14.976585844639999 
16  -14.97338937136 
16  -14.53985315184 
16  -14.539852917919998 
16  -14.509977596639999 
16  -14.50997716416 
16  -14.50478662896 
16  -14.501239131519998 
16  -11.68586823936 
16  -11.68586821488 
16  -2.6266050896479998 
16  -2.626603360544 
16  -0.472007622352 
16  -0.472004692368 
16  -0.272216769584 
16  -0.2699903783472 
16  0.9317445568480001 
16  0.931745740592 
16  3.83200538176 
16  3.8320062576000002 
16  3.95730192336 
16  3.9586229294399997 
16  4.01897878288 
16  4.01898462272 
16  8.24306842192 
16  8.24306974656 
16  8.782230668 
16  8.782230784960001 
16  8.78259119584 
16  8.785743518079999 
16  10.4091190536 
16  10.40911950784 
16  12.9467803856 
16  12.94813806816 

17  -35.418989591999996 
17  -35.4189689472 
17  -35.418690310399995 
17  -35.4186870192 
17  -34.6963056928 
17  -34.6963050672 
17  -34.6927559568 
17  -34.6927538624 
17  -34.6921101472 
17  -34.6920816144 
17  -14.97741590704 
17  -14.9774116856 
17  -14.9766486304 
17  -14.973309430559999 
17  -14.54001745616 
17  -14.54001651504 
17  -14.51049056416 
17  -14.510488700959998 
17  -14.50453844256 
17  -14.50083373456 
17  -11.65712779728 
17  -11.657127791839999 
17  -2.7779203191999997 
17  -2.7779131737599996 
17  -0.501377030432 
17  -0.501364737936 
17  -0.302510365936 
17  -0.30022121584 
17  0.94702192536 
17  0.947026136464 
17  3.87649591584 
17  3.87649937024 
17  3.9999851071999997 
17  4.0013268995199995 
17  4.1125905368 
17  4.11261661072 
17  8.33952116416 
17  8.339527344 
17  8.739944318560001 
17  8.73994441104 
17  8.74073322736 
17  8.74390500848 
17  10.39462487808 
17  10.39462624352 
17  13.12755676992 
17  13.13082346544 

18  -35.4190169824 
18  -35.418993807999996 
18  -35.4186692576 
18  -35.4186683872 
18  -34.6963018576 
18  -34.6963017216 
18  -34.6927936016 
18  -34.6927931392 
18  -34.692085395199996 
18  -34.69205427839999 
18  -14.977657543680001 
18  -14.977656572639999 
18  -14.97669717696 
18  -14.97322829568 
18  -14.540179524640001 
18  -14.540179320639998 
18  -14.511007494720001 
18  -14.511007103039999 
18  -14.50426378784 
18  -14.500416225439999 
18  -11.6267841192 
18  -11.62678409472 
18  -2.92846120256 
18  -2.92845973648 
18  -0.531256679776 
18  -0.531254095232 
18  -0.333261673824 
18  -0.330920984352 
18  0.955500728944 
18  0.9555015672480001 
18  3.91990131136 
18  3.91990213008 
18  4.0423670211200005 
18  4.0437220815999995 
18  4.214835432 
18  4.21484126368 
18  8.425698815359999 
18  8.42570020256 
18  8.704111685920001 
18  8.70411181104 
18  8.70544844352 
18  8.708633683199999 
18  10.397834290399999 
18  10.39783461952 
18  13.31410345472 
18  13.31539745392 

19  -35.4190421696 
19  -35.419015976000004 
19  -35.418646436799996 
19  -35.4186458656 
19  -34.696295710399994 
19  -34.696295656 
19  -34.6928290704 
19  -34.6928288528 
19  -34.692058004799996 
19  -34.6920238688 
19  -14.977905730079998 
19  -14.97790523776 
19  -14.9767316992 
19  -14.97314653792 
19  -14.54033968912 
19  -14.540339599360001 
19  -14.511528157119999 
19  -14.511527999359998 
19  -14.503963660319998 
19  -14.499988100160001 
19  -11.59489008736 
19  -11.594890060160001 
19  -3.0780343344 
19  -3.07803374416 
19  -0.561493276896 
19  -0.561492210928 
19  -0.364309312112 
19  -0.361928049488 
19  0.9579487112639999 
19  0.95794906976 
19  3.96220037952 
19  3.96220080656 
19  4.084035731999999 
19  4.0853971736000005 
19  4.32469441776 
19  4.32469695824 
19  8.498624460639999 
19  8.49862504816 
19  8.67512742576 
19  8.67512751552 
19  8.677134494719999 
19  8.68032752992 
19  10.421417419359999 
19  10.4214176152 
19  13.5033638672 
19  13.5044821544 

20  -35.4190122224 
20  -35.4189645136 
20  -35.418039305600004 
20  -35.418038870400004 
20  -34.6959686032 
20  -34.6959685216 
20  -34.6924407088 
20  -34.692440491199996 
20  -34.6917821152 
20  -34.6917256752 
20  -14.976764747199999 
20  -14.976761872159999 
20  -14.97663439392 
20  -14.97292006528 
20  -14.53948961296 
20  -14.539489525919999 
20  -14.511486350719998 
20  -14.51148614944 
20  -14.50306110992 
20  -14.4989430544 
20  -11.56148489424 
20  -11.56148485888 
20  -3.22635424256 
20  -3.22635355168 
20  -0.591923793968 
20  -0.591922550656 
20  -0.395498344976 
20  -0.393087666096 
20  0.9551835660639999 
20  0.9551837920959999 
20  4.00324474976 
20  4.00324510336 
20  4.124601681440001 
20  4.12596310128 
20  4.441667729440001 
20  4.441670762239999 
20  8.556176921599999 
20  8.55617761792 
20  8.653408038079998 
20  8.653408149599999 
20  8.656185489919999 
20  8.659382295039999 
20  10.4676853728 
20  10.467685544159998 
20  13.69598329744 
20  13.69708493008 

21  -35.4190355328 
21  -35.418984260799995 
21  -35.418034735999996 
21  -35.4180288336 
21  -34.69597388 
21  -34.6959726016 
21  -34.6924821344 
21  -34.692478598399994 
21  -34.691760192 
21  -34.6917004608 
21  -14.977071084479999 
21  -14.97706381664 
21  -14.97664920976 
21  -14.97284520272 
21  -14.539668213599999 
21  -14.539666704000002 
21  -14.51204508224 
21  -14.51204204672 
21  -14.502739954079999 
21  -14.498525515359999 
21  -11.526670061119999 
21  -11.52667002304 
21  -3.37342041296 
21  -3.37340988112 
21  -0.6224210631039999 
21  -0.62240170976 
21  -0.426695130928 
21  -0.424264526144 
21  0.947881888448 
21  0.9478859477759999 
21  4.04279243728 
21  4.0427991584 
21  4.1636847848 
21  4.1650406884799995 
21  4.56421542544 
21  4.5642651470399995 
21  8.596878011520001 
21  8.5968881272 
21  8.63933714352 
21  8.63933774192 
21  8.64286255456 
21  8.64605681376 
21  10.53645292688 
21  10.53645783376 
21  13.889543583839998 
21  13.89501580768 

22  -35.4190563952 
22  -35.4190014512 
22  -35.418023665599996 
22  -35.4180189056 
22  -34.6959757024 
22  -34.6959746688 
22  -34.6925183648 
22  -34.6925155632 
22  -34.6917353856 
22  -34.691672064 
22  -14.977376298399998 
22  -14.977370540159999 
22  -14.976648660319999 
22  -14.972771066399998 
22  -14.539841200159998 
22  -14.53984003872 
22  -14.51259699472 
22  -14.512594603839998 
22  -14.5023958088 
22  -14.49810091248 
22  -11.49049672944 
22  -11.49049663696 
22  -3.51894416384 
22  -3.51893606096 
22  -0.6528260652160001 
22  -0.6528110559839999 
22  -0.45776391531199995 
22  -0.45532341272000004 
22  0.936802538288 
22  0.936805249312 
22  4.08060360064 
22  4.0806090352 
22  4.20095221472 
22  4.202297404319999 
22  4.69206214384 
22  4.6921021904 
22  8.62048593328 
22  8.62049184112 
22  8.6340151752 
22  8.634017250560001 
22  8.637485120000001 
22  8.64067186384 
22  10.627287024960001 
22  10.62729214128 
22  14.08874534336 
22  14.09314297952 

23  -35.4190749456 
23  -35.4190159216 
23  -35.4180085152 
23  -35.418006856 
23  -34.6959746688 
23  -34.6959743152 
23  -34.692550896 
23  -34.692549944 
23  -34.691707832 
23  -34.691640512 
23  -14.97768048688 
23  -14.977678503999998 
23  -14.976634562559997 
23  -14.972698099679999 
23  -14.54000864336 
23  -14.540008259839999 
23  -14.51314121232 
23  -14.513140404480001 
23  -14.502030028639998 
23  -14.497670856 
23  -11.45304144272 
23  -11.453041385599999 
23  -3.66274779216 
23  -3.6627451075199997 
23  -0.683023268032 
23  -0.683018289344 
23  -0.48858288075199996 
23  -0.48614193180799997 
23  0.9225993271519999 
23  0.9226001023520001 
23  4.1164247984 
23  4.1164266888 
23  4.2361041592 
23  4.23743408416 
23  4.82453960512 
23  4.8245533819199995 
23  8.62871667504 
23  8.6287176216 
23  8.63752979056 
23  8.637531346400001 
23  8.64029512752 
23  8.643469443679999 
23  10.73807138464 
23  10.738073568799999 
23  14.291346137279998 
23  14.293069700639998 

24  -35.4190914832 
24  -35.4190274816 
24  -35.417994616 
24  -35.417987598399996 
24  -34.695971975999996 
24  -34.6959703984 
24  -34.6925827472 
24  -34.6925786944 
24  -34.6916777216 
24  -34.6916058048 
24  -14.97798864656 
24  -14.977980505600001 
24  -14.976607362560001 
24  -14.972626751359998 
24  -14.54017120688 
24  -14.540169531359998 
24  -14.51367818928 
24  -14.513674889919999 
24  -14.50164406336 
24  -14.497236931680002 
24  -11.41438820272 
24  -11.414388126559999 
24  -3.8046578952 
24  -3.80464690368 
24  -0.7129137486880001 
24  -0.71289343464 
24  -0.5190392837919999 
24  -0.516607043472 
24  0.9058637951999999 
24  0.9058671835040001 
24  4.15002109056 
24  4.15002976736 
24  4.26888572432 
24  4.270196459679999 
24  4.96100355552 
24  4.9610619838400005 
24  8.62958357984 
24  8.6295903608 
24  8.6443751928 
24  8.64437734976 
24  8.6514855176 
24  8.654642743999998 
24  10.86582995872 
24  10.865841268479999 
24  14.49251263712 
24  14.49875801552 

25  -35.4191058448 
25  -35.419036212799995 
25  -35.417977344 
25  -35.4179659744 
25  -34.695966672 
25  -34.6959640608 
25  -34.6926111168 
25  -34.692604670399994 
25  -34.691645136000005 
25  -34.691568078399996 
25  -14.97829404816 
25  -14.97828115264 
25  -14.97656740304 
25  -14.97255739136 
25  -14.54032712 
25  -14.540324470719998 
25  -14.514203627999999 
25  -14.51419844368 
25  -14.50123940352 
25  -14.496800755199999 
25  -11.37462894272 
25  -11.37462871152 
25  -3.9444839940799996 
25  -3.94446679552 
25  -0.742377118896 
25  -0.742345932736 
25  -0.54902912224 
25  -0.5466144172159999 
25  0.8871298542239999 
25  0.887134782048 
25  4.1812042177599995 
25  4.18121865008 
25  4.2990926081600005 
25  4.30038059072 
25  5.1009317115199995 
25  5.101024800799999 
25  8.61896359008 
25  8.61897403488 
25  8.66141193456 
25  8.66141405344 
25  8.67119642464 
25  8.6743318448 
25  11.0072052744 
25  11.00722553024 
25  14.695625264319998 
25  14.705530552319999 

26  -35.4191179488 
26  -35.4190424688 
26  -35.417954876799996 
26  -35.417943887999996 
26  -34.6959584304 
26  -34.695955792 
26  -34.6926349712 
26  -34.692628905599996 
26  -34.691610048 
26  -34.691527496 
26  -14.97859353104 
26  -14.978581413439999 
26  -14.976514999519999 
26  -14.97249038688 
26  -14.54047546064 
26  -14.54047288208 
26  -14.514714849279999 
26  -14.514710053919998 
26  -14.50081764032 
26  -14.49636390416 
26  -11.33386408512 
26  -11.33386390288 
26  -4.08203880048 
26  -4.08202264912 
26  -0.771311567152 
26  -0.771283383872 
26  -0.578456654544 
26  -0.576068041392 
26  0.866868011456 
26  0.8668728416320001 
26  4.209825532 
26  4.20984037504 
26  4.32657479184 
26  4.327837032320001 
26  5.24380268992 
26  5.2438902575999995 
26  8.60051725184 
26  8.60052542544 
26  8.687572336959999 
26  8.687574330719999 
26  8.699511184 
26  8.70262026096 
26  11.15875459232 
26  11.158775114720001 
26  14.901284855999998 
26  14.91067673856 

27  -35.419128719999996 
27  -35.4190451072 
27  -35.417936326399996 
27  -35.4179129072 
27  -34.6959495088 
27  -34.695943552 
27  -34.6926590976 
27  -34.692646612800004 
27  -34.691573164800005 
27  -34.6914837312 
27  -14.97889548368 
27  -14.978870462399998 
27  -14.97645076672 
27  -14.97242600176 
27  -14.54061773024 
27  -14.5406121896 
27  -14.51521392848 
27  -14.51520418 
27  -14.500380416639999 
27  -14.495927958879998 
27  -11.2922039776 
27  -11.29220347984 
27  -4.21714718448 
27  -4.217113364 
27  -0.799649659216 
27  -0.799594710048 
27  -0.607234118 
27  -0.604879354704 
27  0.845487844224 
27  0.845498477248 
27  4.235770251999999 
27  4.23580420576 
27  4.35123884608 
27  4.3524729808 
27  5.3890244664 
27  5.38920298544 
27  8.57703606848 
27  8.5770493312 
27  8.72232887504 
27  8.7223341328 
27  8.736454768 
27  8.73953298112 
27  11.31705768928 
27  11.31709980032 
27  15.10018459488 
27  15.119732214879999 

28  -35.4191369344 
28  -35.419046032 
28  -35.4179079024 
28  -35.4178866864 
28  -34.6959366432 
28  -34.6959307952 
28  -34.692676016 
28  -34.6926653808 
28  -34.691533752 
28  -34.6914376544 
28  -14.97918396144 
28  -14.979162223199998 
28  -14.976374924959998 
28  -14.9723645216 
28  -14.540750216 
28  -14.540745091520002 
28  -14.515693366559999 
28  -14.5156851032 
28  -14.499929476 
28  -14.4954945024 
28  -11.24976870544 
28  -11.24976810432 
28  -4.3495965318400005 
28  -4.34956602976 
28  -0.8272753737599999 
28  -0.827231813776 
28  -0.635280158224 
28  -0.6329677907519999 
28  0.8233565258719999 
28  0.8233672671519999 
28  4.25900481568 
28  4.25903872592 
28  4.373048317439999 
28  4.37425162096 
28  5.53617915376 
28  5.53632857152 
28  8.55054760688 
28  8.550556237439999 
28  8.76557254752 
28  8.76557877904 
28  8.78199301616 
28  8.78503625824 
28  11.47875539792 
28  11.478787988959999 
28  15.300148052319997 
28  15.31737673632 

29  -35.4191440064 
29  -35.4190438288 
29  -35.4178795328 
29  -35.417856304 
29  -34.695922472 
29  -34.6959153456 
29  -34.692690649599996 
29  -34.6926801776 
29  -34.691492870400005 
29  -34.691388857599996 
29  -14.97946794848 
29  -14.97944538064 
29  -14.97628829296 
29  -14.97230613952 
29  -14.540874767520002 
29  -14.540868870559999 
29  -14.516155551679999 
29  -14.51614741344 
29  -14.4994666952 
29  -14.495065134079999 
29  -11.20668998192 
29  -11.206689190399999 
29  -4.479202347679999 
29  -4.47916824976 
29  -0.854135427616 
29  -0.854097018224 
29  -0.6625210172479999 
29  -0.6602582696479999 
29  0.800783587776 
29  0.800798524112 
29  4.27951215504 
29  4.27955510384 
29  4.39202024672 
29  4.39319119312 
29  5.68464862928 
29  5.68479045824 
29  8.5227156176 
29  8.52272232784 
29  8.817203016319999 
29  8.817212035839999 
29  8.836034721439999 
29  8.83903893152 
29  11.6403507584 
29  11.6403769384 
29  15.48477753424 
29  15.503232731519999 

30  -35.419150017599996 
30  -35.419038633599996 
30  -35.4178520336 
30  -35.417822167999994 
30  -34.6959077296 
30  -34.695897175999995 
30  -34.6927023728 
30  -34.69269130239999 
30  -34.691450955200004 
30  -34.69133764 
30  -14.97974653904 
30  -14.979719186719999 
30  -14.976191308639999 
30  -14.97225112208 
30  -14.5409912216 
30  -14.54098302896 
30  -14.51659864512 
30  -14.516590000959999 
30  -14.4989940816 
30  -14.494641605599998 
30  -11.163111580799999 
30  -11.16311032144 
30  -4.60576043888 
30  -4.60571401664 
30  -0.880157439952 
30  -0.880123745136 
30  -0.68888832216 
30  -0.686682384208 
30  0.77803895104 
30  0.7780664162400001 
30  4.29733301296 
30  4.2973999032 
30  4.40822160032 
30  4.4093594144 
30  5.833851784 
30  5.8339904876799995 
30  8.494976344960001 
30  8.49498415136 
30  8.87708357152 
30  8.87709946992 
30  8.89843405376 
30  8.9013954728 
30  11.79810369728 
30  11.79813269248 
30  15.63286288592 
30  15.6570252824 

31  -35.419153009599995 
31  -35.4190312624 
31  -35.4178189312 
31  -35.417791023999996 
31  -34.695889940799994 
31  -34.6958788704 
31  -34.6927082752 
31  -34.69270101279999 
31  -34.691407054399996 
31  -34.6912850624 
31  -14.98001337376 
31  -14.979988632639998 
31  -14.976082726239998 
31  -14.9721999072 
31  -14.541097233599999 
31  -14.54108895664 
31  -14.51701904832 
31  -14.517013341759998 
31  -14.49851309584 
31  -14.49422596784 
31  -11.119189880319999 
31  -11.119188438719998 
31  -4.7290463456 
31  -4.72899933312 
31  -0.9052730003199999 
31  -0.905255582256 
31  -0.7143211952799999 
31  -0.71217871656 
31  0.75536335144 
31  0.7554010979679999 
31  4.31257147296 
31  4.31264677888 
31  4.42176740976 
31  4.42286950752 
31  5.98315677552 
31  5.98323733376 
31  8.46861701264 
31  8.468627979679999 
31  8.94503773408 
31  8.94505791648 
31  8.96899614688 
31  8.97191084992 
31  11.947828836320001 
31  11.94789431488 
31  15.702372015359998 
31  15.727663505599999 

32  -35.419148848 
32  -35.4190224496 
32  -35.4177756288 
32  -35.4177636064 
32  -34.6958658688 
32  -34.6958609184 
32  -34.6927101248 
32  -34.6927080576 
32  -34.6913587472 
32  -34.691231016 
32  -14.98026416592 
32  -14.980253236960001 
32  -14.97596022832 
32  -14.972152685279998 
32  -14.54119017056 
32  -14.54118648496 
32  -14.517416883679997 
32  -14.51741530336 
32  -14.498023819519998 
32  -14.4938192952 
32  -11.07509492672 
32  -11.07509421136 
32  -4.84882321024 
32  -4.8488019180799995 
32  -0.92943655824 
32  -0.929431468576 
32  -0.7387680550719999 
32  -0.736695069632 
32  0.73298142752 
32  0.733002103056 
32  4.32538248528 
32  4.32541811184 
32  4.43282367664 
32  4.43388375312 
32  6.13175567408 
32  6.13177719744 
32  8.4448609624 
32  8.444868314559999 
32  9.020851450879999 
32  9.02086230368 
32  9.04748549504 
32  9.0503489696 
32  12.08485831008 
32  12.08492845072 
32  15.652651421759998 
32  15.665352622239999 

33  -35.4191400896 
33  -35.4190111072 
33  -35.417737113600005 
33  -35.4177237312 
33  -34.695841769599994 
33  -34.6958363296 
33  -34.6927119472 
33  -34.692710206399994 
33  -34.691307175999995 
33  -34.691173624 
33  -14.980509599679998 
33  -14.980496840159999 
33  -14.97582676064 
33  -14.972108828 
33  -14.54127402816 
33  -14.541269891039999 
33  -14.51779446864 
33  -14.51779321744 
33  -14.49752812944 
33  -14.493421612159999 
33  -11.0310127952 
33  -11.03101197104 
33  -4.96487996352 
33  -4.9648559377599994 
33  -0.952599343296 
33  -0.9525935524159999 
33  -0.762177611856 
33  -0.760180296272 
33  0.7110543020160001 
33  0.711079604272 
33  4.33588563744 
33  4.3359262552 
33  4.4415784372800005 
33  4.4425955704 
33  6.27869401264 
33  6.278713879520001 
33  8.42492726832 
33  8.42493766416 
33  9.10425253424 
33  9.10426656128 
33  9.133627280319999 
33  9.13643603936 
33  12.20398811664 
33  12.204121276959999 
33  15.49936613184 
33  15.514834978559998 

34  -35.4193177056 
34  -35.4192871056 
34  -35.4181536816 
34  -35.4181164448 
34  -34.6962153616 
34  -34.696200238399996 
34  -34.69283437439999 
34  -34.6928304032 
34  -34.691747707199994 
34  -34.6917115312 
34  -14.98174732208 
34  -14.981710379039999 
34  -14.97613158288 
34  -14.972760945280001 
34  -14.54254082192 
34  -14.542529242879999 
34  -14.518249769439999 
34  -14.51824693248 
34  -14.49815573408 
34  -14.494414191839999 
34  -10.98714547568 
34  -10.9871432888 
34  -5.07704017536 
34  -5.076973693119999 
34  -0.974759065792 
34  -0.9747412742720001 
34  -0.7845475617919999 
34  -0.782634395392 
34  0.689615967312 
34  0.68968830544 
34  4.34415330048 
34  4.34426618864 
34  4.448144120159999 
34  4.4491223055999995 
34  6.422831077600001 
34  6.42288630992 
34  8.4100990224 
34  8.41013205136 
34  9.194869671520001 
34  9.194913547839999 
34  9.22704512544 
34  9.22979457216 
34  12.299293500320001 
34  12.2998173832 
34  15.2869365336 
34  15.33160889696 

35  -35.418495912 
35  -35.4183540368 
35  -35.4174749056 
35  -35.4174699824 
35  -34.695201590399996 
35  -34.695199632 
35  -34.6925033232 
35  -34.6925028608 
35  -34.69074808 
35  -34.6906050352 
35  -14.98072169712 
35  -14.98071667328 
35  -14.973791556 
35  -14.970931495039999 
35  -14.5407674472 
35  -14.54076595392 
35  -14.517347537279997 
35  -14.517347186399999 
35  -14.49527806656 
35  -14.492070881919998 
35  -10.943674979679999 
35  -10.943674721279999 
35  -5.18484469072 
35  -5.18483608464 
35  -0.9956364075679999 
35  -0.9956338929280001 
35  -0.8056379277119999 
35  -0.803816529216 
35  0.669262236688 
35  0.6692717297599999 
35  4.35104015824 
35  4.35105485168 
35  4.4532427302399995 
35  4.454167334399999 
35  6.56321164576 
35  6.563219337920001 
35  8.40195246736 
35  8.4019572328 
35  9.29328035136 
35  9.293286737919999 
35  9.32825735904 
35  9.33094586416 
35  12.36705664 
35  12.36714548336 
35  15.094073935359999 
35  15.09999251664 

36  -35.4185079616 
36  -35.4183737296 
36  -35.417444904 
36  -35.417437287999995 
36  -34.6952055072 
36  -34.695202488 
36  -34.692510096 
36  -34.692509388800005 
36  -34.690708286399996 
36  -34.690574272 
36  -14.980960094239999 
36  -14.98095204032 
36  -14.97371476496 
36  -14.970977335199999 
36  -14.54089737072 
36  -14.54089504512 
36  -14.517686827359999 
36  -14.517686313279999 
36  -14.494841079519999 
36  -14.491770773439999 
36  -10.900901276959999 
36  -10.90090085808 
36  -5.28817692224 
36  -5.28816378464 
36  -1.015490362944 
36  -1.015486264448 
36  -0.825668726336 
36  -0.823940177488 
36  0.649556467184 
36  0.64957087448 
36  4.3558122921599995 
36  4.35583473488 
36  4.4563496584 
36  4.45722602064 
36  6.69761126848 
36  6.69762410688 
36  8.40189240432 
36  8.40190048816 
36  9.3975653744 
36  9.39757654272 
36  9.43539258848 
36  9.43801800864 
36  12.40199204256 
36  12.40216126192 
36  14.87378935792 
36  14.88293383744 

37  -35.418517535999996 
37  -35.418390376 
37  -35.417425102399996 
37  -35.417392027199995 
37  -34.6952121168 
37  -34.6951990608 
37  -34.692514665599994 
37  -34.6925117008 
37  -34.6906676224 
37  -34.6905415504 
37  -14.981193886399998 
37  -14.981157745760001 
37  -14.973629114879998 
37  -14.971025830079999 
37  -14.541016577439999 
37  -14.541006407360001 
37  -14.518002953920002 
37  -14.51800074528 
37  -14.494406711839998 
37  -14.491486348479999 
37  -10.859041564959998 
37  -10.85903960656 
37  -5.38673251824 
37  -5.38667645088 
37  -1.0341639256319999 
37  -1.0341455370719999 
37  -0.844496972976 
37  -0.842866198336 
37  0.630794249088 
37  0.630855020144 
37  4.35908051088 
37  4.35917634736 
37  4.4580443897599995 
37  4.458875616319999 
37  6.82435582112 
37  6.8244157128000005 
37  8.41181952304 
37  8.41185822864 
37  9.50804837984 
37  9.50810306 
37  9.54877295696 
37  9.551333176 
37  12.40256915584 
37  12.40343503248 
37  14.638281166239999 
37  14.677561592 

38  -35.4185233024 
38  -35.4184063424 
38  -35.417378209599995 
38  -35.417370484799996 
38  -34.6952068672 
38  -34.695203820799996 
38  -34.692513768000005 
38  -34.692513088 
38  -34.6906238576 
38  -34.6905090736 
38  -14.981381558239999 
38  -14.98137290864 
38  -14.97353477712 
38  -14.97107688176 
38  -14.541113295199999 
38  -14.541110888 
38  -14.51829302288 
38  -14.518292525120001 
38  -14.49397649488 
38  -14.491218714079999 
38  -10.81835909072 
38  -10.81835866368 
38  -5.48015021376 
38  -5.4801374624 
38  -1.05160376704 
38  -1.051599413952 
38  -0.862091516016 
38  -0.8605633147519999 
38  0.613129741392 
38  0.6131434912639999 
38  4.36116943008 
38  4.361191356 
38  4.45856621904 
38  4.459340290239999 
38  6.9413874686399994 
38  6.94140225184 
38  8.43370229568 
38  8.43371234608 
38  9.6243654616 
38  9.624379578400001 
38  9.66797911392 
38  9.67046997568 
38  12.37072235408 
38  12.370949849439999 
38  14.433571213599999 
38  14.44253093712 

39  -35.4185266208 
39  -35.4184190176 
39  -35.4173393408 
39  -35.417338552000004 
39  -34.6952033312 
39  -34.6952030864 
39  -34.6925105312 
39  -34.6925104768 
39  -34.6905793312 
39  -34.69047472 
39  -14.9815594 
39  -14.981558657439999 
39  -14.97343227936 
39  -14.97113023456 
39  -14.54119763424 
39  -14.541197451999999 
39  -14.51855903616 
39  -14.51855897632 
39  -14.493552087839998 
39  -14.49096863184 
39  -10.779136146719999 
39  -10.77913606784 
39  -5.56817831904 
39  -5.56817731264 
39  -1.0678010313919999 
39  -1.0678006734399998 
39  -0.878424464576 
39  -0.8770031808 
39  0.596573856736 
39  0.5965748528 
39  4.362190354879999 
39  4.3621920304 
39  4.45813237904 
39  4.4588522052799995 
39  7.04651977168 
39  7.04652105008 
39  8.469311937279999 
39  8.46931285392 
39  9.74598842288 
39  9.74598982096 
39  9.79255258704 
39  9.79497149936 
39  12.308878010559999 
39  12.30889827184 
39  14.219765833919999 
39  14.220530852960001 

40  -35.4185283344 
40  -35.4184273952 
40  -35.4173240544 
40  -35.417280752 
40  -34.695207601599996 
40  -34.6951906016 
40  -34.692506288 
40  -34.6925025616 
40  -34.69053524 
40  -34.6904372928 
40  -14.981745654719997 
40  -14.981694268479998 
40  -14.9733221112 
40  -14.97118559472 
40  -14.541274270239999 
40  -14.541260468960001 
40  -14.51880173088 
40  -14.51879882864 
40  -14.493135065599999 
40  -14.49073681984 
40  -10.7416665528 
40  -10.74166388448 
40  -5.65051935312 
40  -5.650452133759999 
40  -1.0827406749119999 
40  -1.082716162816 
40  -0.8934709184159999 
40  -0.8921603168800001 
40  0.581167128016 
40  0.581237639936 
40  4.36230528304 
40  4.36242148688 
40  4.45695370512 
40  4.45762762864 
40  7.13794848352 
40  7.13803822448 
40  8.51993465696 
40  8.520007416959999 
40  9.872339905599999 
40  9.87243879936 
40  9.92198151584 
40  9.92432692832 
40  12.221281286399998 
40  12.22273681824 
40  13.98148524416 
40  14.02889019568 

41  -35.4185248528 
41  -35.418436616 
41  -35.4172675872 
41  -35.417260052799996 
41  -34.6951944912 
41  -34.695191526399995 
41  -34.6924955712 
41  -34.6924949184 
41  -34.690486144 
41  -34.690402204799994 
41  -14.98186353408 
41  -14.98185432144 
41  -14.973204348800001 
41  -14.97124283168 
41  -14.541322319039999 
41  -14.54131988736 
41  -14.51901665984 
41  -14.5190161376 
41  -14.492726684800001 
41  -14.490524235519999 
41  -10.70624937296 
41  -10.7062488752 
41  -5.72674511456 
41  -5.7267338864 
41  -1.096365220736 
41  -1.096360995216 
41  -0.9072084383519999 
41  -0.90601243504 
41  0.567070626016 
41  0.567082223824 
41  4.36187831376 
41  4.36189777264 
41  4.4552443102399995 
41  4.45585137072 
41  7.21480910656 
41  7.21482506208 
41  8.58604417536 
41  8.58605871648 
41  10.00293471344 
41  10.002953951999999 
41  10.055677256960001 
41  10.05794035952 
41  12.11557265344 
41  12.11582990832 
41  13.789973517599998 
41  13.79792580752 

42  -35.4185197936 
42  -35.4184414032 
42  -35.4172310032 
42  -35.4172170768 
42  -34.695187582399996 
42  -34.695182088 
42  -34.692483576 
42  -34.6924823792 
42  -34.690437673599995 
42  -34.6903640432 
42  -14.98198351056 
42  -14.98196599376 
42  -14.973079780960001 
42  -14.97130146128 
42  -14.541360635679998 
42  -14.54135603344 
42  -14.51920770176 
42  -14.51920673616 
42  -14.492328588319998 
42  -14.49033114 
42  -10.6731973256 
42  -10.67319643072 
42  -5.79661752992 
42  -5.79659779904 
42  -1.108690050736 
42  -1.108682379792 
42  -0.9196173908799998 
42  -0.9185392829760001 
42  0.5542337388799999 
42  0.554253974592 
42  4.36092453488 
42  4.3609589456 
42  4.45317387072 
42  4.4537226824 
42  7.27703635264 
42  7.2770661448 
42  8.66661153552 
42  8.66664236128 
42  10.13686160288 
42  10.136901010239999 
42  10.19292254368 
42  10.19509960992 
42  11.99514770528 
42  11.99561509104 
42  13.58026941376 
42  13.59428437696 

43  -35.418511960000004 
43  -35.4184433616 
43  -35.41719276 
43  -35.417172768 
43  -34.6951785248 
43  -34.695170528 
43  -34.692468507200005 
43  -34.692466847999995 
43  -34.690388033599994 
43  -34.6903245216 
43  -14.982079428639999 
43  -14.982053455359999 
43  -14.972948758560001 
43  -14.97136114896 
43  -14.541382080160002 
43  -14.541375261119999 
43  -14.51937331168 
43  -14.51937194896 
43  -14.491942040959998 
43  -14.49015808 
43  -10.64281932384 
43  -10.642818108 
43  -5.85977328336 
43  -5.85974661648 
43  -1.1196863220320001 
43  -1.119675557632 
43  -0.93068055976 
43  -0.9297232127839999 
43  0.542731643056 
43  0.542758928192 
43  4.35966269968 
43  4.3597095952 
43  4.45091417632 
43  4.45140363216 
43  7.325769909919999 
43  7.3258130137599995 
43  8.75938610336 
43  8.7594366192 
43  10.27317339648 
43  10.273236144159998 
43  10.3328064616 
43  10.33488950832 
43  11.8658895816 
43  11.86652990224 
43  13.37657520976 
43  13.3956390152 

44  -35.4185015696 
44  -35.418442328 
44  -35.4171538096 
44  -35.4171262288 
44  -34.6951676176 
44  -34.6951564384 
44  -34.692450528 
44  -34.6924482976 
44  -34.690337468799996 
44  -34.690283449599995 
44  -14.9821516392 
44  -14.982114462239998 
44  -14.97281173312 
44  -14.971421484 
44  -14.541386606240001 
44  -14.5413769448 
44  -14.519513516799998 
44  -14.519511591039999 
44  -14.49156832384 
44  -14.490005351999999 
44  -10.61542089712 
44  -10.615419101919999 
44  -5.915890451999999 
44  -5.91585638672 
44  -1.1293396243359999 
44  -1.1293252224800001 
44  -0.9403829210719998 
44  -0.939548838784 
44  0.532597794816 
44  0.532632194656 
44  4.358236296319999 
44  4.358296269599999 
44  4.44861399472 
44  4.44904360784 
44  7.362815842080001 
44  7.362875935040001 
44  8.86091188224 
44  8.86099037328 
44  10.41050864448 
44  10.410605471039998 
44  10.47409653792 
44  10.47607406224 
44  11.73267550624 
44  11.73348934112 
44  13.1793628392 
44  13.20400259024 

45  -35.4184875888 
45  -35.4184393904 
45  -35.417107488 
45  -35.4170839328 
45  -34.6951521408 
45  -34.695142403199995 
45  -34.692429176 
45  -34.6924273264 
45  -34.690284728 
45  -34.6902420784 
45  -14.982190230559999 
45  -14.98215724512 
45  -14.972669131679998 
45  -14.9714820312 
45  -14.54137161632 
45  -14.54136308368 
45  -14.519627743200001 
45  -14.51962610032 
45  -14.491208560319999 
45  -14.489873217120001 
45  -10.59129490512 
45  -10.59129333296 
45  -5.9646525937599995 
45  -5.96462631856 
45  -1.137633574816 
45  -1.137621779808 
45  -0.9487114568959999 
45  -0.948003100352 
45  0.523868523024 
45  0.523894838752 
45  4.3567866696 
45  4.35683295856 
45  4.44640576 
45  4.446771221920001 
45  7.390271252799999 
45  7.39032317216 
45  8.9668413384 
45  8.96691558624 
45  10.54693328816 
45  10.5470251072 
45  10.61502506368 
45  10.616877128 
45  11.60059107136 
45  11.60120131968 
45  12.99609075968 
45  13.01545337616 

46  -35.4184748592 
46  -35.4184290272 
46  -35.4170742496 
46  -35.4170261056 
46  -34.6951403904 
46  -34.6951199632 
46  -34.6924060288 
46  -34.6924024656 
46  -34.6902359312 
46  -34.690194396799996 
46  -14.98222288688 
46  -14.98215248512 
46  -14.97252181104 
46  -14.9715420208 
46  -14.541344269440001 
46  -14.541326034559999 
46  -14.51971730736 
46  -14.519714043359999 
46  -14.49086418656 
46  -14.489761378879999 
46  -10.57071620112 
46  -10.57071300512 
46  -6.00579512336 
46  -6.00574817888 
46  -1.144567058 
46  -1.1445441732800001 
46  -0.9556557069280001 
46  -0.9550744388479999 
46  0.516545486336 
46  0.5165923649919999 
46  4.3553851542399995 
46  4.35546765184 
46  4.44439513872 
46  4.44470452512 
46  7.410086664959999 
46  7.410194676160001 
46  9.07194068864 
46  9.072105866080001 
46  10.67937949936 
46  10.679585941920001 
46  10.75290342496 
46  10.754609321919999 
46  11.47442245424 
46  11.47544730944 
46  12.8132602368 
46  12.8488873408 

47  -35.4184494816 
47  -35.4184266336 
47  -35.417003856 
47  -35.4170015168 
47  -34.695111231999995 
47  -34.6951102256 
47  -34.6923775776 
47  -34.6923774144 
47  -34.6901740784 
47  -34.6901571056 
47  -14.98217615456 
47  -14.98217257776 
47  -14.97236941488 
47  -14.971601496320002 
47  -14.541285449439998 
47  -14.5412845056 
47  -14.519778811999998 
47  -14.51977867328 
47  -14.490535344 
47  -14.48967069408 
47  -10.55392681072 
47  -10.55392668016 
47  -6.0390148967999995 
47  -6.03901300096 
47  -1.1501075122239999 
47  -1.1501064701919999 
47  -0.9612062708479999 
47  -0.960754221808 
47  0.510694906688 
47  0.510696856112 
47  4.35420617568 
47  4.354209518559999 
47  4.44268861888 
47  4.44292264224 
47  7.42407480624 
47  7.4240801456 
47  9.17033343008 
47  9.17034196 
47  10.803283352 
47  10.80329400624 
47  10.883477299679999 
47  10.88496994864 
47  11.361421136799999 
47  11.361457573920001 
47  12.67103452944 
47  12.67262133936 

48  -35.418426008 
48  -35.418415971200005 
48  -35.416955168 
48  -35.4169529648 
48  -34.695089335999995 
48  -34.6950883296 
48  -34.6923480656 
48  -34.692347929600004 
48  -34.690117312 
48  -34.6901123888 
48  -14.98213496016 
48  -14.982131416 
48  -14.972213635039997 
48  -14.97165907056 
48  -14.541217172 
48  -14.541216274399998 
48  -14.5198161168 
48  -14.519815964479998 
48  -14.49022405088 
48  -14.48959993872 
48  -10.54113937808 
48  -10.5411391904 
48  -6.06414970416 
48  -6.064148336 
48  -1.1542749148 
48  -1.154274013392 
48  -0.9653567174880001 
48  -0.9650344388319999 
48  0.5062768096 
48  0.506278073856 
48  4.353226480639999 
48  4.35322867568 
48  4.44134620096 
48  4.44151500688 
48  7.433434149439999 
48  7.4334393528 
48  9.254776287039999 
48  9.254784471519999 
48  10.91050784096 
48  10.91051834832 
48  10.99980800048 
48  11.00102063088 
48  11.26818958448 
48  11.26820972608 
48  12.53426460896 
48  12.53552859568 

49  -35.4190191856 
49  -35.418995712 
49  -35.418734864 
49  -35.4187286624 
49  -34.696114884800004 
49  -34.6961116752 
49  -34.693509723199995 
49  -34.693509696 
49  -34.691608198400004 
49  -34.6915874448 
49  -14.98617741328 
49  -14.986166957599998 
49  -14.973326914719998 
49  -14.97300878352 
49  -14.5450584104 
49  -14.545055801919998 
49  -14.520777013919998 
49  -14.52077655152 
49  -14.49344779216 
49  -14.493085409279999 
49  -10.532666110240001 
49  -10.5326656288 
49  -6.08113637616 
49  -6.0811336208 
49  -1.15717436272 
49  -1.157172021888 
49  -0.9682083649439999 
49  -0.968013591184 
49  0.5032253844 
49  0.5032279615999999 
49  4.35249148496 
49  4.3524955595199994 
49  4.4403836963200005 
49  4.44048273696 
49  7.43888810576 
49  7.438903152799999 
49  9.31690475632 
49  9.31692783008 
49  10.98824747008 
49  10.988273054399999 
49  11.09062689648 
49  11.09144036688 
49  11.20452112736 
49  11.20454130704 
49  12.428243108 
49  12.4310058528 

50  -35.419016928 
50  -35.419000743999995 
50  -35.418741391999994 
50  -35.418722351999996 
50  -34.6961190192 
50  -34.696108846399994 
50  -34.6935121712 
50  -34.6935121712 
50  -34.691604553599994 
50  -34.6915903008 
50  -14.98621236528 
50  -14.986179075199999 
50  -14.973221509279998 
50  -14.973114354879998 
50  -14.54507754288 
50  -14.545069129919998 
50  -14.52080028624 
50  -14.520798964319999 
50  -14.49330378448 
50  -14.49318152592 
50  -10.52833000048 
50  -10.52832861872 
50  -6.08959767872 
50  -6.08959142 
50  -1.15857133976 
50  -1.15856450848 
50  -0.96955390216 
50  -0.969488512544 
50  0.5017439336799999 
50  0.501749903808 
50  4.35213358192 
50  4.35214178544 
50  4.43992870832 
50  4.43996275184 
50  7.441586052 
50  7.441633260320001 
50  9.3505610408 
50  9.35063124128 
50  11.025092492159999 
50  11.025140565440001 
50  11.14228392608 
50  11.14257938608 
50  11.177917579839999 
50  11.17792315584 
50  12.3684750792 
50  12.375728748 

51  -35.4190138 
51  -35.41900428 
51  -35.418735272 
51  -35.418728064 
51  -34.696115864 
51  -34.6961120288 
51  -34.6935121712 
51  -34.6935121712 
51  -34.6916015888 
51  -34.6915932384 
51  -14.98620202928 
51  -14.986189424800001 
51  -14.97322094624 
51  -14.973114901599999 
51  -14.54507491264 
51  -14.545071757439999 
51  -14.5207998864 
51  -14.52079936416 
51  -14.49330315344 
51  -14.49318215696 
51  -10.528329592479999 
51  -10.52832902944 
51  -6.0895957312 
51  -6.0895933648 
51  -1.1585692176159998 
51  -1.158566635248 
51  -0.969553589088 
51  -0.9694888215359999 
51  0.5017458417599999 
51  0.501747997088 
51  4.3521361904 
51  4.35213919328 
51  4.43992931488 
51  4.439962126239999 
51  7.44160071824 
51  7.44161862672 
51  9.35058291232 
51  9.3506094432 
51  11.025107435839999 
51  11.025125790399999 
51  11.142285166399999 
51  11.14257799888 
51  11.17791925808 
51  11.17792144768 
51  12.3707288576 
51  12.373474868959999 

52  -35.419019294399995 
52  -35.418995548800005 
52  -35.418735761600004 
52  -35.418727819199994 
52  -34.6961153472 
52  -34.6961112128 
52  -34.693509723199995 
52  -34.693509696 
52  -34.6916083072 
52  -34.6915873088 
52  -14.986178920159999 
52  -14.986165448000001 
52  -14.973326922879998 
52  -14.973008775359999 
52  -14.54505878848 
52  -14.54505542112 
52  -14.52077707648 
52  -14.520776486239999 
52  -14.493447813919998 
52  -14.4930853848 
52  -10.532666172799999 
52  -10.532665566239999 
52  -6.081136776 
52  -6.08113321824 
52  -1.157174709792 
52  -1.15717169168 
52  -0.9682082368320001 
52  -0.96801370352 
52  0.503225000336 
52  0.503228345664 
52  4.3524909056 
52  4.35249617968 
52  4.44038388128 
52  4.44048250848 
52  7.43888593248 
52  7.4389053260799995 
52  9.316901416159999 
52  9.31693116752 
52  10.98824386608 
52  10.98827677808 
52  11.0906263144 
52  11.091440902719999 
52  11.20451816528 
52  11.20454414944 
52  12.427848253759999 
52  12.43140075056 

53  -35.4184260352 
53  -35.4184159168 
53  -35.416955521599995 
53  -35.416952611199996 
53  -34.695089472 
53  -34.6950881664 
53  -34.692348092799996 
53  -34.692347929600004 
53  -34.6901173936 
53  -34.6901123072 
53  -14.98213553408 
53  -14.98213083936 
53  -14.97221362144 
53  -14.97165908688 
53  -14.54121731888 
53  -14.5412161248 
53  -14.519816141280002 
53  -14.51981594272 
53  -14.490224064480001 
53  -14.48959992784 
53  -10.541139402559999 
53  -10.541139165919999 
53  -6.0641499272 
53  -6.06414810752 
53  -1.154275075008 
53  -1.154273881744 
53  -0.9653565559199999 
53  -0.9650345732000001 
53  0.506276590096 
53  0.5062782939039999 
53  4.3532261488 
53  4.35322908368 
53  4.44134639136 
53  4.44151474576 
53  7.43343330352 
53  7.43344020144 
53  9.25477495152 
53  9.25478581248 
53  10.9105062416 
53  10.9105200864 
53  10.9998074864 
53  11.00102106336 
53  11.26818627968 
53  11.268212930239999 
53  12.53408004064 
53  12.53571319664 

54  -35.418451820799994 
54  -35.4184241312 
54  -35.4170148992 
54  -35.4169906368 
54  -34.695116046399995 
54  -34.6951054112 
54  -34.692378311999995 
54  -34.6923766528 
54  -34.690177016 
54  -34.6901542224 
54  -14.98219295056 
54  -14.982155751839999 
54  -14.97236953184 
54  -14.971601412 
54  -14.541289796 
54  -14.541280153599999 
54  -14.519779538240002 
54  -14.51977794976 
54  -14.490535477279998 
54  -14.489670558079998 
54  -10.55392757232 
54  -10.55392592128 
54  -6.03902376672 
54  -6.039004136479999 
54  -1.1501124098559998 
54  -1.150101618528 
54  -0.961206177552 
54  -0.9607542704959999 
54  0.510686128976 
54  0.510705621312 
54  4.35419089472 
54  4.35422487568 
54  4.442687656 
54  4.442923531679999 
54  7.424049597279999 
54  7.4241052729599994 
54  9.17029344336 
54  9.170381756320001 
54  10.80323248256 
54  10.80334457376 
54  10.88347540928 
54  10.884972124639999 
54  11.36124892816 
54  11.36162748144 
54  12.66399372784 
54  12.679664749439999 

55  -35.4184701264 
55  -35.418434303999994 
55  -35.4170568688 
55  -35.4170429424 
55  -34.6951331552 
55  -34.6951272528 
55  -34.692404777600004 
55  -34.692403743999996 
55  -34.6902300832 
55  -34.6902001632 
55  -14.98219791184 
55  -14.982177544479999 
55  -14.972521481920001 
55  -14.971542252 
55  -14.54133777136 
55  -14.541332521759998 
55  -14.51971615952 
55  -14.519715193919998 
55  -14.490863879199999 
55  -14.489761699839999 
55  -10.5707150832 
55  -10.57071412304 
55  -6.0057784198399995 
55  -6.00576483888 
55  -1.144558937712 
55  -1.1445523215839999 
55  -0.955655362032 
55  -0.9550747584479999 
55  0.516562227392 
55  0.5165756889440001 
55  4.35541465536 
55  4.35543841728 
55  4.44440011632 
55  4.44469928368 
55  7.4101251992 
55  7.4101564928 
55  9.071999786080001 
55  9.0720475248 
55  10.679453551359998 
55  10.67951340496 
55  10.75290714048 
55  10.7546041648 
55  11.47479284752 
55  11.47508915072 
55  12.82590958592 
55  12.83622445424 

56  -35.4184882144 
56  -35.418438683199994 
56  -35.417110888 
56  -35.4170806144 
56  -34.695153528 
56  -34.695141015999994 
56  -34.692429420799996 
56  -34.6924270544 
56  -34.690285544 
56  -34.6902412896 
56  -14.982194928 
56  -14.982152534079999 
56  -14.9726691752 
56  -14.971482004 
56  -14.54137283488 
56  -14.541361862399999 
56  -14.519627977119999 
56  -14.51962587184 
56  -14.491208606559999 
56  -14.489873168159999 
56  -10.59129512 
56  -10.5912931208 
56  -5.9646563528 
56  -5.96462256496 
56  -1.137635289776 
56  -1.137620129312 
56  -0.9487113168160001 
56  -0.948003178416 
56  0.523864746576 
56  0.523898601328 
56  4.35678012256 
56  4.35683964432 
56  4.44640499568 
56  4.44677185024 
56  7.39026380544 
56  7.3903305678399995 
56  8.96683068416 
56  8.96692612896 
56  10.546920131519999 
56  10.54703807616 
56  10.61502406816 
56  10.61687830032 
56  11.60050264144 
56  11.60128696976 
56  12.99333177392 
56  13.01821533488 

57  -35.418502494399995 
57  -35.4184412128 
57  -35.4171593312 
57  -35.4171208704 
57  -34.695169820800004 
57  -34.695154208 
57  -34.6924509632 
57  -34.6924478352 
57  -34.6903387472 
57  -34.6902822256 
57  -14.98215895872 
57  -14.98210711824 
57  -14.97281180656 
57  -14.9714214432 
57  -14.54138851296 
57  -14.541375035360002 
57  -14.51951389488 
57  -14.519511212959998 
57  -14.49156839184 
57  -14.490005278559998 
57  -10.61542123712 
57  -10.61541876192 
57  -5.91589718944 
57  -5.91584966832 
57  -1.1293425088959999 
57  -1.129322425504 
57  -0.9403828090080001 
57  -0.9395488665280001 
57  0.5325909727839999 
57  0.532638984048 
57  4.35822451056 
57  4.35830817776 
57  4.44861225936 
57  4.44904521808 
57  7.3628039176 
57  7.3628877479999995 
57  8.8608962912 
57  8.86100575216 
57  10.41048945216 
57  10.41062439408 
57  10.47409514528 
57  10.476075716 
57  11.73251171872 
57  11.733646608799999 
57  13.17450810704 
57  13.20886423392 

58  -35.41851269439999 
58  -35.418442464 
58  -35.417199424 
58  -35.417166294400005 
58  -34.695181136 
58  -34.6951678896 
58  -34.6924690512 
58  -34.692466304 
58  -34.690389067199995 
58  -34.6903235152 
58  -14.982087961280001 
58  -14.982044900959998 
58  -14.972948810239998 
58  -14.971361124480001 
58  -14.541384315999998 
58  -14.54137302256 
58  -14.51937376592 
58  -14.519371497440002 
58  -14.491942095359999 
58  -14.490158017439999 
58  -10.64281974272 
58  -10.64281769184 
58  -5.85978205264 
58  -5.85973786624 
58  -1.119689911344 
58  -1.119672068144 
58  -0.9306804207680001 
58  -0.9297232557599999 
58  0.542722684192 
58  0.542767850336 
58  4.35964738064 
58  4.359725066559999 
58  4.450912435519999 
58  4.45140522064 
58  7.325755697919999 
58  7.32582711424 
58  8.75936940528 
58  8.759453137760001 
58  10.273152547679999 
58  10.273256671999999 
58  10.33280539536 
58  10.33489088736 
58  11.8656754224 
58  11.8667370248 
58  13.3703129864 
58  13.4019086424 

59  -35.4185196304 
59  -35.4184415936 
59  -35.4172262976 
59  -35.417221728 
59  -34.6951857328 
59  -34.6951839376 
59  -34.692483168 
59  -34.6924827872 
59  -34.690437456 
59  -34.690364260799996 
59  -14.98197761632 
59  -14.981971896160001 
59  -14.97307977008 
59  -14.97130146944 
59  -14.541359096159999 
59  -14.541357564799998 
59  -14.519207369919998 
59  -14.51920707344 
59  -14.492328582879997 
59  -14.490331150880001 
59  -10.673197010079999 
59  -10.67319674896 
59  -5.79661087952 
59  -5.79660443856 
59  -1.10868751488 
59  -1.108685004048 
59  -0.91961721 
59  -0.9185393798079999 
59  0.554240504608 
59  0.554247218928 
59  4.36093619552 
59  4.3609475488 
59  4.45317442832 
59  4.45372186096 
59  7.2770464411199995 
59  7.27705610528 
59  8.6666219096 
59  8.666632036160001 
59  10.13687499616 
59  10.13688776656 
59  10.19292219824 
59  10.195099784 
59  11.995305848800001 
59  11.9954587536 
59  13.584975024639999 
59  13.5895768648 

60  -35.41852488 
60  -35.4184365888 
60  -35.417268811199996 
60  -35.417258856000004 
60  -34.6951949808 
60  -34.695191064 
60  -34.69249567999999 
60  -34.6924948368 
60  -34.6904861984 
60  -34.6904021504 
60  -14.981865013759998 
60  -14.98185283904 
60  -14.973204346080001 
60  -14.97124283712 
60  -14.541322732480001 
60  -14.5413194712 
60  -14.51901673056 
60  -14.51901607232 
60  -14.492726695680002 
60  -14.490524224640001 
60  -10.706249419199999 
60  -10.70624882896 
60  -5.7267469288 
60  -5.72673207216 
60  -1.09636596248 
60  -1.096360367984 
60  -0.907208235712 
60  -0.906012528608 
60  0.567068660544 
60  0.567084186576 
60  4.36187521024 
60  4.36190113728 
60  4.45524428576 
60  4.4558511340799996 
60  7.21480657968 
60  7.21482759984 
60  8.58604178992 
60  8.5860610992 
60  10.00293170784 
60  10.00295694944 
60  10.05567683536 
60  10.05794077024 
60  12.11553079264 
60  12.11587129312 
60  13.788690858079999 
60  13.79920896752 

61  -35.4185272736 
61  -35.4184289456 
61  -35.4173094208 
61  -35.417294896 
61  -34.6952019712 
61  -34.6951962592 
61  -34.692505064 
61  -34.6925038128 
61  -34.690533607999996 
61  -34.6904388704 
61  -14.981728616639998 
61  -14.981711350079998 
61  -14.97332199696 
61  -14.971185651839999 
61  -14.541269673439999 
61  -14.54126504944 
61  -14.51880077344 
61  -14.51879979152 
61  -14.49313500848 
61  -14.490736898719998 
61  -10.7416656688 
61  -10.74166476576 
61  -5.65049700288 
61  -5.65047440512 
61  -1.082732572304 
61  -1.082724339136 
61  -0.8934707193119998 
61  -0.892160448528 
61  0.581190618752 
61  0.581214263984 
61  4.36234413824 
61  4.362383124 
61  4.4569580136 
61  4.45762282512 
61  7.137978398079999 
61  7.138008619999999 
61  8.51995898192 
61  8.51998338576 
61  9.87237295632 
61  9.87240621376 
61  9.921981815039999 
61  9.9243261232 
61  12.22177321744 
61  12.22226200144 
61  13.99721514288 
61  14.013142423839998 

62  -35.4185266208 
62  -35.4184190176 
62  -35.417340428799996 
62  -35.417337464 
62  -34.695203793599994 
62  -34.695202624 
62  -34.692510639999995 
62  -34.6925103952 
62  -34.6905793312 
62  -34.690474692799995 
62  -14.98156071648 
62  -14.981557343679999 
62  -14.97343227664 
62  -14.97113023728 
62  -14.54119798784 
62  -14.541197090239999 
62  -14.518559112319998 
62  -14.518558902879999 
62  -14.493552093279998 
62  -14.490968626399999 
62  -10.77913620384 
62  -10.77913601072 
62  -5.568180163199999 
62  -5.5681754657599996 
62  -1.06780174376 
62  -1.067800089728 
62  -0.878424319056 
62  -0.87700320392 
62  0.5965719032319999 
62  0.596576805216 
62  4.36218735472 
62  4.36219534336 
62  4.45813239536 
62  4.45885187072 
62  7.04651745424 
62  7.04652338928 
62  8.46931027536 
62  8.46931451856 
62  9.74598608912 
62  9.7459921384 
62  9.79255218176 
62  9.79497189376 
62  12.308841426559999 
62  12.30893477696 
62  14.21849438624 
62  14.221802390399999 

63  -35.4185240096 
63  -35.4184051456 
63  -35.417393931199996 
63  -35.4173552528 
63  -34.6952129328 
63  -34.695197728 
63  -34.692515128 
63  -34.692511728 
63  -34.6906250272 
63  -34.6905079584 
63  -14.981398947199999 
63  -14.98135548704 
63  -14.973534847839998 
63  -14.971076857279998 
63  -14.54111808512 
63  -14.541106100799999 
63  -14.51829406464 
63  -14.5182914888 
63  -14.49397654656 
63  -14.49121864608 
63  -10.81836005632 
63  -10.818357700799998 
63  -5.4801758633599995 
63  -5.4801118808 
63  -1.051612590448 
63  -1.05159075048 
63  -0.862091343024 
63  -0.8605633359679999 
63  0.613102298768 
63  0.613170822368 
63  4.361125678880001 
63  4.3612352704 
63  4.45856272112 
63  4.45934362496 
63  6.94135761392 
63  6.94143191072 
63  8.43368205616 
63  8.43373240064 
63  9.62433665952 
63  9.6244080704 
63  9.66797832512 
63  9.67047106096 
63  12.37025922784 
63  12.371401064799999 
63  14.41557746976 
63  14.460537184799998 

64  -35.4185170464 
64  -35.4183912464 
64  -35.417409027199994 
64  -35.4174077488 
64  -34.6952058336 
64  -34.695205371200004 
64  -34.692513223999995 
64  -34.692513142399996 
64  -34.690666806399996 
64  -34.690542312 
64  -14.981176467520001 
64  -14.98117519184 
64  -14.97362905232 
64  -14.97102585456 
64  -14.541011675999998 
64  -14.54101129792 
64  -14.51800188496 
64  -14.51800181696 
64  -14.49440669008 
64  -14.49148638384 
64  -10.85904061568 
64  -10.85904055584 
64  -5.38670543792 
64  -5.3867034686399995 
64  -1.0341551245279998 
64  -1.03415446928 
64  -0.8444967189279999 
64  -0.842866329984 
64  0.630823569328 
64  0.6308257864 
64  4.35912695488 
64  4.35913042288 
64  4.45804700096 
64  4.45887248288 
64  6.82438483808 
64  6.82438687808 
64  8.4118382312 
64  8.411839648319999 
64  9.50807484 
64  9.50807671952 
64  9.54877283456 
64  9.55133314336 
64  12.40299047568 
64  12.40302123072 
64  14.657219949599998 
64  14.658614874399998 

65  -35.418508016000004 
65  -35.4183735936 
65  -35.417448358399994 
65  -35.417433888 
65  -34.6952068672 
65  -34.695201128 
65  -34.6925104224 
65  -34.6925090624 
65  -34.690708395200005 
65  -34.6905741632 
65  -14.980963739039998 
65  -14.98094839008 
65  -14.97371476768 
65  -14.970977335199999 
65  -14.54089841248 
65  -14.540893997920001 
65  -14.51768706944 
65  -14.51768607664 
65  -14.49484108768 
65  -14.491770765279998 
65  -10.90090149456 
65  -10.90090064048 
65  -5.28818285456 
65  -5.28815785504 
65  -1.015492298496 
65  -1.015484491824 
65  -0.825668548448 
65  -0.82394020224 
65  0.649549989232 
65  0.64957733856 
65  4.3558023696 
65  4.35584505184 
65  4.45634927216 
65  4.45722600704 
65  6.6976055048 
65  6.697629876000001 
65  8.401888724159999 
65  8.401904152 
65  9.39756019824 
65  9.39758158832 
65  9.435392196799999 
65  9.4380185064 
65  12.4019150312 
65  12.40223745728 
65  14.86965182992 
65  14.88707224672 

66  -35.4184959392 
66  -35.4183539824 
66  -35.4174770816 
66  -35.4174678336 
66  -34.695202460800004 
66  -34.6951987616 
66  -34.692503540800004 
66  -34.6925026432 
66  -34.690748107199994 
66  -34.690605008 
66  -14.980723946559998 
66  -14.980714421119998 
66  -14.973791564159999 
66  -14.970931492319998 
66  -14.540768083680002 
66  -14.540765312000001 
66  -14.517347714080001 
66  -14.51734701504 
66  -14.495278072 
66  -14.492070876479998 
66  -10.943675134720001 
66  -10.94367456624 
66  -5.18484853408 
66  -5.18483224128 
66  -0.9956376147039999 
66  -0.9956328609599999 
66  -0.805637704128 
66  -0.80381658824 
66  0.66925811344 
66  0.66927584648 
66  4.3510339267200004 
66  4.3510615048 
66  4.45324254256 
66  4.454167097759999 
66  6.56320818864 
66  6.56322281408 
66  8.401950367520001 
66  8.4019593272 
66  9.293277324 
66  9.29328963744 
66  9.3282570272 
66  9.330946299359999 
66  12.3670169688 
66  12.36718491792 
66  15.091436443839997 
66  15.10263028016 

67  -35.419315502399996 
67  -35.4192897168 
67  -35.4181397552 
67  -35.4181299632 
67  -34.6962098128 
67  -34.6962058144 
67  -34.692832932799995 
67  -34.692831899199994 
67  -34.6917441168 
67  -34.69171504 
67  -14.9817337384 
67  -14.9817240144 
67  -14.97613150944 
67  -14.972760958879999 
67  -14.54253655968 
67  -14.54253349696 
67  -14.518248722240001 
67  -14.51824798512 
67  -14.49815571232 
67  -14.494414224480002 
67  -10.987144665119999 
67  -10.98714409392 
67  -5.07701563824 
67  -5.07699815408 
67  -0.974752585664 
67  -0.97474789992 
67  -0.784547373024 
67  -0.7826344500639999 
67  0.689642643712 
67  0.689661731584 
67  4.34419516128 
67  4.344224939839999 
67  4.4481469952 
67  4.4491188158399995 
67  6.42285154016 
67  6.42286600512 
67  8.41011121888 
67  8.41011995552 
67  9.19488587456 
67  9.19489739104 
67  9.22704490784 
67  9.229794710879998 
67  12.299488244159999 
67  12.29962625968 
67  15.30338629392 
67  15.315155130079999 

68  -35.4191403344 
68  -35.4190103184 
68  -35.417753760000004 
68  -35.4177076288 
68  -34.6958484336 
68  -34.6958296112 
68  -34.6927140416 
68  -34.6927080576 
68  -34.691308481600004 
68  -34.691172427199994 
68  -14.98052516352 
68  -14.98048117568 
68  -14.975826883039998 
68  -14.972108814399999 
68  -14.54127911184 
68  -14.541264812800001 
68  -14.5177959864 
68  -14.51779170784 
68  -14.49752815936 
68  -14.4934215632 
68  -11.03101374992 
68  -11.03101102176 
68  -4.9649094456 
68  -4.96482654816 
68  -0.9526065461279999 
68  -0.9525865747999999 
68  -0.762177419008 
68  -0.7601802756 
68  0.711023128368 
68  0.711110628592 
68  4.33583594304 
68  4.33597622976 
68  4.441574041759999 
68  4.44259968304 
68  6.2786695652799995 
68  6.27873817184 
68  8.424914487039999 
68  8.42495032032 
68  9.10423532752 
68  9.104283471519999 
68  9.13362686144 
68  9.136436746560001 
68  12.20382335808 
68  12.20428265456 
68  15.480452742399999 
68  15.533752301119998 

69  -35.419148848 
69  -35.4190224496 
69  -35.417774948799995 
69  -35.41776428639999 
69  -34.6958655968 
69  -34.6958612176 
69  -34.692710016 
69  -34.692708166399996 
69  -34.69135872 
69  -34.6912310432 
69  -14.9802635512 
69  -14.980253857120001 
69  -14.975960217439999 
69  -14.972152690719998 
69  -14.54118997744 
69  -14.541186675359999 
69  -14.51741678848 
69  -14.517415404 
69  -14.498023824959999 
69  -14.49381928976 
69  -11.075094864159999 
69  -11.07509427392 
69  -4.848822008 
69  -4.84880311216 
69  -0.929436379808 
69  -0.9294318583519999 
69  -0.738767860048 
69  -0.7366950655519999 
69  0.732982512256 
69  0.73300101696 
69  4.32538465312 
69  4.32541644176 
69  4.43282362496 
69  4.43388329344 
69  6.1317569252799995 
69  6.13177597616 
69  8.44486135408 
69  8.4448679256 
69  9.020852035679999 
69  9.020861544799999 
69  9.04748523392 
69  9.050349385759999 
69  12.084862188799999 
69  12.08492460736 
69  15.65335579568 
69  15.664648221119998 

70  -35.419153091199995 
70  -35.4190314528 
70  -35.417809112 
70  -35.4178005984 
70  -34.6958860784 
70  -34.6958827056 
70  -34.6927057728 
70  -34.6927035696 
70  -34.69140659199999 
70  -34.6912854704 
70  -14.980004797600001 
70  -14.97999727136 
70  -14.976082647359998 
70  -14.97219991808 
70  -14.54109436128 
70  -14.541091820799998 
70  -14.517017059999999 
70  -14.517015338239998 
70  -14.49851309312 
70  -14.49422597056 
70  -11.11918936624 
70  -11.11918895008 
70  -4.72902996848 
70  -4.72901567216 
70  -0.9052670326399999 
70  -0.90526172728 
70  -0.71432095456 
70  -0.712178792448 
70  0.755376446064 
70  0.7553880291839999 
70  4.3125979031999995 
70  4.31262093344 
70  4.421768429759999 
70  4.4228678864 
70  5.983184884 
70  5.98320934768 
70  8.4686208152 
70  8.46862419344 
70  8.945044751680001 
70  8.94505082 
70  8.96899588848 
70  8.97191116544 
70  11.94785165984 
70  11.94787169808 
70  15.711131198719999 
70  15.718903965920001 

71  -35.4191499904 
71  -35.4190387424 
71  -35.4178501296 
71  -35.4178240176 
71  -34.6959070496 
71  -34.695897856 
71  -34.6927016928 
71  -34.6926920096 
71  -34.691450792 
71  -34.691337776 
71  -14.979744825440001 
71  -14.979720927519999 
71  -14.976191276 
71  -14.9722511248 
71  -14.540990718400002 
71  -14.540983529440002 
71  -14.516598095680001 
71  -14.516590558559999 
71  -14.4989940816 
71  -14.494641602880002 
71  -11.16311148016 
71  -11.1631104248 
71  -4.605757504 
71  -4.6057169379200005 
71  -0.8801554225279999 
71  -0.8801259643839999 
71  -0.6888880743679999 
71  -0.68668244296 
71  0.778040609968 
71  0.778064758128 
71  4.2973374112 
71  4.29739602992 
71  4.40822172 
71  4.40935875344 
71  5.83386057232 
71  5.83398177008 
71  8.49497681824 
71  8.49498367808 
71  8.877084569760001 
71  8.87709834384 
71  8.898433770879999 
71  8.9013958672 
71  11.79810547616 
71  11.79813094352 
71  15.634380678559998 
71  15.65550741904 

72  -35.4191438432 
72  -35.4190441824 
72  -35.4178742832 
72  -35.4178613904 
72  -34.6959208944 
72  -34.6959169232 
72  -34.6926883648 
72  -34.69268254399999 
72  -34.6914925712 
72  -34.691389102399995 
72  -14.97946295456 
72  -14.97945043712 
72  -14.976288219519999 
72  -14.972306153120002 
72  -14.540873464639999 
72  -14.540870168000001 
72  -14.51615373744 
72  -14.51614923584 
72  -14.4994666952 
72  -14.495065131359999 
72  -11.206689791519999 
72  -11.20668938352 
72  -4.47919473984 
72  -4.47917583584 
72  -0.8541269836479999 
72  -0.8541056640160001 
72  -0.6625207264799999 
72  -0.660258371104 
72  0.80078685776 
72  0.800795256032 
72  4.279521928 
72  4.27954588304 
72  4.392020393599999 
72  4.3931904804799995 
72  5.68468027376 
72  5.68475893616 
72  8.52271709728 
72  8.5227208536 
72  8.817204971999999 
72  8.8172098816 
72  8.83603450384 
72  8.83903933408 
72  11.64035655744 
72  11.64037119376 
72  15.4888828792 
72  15.499127231520001 

73  -35.4191365536 
73  -35.4190466576 
73  -35.417899688 
73  -35.4178946832 
73  -34.6959344128 
73  -34.6959330256 
73  -34.6926719904 
73  -34.692669488 
73  -34.6915333712 
73  -34.691437980799996 
73  -14.979175698079999 
73  -14.979170570880001 
73  -14.97637482976 
73  -14.97236453248 
73  -14.540748265760001 
73  -14.540747036319999 
73  -14.515690208639999 
73  -14.51568826928 
73  -14.49992947328 
73  -14.49549450512 
73  -11.249768466079999 
73  -11.24976834368 
73  -4.34958486032 
73  -4.34957767952 
73  -0.827258833168 
73  -0.827248544768 
73  -0.635279836448 
73  -0.632967933824 
73  0.823360588736 
73  0.823363204832 
73  4.25901801584 
73  4.259026116 
73  4.3730483718399995 
73  4.37425095728 
73  5.536236325439999 
73  5.53627155488 
73  8.55055088992 
73  8.55055296256 
73  8.76557487856 
73  8.76557628752 
73  8.7819928176 
73  8.78503660912 
73  11.47876783648 
73  11.47877562656 
73  15.30672398688 
73  15.310800584159999 

74  -35.4191280672 
74  -35.419046004799995 
74  -35.417928792 
74  -35.4179201968 
74  -34.6959476048 
74  -34.695945428799995 
74  -34.692655180799996 
74  -34.6926506112 
74  -34.6915727024 
74  -34.691484112 
74  -14.978887617439998 
74  -14.97887844832 
74  -14.976450633439999 
74  -14.972426015359998 
74  -14.54061596224 
74  -14.540613954880001 
74  -14.515210849439999 
74  -14.5152072672 
74  -14.50038041392 
74  -14.495927958879998 
74  -11.29220383344 
74  -11.292203623999999 
74  -4.21713646496 
74  -4.21712406176 
74  -0.79963234424 
74  -0.799612231472 
74  -0.607233673008 
74  -0.6048796041279999 
74  0.84549125864 
74  0.845495062832 
74  4.23578135504 
74  4.23579368752 
74  4.35123885152 
74  4.35247236608 
74  5.38908112128 
74  5.38914651552 
74  8.57704029536 
74  8.57704511792 
74  8.72233045264 
74  8.722332462719999 
74  8.736454496 
74  8.739533334719999 
74  11.31707113968 
74  11.31708645328 
74  15.10637375904 
74  15.113542767839999 

75  -35.4191177584 
75  -35.4190427136 
75  -35.4179507968 
75  -35.4179479408 
75  -34.695957451199995 
75  -34.6959567712 
75  -34.6926327408 
75  -34.6926311632 
75  -34.6916099392 
75  -34.6915276048 
75  -14.97858905936 
75  -14.97858592048 
75  -14.976514961439998 
75  -14.97249038688 
75  -14.54047451136 
75  -14.54047383136 
75  -14.514713073120001 
75  -14.51471183824 
75  -14.500817637599999 
75  -14.49636390144 
75  -11.33386401712 
75  -11.33386397088 
75  -4.08203279744 
75  -4.08202863856 
75  -0.7713012387679999 
75  -0.771293938288 
75  -0.578456384448 
75  -0.576068096608 
75  0.866869781088 
75  0.86687106656 
75  4.20983128208 
75  4.20983518256 
75  4.326574634079999 
75  4.327836608 
75  5.243835196639999 
75  5.2438578216 
75  8.60052026288 
75  8.60052241168 
75  8.68757301152 
75  8.68757349568 
75  8.69951098 
75  8.70262062544 
75  11.1587621784 
75  11.158767561280001 
75  14.904726303359999 
75  14.90723521776 

76  -35.419105790399996 
76  -35.419036294399994 
76  -35.4179766368 
76  -35.4179666544 
76  -34.6959665088 
76  -34.695964224 
76  -34.692610708800004 
76  -34.6926050512 
76  -34.6916451088 
76  -34.6915681056 
76  -14.97829326752 
76  -14.978281944159999 
76  -14.976567381279999 
76  -14.972557399520001 
76  -14.54032695408 
76  -14.540324633920001 
76  -14.5142033152 
76  -14.514198761919998 
76  -14.50123940624 
76  -14.49680074976 
76  -11.37462892096 
76  -11.37462873328 
76  -3.9444829496000002 
76  -3.94446782912 
76  -0.742375340288 
76  -0.742347958864 
76  -0.549028880432 
76  -0.546614421568 
76  0.887130140368 
76  0.8871344880159999 
76  4.181205384639999 
76  4.18121804896 
76  4.299092363360001 
76  4.30038024528 
76  5.10093738272 
76  5.101019175839999 
76  8.618964232 
76  8.618973368479999 
76  8.661412002559999 
76  8.66141385488 
76  8.67119621248 
76  8.67433220928 
76  11.00720653648 
76  11.00722428176 
76  14.696225682559998 
76  14.704930115040002 

77  -35.4190915376 
77  -35.4190274 
77  -35.4179953776 
77  -35.417986864 
77  -34.695972139199995 
77  -34.695970235199994 
77  -34.6925831824 
77  -34.6925782592 
77  -34.691677748800004 
77  -34.6916057776 
77  -14.97798950608 
77  -14.977979635199999 
77  -14.976607368000002 
77  -14.972626756799999 
77  -14.54017138368 
77  -14.540169351839998 
77  -14.5136785456 
77  -14.51367453904 
77  -14.501644066079999 
77  -14.497236928960001 
77  -11.41438822448 
77  -11.414388102079998 
77  -3.8046590512 
77  -3.8046457395199997 
77  -0.712916037296 
77  -0.712891396272 
77  -0.519039062656 
77  -0.516607023888 
77  0.9058634549279999 
77  0.9058675145279999 
77  4.150020445919999 
77  4.150030956 
77  4.26888549856 
77  4.2701961088000004 
77  4.96099738112 
77  4.9610681881600005 
77  8.629582785599998 
77  8.6295910408 
77  8.6443749072 
77  8.64437755376 
77  8.651485354399998 
77  8.6546430976 
77  10.865828745599998 
77  10.86584248432 
77  14.49185840368 
77  14.49941226256 

78  -35.4190752448 
78  -35.4190155952 
78  -35.4180128944 
78  -35.418002504 
78  -34.6959756208 
78  -34.695973336 
78  -34.6925534528 
78  -34.69254736 
78  -34.691707968 
78  -34.6916404032 
78  -14.977685608640002 
78  -14.9776733088 
78  -14.976634627840001 
78  -14.97269810512 
78  -14.540009709599998 
78  -14.540007190879999 
78  -14.513143336639999 
78  -14.5131382856 
78  -14.502030036799999 
78  -14.49767084784 
78  -11.4530414808 
78  -11.45304134752 
78  -3.6627549076799997 
78  -3.6627379865600003 
78  -0.683036639824 
78  -0.683005147392 
78  -0.48858274284799996 
78  -0.4861418483039999 
78  0.9225969846879999 
78  0.9226024325759999 
78  4.116419812639999 
78  4.11643223216 
78  4.2361038872 
78  4.23743375776 
78  4.82450287696 
78  4.824590112799999 
78  8.62871398496 
78  8.62872005328 
78  8.63752600976 
78  8.63753526048 
78  8.6402949344 
78  8.64346975104 
78  10.738065367999999 
78  10.73807957456 
78  14.287545674399999 
78  14.296870239679999 

79  -35.41905723839999 
79  -35.4190004448 
79  -35.418030112000004 
79  -35.4180126224 
79  -34.6959770896 
79  -34.6959733088 
79  -34.6925221184 
79  -34.692511728 
79  -34.6917358208 
79  -34.6916717376 
79  -14.97738380288 
79  -14.97736273376 
79  -14.976648970400001 
79  -14.972771058239998 
79  -14.539842766880001 
79  -14.53983846928 
79  -14.512600182559998 
79  -14.512591416000001 
79  -14.50239581424 
79  -14.49810090432 
79  -11.490496800159999 
79  -11.49049656624 
79  -3.51895500304 
79  -3.5189252244800002 
79  -0.652846262304 
79  -0.652791125184 
79  -0.45776397624 
79  -0.45532309312 
79  0.9367987833279999 
79  0.9368089868639999 
79  4.08059651776 
79  4.0806166512 
79  4.20095185024 
79  4.20229718944 
79  4.69200851904 
79  4.69215574992 
79  8.62047792288 
79  8.62049964208 
79  8.63401252592 
79  8.634019886239999 
79  8.63748499488 
79  8.64067217392 
79  10.62728011072 
79  10.627299020159999 
79  14.083047248 
79  14.0988412816 

80  -35.41903556 
80  -35.4189842064 
80  -35.4180350624 
80  -35.4180285072 
80  -34.6959739344 
80  -34.69597252 
80  -34.6924823248 
80  -34.692478408 
80  -34.6917602192 
80  -34.6917004608 
80  -14.977071476159999 
80  -14.977063411359998 
80  -14.97664921792 
80  -14.97284520816 
80  -14.53966829792 
80  -14.53966661696 
80  -14.5120452536 
80  -14.512041880799998 
80  -14.502739954079999 
80  -14.498525509919999 
80  -11.52667007472 
80  -11.52667000944 
80  -3.37342098416 
80  -3.3734093017599998 
80  -0.622422249568 
80  -0.622400748512 
80  -0.426694978064 
80  -0.424264459504 
80  0.947881678464 
80  0.9478861452480001 
80  4.0427923339200005 
80  4.04279979488 
80  4.1636845209599995 
80  4.1650403648 
80  4.56421272448 
80  4.5642679024 
80  8.596877407680001 
80  8.59688867936 
80  8.6393370456 
80  8.63933773648 
80  8.64286242128 
80  8.646057102079999 
80  10.536452646719999 
80  10.53645811664 
80  13.88924979664 
80  13.89530960032 

81  -35.4190122496 
81  -35.4189645136 
81  -35.418039550399996 
81  -35.4180386256 
81  -34.6959686576 
81  -34.695968467200004 
81  -34.692440872 
81  -34.692440328 
81  -34.6917821152 
81  -34.6917256752 
81  -14.97676481248 
81  -14.976761801439999 
81  -14.97663439392 
81  -14.972920068 
81  -14.53948967824 
81  -14.53948945792 
81  -14.511486492160001 
81  -14.51148601344 
81  -14.50306110992 
81  -14.49894304896 
81  -11.56148489152 
81  -11.5614848616 
81  -3.22635474304 
81  -3.22635304304 
81  -0.591924800096 
81  -0.591921763488 
81  -0.39549820272 
81  -0.393087594016 
81  0.955183340576 
81  0.9551840042559999 
81  4.00324473344 
81  4.00324565552 
81  4.1246013088 
81  4.12596287008 
81  4.4416655262399996 
81  4.44167303616 
81  8.556176429279999 
81  8.55617808848 
81  8.65340795104 
81  8.653408136 
81  8.65618535392 
81  8.65938255616 
81  10.46768522592 
81  10.46768569104 
81  13.695868032 
81  13.697200198240001 

82  -35.4190421696 
82  -35.419015976000004 
82  -35.4186466544 
82  -35.418645675200004 
82  -34.6962957648 
82  -34.6962956016 
82  -34.6928292336 
82  -34.6928286896 
82  -34.692058004799996 
82  -34.6920238416 
82  -14.97790604288 
82  -14.97790492768 
82  -14.97673168832 
82  -14.973146548799999 
82  -14.540339762559999 
82  -14.5403395232 
82  -14.511528312160001 
82  -14.511527849759998 
82  -14.503963665759999 
82  -14.499988092 
82  -11.59489008464 
82  -11.594890062880001 
82  -3.07803487024 
82  -3.07803320016 
82  -0.561494362448 
82  -0.561491340256 
82  -0.364309152448 
82  -0.36192799753599997 
82  0.9579484689119999 
82  0.957949297152 
82  3.9622003468800004 
82  3.9622013288 
82  4.0840354028800006 
82  4.08539692336 
82  4.32469218192 
82  4.32469928384 
82  8.49862389488 
82  8.498625605760001 
82  8.67512736048 
82  8.67512751008 
82  8.677134345119999 
82  8.68032776112 
82  10.421417288799999 
82  10.42141774576 
82  13.5032513272 
82  13.5045946944 

83  -35.4190169824 
83  -35.418993807999996 
83  -35.4186695296 
83  -35.4186681152 
83  -34.696301911999996 
83  -34.6963016672 
83  -34.692793791999996 
83  -34.6927929488 
83  -34.6920854224 
83  -34.69205427839999 
83  -14.97765793264 
83  -14.97765618368 
83  -14.97669716608 
83  -14.973228301119999 
83  -14.54017959808 
83  -14.540179244479999 
83  -14.5110076824 
83  -14.511006920799998 
83  -14.50426379056 
83  -14.500416219999998 
83  -11.626784124639999 
83  -11.626784092 
83  -2.92846186896 
83  -2.92845906192 
83  -0.531257945392 
83  -0.5312530697919999 
83  -0.333261461664 
83  -0.330920957696 
83  0.955500432464 
83  0.955501847408 
83  3.9199012759999996 
83  3.91990261968 
83  4.04236667296 
83  4.04372186128 
83  4.2148329350400005 
83  4.2148438776 
83  8.42569820336 
83  8.42570081184 
83  8.704111617919999 
83  8.704111764799999 
83  8.70544833744 
83  8.7086339144 
83  10.397834236 
83  10.397834673919998 
83  13.31391457248 
83  13.31558633616 

84  -35.4189895376 
84  -35.418969055999995 
84  -35.418689304 
84  -35.4186879984 
84  -34.696305502399994 
84  -34.6963052848 
84  -34.692755304 
84  -34.692754542399996 
84  -34.692110119999995 
84  -34.692081641600005 
84  -14.977414596 
84  -14.977413010240001 
84  -14.976648605920001 
84  -14.97330943872 
84  -14.54001714336 
84  -14.5400168224 
84  -14.510489976639999 
84  -14.51048929392 
84  -14.50453844528 
84  -14.50083372912 
84  -11.657127810879999 
84  -11.65712777824 
84  -2.7779180425599996 
84  -2.77791543952 
84  -0.5013732093759999 
84  -0.501368776592 
84  -0.302510187504 
84  -0.300221175856 
84  0.947023287808 
84  0.94702475688 
84  3.87649723776 
84  3.8764984182399997 
84  3.9999848243199994 
84  4.0013266656 
84  4.112598955199999 
84  4.11260834464 
84  8.33952314976 
84  8.33952536112 
84  8.73994427776 
84  8.73994440832 
84  8.74073308048 
84  8.743905204319999 
84  10.39462535952 
84  10.394625764799999 
84  13.1283977368 
84  13.1299824904 

85  -35.418959808 
85  -35.4189416928 
85  -35.4187061136 
85  -35.41870508 
85  -34.6963064816 
85  -34.6963063184 
85  -34.692713851200004 
85  -34.692713334400004 
85  -34.692132015999995 
85  -34.6921059312 
85  -14.977177099199999 
85  -14.977175916 
85  -14.976585833760002 
85  -14.97338937952 
85  -14.539853143679998 
85  -14.539852920639998 
85  -14.5099776184 
85  -14.509977147839999 
85  -14.504786634399998 
85  -14.501239126079998 
85  -11.68586823936 
85  -11.685868212159999 
85  -2.6266051486719997 
85  -2.626603291728 
85  -0.47200781329599995 
85  -0.47200472310400005 
85  -0.272216610192 
85  -0.26999031352959996 
85  0.931744558208 
85  0.9317457201920001 
85  3.8320055667200004 
85  3.83200637728 
85  3.9573016241599994 
85  3.95862272544 
85  4.01897875296 
85  4.0189848512 
85  8.243068392 
85  8.24306977648 
85  8.78223059728 
85  8.782230784960001 
85  8.782591095199999 
85  8.78574369216 
85  10.409119108 
85  10.40911945344 
85  12.94677011488 
85  12.94814833888 

86  -35.418929289599994 
86  -35.41890978719999 
86  -35.4187261872 
86  -35.4187134848 
86  -34.6963060464 
86  -34.6963034352 
86  -34.6926735136 
86  -34.6926652992 
86  -34.6921516272 
86  -34.692126576 
86  -14.97695415168 
86  -14.976937271359999 
86  -14.97650911616 
86  -14.973467495200001 
86  -14.53969028912 
86  -14.53968626352 
86  -14.50947667872 
86  -14.50946898928 
86  -14.50500746304 
86  -14.5016309448 
86  -11.712957353119998 
86  -11.712957255200001 
86  -2.474750467232 
86  -2.47471870552 
86  -0.4433665832159999 
86  -0.44331416609599994 
86  -0.24255201473760002 
86  -0.24039936737919998 
86  0.908927818352 
86  0.908950458816 
86  3.78624027744 
86  3.78625588752 
86  3.9147401331199996 
86  3.91603257376 
86  3.93505297616 
86  3.93514754512 
86  8.1395162512 
86  8.13953720064 
86  8.83054785584 
86  8.83054826112 
86  8.83058902848 
86  8.83371543184 
86  10.438356855839999 
86  10.43836625072 
86  12.76359815312 
86  12.77598827536 

87  -35.4188936304 
87  -35.4188792416 
87  -35.4187309744 
87  -35.418729968 
87  -34.6963003888 
87  -34.6963003072 
87  -34.692622568 
87  -34.6926223504 
87  -34.692167212799994 
87  -34.6921450176 
87  -14.9767232808 
87  -14.976722083999999 
87  -14.976417152959998 
87  -14.97354317376 
87  -14.539523463359998 
87  -14.53952337088 
87  -14.508978388320001 
87  -14.508978187039999 
87  -14.505200087999999 
87  -14.502007768159999 
87  -11.73835139552 
87  -11.738351371039998 
87  -2.322533567744 
87  -2.322532709312 
87  -0.415565915824 
87  -0.415564559632 
87  -0.2136956981552 
87  -0.2116294617424 
87  0.877974936704 
87  0.877975585696 
87  3.7389421240000003 
87  3.73894257552 
87  3.8620813384 
87  3.86208346816 
87  3.8727288980799996 
87  3.8739839033599996 
87  8.03195551856 
87  8.03195596464 
87  8.88425321408 
87  8.884436770559999 
87  8.8844369256 
87  8.88734585952 
87  10.479472827359999 
87  10.47947309936 
87  12.59584660576 
87  12.597072126239999 

88  -35.4188574272 
88  -35.4188439088 
88  -35.4187403312 
88  -35.418736196800005 
88  -34.696293616 
88  -34.6962926912 
88  -34.6925739616 
88  -34.6925713776 
88  -34.6921804048 
88  -34.6921596512 
88  -14.976510296639999 
88  -14.976504639039998 
88  -14.97631102672 
88  -14.97361574064 
88  -14.53935989072 
88  -14.53935842736 
88  -14.50849723936 
88  -14.508494707039999 
88  -14.505363832 
88  -14.50236818992 
88  -11.76201096464 
88  -11.76201094288 
88  -2.17024897208 
88  -2.170237466752 
88  -0.388896124608 
88  -0.38887776433599996 
88  -0.1858367194576 
88  -0.1838681608832 
88  0.838363427648 
88  0.8383732944479999 
88  3.69022436448 
88  3.69023278288 
88  3.80046048368 
88  3.80048502896 
88  3.8316956227199994 
88  3.83290442336 
88  7.923096638720001 
88  7.92310188832 
88  8.9430612216 
88  8.943389506559999 
88  8.94338969696 
88  8.946111176639999 
88  10.529819518719998 
88  10.52982575296 
88  12.425657339999999 
88  12.429890195839999 

89  -35.4188190208 
89  -35.4188064816 
89  -35.418744166399996 
89  -35.4187410928 
89  -34.6962833616 
89  -34.6962827632 
89  -34.6925209216 
89  -34.6925192896 
89  -34.6921904416 
89  -34.692171102399996 
89  -14.976303345440002 
89  -14.976298868319999 
89  -14.97618975008 
89  -14.97368454032 
89  -14.5391966744 
89  -14.53919570064 
89  -14.50802890976 
89  -14.508027266880001 
89  -14.50549806672 
89  -14.50271086912 
89  -11.78390038496 
89  -11.783900352319998 
89  -2.018136076416 
89  -2.0181282101759996 
89  -0.36353413251199995 
89  -0.36352181118399995 
89  -0.1591697186896 
89  -0.157310921064 
89  0.789824418368 
89  0.789831666624 
89  3.6413842865599997 
89  3.6413911028799997 
89  3.7494670035199995 
89  3.7494801710399996 
89  3.7920637104000003 
89  3.7932169223999996 
89  7.81533573856 
89  7.81533856736 
89  9.00642654832 
89  9.00683570704 
89  9.0068359328 
89  9.009423175039998 
89  10.58706088512 
89  10.5870663224 
89  12.26267444768 
89  12.265567428799999 

90  -35.4187799344 
90  -35.4187669056 
90  -35.4187446016 
90  -35.418740983999996 
90  -34.6962700608 
90  -34.6962699792 
90  -34.692464943999994 
90  -34.692464672 
90  -34.692197377599996 
90  -34.6921791808 
90  -14.976107907999998 
90  -14.97610163568 
90  -14.97605200928 
90  -14.9737488792 
90  -14.53903525872 
90  -14.53903509824 
90  -14.5075768512 
90  -14.50757662544 
90  -14.505602272640001 
90  -14.503034505599999 
90  -11.803987604 
90  -11.80398758224 
90  -1.866500420528 
90  -1.8664992721440001 
90  -0.339732351728 
90  -0.33973053748800003 
90  -0.1338947350416 
90  -0.13215749949279998 
90  0.732299914384 
90  0.732301061408 
90  3.5945539105599997 
90  3.59455493328 
90  3.7072020903999996 
90  3.7072038230399995 
90  3.75424660384 
90  3.7553347126399994 
90  7.71071023408 
90  7.7107105767999995 
90  9.07367652464 
90  9.07411825536 
90  9.074118388639999 
90  9.076606612 
90  10.649089565759999 
90  10.64909070544 
90  12.10535803344 
90  12.10660445984 

91  -35.4187512656 
91  -35.4187447104 
91  -35.4187244192 
91  -35.418722270399996 
91  -34.6962540672 
91  -34.696253822399996 
91  -34.6924070352 
91  -34.692406464 
91  -34.6922011856 
91  -34.6921838864 
91  -14.97592858656 
91  -14.97591299552 
91  -14.975894096960001 
91  -14.97380808544 
91  -14.53887697376 
91  -14.53887659296 
91  -14.50714421888 
91  -14.50714364496 
91  -14.505676041759997 
91  -14.503337842719999 
91  -11.822244010079999 
91  -11.8222439856 
91  -1.7156933919679997 
91  -1.715690274032 
91  -0.317771764784 
91  -0.317766961536 
91  -0.11021418310719999 
91  -0.10861014541439999 
91  0.665999621712 
91  0.666002869936 
91  3.55155419216 
91  3.55155716512 
91  3.67184482944 
91  3.6718480064000003 
91  3.7186436779200003 
91  3.7196573648 
91  7.61097257232 
91  7.6109732251199995 
91  9.14401817536 
91  9.144459601440001 
91  9.144459786399999 
91  9.1468650552 
91  10.71396102176 
91  10.71396464208 
91  11.953211768 
91  11.9547235168 

92  -35.4187415824 
92  -35.4187390256 
92  -35.418683510399994 
92  -35.4186773904 
92  -34.696235027200004 
92  -34.6962345376 
92  -34.6923465152 
92  -34.6923455088 
92  -34.692201756799996 
92  -34.692185164799994 
92  -14.975758262879998 
92  -14.975734182719998 
92  -14.9757227968 
92  -14.973861449120001 
92  -14.538722042560002 
92  -14.53872122112 
92  -14.506732081760001 
92  -14.50673102096 
92  -14.50571905584 
92  -14.50361967824 
92  -11.83864417936 
92  -11.8386441576 
92  -1.566122841136 
92  -1.566116537264 
92  -0.2979637192 
92  -0.297953868448 
92  -0.088330038744 
92  -0.086870506328 
92  0.5914406047359999 
92  0.5914474798079999 
92  3.5133506688000002 
92  3.5133562883200002 
92  3.6422240212799997 
92  3.6422297441600002 
92  3.6856363500800002 
92  3.68656604608 
92  7.5176445007999995 
92  7.5176455072 
92  9.216490097440001 
92  9.21691324784 
92  9.216913438239999 
92  9.21923225456 
92  10.779822897759999 
92  10.77983289104 
92  11.807782031199999 
92  11.809971168799999 

93  -35.418732225599996 
93  -35.4187307024 
93  -35.4186363456 
93  -35.4186295456 
93  -34.696212696 
93  -34.696212288 
93  -34.6922830032 
93  -34.6922822144 
93  -34.6921990096 
93  -34.692183016 
93  -14.975583832 
93  -14.975565379519999 
93  -14.975551871999999 
93  -14.97390826848 
93  -14.53857066096 
93  -14.53856997824 
93  -14.50634173456 
93  -14.506340943040001 
93  -14.50573109456 
93  -14.503878869760001 
93  -11.85316575616 
93  -11.8531657344 
93  -1.418298019216 
93  -1.418292897728 
93  -0.280698479488 
93  -0.280690305888 
93  -0.068440348416 
93  -0.0671360937552 
93  0.509479513312 
93  0.509485287872 
93  3.48021199488 
93  3.4802162897599995 
93  3.61766717312 
93  3.6176710192 
93  3.65558315984 
93  3.65641967952 
93  7.43205735344 
93  7.4320579355200005 
93  9.28989447632 
93  9.29029492288 
93  9.29029510512 
93  9.2925036744 
93  10.84483915568 
93  10.844850106400001 
93  11.670839382559999 
93  11.672677256639998 

94  -35.4187201488 
94  -35.418719087999996 
94  -35.4185862704 
94  -35.418579008 
94  -34.6961871552 
94  -34.6961868016 
94  -34.692217424 
94  -34.6922162816 
94  -34.692192399999996 
94  -34.692177358399995 
94  -14.975413581759998 
94  -14.975406917759999 
94  -14.97537347536 
94  -14.97394782816 
94  -14.5384237048 
94  -14.5384231064 
94  -14.5059752064 
94  -14.50597456992 
94  -14.505711997439999 
94  -14.504114318399997 
94  -11.86578930336 
94  -11.8657892816 
94  -1.272895291744 
94  -1.2728909277759999 
94  -0.2665186718848 
94  -0.26651139574879995 
94  -0.0507352354176 
94  -0.0495963134272 
94  0.421398088144 
94  0.421403124768 
94  3.4520314784000004 
94  3.45203492464 
94  3.5977228737599996 
94  3.59772557744 
94  3.62881534336 
94  3.6295503390399997 
94  7.355382936159999 
94  7.35538327616 
94  9.36270540832 
94  9.363089706239998 
94  9.36308991024 
94  9.36514422016 
94  10.907123831839998 
94  10.90713693136 
94  11.54320565376 
94  11.544816579199999 

95  -35.418704672 
95  -35.4187042368 
95  -35.418533774400004 
95  -35.41852583199999 
95  -34.6961582416 
95  -34.69615816 
95  -34.6921848656 
95  -34.6921683824 
95  -34.692147384 
95  -34.6921469216 
95  -14.975261351519999 
95  -14.975259153760001 
95  -14.975174115680002 
95  -14.97397940192 
95  -14.53828150048 
95  -14.53828133456 
95  -14.50566373376 
95  -14.505633375839999 
95  -14.505631806399998 
95  -14.504324985119998 
95  -11.87649819088 
95  -11.8764981664 
95  -1.1308676610400001 
95  -1.1308665779359999 
95  -0.256243375784 
95  -0.256241406504 
95  -0.0353926219664 
95  -0.0344280580416 
95  0.329128199712 
95  0.329129450368 
95  3.42857524016 
95  3.4285760180800002 
95  3.5819875432 
95  3.58198824496 
95  3.6056328703999996 
95  3.60625835344 
95  7.28865250432 
95  7.28865255872 
95  9.43295386912 
95  9.43333495744 
95  9.43333513696 
95  9.43517286416 
95  10.964729087999999 
95  10.964734049279999 
95  11.426991980959999 
95  11.4280090896 

96  -35.4186859856 
96  -35.4186857408 
96  -35.4184789664 
96  -35.418469936 
96  -34.6961261184 
96  -34.6961261184 
96  -34.692171945599995 
96  -34.692155543999995 
96  -34.692075984 
96  -34.692075848 
96  -14.975122957919998 
96  -14.97512206032 
96  -14.974958607359998 
96  -14.97400224176 
96  -14.538144842239998 
96  -14.53814482864 
96  -14.5055812824 
96  -14.505318233919999 
96  -14.50531809248 
96  -14.504509877119999 
96  -11.8852784896 
96  -11.885278465119999 
96  -0.9937030476159999 
96  -0.99370301008 
96  -0.2512620649696 
96  -0.2512620384224 
96  -0.02257357584624 
96  -0.02179122493088 
96  0.2357339842656 
96  0.23573408615679997 
96  3.40961134032 
96  3.40961144096 
96  3.5700253150399996 
96  3.5700255435199995 
96  3.58629914576 
96  3.5868082019200003 
96  7.23276169952 
96  7.232761707679999 
96  9.498106646559998 
96  9.49849500816 
96  9.498495204 
96  9.50004173072 
96  11.01562935648 
96  11.015629990239999 
96  11.32426165008 
96  11.32511817264 

97  -35.418663790400004 
97  -35.4186636544 
97  -35.4184219008 
97  -35.4184112384 
97  -34.6960906768 
97  -34.6960906768 
97  -34.692155952 
97  -34.6921391696 
97  -34.692001864 
97  -34.6920018096 
97  -14.974996116160002 
97  -14.974995719039999 
97  -14.974729580639998 
97  -14.97401559968 
97  -14.53801412176 
97  -14.5380140728 
97  -14.50546937616 
97  -14.50503028384 
97  -14.505030210400001 
97  -14.504668053280001 
97  -11.89211890608 
97  -11.8921188816 
97  -0.8640083302079999 
97  -0.86400812104 
97  -0.2539859176048 
97  -0.2539853611472 
97  -0.01241787794144 
97  -0.01182417313744 
97  0.1464378086208 
97  0.14643802997439997 
97  3.39497197664 
97  3.39497210992 
97  3.5613727584 
97  3.56137304128 
97  3.5710368503999996 
97  3.57142396352 
97  7.188467611999999 
97  7.18846762016 
97  9.5549944048 
97  9.555384439200001 
97  9.55538463776 
97  9.55656651584 
97  11.0577793768 
97  11.05778294816 
97  11.2383877984 
97  11.23909240624 

98  -35.4186380048 
98  -35.4186378144 
98  -35.4183625232 
98  -35.418349630399995 
98  -34.6960519712 
98  -34.6960517536 
98  -34.692136558399994 
98  -34.692119041599994 
98  -34.691925024 
98  -34.6919249424 
98  -14.974880366559999 
98  -14.974879983040001 
98  -14.974487870559999 
98  -14.974018744 
98  -14.537889787840001 
98  -14.537889423360001 
98  -14.505326948799999 
98  -14.50479895328 
98  -14.504770148479999 
98  -14.50476985472 
98  -11.897010719999999 
98  -11.897010695519999 
98  -0.747090189648 
98  -0.7470887083359999 
98  -0.26778144355359995 
98  -0.2677750874032 
98  -0.0050397122608 
98  -0.0046395268779199994 
98  0.07009352908319999 
98  0.0700953341568 
98  3.38455718912 
98  3.38455872048 
98  3.55558069792 
98  3.5555812772799995 
98  3.5600240110399994 
98  3.5602849896 
98  7.15637880368 
98  7.15637881456 
98  9.59991200336 
98  9.600265266080001 
98  9.60026544288 
98  9.6010328528 
98  11.08907824816 
98  11.08914814672 
98  11.17316480144 
98  11.1739136936 

99  -35.4186082752 
99  -35.4186082208 
99  -35.4183007248 
99  -35.418285112 
99  -34.6960097024 
99  -34.69600964799999 
99  -34.6921136016 
99  -34.6920951328 
99  -34.6918453008 
99  -34.6918453008 
99  -14.97477511072 
99  -14.97477501824 
99  -14.97423386336 
99  -14.974011019199999 
99  -14.537771761599998 
99  -14.537771652799998 
99  -14.50515421792 
99  -14.504900985919999 
99  -14.504538276639998 
99  -14.504538238559999 
99  -11.89994771888 
99  -11.8999476944 
99  -0.655485995104 
99  -0.655485804432 
99  -0.291900532928 
99  -0.29189839500799997 
99  -0.000523942809216 
99  -0.00032053829119999997 
99  0.018644228181599998 
99  0.01864455835968 
99  3.3783214232 
99  3.37832178496 
99  3.5522735015999998 
99  3.5522737953599997 
99  3.5533904967999996 
99  3.55352239232 
99  7.13694278256 
99  7.13694279616 
99  9.6290691712 
99  9.62930323264 
99  9.62930342848 
99  9.62965691696 
99  11.10663902784 
99  11.10671840288 
99  11.134140431039999 
99  11.13439670128 

100  -35.421619995200004 
100  -35.421619995200004 
100  -35.421615072 
100  -35.4216082992 
100  -34.6985582608 
100  -34.6985532832 
100  -34.6956243328 
100  -34.6956243056 
100  -34.695622782399994 
100  -34.695620688 
100  -14.98109787856 
100  -14.98109785952 
100  -14.981088355839999 
100  -14.98107528896 
100  -14.54311254688 
100  -14.54310424 
100  -14.512796017120001 
100  -14.51279597904 
100  -14.5127915536 
100  -14.51278542272 
100  -11.9009527208 
100  -11.900952696320001 
100  -0.6174127869439999 
100  -0.6174127537599999 
100  -0.30816307592 
100  -0.307963570176 
100  -3.28358823504e-05 
100  -3.22025909792e-05 
100  4.36117638512e-06 
100  5.5817662803200004e-05 
100  3.37600662976 
100  3.37604279216 
100  3.55099527024 
100  3.5509953436799995 
100  3.5510016051199997 
100  3.55101087488 
100  7.13025346208 
100  7.13025348112 
100  9.63837023296 
100  9.638370431519999 
100  9.63837137808 
100  9.6383727 
100  11.09988452528 
100  11.11417458656 
100  11.12457776512 
100  11.124577950079999 
