0  8.697423179e-06
0  2.705963324e-05
0  2.237438093e-06
0  -3.785070403e-05
0  -2.493045485e-05
0  2.505271932e-05
0  1.691234601e-05
0  2.265301484e-06
0  9.248921406e-06
0  -2.843104899e-05
0  -0.02210977361
0  0.0721003815
0  0.1230632311
0  -0.1730509157
0  -0.09480697408
0  0.0947521794
0  -0.1198711135
0  -0.04160112294
0  0.2496014719
0  -0.08806241466
0  0.06490893337
0  -0.06490893337
0  0.03646119583
0  -0.03646119583
0  -0.0130113535
0  0.01298997511
0  0.01067572712
0  0.03115399102
0  -0.003852131975
0  -0.03801554755
0  -0.03603380991
0  0.03592856697
0  0.07016976368
0  0.04431081745
0  -0.01010318237
0  -0.1044565676
0  0.04556805281
0  -0.04556805281
0  -0.04422967494
0  -0.01115704127
0  0.05188735159
0  0.003499348492
0  -0.008150102525
0  -0.02092672755
0  0.01212860113
0  0.01717678557
1  2.018273239e-05
1  -1.986090011e-05
1  -5.839461768e-07
1  2.80074524e-07
1  -1.859320973e-05
1  1.856605965e-05
1  -8.144000093e-08
1  -6.037899637e-08
1  1.280071473e-05
1  -1.261522873e-05
1  -0.106143396
1  0.1035929481
1  0.002946421525
1  -0.0003988638962
1  -0.04476925806
1  0.044783983
1  3.005273735e-05
1  0.002323753376
1  -0.1008070215
1  0.09843232716
1  0.06456132693
1  -0.06456132754
1  0.08650988734
1  -0.08650989004
1  -0.01319851781
1  0.01319901938
1  -7.825465383e-05
1  7.65452284e-05
1  0.0145466263
1  -0.01454483333
1  -0.04779774883
1  0.0477951777
1  -0.03472297132
1  0.03490368366
1  -0.0007649302951
1  0.0005764352756
1  0.03781664233
1  -0.03781664157
1  -0.0001221445634
1  -0.01485001669
1  0.01519275031
1  -0.0002244352114
1  -0.01682402679
1  0.01678076837
1  -0.03566462077
1  0.03573051575
2  8.543627575e-06
2  -8.539957719e-06
2  2.659769663e-05
2  -2.644275075e-05
2  -2.214115949e-05
2  2.22813482e-05
2  5.555078979e-06
2  -5.709091862e-06
2  -3.812073512e-06
2  3.956526025e-06
2  -0.03851344033
2  0.03787961384
2  0.008114240643
2  -0.007477800535
2  -0.09094337549
2  0.09089107362
2  0.001231447518
2  0.003022358785
2  -0.159229834
2  0.1550401896
2  0.06337644503
2  -0.06337644589
2  0.1121108422
2  -0.1121261246
2  -0.01686479317
2  0.0168549189
2  0.008670605932
2  -0.008704739236
2  0.03457376782
2  -0.03458078676
2  -0.03397759724
2  0.03386266678
2  0.0330537704
2  -0.03303227356
2  0.006506352334
2  -0.006618746619
2  0.05961048069
2  -0.05961048678
2  -1.601500374e-05
2  -0.03831389574
2  0.03834130452
2  -6.39438089e-06
2  0.02548406743
2  -0.02682802495
2  -0.02622835637
2  0.02782469535
3  2.934671743e-05
3  -2.89303494e-05
3  -3.180665267e-07
3  -7.028405855e-08
3  -2.948739537e-05
3  2.945665978e-05
3  -2.004332952e-07
3  -1.253097654e-07
3  1.935625424e-05
3  -1.897561147e-05
3  -0.1299250638
3  0.125499798
3  0.004156103105
3  0.0002660840447
3  0.06107851257
3  -0.0610623257
3  0.001091814386
3  -0.0807946166
3  0.08099263601
3  -0.001312712255
3  0.06357523033
3  -0.06357523099
3  0.1034383802
3  -0.1034383933
3  -0.02384845166
3  0.02384909791
3  2.843809545e-06
3  -3.191155662e-06
3  0.05267087552
3  -0.05267054803
3  -0.0183296493
3  0.01832665211
3  -0.01509521036
3  0.01511119158
3  -3.831741384e-05
3  1.363669921e-05
3  0.03196003425
3  -0.03196003357
3  -4.063135449e-05
3  -0.01322560188
3  0.01331422031
3  -5.142119032e-05
3  -0.01047080765
3  0.01047080463
3  -0.01686560984
3  0.01688984836
4  2.479097057e-05
4  -2.431631848e-05
4  -3.10663566e-07
4  -1.334685674e-07
4  -2.749612542e-05
4  2.746514394e-05
4  -3.591125649e-07
4  -2.204971452e-07
4  1.694637777e-05
4  -1.630971035e-05
4  -0.1142491979
4  0.1078276715
4  0.006140293805
4  0.0002781754464
4  -0.04926094912
4  0.04927718082
4  0.002185502173
4  -0.06428841672
4  0.06255818948
4  -0.0004781715888
4  0.06307448734
4  -0.06307448802
4  0.08637243926
4  -0.08637244565
4  -0.02890948185
4  0.02891016029
4  1.105875999e-06
4  -1.312145096e-06
4  0.06404115993
4  -0.06404097389
4  -0.05310336333
4  0.05310045412
4  -0.03622034686
4  0.03622999443
4  -2.141206419e-05
4  2.946977366e-06
4  0.02946270314
4  -0.02946270251
4  -4.318445291e-05
4  -0.01267056169
4  0.01274616265
4  -3.538316619e-05
4  -0.01111355499
4  0.01111357199
4  -0.01388033518
4  0.01390402532
5  1.973306036e-05
5  -2.028141239e-05
5  1.857059691e-06
5  -1.331772897e-06
5  -2.358501599e-05
5  2.361569106e-05
5  7.074409005e-07
5  6.653064562e-07
5  9.17369676e-06
5  -1.059677249e-05
5  -0.07580971731
5  0.0885053532
5  -0.01239298606
5  -0.0003000520983
5  -0.09149813639
5  0.09148293999
5  -0.01468737294
5  -0.06005154367
5  0.07459136958
5  0.0001685984071
5  0.06239190246
5  -0.06239190309
5  0.0984704578
5  -0.09847076504
5  -0.03270021247
5  0.03269879769
5  0.0001137657688
5  -0.0001147156461
5  0.06660714318
5  -0.06660715875
5  -0.02539610073
5  0.02539576667
5  0.02054789128
5  -0.02055275675
5  0.0001076249193
5  -9.867138541e-05
5  0.05767566931
5  -0.05767567055
5  3.321058361e-05
5  -0.02170085032
5  0.02164649352
5  2.377249101e-05
5  0.02549867891
5  -0.02549971701
5  -0.005481140975
5  0.005470078131
6  8.792417665e-06
6  -8.101457586e-06
6  2.214338604e-05
6  -2.270570418e-05
6  -2.370488228e-05
6  2.37846728e-05
6  -6.518878178e-06
6  5.852002459e-06
6  3.519157305e-06
6  -2.825398466e-06
6  -0.07886243561
6  0.06041257726
6  0.01990755954
6  -0.001458923845
6  -0.09036684726
6  0.09034661512
6  -0.1541332635
6  0.1566047814
6  -0.001699909524
6  -0.0007495053863
6  0.05750140843
6  -0.05750141108
6  0.09631235534
6  -0.09631818493
6  -0.03499443272
6  0.03497454045
6  0.002182001807
6  -0.002206791966
6  0.07020538283
6  -0.07020285865
6  -0.02202643068
6  0.02196115088
6  0.01720796232
6  -0.01720684045
6  0.001587373263
6  -0.001667878645
6  0.06252760345
6  -0.06252769142
6  -2.281638258e-05
6  -0.03602273992
6  0.03608467838
6  -2.870772885e-05
6  0.02546369996
6  -0.02547568476
6  -0.0306941728
6  0.0308876015
7  2.60565846e-05
7  -2.485138043e-05
7  1.525245122e-06
7  -2.672314808e-06
7  -2.454156711e-05
7  2.450456075e-05
7  -1.550069374e-05
7  1.476393916e-05
7  6.812694025e-07
7  1.410738887e-07
7  -0.09609543515
7  0.1161843259
7  -0.02029303503
7  0.0002001476505
7  -0.09296700899
7  0.09298725367
7  -0.1407813591
7  0.1425195191
7  -0.001607105007
7  -0.0001598721167
7  0.06106685052
7  -0.06106685146
7  0.09487453482
7  -0.09487481563
7  -0.03662189704
7  0.03662167633
7  0.0001074297699
7  -0.000108981826
7  0.07539398234
7  -0.07539375224
7  -0.02022844071
7  0.02022104842
7  0.01332769385
7  -0.01332145028
7  6.314924555e-05
7  -8.592929214e-05
7  0.06179092844
7  -0.0617909358
7  -5.071987879e-05
7  -0.02259532329
7  0.02266677836
7  -2.263664714e-05
7  0.02511536091
7  -0.02511572421
7  -0.02948796359
7  0.02952845123
8  1.864452508e-05
8  -1.751687341e-05
8  1.443514065e-06
8  -2.526688336e-06
8  -2.487393289e-05
8  2.484818985e-05
8  -9.539216482e-06
8  9.220449184e-06
8  3.606638053e-07
8  2.081804112e-08
8  -0.05650514432
8  0.08244460048
8  -0.02606014603
8  0.0001178876026
8  -0.09278825726
8  0.09280238184
8  -0.1522117249
8  0.152992546
8  -0.000713467458
8  -8.749739369e-05
8  0.0605120418
8  -0.06051204274
8  0.09379587703
8  -0.09379607228
8  -0.0378681793
8  0.03786786126
8  7.801751762e-05
8  -7.927507319e-05
8  0.0792181686
8  -0.07921800914
8  -0.02104258887
8  0.02103728411
8  0.01143936312
8  -0.01143535231
8  4.952391917e-05
8  -6.59700895e-05
8  0.06287567218
8  -0.06287568066
8  -3.118811177e-05
8  -0.02013133375
8  0.02017383369
8  -1.240492078e-05
8  0.02517158301
8  -0.02517175537
8  -0.02382907317
8  0.02385843961
9  1.145646754e-05
9  -1.162501742e-05
9  1.838209749e-06
9  -1.638280083e-06
9  2.450877319e-05
9  -2.45340108e-05
9  -7.993446411e-06
9  7.819769837e-06
9  9.54029102e-08
9  1.295034078e-07
9  -0.05671913788
9  0.06161637161
9  -0.005031748157
9  0.0001323612049
9  0.08898033531
9  -0.08896805657
9  0.1635926164
9  -0.1631711533
9  -0.0004150894763
9  -2.356271928e-05
9  0.06073375984
9  -0.06073376052
9  -0.0928666472
9  0.09286669912
9  0.03878324575
9  -0.03878232031
9  -2.341126822e-05
9  2.371037414e-05
9  -0.07102679083
9  0.07102678632
9  0.02639215503
9  -0.0263940583
9  -0.01558671741
9  0.01559086437
9  -2.329346725e-05
9  1.374174734e-05
9  -0.0688524802
9  0.0688524846
9  -2.122963176e-05
9  -0.008090041368
9  0.008116808954
9  -6.777584944e-06
9  -0.02264333248
9  0.02264336871
9  -0.002589177679
9  0.002603419579
10  1.789478586e-06
10  1.166658927e-06
10  -1.13485253e-05
10  8.41795563e-06
10  2.025646806e-05
10  -2.027419882e-05
10  -7.384725178e-06
10  7.285923756e-06
10  7.591467154e-08
10  6.169241039e-08
10  -0.05094821895
10  0.04541141813
10  0.005458494258
10  7.674381235e-05
10  0.0351245525
10  -0.03511583858
10  0.07148893221
10  -0.07125213257
10  -0.0002323687355
10  -1.668372693e-05
10  0.06002235636
10  -0.06002235707
10  -0.0771390362
10  0.07713904015
10  0.03842819306
10  -0.03842772127
10  -2.806617016e-06
10  2.788516836e-06
10  -0.01875388161
10  0.01875389534
10  -0.01347188767
10  0.01347003975
10  -0.03213788726
10  0.03214109637
10  -4.85091276e-06
10  -3.13682724e-06
10  -0.05294476144
10  0.05294476264
10  -1.429482121e-05
10  -0.01091986793
10  0.0109369443
10  -3.527566096e-06
10  -0.01054669415
10  0.01054669771
10  -0.00522342433
10  0.005235376482
11  5.207549437e-06
11  -2.248139195e-06
11  -2.855168412e-06
11  -3.444818765e-09
11  -2.608463213e-05
11  2.606409061e-05
11  -9.664481635e-07
11  7.307353501e-07
11  7.297988077e-07
11  -3.909582888e-07
11  -0.1054911941
11  0.09375674328
11  0.01177049261
11  -4.025169939e-05
11  -0.08722230369
11  0.08723877893
11  -0.1650143077
11  0.1655479876
11  -0.0003807838146
11  -0.000177607343
11  0.05554918536
11  -0.05554918835
11  0.09196663197
11  -0.09196736288
11  -0.04048668578
11  0.04048139559
11  0.0003520744792
11  -0.0003591055817
11  0.08477842395
11  -0.08477793252
11  -0.04848551908
11  0.04846945091
11  0.03494416954
11  -0.03493928307
11  0.0002696947519
11  -0.0003088921238
11  0.06705790182
11  -0.06705801094
11  -3.184060766e-05
11  -0.02841340792
11  0.02845438938
11  -9.401343375e-06
11  0.0247254101
11  -0.02472563985
11  -0.03609094131
11  0.03616674603
12  -4.421345695e-06
12  5.796240038e-06
12  -4.682341221e-07
12  -8.497640913e-07
12  2.654177694e-05
12  -2.664622543e-05
12  -1.208117495e-06
12  1.009171448e-06
12  -6.117389624e-07
12  9.619418501e-07
12  0.04987518322
12  -0.0610843353
12  0.01069447961
12  0.0005095340892
12  0.08506205301
12  -0.08502190131
12  0.1678650152
12  -0.167374457
12  -0.0007308027561
12  0.0001862102966
12  0.04685755069
12  -0.04685754817
12  -0.09165575068
12  0.09165674941
12  0.04118419164
12  -0.04117236398
12  -0.0005203662897
12  0.0005307644181
12  -0.08547276649
12  0.08547220665
12  0.06679019296
12  -0.0667784802
12  -0.05160071952
12  0.05162181283
12  -0.0004497491684
12  0.0004406952846
12  -0.06792162008
12  0.06792181861
12  -4.427801272e-05
12  0.02909284825
12  -0.02904627442
12  -6.087754169e-06
12  -0.0244675356
12  0.02446775259
12  0.02821315682
12  -0.02823728247
13  2.416862025e-06
13  4.886471189e-07
13  1.600864258e-05
13  -1.868334538e-05
13  -2.68054523e-05
13  2.669338328e-05
13  3.431999595e-06
13  -3.870755804e-06
13  6.83749614e-07
13  5.517724262e-08
13  0.002908516384
13  -0.01781472278
13  0.01463804407
13  0.000257461552
13  -0.08535746109
13  0.08541419571
13  -0.171051187
13  0.1719634709
13  -0.0008643287256
13  -0.0001286139541
13  0.0553125536
13  -0.05531255723
13  0.09143877776
13  -0.09143911935
13  -0.04182529367
13  0.04182465837
13  0.00018320938
13  -0.0001879703375
13  0.08957438163
13  -0.08957411967
13  -0.0830994208
13  0.08307210589
13  0.06550509617
13  -0.06540912017
13  0.0001110515693
13  -0.0002472920529
13  0.06829407868
13  -0.06829416457
13  -0.0001408375435
13  -0.02419526094
13  0.02434312671
13  -1.114048301e-05
13  0.02617905344
13  -0.0261791017
13  -0.05002774499
13  0.05013925631
14  6.697725975e-06
14  -6.829450166e-06
14  7.407801028e-06
14  -7.214935e-06
14  -2.747953026e-05
14  2.760126648e-05
14  2.898616494e-06
14  -2.927821372e-06
14  1.369394206e-06
14  -1.413063572e-06
14  -0.03016827313
14  0.03154007373
14  -0.0007083181137
14  -0.0006621145458
14  -0.08295753481
14  0.0829237464
14  -0.1727546175
14  0.1726794503
14  0.0005858648787
14  -0.0004686439838
14  0.04998047301
14  -0.04998048487
14  0.09127915215
14  -0.0912809944
14  -0.04243927207
14  0.04241446719
14  0.001096674858
14  -0.001121459786
14  0.08970852734
14  -0.08970756613
14  -0.0935326717
14  0.09346913936
14  0.0009839606021
14  -0.001036829179
14  0.07460591261
14  -0.07458470434
14  0.06845628825
14  -0.06845681847
14  -0.03196644734
14  0.03201683882
14  -5.083165482e-05
14  5.246046732e-07
14  0.02627320373
14  -0.02627339267
14  -0.03294053253
14  0.03307709941
15  -1.097021337e-06
15  -1.004258556e-06
15  1.257155738e-05
15  -1.07083503e-05
15  2.900615458e-05
15  -2.888127802e-05
15  9.728880684e-07
15  -6.516675906e-07
15  -4.117794545e-07
15  -2.274673198e-07
15  0.09925992466
15  -0.09180213362
15  -0.007189227746
15  -0.0002582859612
15  0.07923958137
15  -0.07929763394
15  0.1711261547
15  -0.1717815249
15  0.0006834145151
15  5.396520994e-05
15  0.05939369152
15  -0.05939368956
15  -0.09116675545
15  0.09116684964
15  0.04299368642
15  -0.04299573041
15  -5.372260358e-05
15  5.598591357e-05
15  -0.08293738148
15  0.08293728645
15  0.09667399653
15  -0.09665528649
15  -9.112354632e-06
15  3.584448986e-05
15  -0.07776459676
15  0.07777519027
15  -0.06804058441
15  0.06804061377
15  -0.01123645698
15  0.01129611424
15  -6.044845744e-05
15  5.242518046e-06
15  -0.02201109442
15  0.02201110531
15  0.05541070463
15  -0.05550525533
16  -9.023874247e-07
16  2.343616389e-06
16  -2.365777509e-06
16  1.112624753e-06
16  2.882952433e-05
16  -2.896574908e-05
16  -3.293993819e-06
16  3.059540652e-06
16  4.014762622e-08
16  4.831674248e-07
16  0.04360762593
16  -0.04882037729
16  0.004864711977
16  0.0003394162403
16  0.07896768716
16  -0.07891187783
16  0.1772215672
16  -0.176733614
16  -0.0006399828882
16  7.443720112e-05
16  0.08010595067
16  -0.08010594973
16  -0.09117300408
16  0.09117331837
16  0.04354521153
16  -0.04353706668
16  -0.0002225586368
16  0.0002270046956
16  -0.08978954699
16  0.0897894446
16  0.1002063376
16  -0.1002049132
16  -0.0002399317704
16  0.0002218142729
16  -0.07846749951
16  0.07846067224
16  -0.06723724142
16  0.06723731816
16  0.00487913589
16  -0.004908322397
16  2.713856776e-05
16  -6.115740968e-07
16  -0.02747083041
16  0.02747088219
16  0.01867952985
16  -0.01863621656
17  -4.635477219e-07
17  -4.640808344e-07
17  -2.782465167e-05
17  2.859430942e-05
17  2.862318256e-05
17  -2.854576236e-05
17  -9.97248831e-06
17  1.013804961e-05
17  -2.495785122e-07
17  -1.211271374e-07
17  -0.03647654481
17  0.03947434302
17  -0.002872041456
17  -0.0001196567138
17  0.07626654151
17  -0.07630116513
17  0.1810473841
17  -0.181356629
17  0.0003252073022
17  3.315695135e-05
17  0.05857619646
17  -0.05857619484
17  -0.09140861859
17  0.09140868717
17  0.04404436188
17  -0.04404528167
17  -4.598625476e-05
17  4.788604558e-05
17  -0.08150408497
17  0.08150403615
17  0.09858008422
17  -0.09856961996
17  -2.064183618e-05
17  4.515520185e-05
17  -0.07767219396
17  0.07767315376
17  -0.06581566006
17  0.0658156631
17  -0.01063501482
17  0.01064842146
17  -1.181719698e-05
17  1.616407821e-06
17  -0.02403570844
17  0.02403573037
17  0.04168311799
17  -0.0417435977
18  -9.713924526e-08
18  3.111862671e-08
18  -7.246115884e-06
18  7.29815108e-06
18  3.015634618e-05
18  -3.01519459e-05
18  -6.483890461e-06
18  6.496614993e-06
18  -3.321931986e-08
18  4.8274716e-09
18  0.01187415429
18  -0.01168489052
18  -0.0001885609208
18  -2.308333908e-07
18  0.07152096319
18  -0.07152328139
18  0.1804928291
18  -0.1805137366
18  1.553604185e-05
18  8.713838366e-06
18  0.0568250519
18  -0.05682505194
18  -0.0914705225
18  0.09147054649
18  0.04445714611
18  -0.04445684193
18  -1.890478692e-05
18  1.945130294e-05
18  -0.06483612763
18  0.06483611732
18  0.09070838036
18  -0.09070660725
18  -1.405189733e-05
18  1.65242502e-05
18  -0.07554682406
18  0.07554674083
18  -0.06237926109
18  0.06237925175
18  -0.01860184928
18  0.01860201466
18  -6.799231011e-07
18  9.559756839e-07
18  -0.02070461133
18  0.02070462561
18  0.01083526655
18  -0.01084221041
19  -1.832977067e-08
19  -1.88095979e-07
19  -1.984925293e-06
19  2.119985768e-06
19  -3.968222563e-05
19  3.972745e-05
19  6.876204719e-06
19  -6.81629445e-06
19  -8.839021182e-08
19  -7.451342604e-08
19  -0.0840385596
19  0.09572835147
19  -0.01160389542
19  -8.319223097e-05
19  -0.09348563033
19  0.09346821013
19  -0.1796530328
19  0.1795417089
19  0.0001417829679
19  -6.201785669e-06
19  0.05460528764
19  -0.05460528784
19  0.09082103516
19  -0.09082105853
19  -0.04502955273
19  0.04502804244
19  2.22851489e-05
19  -2.24142382e-05
19  0.1316442459
19  -0.131644247
19  -0.09620876752
19  0.09621089289
19  3.732587863e-05
19  -2.709460067e-05
19  0.07598822376
19  -0.07598789859
19  0.06208716438
19  -0.06208714465
19  -0.025772618
19  0.02577709259
19  -4.203906176e-06
19  9.137986896e-07
19  0.05288997415
19  -0.05288999464
19  0.001972199655
19  -0.001993813244
20  -5.844626407e-07
20  1.171086695e-06
20  -7.965557283e-06
20  7.554167529e-06
20  3.96221884e-05
20  -3.978469534e-05
20  -1.477494311e-05
20  1.464041987e-05
20  8.10332433e-08
20  3.588519324e-07
20  0.03816748095
20  -0.04734518356
20  0.008824696166
20  0.0003456278361
20  0.08021730224
20  -0.08016082127
20  0.1815951079
20  -0.1813103039
20  -0.0005003426226
20  0.0001381819213
20  -0.03831149902
20  0.03831150442
20  -0.09151800135
20  0.09151836901
20  0.0454889915
20  -0.04547765676
20  -0.000344743612
20  0.0003521086987
20  -0.092994967
20  0.09299489656
20  0.09932558373
20  -0.09931651894
20  -0.000413376798
20  0.0003949546733
20  -0.07376026181
20  0.07375849515
20  -0.05640187744
20  0.05639986038
20  0.0317060075
20  -0.03171834256
20  1.285204543e-05
20  2.398522773e-06
20  -0.04270891835
20  0.04270941091
20  0.02771092509
20  -0.0276922583
21  8.351057466e-07
21  -1.855290908e-07
21  1.024089185e-05
21  -1.062547601e-05
21  -3.988572854e-05
21  3.978019085e-05
21  1.685754452e-05
21  -1.70313668e-05
21  4.392878938e-07
21  5.349381998e-08
21  -0.01301783012
21  0.007438250249
21  0.005510185508
21  6.12610511e-05
21  -0.07889084345
21  0.07893389882
21  -0.1854737845
21  0.1857606065
21  -0.0002209344051
21  -0.0001282395241
21  0.04952496476
21  -0.04952497511
21  0.09165922277
21  -0.09165950448
21  -0.04591623808
21  0.04591243259
21  0.0002664944951
21  -0.0002747368053
21  0.09956961151
21  -0.09956954441
21  -0.09854802659
21  0.09852730277
21  0.0003007921963
21  -0.0003492753113
21  0.07266355625
21  -0.07266299033
21  0.04315425867
21  -0.04313646547
21  -0.02198597685
21  0.02193844356
21  2.892774868e-05
21  -9.774580914e-06
21  0.04841574525
21  -0.04841623935
21  -0.0440743958
21  0.04419334202
22  6.556382734e-08
22  -3.763864645e-07
22  5.349251775e-06
22  -5.142295857e-06
22  -4.051697706e-05
22  4.059632346e-05
22  1.432804295e-05
22  -1.426065367e-05
22  -9.011275579e-08
22  -1.412403294e-07
22  -0.04478302439
22  0.04677578402
22  -0.001867369243
22  -0.0001215985404
22  -0.07955662036
22  0.07952937521
22  -0.189143011
22  0.1890164502
22  0.0001980115379
22  -3.357999999e-05
22  0.05117725064
22  -0.05117725231
22  0.09174307963
22  -0.09174316133
22  -0.04632508042
22  0.04632144805
22  9.054056693e-05
22  -9.187985265e-05
22  0.1085318772
22  -0.1085318753
22  -0.09743474467
22  0.09743458185
22  0.0001318558736
22  -0.0001179131606
22  0.07155105351
22  -0.0715507535
22  0.01605486441
22  -0.01604463177
22  0.0033665686
22  -0.00335806257
22  -2.264295123e-05
22  4.847649532e-06
22  0.05348034141
22  -0.05348053201
22  -0.0196337976
22  0.01960978925
23  -8.191812433e-07
23  6.258580568e-07
23  -9.383996495e-06
23  9.460837228e-06
23  4.083258658e-05
23  -4.083598528e-05
23  -1.657564996e-05
23  1.663140126e-05
23  -2.802764933e-07
23  1.352763085e-07
23  0.02573011132
23  -0.02494571694
23  -0.0009012694978
23  0.000119355458
23  0.0729841701
23  -0.07298794188
23  0.1919291655
23  -0.1920022257
23  -8.32261681e-05
23  0.0001640721403
23  -0.04231277307
23  0.04231278601
23  -0.09213256756
23  0.09213290052
23  0.04671772554
23  -0.0467097144
23  -0.0003693902321
23  0.0003787673623
23  -0.09386594993
23  0.09386593099
23  0.0969210104
23  -0.09690113753
23  -0.0005008024369
23  0.0005273704038
23  -0.07010735708
23  0.07010669382
23  -0.04110070817
23  0.04108869498
23  0.0274674612
23  -0.02744760603
23  -8.382060063e-06
23  1.216526155e-05
23  -0.05641811148
23  0.05641902526
23  0.03783250838
23  -0.03791482535
24  8.665390157e-07
24  -1.432889364e-06
24  1.042150408e-05
24  -9.972812123e-06
24  -4.103912955e-05
24  4.124391515e-05
24  1.787694445e-05
24  -1.779099235e-05
24  9.915514335e-08
24  -4.899812376e-07
24  -0.01813260953
24  0.02041267094
24  -0.001887920953
24  -0.0003859605813
24  -0.07203456711
24  0.07197304349
24  -0.1959921301
24  0.1958010628
24  0.0005150826073
24  -0.0002408178702
24  0.04722744927
24  -0.04722746858
24  0.09235412749
24  -0.09235460699
24  -0.04709218862
24  0.04707648906
24  0.000579691192
24  -0.0005908312831
24  0.09901339551
24  -0.09901343196
24  -0.09602939864
24  0.09600827792
24  0.0009032402636
24  -0.0008970618645
24  0.06913250446
24  -0.06913153764
24  0.04545080502
24  -0.0454491811
24  -0.03420532614
24  0.03420358937
24  7.410364859e-06
24  -1.850164495e-05
24  0.06084975821
24  -0.06085129309
24  -0.0339172933
24  0.03394374671
25  -7.788737281e-07
25  1.33434212e-06
25  -1.065771622e-05
25  1.020710919e-05
25  4.146375554e-05
25  -4.167037721e-05
25  -1.851345745e-05
25  1.842766618e-05
25  -1.101860391e-07
25  4.936611398e-07
25  0.01720107688
25  -0.01911079151
25  0.001538792683
25  0.0003649922648
25  0.06934432541
25  -0.06928377072
25  0.1993533119
25  -0.1991766477
25  -0.0004811678268
25  0.0002224088498
25  -0.04416575182
25  0.04416577146
25  -0.09267693605
25  0.09267735448
25  0.04744213402
25  -0.04742841124
25  -0.0005347573293
25  0.0005437247731
25  -0.0952969246
25  0.09529701115
25  0.0950857216
25  -0.09506481588
25  -0.0009299308672
25  0.0009235422156
25  -0.06798089859
25  0.06798014174
25  -0.04331633186
25  0.04331606072
25  0.03523188859
25  -0.03523062605
25  -1.52407776e-05
25  2.637957083e-05
25  -0.06441482581
25  0.06441630921
25  0.03488304902
25  -0.03490636384
26  -2.114044328e-06
26  2.208980148e-06
26  -9.782543039e-06
26  9.541298333e-06
26  4.192418709e-05
26  -4.21102095e-05
26  -1.880181889e-05
26  1.881379156e-05
26  -7.51950309e-07
26  8.171649448e-07
26  0.01834903468
26  -0.01892037722
26  2.735061769e-05
26  0.0005434461013
26  0.06738077326
26  -0.06733218355
26  0.2028496537
26  -0.2028212841
26  -0.0005724357822
26  0.0004840481321
26  -0.04496296763
26  0.04496302204
26  -0.09297184975
26  0.09297266428
26  0.04777814259
26  -0.04775758157
26  -0.0010590577
26  0.00107809615
26  -0.09657197883
26  0.09657228988
26  0.09413049994
26  -0.09407261636
26  -0.002166889229
26  0.002214598226
26  -0.06696333533
26  0.06696206298
26  -0.04170116732
26  0.04170122444
26  0.03600660088
26  -0.03598735282
26  -5.154092395e-05
26  7.604214141e-05
26  -0.06803303084
26  0.06803601781
26  0.03819457715
26  -0.03837424098
27  2.101207136e-06
27  -1.908808386e-06
27  1.010868091e-05
27  -1.007679028e-05
27  -4.242333671e-05
27  4.251355993e-05
27  1.928421504e-05
27  -1.933537594e-05
27  9.185586398e-07
27  -7.829235903e-07
27  -0.01777114198
27  0.01751654768
27  0.000679955503
27  -0.0004280016183
27  -0.06530315359
27  0.06527959518
27  -0.2063785851
27  0.2064402034
27  0.0003936062242
27  -0.0004308368246
27  0.04582082363
27  -0.04582088232
27  0.09328199902
27  -0.09328265808
27  -0.04808638079
27  0.04807432694
27  0.0008581212161
27  -0.0008715002671
27  0.09846814747
27  -0.09846860692
27  -0.09314697292
27  0.09308795633
27  0.002261815283
27  -0.002324270626
27  0.06598682053
27  -0.06598582586
27  0.0406242617
27  -0.04062453333
27  -0.0367206803
27  0.03669655517
27  6.638316213e-05
27  -9.079599963e-05
27  0.0715383824
27  -0.07154068981
27  -0.03994284704
27  0.04014246354
28  2.083750173e-06
28  -2.407585562e-06
28  1.050224824e-05
28  -1.003848883e-05
28  -4.276039524e-05
28  4.301660247e-05
28  2.01206784e-05
28  -2.005557931e-05
28  1.002500267e-06
28  -1.228388828e-06
28  -0.01535189193
28  0.01640373398
28  -0.0004797109629
28  -0.0005691039553
28  -0.0632777492
28  0.06320362422
28  -0.2099582727
28  0.2098714239
28  0.0006101863064
28  -0.0004289517729
28  0.04544013373
28  -0.04544020236
28  0.09364050718
28  -0.09364113019
28  -0.04837653761
28  0.04837004147
28  0.0007888900841
28  -0.0007901729927
28  0.09832168598
28  -0.09832249831
28  -0.09213607209
28  0.09207036098
28  0.003012255292
28  -0.003062485256
28  0.06494065553
28  -0.06493966601
28  0.03954436952
28  -0.03954479653
28  -0.03747038984
28  0.03744930604
28  0.0001025662857
28  -0.0001326437697
28  0.07483638086
28  -0.07483813523
28  -0.04220153374
28  0.04235558769
29  2.960036172e-06
29  -3.142194443e-06
29  1.06113129e-05
29  -1.016762136e-05
29  -4.323217203e-05
29  4.346128872e-05
29  2.072085775e-05
29  -2.066375176e-05
29  1.87195347e-06
29  -1.96859037e-06
29  -0.01439910198
29  0.01512620782
29  -9.688969384e-05
29  -0.0006291663593
29  -0.06099685006
29  0.06091629714
29  -0.2132965903
29  0.2132618901
29  0.0006705291693
29  -0.0005383266549
29  0.04500687983
29  -0.04500698279
29  0.09402316668
29  -0.09402385405
29  -0.0486399032
29  0.0486494209
29  0.0007181214603
29  -0.0007038452254
29  0.09811363243
29  -0.09811527828
29  -0.09114601651
29  0.09104148208
29  0.004918454857
29  -0.005014459978
29  0.06385379782
29  -0.06385288562
29  0.03864442563
29  -0.03864499808
29  -0.03826930136
29  0.03823519334
29  0.0001980789639
29  -0.0002418879495
29  0.07806117514
29  -0.07806214253
29  -0.04652014062
29  0.04675941675
30  2.457426803e-06
30  -2.927491163e-06
30  1.080469635e-05
30  -1.009596953e-05
30  -4.37108549e-05
30  4.397057062e-05
30  2.138457568e-05
30  -2.125574129e-05
30  2.219010858e-06
30  -2.444974899e-06
30  -0.01300187784
30  0.0142795115
30  -0.0007990765432
30  -0.00047498013
30  -0.05888794964
30  0.05878236496
30  -0.216666055
30  0.2165683193
30  0.0007212930976
30  -0.0004930567849
30  0.04466445497
30  -0.04466455309
30  0.09442510078
30  -0.09442566736
30  -0.04888130962
30  0.04890719318
30  0.000414117116
30  -0.0003735610999
30  0.09807590299
30  -0.09807815573
30  -0.09014462147
30  0.09003326731
30  0.005814978529
30  -0.005921370067
30  0.06272937959
30  -0.0627293312
30  0.03797963956
30  -0.03797988224
30  -0.0390899878
30  0.03906309934
30  0.0002540469638
30  -0.0003004026547
30  0.08125743658
30  -0.08125797942
30  -0.05402377973
30  0.05422309035
31  1.00411373e-06
31  -1.169604212e-06
31  1.168350336e-05
31  -1.144068559e-05
31  -4.422883308e-05
31  4.426694766e-05
31  2.227267156e-05
31  -2.224056586e-05
31  1.18026605e-06
31  -1.197540145e-06
31  -0.01107725628
31  0.01141426034
31  -0.0002358095752
31  -0.0001007545728
31  -0.05720451525
31  0.05716820941
31  -0.220156229
31  0.2201388232
31  0.000298026066
31  -0.000238328346
31  0.04458840358
31  -0.04458844516
31  0.094828125
31  -0.09482836762
31  -0.04911933805
31  0.04913538781
31  0.0001296222807
31  -0.0001078766495
31  0.09829531245
31  -0.09829647324
31  -0.08912860879
31  0.08907480892
31  0.002876117395
31  -0.002930878853
31  0.06166740641
31  -0.06166789963
31  0.03769465241
31  -0.03769454116
31  -0.0399315605
31  0.03991890608
31  0.0001438100718
31  -0.0001631768056
31  0.08443861846
31  -0.08443976387
31  -0.05728003807
31  0.05737924123
32  1.241157977e-06
32  -1.258613249e-06
32  1.056194207e-05
32  -1.046536988e-05
32  -4.499668707e-05
32  4.492230971e-05
32  2.265787812e-05
32  -2.267289091e-05
32  1.449433225e-06
32  -1.299443035e-06
32  -0.01161531756
32  0.01153051423
32  0.0001420242235
32  -5.92168035e-05
32  -0.05492050016
32  0.05490449744
32  -0.2232152551
32  0.2232420287
32  0.0002858467125
32  -0.0002994783406
32  0.04418433785
32  -0.04418438521
32  0.09527859738
32  -0.09527888094
32  -0.0493429232
32  0.04936332121
32  0.0001313416901
32  -0.0001143435046
32  0.09824349982
32  -0.09824482008
32  -0.08810560365
32  0.08804030013
32  0.003395379126
32  -0.003458976749
32  0.06033267865
32  -0.06033371373
32  0.03753151008
32  -0.03753121998
32  -0.04079356431
32  0.04077525248
32  0.0002117578176
32  -0.0002297590536
32  0.08761419945
32  -0.08761740421
32  -0.05667281204
32  0.05681094791
33  -1.350723417e-05
33  1.365093102e-05
33  -1.054593756e-05
33  1.020307635e-05
33  4.220090957e-05
33  -4.191676609e-05
33  -1.957880967e-05
33  1.959980515e-05
33  -1.521785367e-05
33  1.476312719e-05
33  0.01143025446
33  -0.01130901262
33  -0.0001843865842
33  6.856346647e-05
33  0.05207127013
33  -0.05202707169
33  0.2262216836
33  -0.226279802
33  -0.000934551027
33  0.0009564701758
33  -0.04314512828
33  0.04314525614
33  -0.09577734847
33  0.095778164
33  0.04954174989
33  -0.04959824948
33  -0.0004258606291
33  0.0003771807066
33  -0.09781215524
33  0.0978157081
33  0.08719627944
33  -0.08701581128
33  -0.009657469714
33  0.00983153666
33  -0.05839224073
33  0.05839609335
33  -0.03749836012
33  0.03749737011
33  0.04168037711
33  -0.04163051562
33  -0.0006954856211
33  0.0007476515406
33  -0.09064259623
33  0.09065874352
33  0.05656889477
33  -0.05695685305
34  -5.641883961e-07
34  1.323460219e-06
34  -1.631773666e-05
34  1.564354021e-05
34  3.842504165e-05
34  -3.851649194e-05
34  -1.82515699e-05
34  1.816443737e-05
34  -2.894392191e-07
34  5.513899178e-07
34  0.005294421369
34  -0.005894201069
34  0.0007069828819
34  -0.000111628845
34  0.04571869147
34  -0.04566895169
34  0.2343492569
34  -0.2342721689
34  -0.0002941077337
34  0.0001515366768
34  -0.04113898435
34  0.0411389932
34  -0.09633155645
34  0.09633165971
34  0.04976824928
34  -0.04977246988
34  -0.0001207052266
34  8.922695723e-05
34  -0.09704725806
34  0.09704772654
34  0.08615910473
34  -0.08614394556
34  -0.001292352931
34  0.001316803497
34  -0.05594195511
34  0.05594255222
34  -0.03766352524
34  0.03766340088
34  0.04251282056
34  -0.04251503868
34  -5.609150754e-05
34  7.178347477e-05
34  -0.09335216991
34  0.09335548946
34  0.05816582477
34  -0.05816758187
35  -6.744091604e-07
35  1.176109046e-06
35  -1.387572784e-05
35  1.341847706e-05
35  3.941741457e-05
35  -3.943266294e-05
35  -1.868211908e-05
35  1.863372183e-05
35  -7.267406281e-07
35  8.37209836e-07
35  0.005900642404
35  -0.006268660505
35  0.0004624211718
35  -9.671685578e-05
35  0.04461303307
35  -0.04457543451
35  0.2375103851
35  -0.2374681294
35  -0.0003454953387
35  0.000256475287
35  -0.04136413689
35  0.04136415864
35  -0.09680540981
35  0.09680557903
35  0.04995958273
35  -0.04996845624
35  -0.0001469528699
35  0.0001203653767
35  -0.09736503479
35  0.09736569326
35  0.08526170015
35  -0.08523114202
35  -0.002071415372
35  0.002107266001
35  -0.05426908098
35  0.05427013279
35  -0.03852412708
35  0.03852397525
35  0.04338993959
35  -0.04338447389
35  -0.0001573278211
35  0.0001749523796
35  -0.09569817369
35  0.09570561925
35  0.05584565218
35  -0.05589749687
36  -2.348762834e-06
36  2.32482825e-06
36  -1.073294141e-05
36  1.056754009e-05
36  4.058787461e-05
36  -4.023056803e-05
36  -1.894643864e-05
36  1.90028011e-05
36  -4.322367689e-06
36  3.758887542e-06
36  0.007219779868
36  -0.006949839236
36  -0.0002021600379
36  -6.035040486e-05
36  0.043120933
36  -0.04309650672
36  0.239862715
36  -0.2399366625
36  -0.001126325327
36  0.00119126583
36  -0.04181834305
36  0.04181846933
36  -0.09725995548
36  0.09726072506
36  0.05011486522
36  -0.05016207521
36  -0.0004944161376
36  0.0004647574581
36  -0.09779630192
36  0.09779888516
36  0.08445812233
36  -0.08430293129
36  -0.009292923263
36  0.00943792771
36  -0.05238361235
36  0.0523885804
36  -0.03966566818
36  0.03966536253
36  0.04428337492
36  -0.04422746286
36  -0.0009966915793
36  0.001049797191
36  -0.09746885073
36  0.09751261582
36  0.05514069431
36  -0.05554745575
37  -6.110948327e-07
37  6.782914361e-07
37  -1.049326198e-05
37  1.039670954e-05
37  4.136664272e-05
37  -4.129405671e-05
37  -1.999050034e-05
37  1.999780913e-05
37  -1.076715589e-06
37  9.75253948e-07
37  0.006493568161
37  -0.006491761981
37  3.844056034e-05
37  -3.906301909e-05
37  0.04210397011
37  -0.0420936461
37  0.2416282155
37  -0.2416368777
37  -0.00030170343
37  0.0003019226067
37  -0.04035616674
37  0.0403561965
37  -0.09783570197
37  0.09783588241
37  0.0502810504
37  -0.0502913189
37  -0.0001314267912
37  0.0001220247732
37  -0.09735392307
37  0.09735448448
37  0.0835657002
37  -0.08353091763
37  -0.002243339645
37  0.002276508865
37  -0.04950273009
37  0.04950392978
37  -0.04086265472
37  0.04086271971
37  0.0451227759
37  -0.04510970999
37  -0.0002639263327
37  0.0002784821231
37  -0.0987773296
37  0.09879024136
37  0.05472572897
37  -0.05481959367
38  -8.243009621e-08
38  5.621471053e-07
38  3.236056114e-05
38  -3.27280703e-05
38  -4.027695311e-05
38  4.016212517e-05
38  2.755972008e-05
38  -2.762022356e-05
38  3.832263175e-07
38  -1.031163777e-07
38  0.01628810669
38  -0.01677373958
38  0.0006183260849
38  -0.0001382271058
38  -0.04705736631
38  0.04709462593
38  -0.2347124806
38  0.2347819914
38  -0.0001078850251
38  -1.511392939e-05
38  0.0472294873
38  -0.04722949756
38  0.09720089552
38  -0.0972009164
38  -0.05042490821
38  0.0504286581
38  -4.086866164e-05
38  1.661810421e-05
38  0.1054761797
38  -0.105476196
38  -0.08256483474
38  0.08255597943
38  0.0002116330622
38  -0.0002114010648
38  0.05207837531
38  -0.05207847777
38  0.0436133002
38  -0.04361331637
38  -0.04592031448
38  0.04591129382
38  8.202264369e-05
38  -7.522177252e-05
38  0.1002597078
38  -0.100260993
38  -0.07202538032
38  0.07207972075
39  4.088742027e-06
39  -4.564342978e-06
39  1.133665773e-05
39  -1.071647687e-05
39  -4.281898205e-05
39  4.239120645e-05
39  2.158085185e-05
39  -2.163557634e-05
39  7.038717326e-06
39  -6.451610462e-06
39  -0.004447125923
39  0.004476946523
39  -0.0003954890518
39  0.0003591566296
39  -0.04013935536
39  0.04007677592
39  -0.2455998912
39  0.2456443714
39  0.002061101587
39  -0.002053705568
39  0.04094658169
39  -0.04094676721
39  0.09875820788
39  -0.09875922943
39  -0.05054760449
39  0.05059984413
39  0.0008629565034
39  -0.0008127384178
39  0.09800584801
39  -0.09800855553
39  -0.08219513093
39  0.08201194888
39  0.01348139278
39  -0.0136594693
39  0.0443234387
39  -0.04433003845
39  0.04397028726
39  -0.04397303888
39  -0.04684343027
39  0.04675496757
39  0.00198462079
39  -0.0020819888
39  0.1002275456
39  -0.100325343
39  -0.05347166067
39  0.05404432138
40  6.891949009e-07
40  -2.248246208e-07
40  1.106441769e-05
40  -1.138480611e-05
40  -4.341630388e-05
40  4.320685767e-05
40  2.245839308e-05
40  -2.253492715e-05
40  1.808637587e-06
40  -1.388390233e-06
40  -0.003839219488
40  0.003271939316
40  0.0006818035471
40  -0.0001229307685
40  -0.03908887049
40  0.03912394972
40  -0.24714172
40  0.2472341593
40  0.0002272009549
40  -0.0003774638766
40  0.04152408531
40  -0.04152412894
40  0.09915585931
40  -0.0991560433
40  -0.05067964345
40  0.05069185392
40  0.0001000270647
40  -0.000122976041
40  0.09852691176
40  -0.09852731401
40  -0.08147372922
40  0.08143604638
40  0.002515603607
40  -0.002541712558
40  0.04177432614
40  -0.04177540835
40  0.04539730018
40  -0.04539805802
40  -0.04763936636
40  0.04761233821
40  0.0004811721202
40  -0.000489453568
40  0.1008328075
40  -0.1008511479
40  -0.05679112783
40  0.05695265157
41  1.865842375e-06
41  -2.354368087e-06
41  9.933188867e-06
41  -9.473022695e-06
41  -4.411989145e-05
41  4.406034901e-05
41  2.289611441e-05
41  -2.288004114e-05
41  2.76121397e-06
41  -2.757682766e-06
41  -0.004003276624
41  0.004379002332
41  -0.0006841556098
41  0.0003110619977
41  -0.03865803243
41  0.0386077771
41  -0.2489265707
41  0.2488864674
41  0.0009525201257
41  -0.0008523168666
41  0.0405805515
41  -0.04058061089
41  0.0996808216
41  -0.09968113911
41  -0.05078982276
41  0.05080221928
41  0.0003652781252
41  -0.000330859034
41  0.09822997866
41  -0.09823073402
41  -0.08089584727
41  0.08084605703
41  0.004823286835
41  -0.004878770622
41  0.03894357222
41  -0.03894541355
41  0.04636790835
41  -0.04636991317
41  -0.04845680784
41  0.04842893691
41  0.0008142486803
41  -0.0008588426239
41  0.10138709
41  -0.1014217137
41  -0.05112157112
41  0.05127968803
42  -2.948326985e-06
42  2.758699601e-06
42  -1.110064496e-05
42  1.114609618e-05
42  4.4746932e-05
42  -4.441289857e-05
42  -2.38260276e-05
42  2.391801452e-05
42  -5.377304594e-06
42  4.819045958e-06
42  0.002889642276
42  -0.00240446757
42  -0.0003869994446
42  -8.78713343e-05
42  0.03797728296
42  -0.03798756185
42  0.2494635432
42  -0.2495614881
42  -0.001221179213
42  0.001354888642
42  -0.03881699967
42  0.03881710696
42  -0.1002899503
42  0.1002904079
42  0.05087927124
42  -0.05090188569
42  -0.0004596784577
42  0.0004689353985
42  -0.09760283845
42  0.09760376576
42  0.0804016172
42  -0.08032180274
42  -0.007291925604
42  0.007359589769
42  -0.03634484252
42  0.03634720586
42  -0.04680970861
42  0.04681349585
42  0.04927716065
42  -0.04921286968
42  -0.001546727863
42  0.001597211248
42  -0.1022886798
42  0.1023377192
42  0.05367842032
42  -0.05401951106
43  5.131868771e-06
43  -5.401238234e-06
43  1.123941415e-05
43  -1.088321113e-05
43  -4.523151523e-05
43  4.490099014e-05
43  2.437336435e-05
43  -2.444372642e-05
43  8.232159048e-06
43  -7.76171801e-06
43  -0.002131827347
43  0.002048976019
43  -0.0003928616105
43  0.0004695092909
43  -0.03759858757
43  0.03756402894
43  -0.2510415277
43  0.2510877038
43  0.002222859909
43  -0.002247403212
43  0.0394447996
43  -0.03944494311
43  0.1006002188
43  -0.1006008236
43  -0.05095969672
43  0.05098418346
43  0.0007720204656
43  -0.0007546065923
43  0.09805873933
43  -0.09805990957
43  -0.07996865069
43  0.0798732349
43  0.01059896811
43  -0.01068989463
43  0.03465996163
43  -0.03466286356
43  0.04670465708
43  -0.04671117544
43  -0.05007172136
43  0.04998631162
43  0.00239529526
43  -0.002484843427
43  0.1033429999
43  -0.1034063184
43  -0.05163093911
43  0.05204396916
44  5.742998221e-06
44  -6.055167158e-06
44  1.095743244e-05
44  -1.059240179e-05
44  -4.592938094e-05
44  4.566004565e-05
44  2.510067269e-05
44  -2.515916467e-05
44  8.904420664e-06
44  -8.536748369e-06
44  -0.001999213878
44  0.002012144311
44  -0.0005911253401
44  0.0005739312771
44  -0.0372022039
44  0.037165007
44  -0.2520414825
44  0.2520686749
44  0.002335330233
44  -0.002333577948
44  0.03917424958
44  -0.03917437485
44  0.1009688432
44  -0.1009693348
44  -0.05102867461
44  0.05104608732
44  0.0007493048815
44  -0.0007325919679
44  0.09810806228
44  -0.09810893003
44  -0.0795577767
44  0.07948525085
44  0.009568535115
44  -0.009638996434
44  0.0331783687
44  -0.03318052166
44  0.04591272535
44  -0.04591931124
44  -0.05081521072
44  0.05073723276
44  0.002396847158
44  -0.002482983167
44  0.1047439936
44  -0.1047919029
44  -0.05072986885
44  0.05107340018
45  -1.326229827e-05
45  1.384647399e-05
45  -1.138663838e-05
45  1.0703163e-05
45  4.65001291e-05
45  -4.59005137e-05
45  -2.558384948e-05
45  2.57267254e-05
45  -1.898383286e-05
45  1.81584439e-05
45  0.001447950947
45  -0.001351290721
45  0.001396237876
45  -0.001481885652
45  0.03685766003
45  -0.03678881843
45  0.2524326512
45  -0.2525090819
45  -0.005976637831
45  0.006007604
45  -0.03808802817
45  0.03808829414
45  -0.101428602
45  0.1014295455
45  0.05107981274
45  -0.05110899318
45  -0.001744764937
45  0.001724198921
45  -0.09768945882
45  0.09769091315
45  0.07927892387
45  -0.07914891349
45  -0.01995244461
45  0.02007526349
45  -0.03191137872
45  0.03191509672
45  -0.04446234185
45  0.04447743093
45  0.05146228817
45  -0.05128782296
45  -0.00580633854
45  0.005996696956
45  -0.106325117
45  0.1064067074
45  0.05007421254
45  -0.05077938768
46  -1.408993707e-06
46  1.433447799e-06
46  -1.106945232e-05
46  1.104088152e-05
46  4.68159833e-05
46  -4.678374584e-05
46  -2.625832508e-05
46  2.626676029e-05
46  -2.274159311e-06
46  2.229419634e-06
46  0.001518006268
46  -0.001504441207
46  8.025276126e-05
46  -9.310580803e-05
46  0.03711525856
46  -0.03711249178
46  0.2521235919
46  -0.2521287367
46  -0.0003831313674
46  0.0003871027367
46  -0.03057989156
46  0.03057990491
46  -0.1028574882
46  0.10285753
46  0.05106898508
46  -0.05107005616
46  -0.00010009719
46  9.999290562e-05
46  -0.09432995865
46  0.09433001125
46  0.07891304551
46  -0.07890762566
46  -0.001019018716
46  0.001023511257
46  -0.03031909589
46  0.03031923999
46  -0.04237554751
46  0.04237631142
46  0.05149558329
46  -0.05148671103
46  -0.0003423399313
46  0.0003521758583
46  -0.1078776055
46  0.1078807516
46  0.0476482519
46  -0.0476821562
47  3.287504978e-06
47  -3.269104803e-06
47  9.505742421e-06
47  -9.5171341e-06
47  -4.714767561e-05
47  4.710083018e-05
47  2.613461184e-05
47  -2.614837296e-05
47  7.486254678e-06
47  -7.416069552e-06
47  -0.001834644694
47  0.001759968184
47  4.460038838e-06
47  6.849362396e-05
47  -0.03648773277
47  0.03648992391
47  -0.2543118172
47  0.2543275775
47  0.0004961694554
47  -0.0005185232139
47  0.04245837503
47  -0.04245838914
47  0.10010138
47  -0.1001014165
47  -0.05104085231
47  0.05104177612
47  0.0001165531437
47  -0.0001203031327
47  0.1029970766
47  -0.1029971052
47  -0.07866694906
47  0.0786631325
47  0.001035841396
47  -0.001038921401
47  0.03131777404
47  -0.03131788317
47  0.04054179596
47  -0.04054247679
47  -0.04991417707
47  0.04990364753
47  0.0003767854874
47  -0.0003837950664
47  0.1071059793
47  -0.1071087482
47  -0.05064887932
47  0.05068588783
48  1.035233396e-06
48  3.831421388e-08
48  6.660943644e-06
48  -7.730242441e-06
48  -2.271094849e-05
48  2.255898358e-05
48  2.768400699e-06
48  -2.816543617e-06
48  5.385442949e-06
48  -5.168370355e-06
48  -0.0009634111969
48  0.0007942828402
48  -0.0003037037528
48  0.000467746188
48  -0.02931643111
48  0.02932273436
48  -0.2604188973
48  0.2604692163
48  0.002555738276
48  -0.002625366874
48  0.03969056415
48  -0.03969060441
48  0.1011009985
48  -0.1011010896
48  -0.05117885256
48  0.0511802999
48  0.0005040852673
48  -0.0005160623857
48  0.100352392
48  -0.1003524229
48  -0.07863451621
48  0.07862703343
48  0.003179586701
48  -0.003184208647
48  0.03044925301
48  -0.03044947484
48  0.03845489763
48  -0.03845652504
48  -0.04195286953
48  0.04192571861
48  0.001350408161
48  -0.001366450007
48  0.1003720846
48  -0.1003824002
48  -0.05407110825
48  0.05416733352
49  -1.88775532e-05
49  1.895050826e-05
49  -1.088432207e-05
49  1.08270727e-05
49  2.269494976e-05
49  -2.235962538e-05
49  -2.029152241e-06
49  2.038742999e-06
49  -2.324187151e-05
49  2.290162818e-05
49  0.0004171115687
49  -0.0003844854015
49  0.007794629064
49  -0.007821990195
49  0.02960515701
49  -0.02957587331
49  0.2603963441
49  -0.2604287563
49  -0.02552506146
49  0.02554008723
49  -0.03692439083
49  0.03692450245
49  -0.1025326724
49  0.1025329232
49  0.05119823309
49  -0.05119643433
49  -0.004446040253
49  0.004450578667
49  -0.09672137233
49  0.09672140038
49  0.07860981008
49  -0.07859886648
49  -0.01760591337
49  0.01761497847
49  -0.02993105682
49  0.02993157753
49  -0.03716823118
49  0.03717238911
49  0.02438228704
49  -0.02432012055
49  -0.009302796893
49  0.009378153776
49  -0.0850151465
49  0.08502321909
49  0.04751132105
49  -0.04770551462
50  1.353684844e-05
50  -1.375424224e-05
50  8.420824705e-06
50  -8.210546074e-06
50  -2.280013945e-05
50  2.268672678e-05
50  4.802764764e-06
50  -4.793456052e-06
50  1.477491381e-05
50  -1.467677872e-05
50  -0.0008891660112
50  0.0009232398382
50  -0.003403857573
50  0.0033687904
50  -0.02962981123
50  0.02961434764
50  -0.2610625378
50  0.261063615
50  0.009860604085
50  -0.00984805141
50  0.03949005344
50  -0.03949009446
50  0.1009162713
50  -0.100916366
50  -0.0511849601
50  0.05118390785
50  0.001703922948
50  -0.00170241604
50  0.1007797611
50  -0.1007797751
50  -0.07854891357
50  0.07854561517
50  0.007134222333
50  -0.00713830401
50  0.03022432019
50  -0.03022452187
50  0.03723249368
50  -0.03723407226
50  -0.02455021164
50  0.02452901319
50  0.003540431648
50  -0.003574953389
50  0.08104443009
50  -0.0810431787
50  -0.04570285397
50  0.04576901838
51  5.471351512e-06
51  -5.663075758e-06
51  1.197193613e-05
51  -1.17831837e-05
51  -2.252657384e-05
51  2.239581849e-05
51  2.87415037e-06
51  -2.871387011e-06
51  6.469864168e-06
51  -6.342946801e-06
51  -0.0001862070767
51  0.0001935821919
51  -0.001093790212
51  0.00108474719
51  -0.02962807048
51  0.02961423957
51  -0.2607677489
51  0.2607759434
51  0.003500667657
51  -0.003498579834
51  0.03949524907
51  -0.03949529483
51  0.1012103332
51  -0.1012104477
51  -0.05117428629
51  0.05117438954
51  0.0006683873252
51  -0.0006678044925
51  0.09971800754
51  -0.09971806294
51  -0.07865129616
51  0.07864406193
51  0.004086920401
51  -0.00409436071
51  0.03038429543
51  -0.03038458352
51  0.03844558502
51  -0.03844769458
51  -0.04192464856
51  0.04190206308
51  0.001727877781
51  -0.001763027028
51  0.1006315469
51  -0.1006401642
51  -0.0472341766
51  0.04732235085
52  4.23945703e-06
52  -4.078773529e-06
52  1.315552422e-05
52  -1.328980849e-05
52  -4.712525565e-05
52  4.700885742e-05
52  2.755066812e-05
52  -2.758842564e-05
52  9.869109343e-06
52  -9.67781041e-06
52  0.001160609323
52  -0.001480953023
52  0.0004908329832
52  -0.0001764388891
52  -0.03703523023
52  0.03705569296
52  -0.2543471868
52  0.2544048598
52  0.0005436840592
52  -0.0006374767469
52  0.04250392715
52  -0.04250395041
52  0.1002551855
52  -0.100255236
52  -0.05111230635
52  0.05111488611
52  0.0001387161707
52  -0.000155882616
52  0.1014745213
52  -0.101474547
52  -0.07871691661
52  0.0787098467
52  0.00137241331
52  -0.001375179097
52  0.03109591547
52  -0.03109605697
52  0.04052613733
52  -0.04052703194
52  -0.04991580176
52  0.04989380072
52  0.000533252872
52  -0.0005350592658
52  0.107911496
52  -0.1079161258
52  -0.06318928353
52  0.06326482178
53  -1.202233613e-05
53  1.21251594e-05
53  -1.124648592e-05
53  1.108129581e-05
53  4.691204273e-05
53  -4.652423785e-05
53  -2.621062195e-05
53  2.631737129e-05
53  -1.778678333e-05
53  1.722389976e-05
53  0.001215173949
53  -0.0008609624451
53  0.0004684571026
53  -0.0008118873299
53  0.03657859025
53  -0.03656683353
53  0.2527637817
53  -0.2528540509
53  -0.003892247174
53  0.003996800028
53  -0.03737589499
53  0.03737603835
53  -0.101824412
53  0.1018248518
53  0.05112979516
53  -0.05114211272
53  -0.001023838044
53  0.00103459304
53  -0.09751322458
53  0.09751376111
53  0.07898988054
53  -0.07893400309
53  -0.01072351915
53  0.01077126154
53  -0.03105925389
53  0.03106077733
53  -0.04254687055
53  0.04255480743
53  0.05155457967
53  -0.05145419527
53  -0.003527125813
53  0.003621640332
53  -0.1077709034
53  0.1078038227
53  0.05103582875
53  -0.05141297523
54  5.034074194e-06
54  -5.556333742e-06
54  1.112750187e-05
54  -1.062922876e-05
54  -4.62503958e-05
54  4.619394747e-05
54  2.564692012e-05
54  -2.564336554e-05
54  7.185844289e-06
54  -7.17377054e-06
54  -0.001214553858
54  0.00166164255
54  -0.001188938727
54  0.000746173099
54  -0.03687805307
54  0.03681974889
54  -0.2529464091
54  0.2528912057
54  0.001916807827
54  -0.001789668846
54  0.03960351939
54  -0.03960358696
54  0.1011498688
54  -0.1011501367
54  -0.05108923958
54  0.05109465606
54  0.000548144946
54  -0.0005154287706
54  0.09829220133
54  -0.09829264865
54  -0.07922799305
54  0.07919540789
54  0.005976759238
54  -0.006015608812
54  0.03206831335
54  -0.03206939752
54  0.04449569719
54  -0.044500074
54  -0.0513953297
54  0.05135738523
54  0.001601808472
54  -0.001668339822
54  0.1063532697
54  -0.1063765061
54  -0.04666991133
54  0.04681927988
55  7.129519981e-06
55  -7.270995064e-06
55  1.099460938e-05
55  -1.074200687e-05
55  -4.587003611e-05
55  4.544380954e-05
55  2.494212928e-05
55  -2.504804811e-05
55  1.12465805e-05
55  -1.061381057e-05
55  -0.001997163042
55  0.001688866816
55  -0.0002559443172
55  0.0005538340811
55  -0.0370521087
55  0.03703058768
55  -0.2517483331
55  0.2518351806
55  0.002883694933
55  -0.002973190064
55  0.03928667444
55  -0.03928684165
55  0.1009458643
55  -0.1009464999
55  -0.05102725825
55  0.05105170794
55  0.0009315593726
55  -0.0009283861276
55  0.0980232795
55  -0.0980243765
55  -0.07958214189
55  0.07948544922
55  0.01225679341
55  -0.01234514817
55  0.03313848603
55  -0.03314124845
55  0.04589958045
55  -0.04590803708
55  -0.05082551216
55  0.05071759209
55  0.003134690938
55  -0.00323809797
55  0.1047213386
55  -0.1047830173
55  -0.05163630585
55  0.05211421828
56  6.937316231e-06
56  -7.42439958e-06
56  1.144986301e-05
56  -1.086154944e-05
56  -4.529379086e-05
56  4.486403421e-05
56  2.441609966e-05
56  -2.450148392e-05
56  1.090355189e-05
56  -1.031292551e-05
56  -0.002015848994
56  0.002027959245
56  -0.0007347158346
56  0.0007158255924
56  -0.037557449
56  0.03749882373
56  -0.2509601239
56  0.2510043082
56  0.003143072851
56  -0.003141453987
56  0.0395372239
56  -0.03953742158
56  0.1005853077
56  -0.1005861495
56  -0.05095548868
56  0.05098881716
56  0.001089799915
56  -0.001058292372
56  0.09798093984
56  -0.09798257878
56  -0.07998508657
56  0.07985334612
56  0.01465636835
56  -0.01478394741
56  0.0346189554
56  -0.03462300191
56  0.0466989589
56  -0.04670805104
56  -0.05008787545
56  0.0499715244
56  0.003316152908
56  -0.003443710642
56  0.1033487869
56  -0.1034370933
56  -0.05129991023
56  0.05186185137
57  -4.942837172e-06
57  5.315059676e-06
57  -1.137057672e-05
57  1.089655911e-05
57  4.467767981e-05
57  -4.431040675e-05
57  -2.374436094e-05
57  2.381321303e-05
57  -8.080088159e-06
57  7.567094504e-06
57  0.002605034444
57  -0.002583236207
57  0.0004590050466
57  -0.0004747116738
57  0.03808267194
57  -0.0380360018
57  0.2496441418
57  -0.2496859905
57  -0.002283523372
57  0.002290283929
57  -0.03877766189
57  0.03877782573
57  -0.1002994468
57  0.1003001961
57  0.05087519409
57  -0.05090761593
57  -0.0008445647111
57  0.0008159726408
57  -0.09772978811
57  0.09773137017
57  0.08043212886
57  -0.08030896743
57  -0.01199066491
57  0.0121084811
57  -0.03641799664
57  0.03642192371
57  -0.04681456374
57  0.04682085108
57  0.04928842997
57  -0.0491973415
57  -0.002436314881
57  0.002535427291
57  -0.102248711
57  0.1023298686
57  0.05200749685
57  -0.05248902345
58  -7.082066771e-07
58  1.238890785e-06
58  -8.946939223e-06
58  8.504193513e-06
58  4.40769104e-05
58  -4.415292846e-05
58  -2.256169406e-05
58  2.2511765e-05
58  -6.253284042e-07
58  8.431123067e-07
58  0.004939536228
58  -0.005468153594
58  0.0007773405451
58  -0.0002549884866
58  0.03889760518
58  -0.03884829505
58  0.2475755165
58  -0.2475010119
58  -0.0004392322291
58  0.0002968798121
58  -0.03457081388
58  0.03457082608
58  -0.1002686097
58  0.1002687083
58  0.05077810777
58  -0.0507795739
58  -0.0001631442584
58  0.000129410522
58  -0.09695584683
58  0.09695611664
58  0.08087666875
58  -0.08086490712
58  -0.001556308213
58  0.001576975255
58  -0.03840554019
58  0.0384061396
58  -0.04618520537
58  0.04618586693
58  0.0484399555
58  -0.04843860394
58  -0.0002086012896
58  0.0002310519726
58  -0.1013094705
58  0.1013207464
58  0.04585228993
58  -0.04586161506
59  -1.04720657e-06
59  9.464970525e-07
59  -1.010156021e-05
59  1.012560339e-05
59  4.336474987e-05
59  -4.321355903e-05
59  -2.203318084e-05
59  2.207190258e-05
59  -2.025261936e-06
59  1.768624999e-06
59  0.004721062767
59  -0.004515321134
59  -0.0001771893272
59  -2.429884242e-05
59  0.03915607131
59  -0.03915867002
59  0.2462060101
59  -0.24624762
59  -0.0004651945636
59  0.0005197567976
59  -0.03795142854
59  0.0379514768
59  -0.09949888718
59  0.09949912347
59  0.05068609088
59  -0.05069881492
59  -0.0001916350228
59  0.0001923578182
59  -0.09749301518
59  0.09749357774
59  0.08148803622
59  -0.08144433125
59  -0.003293372868
59  0.003331141915
59  -0.04124416877
59  0.04124559312
59  -0.04523466009
59  0.04523567149
59  0.04763545077
59  -0.04760957764
59  -0.0005650953963
59  0.0005861966378
59  -0.1007579755
59  0.1007821933
59  0.05417234429
59  -0.05433075574
60  1.434601865e-06
60  -1.676440085e-06
60  1.161391529e-05
60  -1.134054795e-05
60  -4.259202004e-05
60  4.246585771e-05
60  2.166209978e-05
60  -2.167126833e-05
60  2.388840917e-06
60  -2.234632371e-06
60  -0.00400496365
60  0.004091774382
60  -0.0002335509731
60  0.0001454823232
60  -0.04016891419
60  0.04014171043
60  -0.2459431606
60  0.245947062
60  0.0007153195342
60  -0.0006929282975
60  0.04222508548
60  -0.04222514666
60  0.0986302219
60  -0.09863056426
60  -0.05056556045
60  0.05058261362
60  0.0002983832357
60  -0.0002773813944
60  0.09815662024
60  -0.09815753422
60  -0.08213861276
60  0.08207823513
60  0.004594436989
60  -0.00465495488
60  0.04435437142
60  -0.04435659229
60  0.04403947241
60  -0.04404039504
60  -0.04681185538
60  0.04678325365
60  0.0006563592649
60  -0.0006902194983
60  0.1002850514
60  -0.1003178862
60  -0.05344370927
60  0.05362842617
61  1.777286477e-07
61  6.063318703e-08
61  1.53022457e-05
61  -1.546888497e-05
61  -4.179824572e-05
61  4.170949633e-05
61  2.20693798e-05
61  -2.210612166e-05
61  6.054479973e-07
61  -4.148504367e-07
61  -0.001769493654
61  0.001498899066
61  0.000326718276
61  -5.959634252e-05
61  -0.0416763078
61  0.04169351225
61  -0.2447375478
61  0.2447791952
61  4.998129505e-05
61  -0.0001185213344
61  0.04794028509
61  -0.04794030134
61  0.09757205864
61  -0.09757213079
61  -0.0504249348
61  0.05043027825
61  2.447904959e-05
61  -3.494448498e-05
61  0.09915733429
61  -0.09915751657
61  -0.08279093688
61  0.08277492622
61  0.0008982436769
61  -0.0009090642662
61  0.04761661313
61  -0.04761707481
61  0.04296191782
61  -0.04296200814
61  -0.04596754348
61  0.0459575832
61  0.0001468365447
61  -0.0001481461475
61  0.09983584007
61  -0.09984167938
61  -0.05681652035
61  0.05687942947
62  3.044664387e-06
62  -3.427972767e-06
62  1.127767724e-05
62  -1.075427169e-05
62  -4.133371508e-05
62  4.097554007e-05
62  1.992356311e-05
62  -1.995450282e-05
62  5.263487897e-06
62  -4.772965652e-06
62  -0.005944387433
62  0.005967728832
62  -0.0002369343211
62  0.0002080866971
62  -0.04197345952
62  0.04191883355
62  -0.2420174594
62  0.242057371
62  0.001525047862
62  -0.001518787595
62  0.04221971492
62  -0.04221986514
62  0.09770148738
62  -0.09770239379
62  -0.05027148467
62  0.050322735
62  0.0006632034065
62  -0.0006142531506
62  0.09800843348
62  -0.09801125542
62  -0.08365288752
62  0.08348020745
62  0.01120487313
62  -0.0113730693
62  0.04997052721
62  -0.04997658029
62  0.04101981532
62  -0.04102012214
62  -0.04514713739
62  0.04508109298
62  0.001310727169
62  -0.001383323881
62  0.0987455297
62  -0.09881032383
62  -0.05451827332
62  0.05498634142
63  1.404236418e-07
63  -8.792380127e-07
63  -5.395742617e-06
63  5.981406479e-06
63  4.083403436e-05
63  -4.067632902e-05
63  -1.771799308e-05
63  1.780801107e-05
63  -4.945772638e-07
63  1.066770572e-07
63  0.01187517607
63  -0.0112023395
63  -0.0008264923542
63  0.0001604408067
63  0.04431190137
63  -0.04436133923
63  0.2316676122
63  -0.2317613719
63  0.0001313456377
63  3.243373541e-05
63  -0.01515856288
63  0.01515857651
63  -0.09889950275
63  0.09889953726
63  0.04990907875
63  -0.04991451978
63  5.13789881e-05
63  -2.097759401e-05
63  -0.09514761606
63  0.09514767243
63  0.08433281936
63  -0.08431810394
63  -0.0003382581775
63  0.0003394963215
63  -0.05147640269
63  0.0514765733
63  -0.03790829787
63  0.03790828963
63  0.04415776838
63  -0.04414609494
63  -0.0001048738008
63  9.696366662e-05
63  -0.09727310757
63  0.0972746632
63  0.06064096941
63  -0.0607145426
64  -8.286172439e-07
64  3.331057051e-07
64  -1.175069304e-05
64  1.207265732e-05
64  3.976936419e-05
64  -3.952535516e-05
64  -1.843612899e-05
64  1.851933433e-05
64  -1.974706341e-06
64  1.498888955e-06
64  0.007464410372
64  -0.006905731795
64  -0.0006369137781
64  8.533295051e-05
64  0.04446744671
64  -0.04448889183
64  0.2375811496
64  -0.2376733722
64  -0.0003463361788
64  0.0004789075124
64  -0.0408469747
64  0.04084703341
64  -0.09686848197
64  0.09686881794
64  0.04995066912
64  -0.04997430696
64  -0.0001544613938
64  0.0001600499999
64  -0.09770567118
64  0.09770686252
64  0.08526936679
64  -0.08519419777
64  -0.003973465477
64  0.004036017692
64  -0.05469721451
64  0.054699225
64  -0.0385197614
64  0.03851946916
64  0.0434031992
64  -0.04337421072
64  -0.0004163462966
64  0.0004316667799
64  -0.09566914309
64  0.09568332757
64  0.05562167206
64  -0.055828821
65  6.002674282e-07
65  -5.463358482e-07
65  1.096589697e-05
65  -1.095986966e-05
65  -3.893095783e-05
65  3.883431064e-05
65  1.743073757e-05
65  -1.744735202e-05
65  1.066949332e-06
65  -9.058823384e-07
65  -0.008481290356
65  0.00837337588
65  0.0001177300574
65  -1.195363326e-05
65  -0.04552447188
65  0.04551939909
65  -0.2361127876
65  0.236138523
65  0.0002620395479
65  -0.0002872805395
65  0.04537146617
65  -0.0453714997
65  0.09604967408
65  -0.0960498824
65  -0.04977017377
65  0.04978429092
65  0.0001115985098
65  -0.0001033351564
65  0.09827726711
65  -0.09827809568
65  -0.08615814864
65  0.08611318629
65  0.002482464156
65  -0.002524919625
65  0.05684928307
65  -0.05685043132
65  0.03827018596
65  -0.03826994243
65  -0.04252043982
65  0.04250600974
65  0.000207403014
65  -0.000219530363
65  0.09340541437
65  -0.09341169035
65  -0.05610152626
65  0.05620798077
66  -4.103024312e-06
66  4.238700264e-06
66  -1.133968527e-05
66  1.116776229e-05
66  4.188992959e-05
66  -4.184468181e-05
66  -1.963599317e-05
66  1.9616361e-05
66  -4.919035397e-06
66  4.869773965e-06
66  0.01059412437
66  -0.01070595326
66  0.0001113523673
66  9.581527678e-07
66  0.05222725386
66  -0.05220692294
66  0.2257369231
66  -0.2257348089
66  -0.0002741154239
66  0.0002505768034
66  -0.04083298414
66  0.04083301614
66  -0.09594604189
66  0.09594625542
66  0.04955807471
66  -0.0495724206
66  -0.0001224755794
66  0.0001051948619
66  -0.09760620975
66  0.09760715028
66  0.08714770277
66  -0.08710162681
66  -0.002553908706
66  0.002599796639
66  -0.05842774513
66  0.0584287554
66  -0.03722645965
66  0.03722620085
66  0.04165730345
66  -0.04164613373
66  -0.0001747312293
66  0.0001902088579
66  -0.09060211219
66  0.0906063639
66  0.05706131907
66  -0.0571538212
67  4.246510458e-06
67  -4.307979253e-06
67  1.075949739e-05
67  -1.042562976e-05
67  -4.50287652e-05
67  4.477300323e-05
67  2.248481904e-05
67  -2.253288009e-05
67  4.902750029e-06
67  -4.390505066e-06
67  -0.01175666346
67  0.01147457339
67  0.0004816164189
67  -0.0002063605776
67  -0.0548939289
67  0.05483830754
67  -0.2230372763
67  0.2231279665
67  0.0009875143294
67  -0.001032222508
67  0.04423311017
67  -0.04423327265
67  0.09526708057
67  -0.09526805816
67  -0.04932158153
67  0.04939192868
67  0.0004535215039
67  -0.0003946563997
67  0.09797613728
67  -0.09798069009
67  -0.08819780928
67  0.08797205917
67  0.01159721881
67  -0.01181597248
67  0.06005339874
67  -0.06005696029
67  0.03746142666
67  -0.03746043148
67  -0.04081648132
67  0.04075379938
67  0.0007329526718
67  -0.0007954727805
67  0.08762730235
67  -0.0876383644
67  -0.05656048409
67  0.05703629164
68  -8.160691701e-07
68  1.0240205e-06
68  -1.205471815e-05
68  1.178051205e-05
68  4.420086798e-05
68  -4.426103978e-05
68  -2.246551916e-05
68  2.242338505e-05
68  -1.025150071e-06
68  1.084368955e-06
68  0.01071442985
68  -0.01115244915
68  0.0003478297804
68  8.91130701e-05
68  0.05670680085
68  -0.05666790195
68  0.219304743
68  -0.2192738495
68  -0.0002856182899
68  0.0002079515203
68  -0.04167449256
68  0.04167452786
68  -0.09501050073
68  0.09501071521
68  0.04912214189
68  -0.04913610743
68  -0.0001209862428
68  9.927311579e-05
68  -0.09752957159
68  0.09753060464
68  0.08912500629
68  -0.08907803111
68  -0.002544601655
68  0.002592151827
68  -0.06137930665
68  0.06137973733
68  -0.03703826115
68  0.03703816623
68  0.03992664178
68  -0.03991726805
68  -0.0001250153376
68  0.000143541222
68  -0.08433971275
68  0.08434073352
68  0.0579094683
68  -0.05798979386
69  -5.706046803e-07
69  8.751065891e-07
69  -1.284409056e-05
69  1.246848801e-05
69  4.360469313e-05
69  -4.374824489e-05
69  -2.233909335e-05
69  2.226412878e-05
69  -6.163388224e-07
69  7.916566976e-07
69  0.01041531195
69  -0.01116319736
69  0.0005809426236
69  0.0001641334324
69  0.05902348185
69  -0.05897552503
69  0.2163617465
69  -0.2162898518
69  -0.0002743869072
69  0.0001405304895
69  -0.04101400248
69  0.04101402967
69  -0.09462756097
69  0.0946277314
69  0.04888397342
69  -0.04889121433
69  -0.000135912901
69  0.0001195945897
69  -0.09727559215
69  0.09727628228
69  0.09011875879
69  -0.09008743291
69  -0.001769352524
69  0.001797561087
69  -0.06263424241
69  0.06263421737
69  -0.03695571403
69  0.03695578998
69  0.03907140899
69  -0.03906694191
69  -7.213694508e-05
69  8.791198628e-05
69  -0.0809438093
69  0.080943975
69  0.055755498
69  -0.05579589117
70  -2.714161484e-06
70  2.764547762e-06
70  -9.887845206e-06
70  9.59923684e-06
70  4.328917319e-05
70  -4.345363955e-05
70  -2.062159913e-05
70  2.059532192e-05
70  -1.681586441e-06
70  1.69617422e-06
70  0.01512537679
70  -0.01552958941
70  -0.0001276308077
70  0.0005320311057
70  0.06089784
70  -0.06083672212
70  0.2131840742
70  -0.2131810847
70  -0.0005505407501
70  0.0004754580373
70  -0.04342987055
70  0.04342996108
70  -0.09410352964
70  0.09410413158
70  0.04864057331
70  -0.04864930369
70  -0.0006242751993
70  0.0006132765026
70  -0.09752364461
70  0.09752508068
70  0.09112564521
70  -0.09103226741
70  -0.004290696205
70  0.004378035722
70  -0.06381749672
70  0.06381670099
70  -0.03800041778
70  0.03800092201
70  0.03826286555
70  -0.03823171062
70  -0.0001761542629
70  0.0002146644007
70  -0.07783786478
70  0.0778387153
70  0.04628963942
70  -0.04651177828
71  -1.66997538e-06
71  1.078972035e-06
71  -1.04295339e-05
71  1.078858837e-05
71  4.288353814e-05
71  -4.277902781e-05
71  -2.047173128e-05
71  2.059848526e-05
71  -9.025523153e-07
71  4.789631523e-07
71  0.01517077587
71  -0.01385293105
71  -0.001469339609
71  0.000158384606
71  0.06297601728
71  -0.06300129025
71  0.2096770821
71  -0.209852684
71  -5.388934674e-05
71  0.0002718383097
71  -0.04163198888
71  0.04163203367
71  -0.09379869975
71  0.09379905447
71  0.048373738
71  -0.04837325936
71  -0.0004216554734
71  0.0004294743675
71  -0.09694369734
71  0.09694413589
71  0.09211416971
71  -0.09206706871
71  -0.001645636058
71  0.001710030389
71  -0.06490649637
71  0.06490598859
71  -0.0384957694
71  0.03849601586
71  0.03746225217
71  -0.03743873217
71  -6.373845794e-05
71  8.080935188e-05
71  -0.07445801048
71  0.07445899594
71  0.04164733098
71  -0.0418328166
72  -1.352256287e-07
72  7.646156583e-07
72  -8.22319014e-06
72  7.72395417e-06
72  4.247486926e-05
72  -4.268946424e-05
72  -1.85443288e-05
72  1.842182237e-05
72  7.648814174e-08
72  3.758611871e-07
72  0.02071471034
72  -0.02243931561
72  0.001475401688
72  0.0002422627454
72  0.06493389992
72  -0.06487306135
72  0.2060552689
72  -0.2058664338
72  -0.0003506983397
72  7.712927085e-05
72  -0.03369393401
72  0.03369394208
72  -0.09366412157
72  0.09366426918
72  0.048083232
72  -0.048077582
72  -0.0002119131657
72  0.0002107271819
72  -0.09510487442
72  0.09510499225
72  0.09309320715
72  -0.09308711987
72  -0.0005476505277
72  0.0005266507888
72  -0.06595648154
72  0.06595619919
72  -0.03896867587
72  0.03896873261
72  0.03642991879
72  -0.0364343879
72  -1.359660412e-05
72  1.942052654e-05
72  -0.07088277501
72  0.07088331396
72  0.03683850981
72  -0.03679941222
73  6.247264849e-07
73  -1.000736126e-06
73  8.672964724e-06
73  -8.35198847e-06
73  -4.198027348e-05
73  4.213908228e-05
73  1.83867679e-05
73  -1.832287065e-05
73  1.290097441e-07
73  -4.024406341e-07
73  -0.02020284562
73  0.02142375097
73  -0.0009457086947
73  -0.0002710683614
73  -0.06697384415
73  0.06692841778
73  -0.2029727492
73  0.2028547512
73  0.0003465533272
73  -0.0001672483717
73  0.0517351283
73  -0.05173514636
73  0.09274613746
73  -0.09274643167
73  -0.04777280626
73  0.04776378942
73  0.0003909907944
73  -0.0003962353581
73  0.09915040909
73  -0.09915052875
73  -0.09409948767
73  0.09408260169
73  0.0008111421085
73  -0.0008099651191
73  0.06697591329
73  -0.06697542122
73  0.04245335627
73  -0.04245336628
73  -0.03592440954
73  0.03592164547
73  1.712023511e-05
73  -2.561242797e-05
73  0.06836328869
73  -0.06836437557
73  -0.03651718312
73  0.03653954339
74  -6.045399245e-07
74  -1.126040346e-07
74  -7.473233699e-06
74  7.931015001e-06
74  4.186110205e-05
74  -4.170788054e-05
74  -1.682052119e-05
74  1.696164387e-05
74  -3.853836959e-07
74  -1.212381376e-07
74  0.02861702002
74  -0.02634792829
74  -0.002172887312
74  -8.804007272e-05
74  0.0695544405
74  -0.0696048324
74  0.1985730608
74  -0.1988042545
74  0.0002251975463
74  7.871973519e-05
74  -0.01417856133
74  0.01417857129
74  -0.09324828771
74  0.093248406
74  0.04743480155
74  -0.04743492005
74  -0.0001327936862
74  0.0001385340689
74  -0.0920822704
74  0.09208227854
74  0.09503217122
74  -0.09501706225
74  -0.0002090594288
74  0.0002546568523
74  -0.06802892036
74  0.06802881212
74  -0.04214100951
74  0.04214097915
74  0.03494362939
74  -0.03493208375
74  -7.395928528e-06
74  9.616298428e-06
74  -0.06364055641
74  0.06364095014
74  0.04895350881
74  -0.04906401906
75  7.279943211e-07
75  -1.303334114e-06
75  1.059084094e-05
75  -1.014556509e-05
75  -4.103113744e-05
75  4.122852177e-05
75  1.795606535e-05
75  -1.786566465e-05
75  5.52359521e-08
75  -4.527593049e-07
75  -0.01755860042
75  0.01984853323
75  -0.001927567121
75  -0.0003560570215
75  -0.0720644608
75  0.07200455787
75  -0.1960901356
75  0.1958961385
75  0.000485131873
75  -0.0002097391792
75  0.05263864884
75  -0.0526386654
75  0.09221029254
75  -0.0922107126
75  -0.04709128309
75  0.0470771655
75  0.0005093920461
75  -0.0005189134226
75  0.09855879379
75  -0.09855882702
75  -0.09602646553
75  0.09600880891
75  0.0007962981109
75  -0.0007865979312
75  0.06908139176
75  -0.06908053328
75  0.04555587609
75  -0.04555441736
75  -0.03421124701
75  0.03421059508
75  6.257706104e-06
75  -1.604252626e-05
75  0.06097908405
75  -0.06098043089
75  -0.03344119714
75  0.03345516724
76  -6.059753672e-07
76  1.285684007e-06
76  -9.592258855e-06
76  9.099656021e-06
76  4.067670754e-05
76  -4.088430334e-05
76  -1.704399553e-05
76  1.692357623e-05
76  4.211795625e-08
76  4.405205795e-07
76  0.02106259055
76  -0.02437637994
76  0.002941986769
76  0.0003639895053
76  0.07410714014
76  -0.07404121243
76  0.1922069001
76  -0.1919556643
76  -0.0005230805685
76  0.0001814452132
76  -0.03504588831
76  0.03504589954
76  -0.09228381328
76  0.09228420617
76  0.04672108735
76  -0.04670732305
76  -0.0004515967006
76  0.0004602318052
76  -0.09513696793
76  0.09513696452
76  0.09691719578
76  -0.09690372262
76  -0.0006424770255
76  0.0006227646538
76  -0.07019076275
76  0.07018978252
76  -0.04130933516
76  0.04129523406
76  0.02742046883
76  -0.02741533912
76  5.746215474e-06
76  7.957973018e-06
76  -0.05635047892
76  0.05635157897
76  0.03114741457
76  -0.03113688495
77  -1.234414137e-06
77  1.040476407e-06
77  -9.206190058e-06
77  9.264735174e-06
77  4.031643456e-05
77  -4.034479048e-05
77  -1.674269285e-05
77  1.681846177e-05
77  -3.964179604e-07
77  2.418624844e-07
77  0.02129357295
77  -0.02031082088
77  -0.001187474963
77  0.000207244764
77  0.0756379388
77  -0.07563590767
77  0.1885317483
77  -0.1886089599
77  -0.0001709445741
77  0.0002488773584
77  -0.03652064708
77  0.03652066442
77  -0.09201394902
77  0.09201449162
77  0.04633069714
77  -0.04631755847
77  -0.0005664765493
77  0.000580869604
77  -0.09520412889
77  0.09520406004
77  0.09778367873
77  -0.09775456851
77  -0.000716098323
77  0.0007506470161
77  -0.0713479624
77  0.07134665645
77  -0.01317389819
77  0.01310251547
77  -0.004487694986
77  0.004574105195
77  -1.554981456e-05
77  1.491701219e-05
77  -0.05206225816
77  0.05206349564
77  0.0370350738
77  -0.03714611329
78  2.018933937e-06
78  -2.226791702e-06
78  9.772620943e-06
78  -9.525555214e-06
78  -3.989967322e-05
78  4.005789516e-05
78  1.592971457e-05
78  -1.593651502e-05
78  4.303566152e-07
78  -5.538850689e-07
78  -0.02275158477
78  0.02485363658
78  -0.001596051306
78  -0.0005039160207
78  -0.07822903749
78  0.07818511196
78  -0.185326593
78  0.1852443572
78  0.0005611592958
78  -0.0004231819305
78  0.05157036325
78  -0.05157038907
78  0.09160734267
78  -0.09160834384
78  -0.04592629098
78  0.04590072845
78  0.0009846143285
78  -0.001008679748
78  0.09661962606
78  -0.09661945012
78  -0.09862252287
78  0.09857839963
78  0.001198941301
78  -0.001230135612
78  0.07254974688
78  -0.07254662415
78  0.04270538218
78  -0.04264465819
78  -0.02176007447
78  0.02169976199
78  -6.45402682e-06
78  -1.097404741e-05
78  0.04804834212
78  -0.04805014119
78  -0.03475810112
78  0.034885623
79  -8.068504252e-07
79  1.03108524e-06
79  -8.151843696e-06
79  7.970033498e-06
79  3.960737637e-05
79  -3.969973909e-05
79  -1.510929951e-05
79  1.507204331e-05
79  -1.084762544e-07
79  2.736747963e-07
79  0.03274278163
79  -0.03656079913
79  0.003564219982
79  0.0002509750007
79  0.08006411359
79  -0.08003499321
79  0.1815271564
79  -0.1814159626
79  -0.0003110921536
79  0.0001612282225
79  -0.02611956931
79  0.02611957704
79  -0.09167062316
79  0.09167103726
79  0.04548845788
79  -0.04547778294
79  -0.0003823231995
79  0.0003914364987
79  -0.09395868475
79  0.09395859297
79  0.09932555991
79  -0.09930981691
79  -0.0004415760724
79  0.0004449135515
79  -0.07385491815
79  0.07385321806
79  -0.05634648077
79  0.05634413746
79  0.03143611002
79  -0.03143839811
79  5.047561626e-06
79  3.876505927e-06
79  -0.04261499904
79  0.04261554889
79  0.03235169475
79  -0.03238174169
80  8.396103801e-08
80  -2.295794666e-07
80  5.262509875e-06
80  -5.163598997e-06
80  -3.935341625e-05
80  3.93898064e-05
80  1.263006462e-05
80  -1.259017404e-05
80  -4.01071145e-08
80  -7.409550445e-08
80  -0.06311285496
80  0.07146154212
80  -0.008269684768
80  -7.70903498e-05
80  -0.08053221313
80  0.08051873011
80  -0.1788557872
80  0.1787772654
80  0.0001179030521
80  -2.084760972e-05
80  0.07333958873
80  -0.0733395898
80  0.09020949299
80  -0.09020955439
80  -0.04503511425
80  0.04503307832
80  5.399941997e-05
80  -5.505273402e-05
80  0.1039497869
80  -0.1039497746
80  -0.09975452522
80  0.0997541715
80  6.928608219e-05
80  -6.3780436e-05
80  0.07496293308
80  -0.07496249819
80  0.06232647592
80  -0.06232639415
80  -0.01799020149
80  0.01799259226
80  -2.690943081e-06
80  5.706616791e-07
80  0.04592454685
80  -0.04592460097
80  -0.01416943692
80  0.01415981326
81  -3.498325014e-07
81  -1.195318883e-07
81  -1.824224393e-05
81  1.861916119e-05
81  2.950882045e-05
81  -2.946844412e-05
81  -8.372354965e-06
81  8.457905408e-06
81  -1.595071588e-07
81  -4.103821345e-08
81  -0.002369366554
81  0.003731884304
81  -0.001314030997
81  -4.516857431e-05
81  0.07931673146
81  -0.07933499298
81  0.1830660436
81  -0.1832178089
81  0.0001479757925
81  2.98716242e-05
81  0.06661900946
81  -0.0666190081
81  -0.09234917642
81  0.09234924732
81  0.04455451792
81  -0.04455432067
81  -5.354339052e-05
81  5.535262446e-05
81  -0.0860537255
81  0.08605369101
81  0.1003611938
81  -0.1003542421
81  -4.022713374e-05
81  5.56739837e-05
81  -0.07687290361
81  0.07687293536
81  -0.06217043602
81  0.06217040753
81  -0.003902405205
81  0.003908238661
81  -4.816625713e-06
81  1.241910053e-06
81  -0.02804724518
81  0.02804728456
81  0.03323891629
81  -0.0332766321
82  3.492607568e-07
82  -6.953180002e-07
82  1.279536825e-06
82  -9.848993529e-07
82  -2.935872392e-05
82  2.939987736e-05
82  3.93367296e-06
82  -3.876885064e-06
82  1.427366082e-08
82  -1.539475953e-07
82  -0.04185478443
82  0.04303346494
82  -0.001076710416
82  -9.962666198e-05
82  -0.07907119846
82  0.07905508494
82  -0.1809069008
82  0.1807887166
82  0.0001738004722
82  -3.336474316e-05
82  0.07162141589
82  -0.0716214173
82  0.09059424264
82  -0.0905943586
82  -0.04406114065
82  0.0440582032
82  8.727954664e-05
82  -8.913774539e-05
82  0.09734757703
82  -0.09734754065
82  -0.1006802811
82  0.1006786467
82  9.93069005e-05
82  -9.476928929e-05
82  0.07760310853
82  -0.07760173585
82  0.06669281113
82  -0.06669281772
82  -0.0181975979
82  0.01820130331
82  -4.094382679e-06
82  8.051100967e-07
82  0.03806766109
82  -0.03806769556
82  -0.01854430874
82  0.01853614601
83  3.393812973e-07
83  -8.523653361e-07
83  -2.793383174e-06
83  3.236586535e-06
83  -2.887065367e-05
83  2.892089164e-05
83  2.534212127e-06
83  -2.446770244e-06
83  -1.615633455e-08
83  -1.781519663e-07
83  -0.05462362532
83  0.05657725498
83  -0.001826366803
83  -0.0001240661067
83  -0.08198648866
83  0.08196577115
83  -0.1780161605
83  0.1778365223
83  0.000235734275
83  -2.733469467e-05
83  0.07166024304
83  -0.07166024406
83  0.09056518461
83  -0.09056529829
83  -0.04354275078
83  0.0435397748
83  8.020146604e-05
83  -8.178513238e-05
83  0.09597123177
83  -0.09597119561
83  -0.09942623708
83  0.09942614386
83  9.22217425e-05
83  -8.568538996e-05
83  0.07825391559
83  -0.07825145931
83  0.06825887145
83  -0.06825889784
83  -0.01776372769
83  0.01777156341
83  -8.24049096e-06
83  1.400298585e-06
83  0.03544835847
83  -0.03544837605
83  -0.01360755771
83  0.01359123065
84  1.441076908e-07
84  -1.149790832e-06
84  -1.576699766e-05
84  1.665102488e-05
84  -2.860671072e-05
84  2.868304385e-05
84  -8.751973495e-07
84  1.049008299e-06
84  -1.244261642e-07
84  -2.245024179e-07
84  -0.09893557945
84  0.1032111563
84  -0.004083805912
84  -0.0001862043973
84  -0.0802059712
84  0.0801723574
84  -0.1741806709
84  0.1738271912
84  0.0004085837698
84  -8.098324799e-06
84  0.07179152529
84  -0.07179152552
84  0.09038303614
84  -0.0903831195
84  -0.04299541175
84  0.0429923111
84  5.678530869e-05
84  -5.757856719e-05
84  0.0954859386
84  -0.09548592506
84  -0.09699293041
84  0.0969979431
84  7.620290993e-05
84  -6.579160295e-05
84  0.07730984666
84  -0.07730288213
84  0.06948792443
84  -0.06948794758
84  -0.01092174455
84  0.01095151607
84  -3.07098516e-05
84  3.123358587e-06
84  0.03398877223
84  -0.03398877968
84  0.00170925369
84  -0.001748570724
85  6.95363656e-06
85  -6.414557488e-06
85  9.303207148e-06
85  -9.706032813e-06
85  -2.752738135e-05
85  2.758957827e-05
85  2.294204822e-06
85  -2.435508875e-06
85  1.279746585e-06
85  -1.090596789e-06
85  -0.03619724771
85  0.03390674935
85  0.002763107534
85  -0.0004751831823
85  -0.08309815048
85  0.08308960468
85  -0.1725045883
85  0.1727146452
85  0.0002305239248
85  -0.00043347658
85  0.056813054
85  -0.05681306526
85  0.09124485821
85  -0.09124651288
85  -0.04243658766
85  0.04241554197
85  0.0009829534759
85  -0.001005483597
85  0.08961227081
85  -0.08961138624
85  -0.09353907543
85  0.09347608235
85  0.0008690541093
85  -0.0009119243771
85  0.07459804043
85  -0.07459591591
85  0.06856279641
85  -0.06856327313
85  -0.03025538206
85  0.03008656507
85  0.0001694599839
85  -2.12364691e-06
85  0.02631769661
85  -0.02631786621
85  -0.0343991458
85  0.03455313805
86  -4.048589754e-07
86  -2.123161062e-06
86  -2.98948019e-05
86  3.222886519e-05
86  -2.83993657e-05
86  2.851848287e-05
86  -1.036800367e-05
86  1.075487535e-05
86  -3.419490569e-07
86  -3.222217387e-07
86  -0.1489638468
86  0.1626600492
86  -0.01334141121
86  -0.0003450724917
86  -0.08439195531
86  0.08433597389
86  -0.165688471
86  0.164868737
86  0.0008645912529
86  3.36534979e-05
86  0.07096653458
86  -0.07096653403
86  0.08996217045
86  -0.0899622081
86  -0.04182137043
86  0.0418178703
86  2.607803188e-05
86  -2.592364533e-05
86  0.09491884666
86  -0.09491888845
86  -0.08322535533
86  0.08324048156
86  0.06584957178
86  -0.06593393333
86  7.188689239e-05
86  4.088759577e-05
86  0.07190428006
86  -0.07190428639
86  0.0001153920863
86  -0.01198367464
86  0.01186077192
86  1.152956697e-05
86  0.03236478211
86  -0.03236478714
86  0.02971698029
86  -0.02979299831
87  -3.378580566e-06
87  3.263407873e-06
87  -4.821848875e-06
87  4.914174852e-06
87  2.650367882e-05
87  -2.65380945e-05
87  -1.789700959e-06
87  1.805609086e-06
87  -5.813491747e-07
87  5.813569129e-07
87  0.02921272392
87  -0.02956801543
87  0.0001222261153
87  0.0002327789134
87  0.08546692381
87  -0.08545754418
87  0.1679402422
87  -0.1679270726
87  -0.000175610588
87  0.0001508998955
87  0.03831072979
87  -0.03831072778
87  -0.09173183625
87  0.09173254104
87  0.04118220727
87  -0.04117487869
87  -0.0003655662672
87  0.0003730834434
87  -0.0855367026
87  0.08553628255
87  0.06663857132
87  -0.06662479039
87  -0.05168756741
87  0.05169106771
87  -0.0003003653354
87  0.0003150805062
87  -0.06755277886
87  0.06755292006
87  -6.830072506e-06
87  0.02240912068
87  -0.0224048424
87  1.278385857e-06
87  -0.0243655135
87  0.0243656665
87  0.03133140357
87  -0.03137506403
88  2.627141991e-06
88  -9.010914251e-07
88  1.454882674e-05
88  -1.619824246e-05
88  -2.581972477e-05
88  2.580249014e-05
88  2.425549092e-06
88  -2.628193652e-06
88  6.046563773e-07
88  -3.219828366e-07
88  0.03047782646
88  -0.04480237762
88  0.01434337948
88  -2.208158076e-05
88  -0.08770846902
88  0.08772152365
88  -0.1673034073
88  0.1677167134
88  -0.0003023593445
88  -0.0001304289792
88  0.06801456169
88  -0.06801456402
88  0.09193078444
88  -0.09193131479
88  -0.04048664966
88  0.04048286787
88  0.0002552518222
88  -0.0002603603032
88  0.08470627552
88  -0.08470591664
88  -0.04885850089
88  0.04884666035
88  0.03492476286
88  -0.03492080325
88  0.0001959954447
88  -0.0002255435116
88  0.0678393379
88  -0.06783941707
88  -2.573958035e-05
88  -0.02791670913
88  0.02794915549
88  -6.983649174e-06
88  0.02493444328
88  -0.02493461075
88  -0.03493422007
88  0.03499077801
89  5.122073733e-06
89  4.027619104e-06
89  -3.423578877e-05
89  2.516493224e-05
89  2.453086014e-05
89  -2.458931325e-05
89  -1.209063955e-05
89  1.177788983e-05
89  1.913378002e-07
89  2.448580523e-07
89  -0.148675948
89  0.1297673523
89  0.01864156392
89  0.0002620710017
89  0.08753192031
89  -0.08750360066
89  0.1692635533
89  -0.1685171687
89  -0.000748904088
89  -3.711298756e-05
89  0.06938356962
89  -0.06938357044
89  -0.09296624032
89  0.09296632224
89  0.03970309834
89  -0.03970106655
89  -3.956436444e-05
89  4.004005122e-05
89  -0.07850542306
89  0.07850542541
89  0.03170895381
89  -0.0317145044
89  -0.02220341108
89  0.02221364641
89  -4.78760013e-05
89  2.483870622e-05
89  -0.06239891963
89  0.06239892851
89  -4.058395303e-05
89  -0.00554695257
89  0.005598054399
89  -1.305041421e-05
89  -0.02304912989
89  0.02304917078
89  -0.008247107616
89  0.008281481832
90  2.610407862e-05
90  -2.434131996e-05
90  8.187333331e-06
90  -9.858481102e-06
90  -2.548149434e-05
90  2.542807802e-05
90  -8.828595615e-06
90  8.374870646e-06
90  5.29751509e-07
90  5.318745382e-08
90  -0.142915884
90  0.1482985002
90  -0.005611657415
90  0.0002235270203
90  -0.08907269205
90  0.08910122824
90  -0.1557799215
90  0.1568792593
90  -0.001017564678
90  -0.0001222985405
90  0.06878626053
90  -0.06878626185
90  0.09287495465
90  -0.09287521727
90  -0.03886728018
90  0.03886708016
90  0.0001103008809
90  -0.0001123415208
90  0.08057768896
90  -0.0805774535
90  -0.02591512617
90  0.02590556332
90  0.0145974682
90  -0.01458959768
90  6.406683017e-05
90  -9.50527302e-05
90  0.06733885285
90  -0.06733887183
90  -5.057871253e-05
90  -0.023539509
90  0.02360776172
90  -1.980455213e-05
90  0.02491147926
90  -0.02491164148
90  -0.03610236195
90  0.03615695716
91  2.166702263e-05
91  -1.626202125e-05
91  -6.818260526e-06
91  1.551766622e-06
91  2.434672667e-05
91  -2.447853993e-05
91  -4.066974885e-06
91  2.812318333e-06
91  5.154215519e-07
91  9.86435387e-07
91  -0.1514418421
91  0.1302779621
91  0.02032639386
91  0.0008265728558
91  0.08986953648
91  -0.0898058015
91  0.1653710023
91  -0.1624352784
91  -0.002886764505
91  -0.0001376175846
91  0.06811924117
91  -0.06811924182
91  -0.09385043777
91  0.09385102649
91  0.03785763448
91  -0.03785157365
91  -0.000242896785
91  0.0002460713898
91  -0.0765339489
91  0.07653378274
91  0.02065018721
91  -0.02065551161
91  -0.01237460866
91  0.01239380678
91  -0.0002289526045
91  0.000188371165
91  -0.06340143574
91  0.06340146195
91  -0.0001156357497
91  0.02377001844
91  -0.0236149686
91  -4.707856761e-05
91  -0.02473387325
91  0.02473442059
91  0.005495086426
91  -0.005435362517
92  2.328493421e-05
92  -2.091957558e-05
92  -4.94436307e-06
92  2.669104595e-06
92  2.380426887e-05
92  -2.38991464e-05
92  -1.093494071e-05
92  9.471686951e-06
92  6.674151385e-07
92  9.662542835e-07
92  -0.1599146448
92  0.1733994365
92  -0.0141870051
92  0.0006942962383
92  0.08897378084
92  -0.08892759951
92  0.1694548136
92  -0.1661379816
92  -0.003213308557
92  -0.0001677213186
92  0.06815995588
92  -0.0681599565
92  -0.09488353971
92  0.09488409514
92  0.03661539555
92  -0.03661094307
92  -0.0002178948682
92  0.0002204540548
92  -0.07346932652
92  0.07346920143
92  0.01907299035
92  -0.01907484751
92  -0.0145263155
92  0.01453990505
92  -0.0001962191442
92  0.0001678000809
92  -0.06189831651
92  0.06189833161
92  -9.825794658e-05
92  0.0210505265
92  -0.02091649347
92  -4.209813103e-05
92  -0.02519531753
92  0.02519607217
92  0.006816435365
92  -0.006775868743
93  9.422846957e-06
93  -1.215232777e-05
93  -1.685449498e-06
93  4.286680162e-06
93  2.351670632e-05
93  -2.342256876e-05
93  -1.351126277e-05
93  2.068127587e-05
93  -6.023387858e-06
93  -1.348597274e-06
93  -0.01629111883
93  0.1293727072
93  -0.112466121
93  -0.0006056064402
93  0.08983562093
93  -0.08988652444
93  0.1681941331
93  -0.1773688695
93  0.008716875248
93  0.0005299555075
93  0.06781807116
93  -0.06781807127
93  -0.09623115191
93  0.09623171626
93  0.03498396185
93  -0.03498443407
93  -0.0002095643861
93  0.0002123391388
93  -0.06973906113
93  0.06973854623
93  0.02135386166
93  -0.02133731095
93  -0.01715755252
93  0.01714064902
93  -8.688366673e-05
93  0.0001397830106
93  -0.06014882871
93  0.06014883946
93  0.0001304412278
93  0.01572720885
93  -0.01592500027
93  7.341993377e-05
93  -0.02561760114
93  0.02561877645
93  0.04768350606
93  -0.04777647605
94  -3.929480542e-07
94  4.638270086e-07
94  -8.949489795e-07
94  8.258667306e-07
94  2.352186086e-05
94  -2.352843889e-05
94  -2.288793034e-07
94  -1.088271757e-08
94  2.245779592e-06
94  -1.997860305e-06
94  -0.009293086333
94  0.008005228866
94  0.001203601119
94  8.383547008e-05
94  0.09034885271
94  -0.09034599395
94  0.002829248648
94  0.008647459902
94  -0.0114647126
94  -1.590955617e-05
94  0.06728003233
94  -0.06728003293
94  -0.09739735564
94  0.09739752539
94  0.03264102848
94  -0.03264049316
94  -6.333802025e-05
94  6.392399614e-05
94  -0.06383218915
94  0.06383215812
94  0.018386433
94  -0.01838494214
94  -0.02512301757
94  0.02512415233
94  -4.140796011e-05
94  4.062719274e-05
94  -0.04804460441
94  0.04804460652
94  -8.553896603e-06
94  -0.004396122522
94  0.004405956574
94  -1.892334868e-06
94  -0.02554576431
94  0.02554636295
94  0.007237720817
94  -0.007239341304
95  -4.310787797e-07
95  4.240240229e-07
95  6.358904911e-10
95  5.935239578e-09
95  1.489006638e-05
95  -1.488960571e-05
95  5.069369435e-09
95  3.880809106e-09
95  -1.233251627e-07
95  1.135026779e-07
95  0.002958979865
95  -0.002860639526
95  -9.610013697e-05
95  -2.187018788e-06
95  0.09554693401
95  -0.09554727386
95  -1.946968208e-05
95  -0.007807016983
95  0.007820320291
95  6.5972794e-06
95  0.06679130238
95  -0.066791303
95  0.0193668844
95  -0.01936688342
95  0.02411070988
95  -0.02411072433
95  -8.920900463e-07
95  9.065472716e-07
95  0.02790325659
95  -0.02790325933
95  -0.04129333818
95  0.04129357247
95  -0.0234609974
95  0.02346138193
95  8.867747716e-06
95  -9.276164035e-06
95  0.08332737073
95  -0.0833273699
95  -2.277573385e-06
95  -0.01193421361
95  0.01193432092
95  2.212539442e-06
95  -0.003491401507
95  0.003491415725
95  0.0003014136698
95  -0.0003018223666
96  -2.793695388e-06
96  2.777881553e-06
96  -1.430821932e-07
96  1.572438377e-07
96  2.409315366e-05
96  -2.409250111e-05
96  -1.362798432e-08
96  2.66626849e-08
96  2.332816564e-07
96  -2.483710698e-07
96  0.01133983985
96  -0.01116607528
96  -0.0001838399862
96  1.019166938e-05
96  0.08478476065
96  -0.08478528342
96  -3.704723546e-05
96  0.02947709139
96  -0.02949258042
96  5.3262944e-05
96  0.06634300636
96  -0.06634300698
96  -0.09523239475
96  0.09523244759
96  0.0237009043
96  -0.02370087574
96  -2.288571494e-05
96  2.303345246e-05
96  -0.04041057158
96  0.04041056817
96  0.002372602907
96  -0.00237188166
96  -0.02950799006
96  0.0295082461
96  -2.819181365e-06
96  3.057475867e-06
96  0.06120281188
96  -0.06120281101
96  -1.813332507e-06
96  -0.01151153543
96  0.01150916424
96  4.278361279e-06
96  -0.02287710314
96  0.02287807967
96  0.003137474012
96  -0.003140303038
97  -8.948847677e-06
97  8.928742849e-06
97  -1.284269315e-06
97  1.29722569e-06
97  2.239506912e-05
97  -2.239846261e-05
97  -1.966858506e-07
97  2.142899633e-07
97  3.642349373e-06
97  -3.662518334e-06
97  0.04121653536
97  -0.04100248338
97  -0.0004834711037
97  0.0002695030676
97  0.09078739463
97  -0.09078649305
97  -6.948179444e-05
97  -0.001277545099
97  0.08863694312
97  -0.0872908854
97  0.06590096853
97  -0.06590096915
97  -0.1104624402
97  0.1104629947
97  0.01684100244
97  -0.01684067914
97  -0.0003231598445
97  0.0003244410486
97  -0.03439025094
97  0.03439046407
97  0.03300423496
97  -0.03299971285
97  -0.03062680519
97  0.03062616058
97  -0.0002113982972
97  0.0002156389609
97  -0.009267497094
97  0.009267498123
97  -1.415648117e-06
97  -0.004747104472
97  0.004739873158
97  8.679803426e-06
97  -0.02593946475
97  0.02598736103
97  0.02099051796
97  -0.02104894099
98  9.559459036e-06
98  -9.708305134e-06
98  -2.198182552e-08
98  1.6115746e-07
98  2.168197328e-05
98  -2.167103306e-05
98  -1.815803888e-08
98  8.300625324e-08
98  1.061291787e-05
98  -1.069744528e-05
98  -0.05220140863
98  0.05338357737
98  -0.001536163685
98  0.0003552816105
98  0.09266661467
98  -0.09267287366
98  -1.803823412e-05
98  -0.001039642253
98  0.1266867726
98  -0.1256201829
98  0.06542174604
98  -0.06542174665
98  -0.1048288675
98  0.1048289644
98  0.01222555864
98  -0.0122256523
98  -0.0001361475752
98  0.0001372376484
98  -0.01856740033
98  0.01856668361
98  0.03812955989
98  -0.03812702466
98  -0.01971601675
98  0.0196443301
98  0.0002684796693
98  -0.0001926360048
98  0.04921123439
98  -0.0492112336
98  4.478457084e-05
98  -0.01290523765
98  0.01275147787
98  0.0001107005585
98  -0.02861800584
98  0.02885737436
98  0.01865601083
98  -0.01890809215
99  9.339176625e-06
99  2.207183111e-05
99  6.814569429e-06
99  -3.809131924e-05
99  -2.493473623e-05
99  2.504890085e-05
99  1.230380752e-05
99  3.28051304e-06
99  1.398230557e-05
99  -2.957081469e-05
99  0.02131316628
99  0.002357127587
99  0.1643545038
99  -0.1880220644
99  -0.09475701328
99  0.09470583647
99  -0.06637811531
99  -0.1202513447
99  0.3054385534
99  -0.1187466915
99  0.06490888059
99  -0.06490888059
99  0.03646112471
99  -0.03646112471
99  -0.01300976474
99  0.0129898027
99  0.01126216603
99  0.02655941021
99  -0.0003999519317
99  -0.03745706827
99  -0.03601697615
99  0.03591871503
99  0.1103523637
99  -0.007398663713
99  0.0001056509515
99  -0.1031332761
99  0.04556802686
99  -0.04556802686
99  -0.02928882872
99  -0.03294505354
99  0.06515259416
99  -0.002918727232
99  -0.007768414336
99  -0.0185812558
99  0.01257405988
99  0.01398901528
