0.000000000000000000e+00 -1.067190000000000083e+01
1.699999999999999905e-03 -1.067060000000000031e+01
3.299999999999999982e-03 -1.066669999999999874e+01
5.000000000000000104e-03 -1.066029999999999944e+01
6.700000000000000226e-03 -1.065139999999999887e+01
8.300000000000000086e-03 -1.063990000000000080e+01
1.000000000000000021e-02 -1.062579999999999991e+01
1.170000000000000033e-02 -1.060919999999999952e+01
1.329999999999999932e-02 -1.059009999999999962e+01
1.499999999999999944e-02 -1.056840000000000046e+01
1.669999999999999957e-02 -1.054420000000000002e+01
1.830000000000000029e-02 -1.051759999999999984e+01
2.000000000000000042e-02 -1.048839999999999861e+01
2.170000000000000054e-02 -1.045680000000000121e+01
2.330000000000000127e-02 -1.042269999999999897e+01
2.500000000000000139e-02 -1.038609999999999900e+01
2.659999999999999865e-02 -1.034710000000000107e+01
2.829999999999999877e-02 -1.030579999999999963e+01
2.999999999999999889e-02 -1.026200000000000045e+01
3.160000000000000309e-02 -1.021600000000000108e+01
3.330000000000000321e-02 -1.016760000000000019e+01
3.500000000000000333e-02 -1.011690000000000111e+01
3.660000000000000059e-02 -1.006400000000000006e+01
3.830000000000000071e-02 -1.000890000000000057e+01
4.000000000000000083e-02 -9.951699999999998880e+00
4.159999999999999809e-02 -9.892400000000000304e+00
4.329999999999999821e-02 -9.831099999999999284e+00
4.499999999999999833e-02 -9.767900000000000915e+00
4.660000000000000253e-02 -9.702899999999999636e+00
4.830000000000000265e-02 -9.636099999999999000e+00
5.000000000000000278e-02 -9.567700000000000315e+00
5.160000000000000003e-02 -9.497799999999999798e+00
5.330000000000000016e-02 -9.426600000000000534e+00
5.500000000000000028e-02 -9.354300000000000281e+00
5.659999999999999754e-02 -9.280999999999998806e+00
5.829999999999999766e-02 -9.207000000000000739e+00
5.999999999999999778e-02 -9.132699999999999818e+00
6.160000000000000198e-02 -9.058299999999999130e+00
6.329999999999999516e-02 -8.984300000000001063e+00
6.500000000000000222e-02 -8.911200000000000898e+00
6.660000000000000642e-02 -8.839499999999999247e+00
6.829999999999999960e-02 -8.769899999999999807e+00
6.990000000000000380e-02 -8.703199999999998937e+00
7.159999999999999698e-02 -8.640399999999999636e+00
7.330000000000000404e-02 -8.582300000000000040e+00
7.489999999999999436e-02 -8.530200000000000671e+00
7.660000000000000142e-02 -8.485300000000000509e+00
7.829999999999999460e-02 -8.448800000000000310e+00
7.989999999999999880e-02 -8.421699999999999520e+00
8.160000000000000586e-02 -8.405100000000000904e+00
8.329999999999999905e-02 -8.399499999999999744e+00
8.490000000000000324e-02 -8.405100000000000904e+00
8.659999999999999643e-02 -8.421699999999999520e+00
8.830000000000000349e-02 -8.448800000000000310e+00
8.989999999999999380e-02 -8.485300000000000509e+00
9.160000000000000087e-02 -8.530200000000000671e+00
9.329999999999999405e-02 -8.582300000000000040e+00
9.489999999999999825e-02 -8.640399999999999636e+00
9.660000000000000531e-02 -8.703199999999998937e+00
9.829999999999999849e-02 -8.769899999999999807e+00
9.990000000000000269e-02 -8.839499999999999247e+00
1.015999999999999959e-01 -8.911200000000000898e+00
1.033000000000000029e-01 -8.984300000000001063e+00
1.048999999999999932e-01 -9.058299999999999130e+00
1.066000000000000003e-01 -9.132699999999999818e+00
1.082999999999999935e-01 -9.207000000000000739e+00
1.098999999999999977e-01 -9.280999999999998806e+00
1.116000000000000048e-01 -9.354300000000000281e+00
1.131999999999999951e-01 -9.426600000000000534e+00
1.149000000000000021e-01 -9.497799999999999798e+00
1.165999999999999953e-01 -9.567700000000000315e+00
1.181999999999999995e-01 -9.636099999999999000e+00
1.199000000000000066e-01 -9.702899999999999636e+00
1.215999999999999998e-01 -9.767900000000000915e+00
1.232000000000000040e-01 -9.831099999999999284e+00
1.248999999999999971e-01 -9.892400000000000304e+00
1.265999999999999903e-01 -9.951699999999998880e+00
1.282000000000000084e-01 -1.000890000000000057e+01
1.298999999999999877e-01 -1.006400000000000006e+01
1.315999999999999948e-01 -1.011690000000000111e+01
1.332000000000000128e-01 -1.016760000000000019e+01
1.348999999999999921e-01 -1.021600000000000108e+01
1.365999999999999992e-01 -1.026200000000000045e+01
1.381999999999999895e-01 -1.030579999999999963e+01
1.398999999999999966e-01 -1.034710000000000107e+01
1.416000000000000036e-01 -1.038609999999999900e+01
1.431999999999999940e-01 -1.042269999999999897e+01
1.449000000000000010e-01 -1.045680000000000121e+01
1.466000000000000081e-01 -1.048839999999999861e+01
1.481999999999999984e-01 -1.051759999999999984e+01
1.499000000000000055e-01 -1.054420000000000002e+01
1.516000000000000125e-01 -1.056840000000000046e+01
1.532000000000000028e-01 -1.059009999999999962e+01
1.549000000000000099e-01 -1.060919999999999952e+01
1.565999999999999892e-01 -1.062579999999999991e+01
1.582000000000000073e-01 -1.063990000000000080e+01
1.598999999999999866e-01 -1.065139999999999887e+01
1.615000000000000047e-01 -1.066029999999999944e+01
1.632000000000000117e-01 -1.066669999999999874e+01
1.648999999999999910e-01 -1.067060000000000031e+01
1.665000000000000091e-01 -1.067190000000000083e+01
0.000000000000000000e+00 1.109799999999999898e+00
1.699999999999999905e-03 1.092600000000000016e+00
3.299999999999999982e-03 1.042500000000000426e+00
5.000000000000000104e-03 9.627999999999996561e-01
6.700000000000000226e-03 8.582000000000000739e-01
8.300000000000000086e-03 7.332999999999998408e-01
1.000000000000000021e-02 5.925000000000002487e-01
1.170000000000000033e-02 4.393000000000002458e-01
1.329999999999999932e-02 2.766999999999999460e-01
1.499999999999999944e-02 1.070000000000002061e-01
1.669999999999999957e-02 -6.820000000000003837e-02
1.830000000000000029e-02 -2.474999999999996092e-01
2.000000000000000042e-02 -4.296999999999995268e-01
2.170000000000000054e-02 -6.139000000000001123e-01
2.330000000000000127e-02 -7.995999999999998664e-01
2.500000000000000139e-02 -9.860999999999999766e-01
2.659999999999999865e-02 -1.173000000000000043e+00
2.829999999999999877e-02 -1.359799999999999898e+00
2.999999999999999889e-02 -1.546300000000000008e+00
3.160000000000000309e-02 -1.732099999999999973e+00
3.330000000000000321e-02 -1.916900000000000048e+00
3.500000000000000333e-02 -2.100699999999999790e+00
3.660000000000000059e-02 -2.282999999999999918e+00
3.830000000000000071e-02 -2.463799999999999990e+00
4.000000000000000083e-02 -2.642900000000000027e+00
4.159999999999999809e-02 -2.820100000000000051e+00
4.329999999999999821e-02 -2.995199999999999640e+00
4.499999999999999833e-02 -3.168000000000000149e+00
4.660000000000000253e-02 -3.338499999999999801e+00
4.830000000000000265e-02 -3.506400000000000183e+00
5.000000000000000278e-02 -3.671599999999999753e+00
5.160000000000000003e-02 -3.833699999999999886e+00
5.330000000000000016e-02 -3.992799999999999905e+00
5.500000000000000028e-02 -4.148399999999999643e+00
5.659999999999999754e-02 -4.300499999999999545e+00
5.829999999999999766e-02 -4.448500000000000121e+00
5.999999999999999778e-02 -4.592399999999999594e+00
6.160000000000000198e-02 -4.731600000000000250e+00
6.329999999999999516e-02 -4.865699999999999470e+00
6.500000000000000222e-02 -4.994200000000000195e+00
6.660000000000000642e-02 -5.116500000000000270e+00
6.829999999999999960e-02 -5.232000000000000206e+00
6.990000000000000380e-02 -5.339800000000000324e+00
7.159999999999999698e-02 -5.438900000000000290e+00
7.330000000000000404e-02 -5.528500000000000192e+00
7.489999999999999436e-02 -5.607199999999999740e+00
7.660000000000000142e-02 -5.673899999999999721e+00
7.829999999999999460e-02 -5.727400000000000269e+00
7.989999999999999880e-02 -5.766600000000000392e+00
8.160000000000000586e-02 -5.790499999999999758e+00
8.329999999999999905e-02 -5.798599999999999532e+00
8.490000000000000324e-02 -5.790499999999999758e+00
8.659999999999999643e-02 -5.766600000000000392e+00
8.830000000000000349e-02 -5.727400000000000269e+00
8.989999999999999380e-02 -5.673899999999999721e+00
9.160000000000000087e-02 -5.607199999999999740e+00
9.329999999999999405e-02 -5.528500000000000192e+00
9.489999999999999825e-02 -5.438900000000000290e+00
9.660000000000000531e-02 -5.339800000000000324e+00
9.829999999999999849e-02 -5.232000000000000206e+00
9.990000000000000269e-02 -5.116500000000000270e+00
1.015999999999999959e-01 -4.994200000000000195e+00
1.033000000000000029e-01 -4.865699999999999470e+00
1.048999999999999932e-01 -4.731600000000000250e+00
1.066000000000000003e-01 -4.592399999999999594e+00
1.082999999999999935e-01 -4.448500000000000121e+00
1.098999999999999977e-01 -4.300499999999999545e+00
1.116000000000000048e-01 -4.148399999999999643e+00
1.131999999999999951e-01 -3.992799999999999905e+00
1.149000000000000021e-01 -3.833699999999999886e+00
1.165999999999999953e-01 -3.671599999999999753e+00
1.181999999999999995e-01 -3.506400000000000183e+00
1.199000000000000066e-01 -3.338499999999999801e+00
1.215999999999999998e-01 -3.168000000000000149e+00
1.232000000000000040e-01 -2.995199999999999640e+00
1.248999999999999971e-01 -2.820100000000000051e+00
1.265999999999999903e-01 -2.642900000000000027e+00
1.282000000000000084e-01 -2.463799999999999990e+00
1.298999999999999877e-01 -2.282999999999999918e+00
1.315999999999999948e-01 -2.100699999999999790e+00
1.332000000000000128e-01 -1.916900000000000048e+00
1.348999999999999921e-01 -1.732099999999999973e+00
1.365999999999999992e-01 -1.546300000000000008e+00
1.381999999999999895e-01 -1.359799999999999898e+00
1.398999999999999966e-01 -1.173000000000000043e+00
1.416000000000000036e-01 -9.860999999999999766e-01
1.431999999999999940e-01 -7.995999999999998664e-01
1.449000000000000010e-01 -6.139000000000001123e-01
1.466000000000000081e-01 -4.296999999999995268e-01
1.481999999999999984e-01 -2.474999999999996092e-01
1.499000000000000055e-01 -6.820000000000003837e-02
1.516000000000000125e-01 1.070000000000002061e-01
1.532000000000000028e-01 2.766999999999999460e-01
1.549000000000000099e-01 4.393000000000002458e-01
1.565999999999999892e-01 5.925000000000002487e-01
1.582000000000000073e-01 7.332999999999998408e-01
1.598999999999999866e-01 8.582000000000000739e-01
1.615000000000000047e-01 9.627999999999996561e-01
1.632000000000000117e-01 1.042500000000000426e+00
1.648999999999999910e-01 1.092600000000000016e+00
1.665000000000000091e-01 1.109799999999999898e+00
0.000000000000000000e+00 1.109799999999999898e+00
1.699999999999999905e-03 1.107400000000000162e+00
3.299999999999999982e-03 1.100400000000000489e+00
5.000000000000000104e-03 1.088799999999999990e+00
6.700000000000000226e-03 1.072899999999999743e+00
8.300000000000000086e-03 1.052999999999999936e+00
1.000000000000000021e-02 1.029500000000000526e+00
1.170000000000000033e-02 1.002799999999999692e+00
1.329999999999999932e-02 9.733000000000000540e-01
1.499999999999999944e-02 9.413000000000000256e-01
1.669999999999999957e-02 9.073000000000002174e-01
1.830000000000000029e-02 8.716999999999996973e-01
2.000000000000000042e-02 8.346999999999997755e-01
2.170000000000000054e-02 7.968000000000001748e-01
2.330000000000000127e-02 7.582000000000004292e-01
2.500000000000000139e-02 7.191999999999998394e-01
2.659999999999999865e-02 6.799999999999997158e-01
2.829999999999999877e-02 6.408000000000004803e-01
2.999999999999999889e-02 6.017999999999998906e-01
3.160000000000000309e-02 5.632000000000001450e-01
3.330000000000000321e-02 5.250000000000003553e-01
3.500000000000000333e-02 4.874999999999998224e-01
3.660000000000000059e-02 4.508000000000000895e-01
3.830000000000000071e-02 4.148000000000005016e-01
4.000000000000000083e-02 3.798000000000003595e-01
4.159999999999999809e-02 3.457999999999996632e-01
4.329999999999999821e-02 3.128000000000001890e-01
4.499999999999999833e-02 2.809999999999996945e-01
4.660000000000000253e-02 2.503000000000001890e-01
4.830000000000000265e-02 2.207999999999996632e-01
5.000000000000000278e-02 1.925999999999996604e-01
5.160000000000000003e-02 1.656000000000004135e-01
5.330000000000000016e-02 1.398999999999999133e-01
5.500000000000000028e-02 1.154999999999999361e-01
5.659999999999999754e-02 9.240000000000048175e-02
5.829999999999999766e-02 7.080000000000019611e-02
5.999999999999999778e-02 5.039999999999977831e-02
6.160000000000000198e-02 3.150000000000030553e-02
6.329999999999999516e-02 1.390000000000046754e-02
6.500000000000000222e-02 -2.299999999999968736e-03
6.660000000000000642e-02 -1.710000000000011511e-02
6.829999999999999960e-02 -3.049999999999997158e-02
6.990000000000000380e-02 -4.249999999999953815e-02
7.159999999999999698e-02 -5.309999999999970299e-02
7.330000000000000404e-02 -6.219999999999981100e-02
7.489999999999999436e-02 -7.000000000000028422e-02
7.660000000000000142e-02 -7.639999999999957936e-02
7.829999999999999460e-02 -8.129999999999970584e-02
7.989999999999999880e-02 -8.479999999999954241e-02
8.160000000000000586e-02 -8.689999999999997726e-02
8.329999999999999905e-02 -8.769999999999988916e-02
8.490000000000000324e-02 -8.689999999999997726e-02
8.659999999999999643e-02 -8.479999999999954241e-02
8.830000000000000349e-02 -8.129999999999970584e-02
8.989999999999999380e-02 -7.639999999999957936e-02
9.160000000000000087e-02 -7.000000000000028422e-02
9.329999999999999405e-02 -6.219999999999981100e-02
9.489999999999999825e-02 -5.309999999999970299e-02
9.660000000000000531e-02 -4.249999999999953815e-02
9.829999999999999849e-02 -3.049999999999997158e-02
9.990000000000000269e-02 -1.710000000000011511e-02
1.015999999999999959e-01 -2.299999999999968736e-03
1.033000000000000029e-01 1.390000000000046754e-02
1.048999999999999932e-01 3.150000000000030553e-02
1.066000000000000003e-01 5.039999999999977831e-02
1.082999999999999935e-01 7.080000000000019611e-02
1.098999999999999977e-01 9.240000000000048175e-02
1.116000000000000048e-01 1.154999999999999361e-01
1.131999999999999951e-01 1.398999999999999133e-01
1.149000000000000021e-01 1.656000000000004135e-01
1.165999999999999953e-01 1.925999999999996604e-01
1.181999999999999995e-01 2.207999999999996632e-01
1.199000000000000066e-01 2.503000000000001890e-01
1.215999999999999998e-01 2.809999999999996945e-01
1.232000000000000040e-01 3.128000000000001890e-01
1.248999999999999971e-01 3.457999999999996632e-01
1.265999999999999903e-01 3.798000000000003595e-01
1.282000000000000084e-01 4.148000000000005016e-01
1.298999999999999877e-01 4.508000000000000895e-01
1.315999999999999948e-01 4.874999999999998224e-01
1.332000000000000128e-01 5.250000000000003553e-01
1.348999999999999921e-01 5.632000000000001450e-01
1.365999999999999992e-01 6.017999999999998906e-01
1.381999999999999895e-01 6.408000000000004803e-01
1.398999999999999966e-01 6.799999999999997158e-01
1.416000000000000036e-01 7.191999999999998394e-01
1.431999999999999940e-01 7.582000000000004292e-01
1.449000000000000010e-01 7.968000000000001748e-01
1.466000000000000081e-01 8.346999999999997755e-01
1.481999999999999984e-01 8.716999999999996973e-01
1.499000000000000055e-01 9.073000000000002174e-01
1.516000000000000125e-01 9.413000000000000256e-01
1.532000000000000028e-01 9.733000000000000540e-01
1.549000000000000099e-01 1.002799999999999692e+00
1.565999999999999892e-01 1.029500000000000526e+00
1.582000000000000073e-01 1.052999999999999936e+00
1.598999999999999866e-01 1.072899999999999743e+00
1.615000000000000047e-01 1.088799999999999990e+00
1.632000000000000117e-01 1.100400000000000489e+00
1.648999999999999910e-01 1.107400000000000162e+00
1.665000000000000091e-01 1.109799999999999898e+00
0.000000000000000000e+00 1.109799999999999898e+00
1.699999999999999905e-03 1.107400000000000162e+00
3.299999999999999982e-03 1.100400000000000489e+00
5.000000000000000104e-03 1.088799999999999990e+00
6.700000000000000226e-03 1.072899999999999743e+00
8.300000000000000086e-03 1.052999999999999936e+00
1.000000000000000021e-02 1.029500000000000526e+00
1.170000000000000033e-02 1.002799999999999692e+00
1.329999999999999932e-02 9.733000000000000540e-01
1.499999999999999944e-02 9.413000000000000256e-01
1.669999999999999957e-02 9.073000000000002174e-01
1.830000000000000029e-02 8.716999999999996973e-01
2.000000000000000042e-02 8.346999999999997755e-01
2.170000000000000054e-02 7.968000000000001748e-01
2.330000000000000127e-02 7.582000000000004292e-01
2.500000000000000139e-02 7.191999999999998394e-01
2.659999999999999865e-02 6.799999999999997158e-01
2.829999999999999877e-02 6.408000000000004803e-01
2.999999999999999889e-02 6.017999999999998906e-01
3.160000000000000309e-02 5.632000000000001450e-01
3.330000000000000321e-02 5.250000000000003553e-01
3.500000000000000333e-02 4.874999999999998224e-01
3.660000000000000059e-02 4.508000000000000895e-01
3.830000000000000071e-02 4.148000000000005016e-01
4.000000000000000083e-02 3.798000000000003595e-01
4.159999999999999809e-02 3.457999999999996632e-01
4.329999999999999821e-02 3.128000000000001890e-01
4.499999999999999833e-02 2.809999999999996945e-01
4.660000000000000253e-02 2.503000000000001890e-01
4.830000000000000265e-02 2.207999999999996632e-01
5.000000000000000278e-02 1.925999999999996604e-01
5.160000000000000003e-02 1.656000000000004135e-01
5.330000000000000016e-02 1.398999999999999133e-01
5.500000000000000028e-02 1.154999999999999361e-01
5.659999999999999754e-02 9.250000000000024869e-02
5.829999999999999766e-02 7.080000000000019611e-02
5.999999999999999778e-02 5.039999999999977831e-02
6.160000000000000198e-02 3.150000000000030553e-02
6.329999999999999516e-02 1.390000000000046754e-02
6.500000000000000222e-02 -2.299999999999968736e-03
6.660000000000000642e-02 -1.710000000000011511e-02
6.829999999999999960e-02 -3.049999999999997158e-02
6.990000000000000380e-02 -4.249999999999953815e-02
7.159999999999999698e-02 -5.309999999999970299e-02
7.330000000000000404e-02 -6.219999999999981100e-02
7.489999999999999436e-02 -7.000000000000028422e-02
7.660000000000000142e-02 -7.639999999999957936e-02
7.829999999999999460e-02 -8.129999999999970584e-02
7.989999999999999880e-02 -8.479999999999954241e-02
8.160000000000000586e-02 -8.689999999999997726e-02
8.329999999999999905e-02 -8.769999999999988916e-02
8.490000000000000324e-02 -8.689999999999997726e-02
8.659999999999999643e-02 -8.479999999999954241e-02
8.830000000000000349e-02 -8.129999999999970584e-02
8.989999999999999380e-02 -7.639999999999957936e-02
9.160000000000000087e-02 -7.000000000000028422e-02
9.329999999999999405e-02 -6.219999999999981100e-02
9.489999999999999825e-02 -5.309999999999970299e-02
9.660000000000000531e-02 -4.249999999999953815e-02
9.829999999999999849e-02 -3.049999999999997158e-02
9.990000000000000269e-02 -1.710000000000011511e-02
1.015999999999999959e-01 -2.299999999999968736e-03
1.033000000000000029e-01 1.390000000000046754e-02
1.048999999999999932e-01 3.150000000000030553e-02
1.066000000000000003e-01 5.039999999999977831e-02
1.082999999999999935e-01 7.080000000000019611e-02
1.098999999999999977e-01 9.250000000000024869e-02
1.116000000000000048e-01 1.154999999999999361e-01
1.131999999999999951e-01 1.398999999999999133e-01
1.149000000000000021e-01 1.656000000000004135e-01
1.165999999999999953e-01 1.925999999999996604e-01
1.181999999999999995e-01 2.207999999999996632e-01
1.199000000000000066e-01 2.503000000000001890e-01
1.215999999999999998e-01 2.809999999999996945e-01
1.232000000000000040e-01 3.128000000000001890e-01
1.248999999999999971e-01 3.457999999999996632e-01
1.265999999999999903e-01 3.798000000000003595e-01
1.282000000000000084e-01 4.148000000000005016e-01
1.298999999999999877e-01 4.508000000000000895e-01
1.315999999999999948e-01 4.874999999999998224e-01
1.332000000000000128e-01 5.250000000000003553e-01
1.348999999999999921e-01 5.632000000000001450e-01
1.365999999999999992e-01 6.017999999999998906e-01
1.381999999999999895e-01 6.408000000000004803e-01
1.398999999999999966e-01 6.799999999999997158e-01
1.416000000000000036e-01 7.191999999999998394e-01
1.431999999999999940e-01 7.582000000000004292e-01
1.449000000000000010e-01 7.968000000000001748e-01
1.466000000000000081e-01 8.346999999999997755e-01
1.481999999999999984e-01 8.716999999999996973e-01
1.499000000000000055e-01 9.073000000000002174e-01
1.516000000000000125e-01 9.413000000000000256e-01
1.532000000000000028e-01 9.733000000000000540e-01
1.549000000000000099e-01 1.002799999999999692e+00
1.565999999999999892e-01 1.029500000000000526e+00
1.582000000000000073e-01 1.052999999999999936e+00
1.598999999999999866e-01 1.072899999999999743e+00
1.615000000000000047e-01 1.088799999999999990e+00
1.632000000000000117e-01 1.100400000000000489e+00
1.648999999999999910e-01 1.107400000000000162e+00
1.665000000000000091e-01 1.109799999999999898e+00
0.000000000000000000e+00 3.493800000000000239e+00
1.699999999999999905e-03 3.497199999999999420e+00
3.299999999999999982e-03 3.507199999999999207e+00
5.000000000000000104e-03 3.522899999999999920e+00
6.700000000000000226e-03 3.531200000000000117e+00
8.300000000000000086e-03 3.531800000000000495e+00
1.000000000000000021e-02 3.524399999999999977e+00
1.170000000000000033e-02 3.509900000000000020e+00
1.329999999999999932e-02 3.489399999999999835e+00
1.499999999999999944e-02 3.464299999999999713e+00
1.669999999999999957e-02 3.435299999999999798e+00
1.830000000000000029e-02 3.403200000000000003e+00
2.000000000000000042e-02 3.368700000000000472e+00
2.170000000000000054e-02 3.332200000000000273e+00
2.330000000000000127e-02 3.294200000000000017e+00
2.500000000000000139e-02 3.255100000000000549e+00
2.659999999999999865e-02 3.215199999999999392e+00
2.829999999999999877e-02 3.174799999999999400e+00
2.999999999999999889e-02 3.134100000000000108e+00
3.160000000000000309e-02 3.093400000000000816e+00
3.330000000000000321e-02 3.052800000000000402e+00
3.500000000000000333e-02 3.012599999999999945e+00
3.660000000000000059e-02 2.972900000000000098e+00
3.830000000000000071e-02 2.933900000000000396e+00
4.000000000000000083e-02 2.895599999999999952e+00
4.159999999999999809e-02 2.858200000000000074e+00
4.329999999999999821e-02 2.821800000000000530e+00
4.499999999999999833e-02 2.786500000000000199e+00
4.660000000000000253e-02 2.752299999999999969e+00
4.830000000000000265e-02 2.719300000000000495e+00
5.000000000000000278e-02 2.687500000000000000e+00
5.160000000000000003e-02 2.657099999999999795e+00
5.330000000000000016e-02 2.628099999999999881e+00
5.500000000000000028e-02 2.600400000000000489e+00
5.659999999999999754e-02 2.574200000000000266e+00
5.829999999999999766e-02 2.549500000000000099e+00
5.999999999999999778e-02 2.526200000000000223e+00
6.160000000000000198e-02 2.504500000000000171e+00
6.329999999999999516e-02 2.484300000000000175e+00
6.500000000000000222e-02 2.465700000000000003e+00
6.660000000000000642e-02 2.448699999999999655e+00
6.829999999999999960e-02 2.433200000000000252e+00
6.990000000000000380e-02 2.419400000000000439e+00
7.159999999999999698e-02 2.407099999999999795e+00
7.330000000000000404e-02 2.396500000000000519e+00
7.489999999999999436e-02 2.387500000000000178e+00
7.660000000000000142e-02 2.380099999999999660e+00
7.829999999999999460e-02 2.374400000000000510e+00
7.989999999999999880e-02 2.370300000000000296e+00
8.160000000000000586e-02 2.367799999999999905e+00
8.329999999999999905e-02 2.366999999999999993e+00
8.490000000000000324e-02 2.367799999999999905e+00
8.659999999999999643e-02 2.370300000000000296e+00
8.830000000000000349e-02 2.374400000000000510e+00
8.989999999999999380e-02 2.380099999999999660e+00
9.160000000000000087e-02 2.387500000000000178e+00
9.329999999999999405e-02 2.396500000000000519e+00
9.489999999999999825e-02 2.407099999999999795e+00
9.660000000000000531e-02 2.419400000000000439e+00
9.829999999999999849e-02 2.433200000000000252e+00
9.990000000000000269e-02 2.448699999999999655e+00
1.015999999999999959e-01 2.465700000000000003e+00
1.033000000000000029e-01 2.484300000000000175e+00
1.048999999999999932e-01 2.504500000000000171e+00
1.066000000000000003e-01 2.526200000000000223e+00
1.082999999999999935e-01 2.549500000000000099e+00
1.098999999999999977e-01 2.574200000000000266e+00
1.116000000000000048e-01 2.600400000000000489e+00
1.131999999999999951e-01 2.628099999999999881e+00
1.149000000000000021e-01 2.657099999999999795e+00
1.165999999999999953e-01 2.687500000000000000e+00
1.181999999999999995e-01 2.719300000000000495e+00
1.199000000000000066e-01 2.752299999999999969e+00
1.215999999999999998e-01 2.786500000000000199e+00
1.232000000000000040e-01 2.821800000000000530e+00
1.248999999999999971e-01 2.858200000000000074e+00
1.265999999999999903e-01 2.895599999999999952e+00
1.282000000000000084e-01 2.933900000000000396e+00
1.298999999999999877e-01 2.972900000000000098e+00
1.315999999999999948e-01 3.012599999999999945e+00
1.332000000000000128e-01 3.052800000000000402e+00
1.348999999999999921e-01 3.093400000000000816e+00
1.365999999999999992e-01 3.134100000000000108e+00
1.381999999999999895e-01 3.174799999999999400e+00
1.398999999999999966e-01 3.215199999999999392e+00
1.416000000000000036e-01 3.255100000000000549e+00
1.431999999999999940e-01 3.294200000000000017e+00
1.449000000000000010e-01 3.332200000000000273e+00
1.466000000000000081e-01 3.368700000000000472e+00
1.481999999999999984e-01 3.403200000000000003e+00
1.499000000000000055e-01 3.435299999999999798e+00
1.516000000000000125e-01 3.464299999999999713e+00
1.532000000000000028e-01 3.489399999999999835e+00
1.549000000000000099e-01 3.509900000000000020e+00
1.565999999999999892e-01 3.524399999999999977e+00
1.582000000000000073e-01 3.531800000000000495e+00
1.598999999999999866e-01 3.531200000000000117e+00
1.615000000000000047e-01 3.522899999999999920e+00
1.632000000000000117e-01 3.507199999999999207e+00
1.648999999999999910e-01 3.497199999999999420e+00
1.665000000000000091e-01 3.493800000000000239e+00
0.000000000000000000e+00 3.493800000000000239e+00
1.699999999999999905e-03 3.497199999999999420e+00
3.299999999999999982e-03 3.507199999999999207e+00
5.000000000000000104e-03 3.523799999999999599e+00
6.700000000000000226e-03 3.546599999999999753e+00
8.300000000000000086e-03 3.575200000000000600e+00
1.000000000000000021e-02 3.609099999999999753e+00
1.170000000000000033e-02 3.647800000000000153e+00
1.329999999999999932e-02 3.690599999999999881e+00
1.499999999999999944e-02 3.736900000000000333e+00
1.669999999999999957e-02 3.786099999999999355e+00
1.830000000000000029e-02 3.837500000000000355e+00
2.000000000000000042e-02 3.890399999999999636e+00
2.170000000000000054e-02 3.944200000000000372e+00
2.330000000000000127e-02 3.998100000000000875e+00
2.500000000000000139e-02 4.051500000000000767e+00
2.659999999999999865e-02 4.103699999999999903e+00
2.829999999999999877e-02 4.154099999999999682e+00
2.999999999999999889e-02 4.201999999999999957e+00
3.160000000000000309e-02 4.246800000000000352e+00
3.330000000000000321e-02 4.288000000000000256e+00
3.500000000000000333e-02 4.325300000000000367e+00
3.660000000000000059e-02 4.358100000000000307e+00
3.830000000000000071e-02 4.386300000000000310e+00
4.000000000000000083e-02 4.409700000000000841e+00
4.159999999999999809e-02 4.428399999999999892e+00
4.329999999999999821e-02 4.442399999999999238e+00
4.499999999999999833e-02 4.451900000000000190e+00
4.660000000000000253e-02 4.457200000000000273e+00
4.830000000000000265e-02 4.458700000000000330e+00
5.000000000000000278e-02 4.456799999999999429e+00
5.160000000000000003e-02 4.451999999999999957e+00
5.330000000000000016e-02 4.444499999999999673e+00
5.500000000000000028e-02 4.435000000000000497e+00
5.659999999999999754e-02 4.423899999999999721e+00
5.829999999999999766e-02 4.411500000000000199e+00
5.999999999999999778e-02 4.398300000000000765e+00
6.160000000000000198e-02 4.384600000000000719e+00
6.329999999999999516e-02 4.370699999999999363e+00
6.500000000000000222e-02 4.356899999999999551e+00
6.660000000000000642e-02 4.343500000000000583e+00
6.829999999999999960e-02 4.330799999999999983e+00
6.990000000000000380e-02 4.318899999999999295e+00
7.159999999999999698e-02 4.307999999999999829e+00
7.330000000000000404e-02 4.298199999999999577e+00
7.489999999999999436e-02 4.289799999999999613e+00
7.660000000000000142e-02 4.282700000000000173e+00
7.829999999999999460e-02 4.277100000000000790e+00
7.989999999999999880e-02 4.273099999999999454e+00
8.160000000000000586e-02 4.270599999999999952e+00
8.329999999999999905e-02 4.269800000000000040e+00
8.490000000000000324e-02 4.270599999999999952e+00
8.659999999999999643e-02 4.273099999999999454e+00
8.830000000000000349e-02 4.277100000000000790e+00
8.989999999999999380e-02 4.282700000000000173e+00
9.160000000000000087e-02 4.289799999999999613e+00
9.329999999999999405e-02 4.298199999999999577e+00
9.489999999999999825e-02 4.307999999999999829e+00
9.660000000000000531e-02 4.318899999999999295e+00
9.829999999999999849e-02 4.330799999999999983e+00
9.990000000000000269e-02 4.343500000000000583e+00
1.015999999999999959e-01 4.356899999999999551e+00
1.033000000000000029e-01 4.370699999999999363e+00
1.048999999999999932e-01 4.384600000000000719e+00
1.066000000000000003e-01 4.398300000000000765e+00
1.082999999999999935e-01 4.411500000000000199e+00
1.098999999999999977e-01 4.423899999999999721e+00
1.116000000000000048e-01 4.435000000000000497e+00
1.131999999999999951e-01 4.444499999999999673e+00
1.149000000000000021e-01 4.451999999999999957e+00
1.165999999999999953e-01 4.456799999999999429e+00
1.181999999999999995e-01 4.458700000000000330e+00
1.199000000000000066e-01 4.457200000000000273e+00
1.215999999999999998e-01 4.451900000000000190e+00
1.232000000000000040e-01 4.442399999999999238e+00
1.248999999999999971e-01 4.428399999999999892e+00
1.265999999999999903e-01 4.409700000000000841e+00
1.282000000000000084e-01 4.386300000000000310e+00
1.298999999999999877e-01 4.358100000000000307e+00
1.315999999999999948e-01 4.325300000000000367e+00
1.332000000000000128e-01 4.288000000000000256e+00
1.348999999999999921e-01 4.246800000000000352e+00
1.365999999999999992e-01 4.201999999999999957e+00
1.381999999999999895e-01 4.154099999999999682e+00
1.398999999999999966e-01 4.103699999999999903e+00
1.416000000000000036e-01 4.051500000000000767e+00
1.431999999999999940e-01 3.998100000000000875e+00
1.449000000000000010e-01 3.944200000000000372e+00
1.466000000000000081e-01 3.890399999999999636e+00
1.481999999999999984e-01 3.837500000000000355e+00
1.499000000000000055e-01 3.786099999999999355e+00
1.516000000000000125e-01 3.736900000000000333e+00
1.532000000000000028e-01 3.690599999999999881e+00
1.549000000000000099e-01 3.647800000000000153e+00
1.565999999999999892e-01 3.609099999999999753e+00
1.582000000000000073e-01 3.575200000000000600e+00
1.598999999999999866e-01 3.546599999999999753e+00
1.615000000000000047e-01 3.523799999999999599e+00
1.632000000000000117e-01 3.507199999999999207e+00
1.648999999999999910e-01 3.497199999999999420e+00
1.665000000000000091e-01 3.493800000000000239e+00
0.000000000000000000e+00 3.493800000000000239e+00
1.699999999999999905e-03 3.498499999999999943e+00
3.299999999999999982e-03 3.510099999999999554e+00
5.000000000000000104e-03 3.523799999999999599e+00
6.700000000000000226e-03 3.546599999999999753e+00
8.300000000000000086e-03 3.575200000000000600e+00
1.000000000000000021e-02 3.609099999999999753e+00
1.170000000000000033e-02 3.647800000000000153e+00
1.329999999999999932e-02 3.690599999999999881e+00
1.499999999999999944e-02 3.736900000000000333e+00
1.669999999999999957e-02 3.786099999999999355e+00
1.830000000000000029e-02 3.837500000000000355e+00
2.000000000000000042e-02 3.890399999999999636e+00
2.170000000000000054e-02 3.944200000000000372e+00
2.330000000000000127e-02 3.998100000000000875e+00
2.500000000000000139e-02 4.051500000000000767e+00
2.659999999999999865e-02 4.103699999999999903e+00
2.829999999999999877e-02 4.154099999999999682e+00
2.999999999999999889e-02 4.201999999999999957e+00
3.160000000000000309e-02 4.246800000000000352e+00
3.330000000000000321e-02 4.288000000000000256e+00
3.500000000000000333e-02 4.325300000000000367e+00
3.660000000000000059e-02 4.358100000000000307e+00
3.830000000000000071e-02 4.386300000000000310e+00
4.000000000000000083e-02 4.409700000000000841e+00
4.159999999999999809e-02 4.428399999999999892e+00
4.329999999999999821e-02 4.442399999999999238e+00
4.499999999999999833e-02 4.451900000000000190e+00
4.660000000000000253e-02 4.457200000000000273e+00
4.830000000000000265e-02 4.458700000000000330e+00
5.000000000000000278e-02 4.456799999999999429e+00
5.160000000000000003e-02 4.451999999999999957e+00
5.330000000000000016e-02 4.444499999999999673e+00
5.500000000000000028e-02 4.435000000000000497e+00
5.659999999999999754e-02 4.423899999999999721e+00
5.829999999999999766e-02 4.411500000000000199e+00
5.999999999999999778e-02 4.398300000000000765e+00
6.160000000000000198e-02 4.384600000000000719e+00
6.329999999999999516e-02 4.370699999999999363e+00
6.500000000000000222e-02 4.356899999999999551e+00
6.660000000000000642e-02 4.343500000000000583e+00
6.829999999999999960e-02 4.330799999999999983e+00
6.990000000000000380e-02 4.318899999999999295e+00
7.159999999999999698e-02 4.307999999999999829e+00
7.330000000000000404e-02 4.298199999999999577e+00
7.489999999999999436e-02 4.289799999999999613e+00
7.660000000000000142e-02 4.282700000000000173e+00
7.829999999999999460e-02 4.277100000000000790e+00
7.989999999999999880e-02 4.273099999999999454e+00
8.160000000000000586e-02 4.270599999999999952e+00
8.329999999999999905e-02 4.269800000000000040e+00
8.490000000000000324e-02 4.270599999999999952e+00
8.659999999999999643e-02 4.273099999999999454e+00
8.830000000000000349e-02 4.277100000000000790e+00
8.989999999999999380e-02 4.282700000000000173e+00
9.160000000000000087e-02 4.289799999999999613e+00
9.329999999999999405e-02 4.298199999999999577e+00
9.489999999999999825e-02 4.307999999999999829e+00
9.660000000000000531e-02 4.318899999999999295e+00
9.829999999999999849e-02 4.330799999999999983e+00
9.990000000000000269e-02 4.343500000000000583e+00
1.015999999999999959e-01 4.356899999999999551e+00
1.033000000000000029e-01 4.370699999999999363e+00
1.048999999999999932e-01 4.384600000000000719e+00
1.066000000000000003e-01 4.398300000000000765e+00
1.082999999999999935e-01 4.411500000000000199e+00
1.098999999999999977e-01 4.423899999999999721e+00
1.116000000000000048e-01 4.435000000000000497e+00
1.131999999999999951e-01 4.444499999999999673e+00
1.149000000000000021e-01 4.451999999999999957e+00
1.165999999999999953e-01 4.456799999999999429e+00
1.181999999999999995e-01 4.458700000000000330e+00
1.199000000000000066e-01 4.457200000000000273e+00
1.215999999999999998e-01 4.451900000000000190e+00
1.232000000000000040e-01 4.442399999999999238e+00
1.248999999999999971e-01 4.428399999999999892e+00
1.265999999999999903e-01 4.409700000000000841e+00
1.282000000000000084e-01 4.386300000000000310e+00
1.298999999999999877e-01 4.358100000000000307e+00
1.315999999999999948e-01 4.325300000000000367e+00
1.332000000000000128e-01 4.288000000000000256e+00
1.348999999999999921e-01 4.246800000000000352e+00
1.365999999999999992e-01 4.201999999999999957e+00
1.381999999999999895e-01 4.154099999999999682e+00
1.398999999999999966e-01 4.103699999999999903e+00
1.416000000000000036e-01 4.051500000000000767e+00
1.431999999999999940e-01 3.998100000000000875e+00
1.449000000000000010e-01 3.944200000000000372e+00
1.466000000000000081e-01 3.890399999999999636e+00
1.481999999999999984e-01 3.837500000000000355e+00
1.499000000000000055e-01 3.786099999999999355e+00
1.516000000000000125e-01 3.736900000000000333e+00
1.532000000000000028e-01 3.690599999999999881e+00
1.549000000000000099e-01 3.647800000000000153e+00
1.565999999999999892e-01 3.609099999999999753e+00
1.582000000000000073e-01 3.575200000000000600e+00
1.598999999999999866e-01 3.546599999999999753e+00
1.615000000000000047e-01 3.523799999999999599e+00
1.632000000000000117e-01 3.510099999999999554e+00
1.648999999999999910e-01 3.498499999999999943e+00
1.665000000000000091e-01 3.493800000000000239e+00
0.000000000000000000e+00 3.969100000000000961e+00
1.699999999999999905e-03 3.979100000000000747e+00
3.299999999999999982e-03 4.010300000000000864e+00
5.000000000000000104e-03 4.065099999999999270e+00
6.700000000000000226e-03 4.144800000000000040e+00
8.300000000000000086e-03 4.247999999999999332e+00
1.000000000000000021e-02 4.371000000000000441e+00
1.170000000000000033e-02 4.509700000000000486e+00
1.329999999999999932e-02 4.660099999999999909e+00
1.499999999999999944e-02 4.819200000000000372e+00
1.669999999999999957e-02 4.984799999999999898e+00
1.830000000000000029e-02 5.154999999999999361e+00
2.000000000000000042e-02 5.328500000000000014e+00
2.170000000000000054e-02 5.504300000000000637e+00
2.330000000000000127e-02 5.681499999999999773e+00
2.500000000000000139e-02 5.859600000000000364e+00
2.659999999999999865e-02 6.038100000000000023e+00
2.829999999999999877e-02 6.216499999999999915e+00
2.999999999999999889e-02 6.394500000000000739e+00
3.160000000000000309e-02 6.571899999999999409e+00
3.330000000000000321e-02 6.748200000000000642e+00
3.500000000000000333e-02 6.923299999999999343e+00
3.660000000000000059e-02 7.096700000000000230e+00
3.830000000000000071e-02 7.268000000000000682e+00
4.000000000000000083e-02 7.436700000000000088e+00
4.159999999999999809e-02 7.601800000000000779e+00
4.329999999999999821e-02 7.762199999999999989e+00
4.499999999999999833e-02 7.916299999999999670e+00
4.660000000000000253e-02 8.061700000000000088e+00
4.830000000000000265e-02 8.195199999999999818e+00
5.000000000000000278e-02 8.312799999999999301e+00
5.160000000000000003e-02 8.410199999999999676e+00
5.330000000000000016e-02 8.484099999999999753e+00
5.500000000000000028e-02 8.533900000000000929e+00
5.659999999999999754e-02 8.562300000000000466e+00
5.829999999999999766e-02 8.573600000000000776e+00
5.999999999999999778e-02 8.572699999999999321e+00
6.160000000000000198e-02 8.563599999999999213e+00
6.329999999999999516e-02 8.549500000000000099e+00
6.500000000000000222e-02 8.532500000000000639e+00
6.660000000000000642e-02 8.514100000000000890e+00
6.829999999999999960e-02 8.495599999999999596e+00
6.990000000000000380e-02 8.477600000000000691e+00
7.159999999999999698e-02 8.460800000000000765e+00
7.330000000000000404e-02 8.445700000000000429e+00
7.489999999999999436e-02 8.432399999999999451e+00
7.660000000000000142e-02 8.421300000000000452e+00
7.829999999999999460e-02 8.412499999999999645e+00
7.989999999999999880e-02 8.406100000000000350e+00
8.160000000000000586e-02 8.402300000000000324e+00
8.329999999999999905e-02 8.400999999999999801e+00
8.490000000000000324e-02 8.402300000000000324e+00
8.659999999999999643e-02 8.406100000000000350e+00
8.830000000000000349e-02 8.412499999999999645e+00
8.989999999999999380e-02 8.421300000000000452e+00
9.160000000000000087e-02 8.432399999999999451e+00
9.329999999999999405e-02 8.445700000000000429e+00
9.489999999999999825e-02 8.460800000000000765e+00
9.660000000000000531e-02 8.477600000000000691e+00
9.829999999999999849e-02 8.495599999999999596e+00
9.990000000000000269e-02 8.514100000000000890e+00
1.015999999999999959e-01 8.532500000000000639e+00
1.033000000000000029e-01 8.549500000000000099e+00
1.048999999999999932e-01 8.563599999999999213e+00
1.066000000000000003e-01 8.572699999999999321e+00
1.082999999999999935e-01 8.573600000000000776e+00
1.098999999999999977e-01 8.562300000000000466e+00
1.116000000000000048e-01 8.533900000000000929e+00
1.131999999999999951e-01 8.484099999999999753e+00
1.149000000000000021e-01 8.410199999999999676e+00
1.165999999999999953e-01 8.312799999999999301e+00
1.181999999999999995e-01 8.195199999999999818e+00
1.199000000000000066e-01 8.061700000000000088e+00
1.215999999999999998e-01 7.916299999999999670e+00
1.232000000000000040e-01 7.762199999999999989e+00
1.248999999999999971e-01 7.601800000000000779e+00
1.265999999999999903e-01 7.436700000000000088e+00
1.282000000000000084e-01 7.268000000000000682e+00
1.298999999999999877e-01 7.096700000000000230e+00
1.315999999999999948e-01 6.923299999999999343e+00
1.332000000000000128e-01 6.748200000000000642e+00
1.348999999999999921e-01 6.571899999999999409e+00
1.365999999999999992e-01 6.394500000000000739e+00
1.381999999999999895e-01 6.216499999999999915e+00
1.398999999999999966e-01 6.038100000000000023e+00
1.416000000000000036e-01 5.859600000000000364e+00
1.431999999999999940e-01 5.681499999999999773e+00
1.449000000000000010e-01 5.504300000000000637e+00
1.466000000000000081e-01 5.328500000000000014e+00
1.481999999999999984e-01 5.154999999999999361e+00
1.499000000000000055e-01 4.984799999999999898e+00
1.516000000000000125e-01 4.819200000000000372e+00
1.532000000000000028e-01 4.660099999999999909e+00
1.549000000000000099e-01 4.509700000000000486e+00
1.565999999999999892e-01 4.371000000000000441e+00
1.582000000000000073e-01 4.247999999999999332e+00
1.598999999999999866e-01 4.144800000000000040e+00
1.615000000000000047e-01 4.065099999999999270e+00
1.632000000000000117e-01 4.010300000000000864e+00
1.648999999999999910e-01 3.979100000000000747e+00
1.665000000000000091e-01 3.969100000000000961e+00
0.000000000000000000e+00 8.553200000000000358e+00
1.699999999999999905e-03 8.559100000000000819e+00
3.299999999999999982e-03 8.576800000000000423e+00
5.000000000000000104e-03 8.605999999999999872e+00
6.700000000000000226e-03 8.573900000000000077e+00
8.300000000000000086e-03 8.534700000000000841e+00
1.000000000000000021e-02 8.489900000000000446e+00
1.170000000000000033e-02 8.440799999999999415e+00
1.329999999999999932e-02 8.388799999999999812e+00
1.499999999999999944e-02 8.335300000000000153e+00
1.669999999999999957e-02 8.281499999999999417e+00
1.830000000000000029e-02 8.228699999999999903e+00
2.000000000000000042e-02 8.177899999999999281e+00
2.170000000000000054e-02 8.130200000000000315e+00
2.330000000000000127e-02 8.086600000000000676e+00
2.500000000000000139e-02 8.048000000000000043e+00
2.659999999999999865e-02 8.015399999999999636e+00
2.829999999999999877e-02 7.989399999999999835e+00
2.999999999999999889e-02 7.970900000000000318e+00
3.160000000000000309e-02 7.960599999999999454e+00
3.330000000000000321e-02 7.958999999999999631e+00
3.500000000000000333e-02 7.966799999999999216e+00
3.660000000000000059e-02 7.984299999999999287e+00
3.830000000000000071e-02 8.011800000000000921e+00
4.000000000000000083e-02 8.049500000000000099e+00
4.159999999999999809e-02 8.097400000000000375e+00
4.329999999999999821e-02 8.155499999999999972e+00
4.499999999999999833e-02 8.223700000000000898e+00
4.660000000000000253e-02 8.301500000000000767e+00
4.830000000000000265e-02 8.388799999999999812e+00
5.000000000000000278e-02 8.484999999999999432e+00
5.160000000000000003e-02 8.589700000000000557e+00
5.330000000000000016e-02 8.702500000000000568e+00
5.500000000000000028e-02 8.823000000000000398e+00
5.659999999999999754e-02 8.950599999999999667e+00
5.829999999999999766e-02 9.085000000000000853e+00
5.999999999999999778e-02 9.225600000000000023e+00
6.160000000000000198e-02 9.372199999999999420e+00
6.329999999999999516e-02 9.524300000000000210e+00
6.500000000000000222e-02 9.681499999999999773e+00
6.660000000000000642e-02 9.843400000000000816e+00
6.829999999999999960e-02 1.000970000000000049e+01
6.990000000000000380e-02 1.017999999999999972e+01
7.159999999999999698e-02 1.035369999999999990e+01
7.330000000000000404e-02 1.053020000000000067e+01
7.489999999999999436e-02 1.070839999999999925e+01
7.660000000000000142e-02 1.088690000000000069e+01
7.829999999999999460e-02 1.106230000000000047e+01
7.989999999999999880e-02 1.122739999999999938e+01
8.160000000000000586e-02 1.136260000000000048e+01
8.329999999999999905e-02 1.142099999999999937e+01
8.490000000000000324e-02 1.136260000000000048e+01
8.659999999999999643e-02 1.122739999999999938e+01
8.830000000000000349e-02 1.106230000000000047e+01
8.989999999999999380e-02 1.088690000000000069e+01
9.160000000000000087e-02 1.070839999999999925e+01
9.329999999999999405e-02 1.053020000000000067e+01
9.489999999999999825e-02 1.035369999999999990e+01
9.660000000000000531e-02 1.017999999999999972e+01
9.829999999999999849e-02 1.000970000000000049e+01
9.990000000000000269e-02 9.843400000000000816e+00
1.015999999999999959e-01 9.681499999999999773e+00
1.033000000000000029e-01 9.524300000000000210e+00
1.048999999999999932e-01 9.372199999999999420e+00
1.066000000000000003e-01 9.225600000000000023e+00
1.082999999999999935e-01 9.085000000000000853e+00
1.098999999999999977e-01 8.950599999999999667e+00
1.116000000000000048e-01 8.823000000000000398e+00
1.131999999999999951e-01 8.702500000000000568e+00
1.149000000000000021e-01 8.589700000000000557e+00
1.165999999999999953e-01 8.484999999999999432e+00
1.181999999999999995e-01 8.388799999999999812e+00
1.199000000000000066e-01 8.301500000000000767e+00
1.215999999999999998e-01 8.223700000000000898e+00
1.232000000000000040e-01 8.155499999999999972e+00
1.248999999999999971e-01 8.097400000000000375e+00
1.265999999999999903e-01 8.049500000000000099e+00
1.282000000000000084e-01 8.011800000000000921e+00
1.298999999999999877e-01 7.984299999999999287e+00
1.315999999999999948e-01 7.966799999999999216e+00
1.332000000000000128e-01 7.958999999999999631e+00
1.348999999999999921e-01 7.960599999999999454e+00
1.365999999999999992e-01 7.970900000000000318e+00
1.381999999999999895e-01 7.989399999999999835e+00
1.398999999999999966e-01 8.015399999999999636e+00
1.416000000000000036e-01 8.048000000000000043e+00
1.431999999999999940e-01 8.086600000000000676e+00
1.449000000000000010e-01 8.130200000000000315e+00
1.466000000000000081e-01 8.177899999999999281e+00
1.481999999999999984e-01 8.228699999999999903e+00
1.499000000000000055e-01 8.281499999999999417e+00
1.516000000000000125e-01 8.335300000000000153e+00
1.532000000000000028e-01 8.388799999999999812e+00
1.549000000000000099e-01 8.440799999999999415e+00
1.565999999999999892e-01 8.489900000000000446e+00
1.582000000000000073e-01 8.534700000000000841e+00
1.598999999999999866e-01 8.573900000000000077e+00
1.615000000000000047e-01 8.605999999999999872e+00
1.632000000000000117e-01 8.576800000000000423e+00
1.648999999999999910e-01 8.559100000000000819e+00
1.665000000000000091e-01 8.553200000000000358e+00
0.000000000000000000e+00 8.649699999999999278e+00
1.699999999999999905e-03 8.644700000000000273e+00
3.299999999999999982e-03 8.630000000000000782e+00
5.000000000000000104e-03 8.605999999999999872e+00
6.700000000000000226e-03 8.573900000000000077e+00
8.300000000000000086e-03 8.534700000000000841e+00
1.000000000000000021e-02 8.489900000000000446e+00
1.170000000000000033e-02 8.440799999999999415e+00
1.329999999999999932e-02 8.388799999999999812e+00
1.499999999999999944e-02 8.335300000000000153e+00
1.669999999999999957e-02 8.281499999999999417e+00
1.830000000000000029e-02 8.228699999999999903e+00
2.000000000000000042e-02 8.177899999999999281e+00
2.170000000000000054e-02 8.130200000000000315e+00
2.330000000000000127e-02 8.086600000000000676e+00
2.500000000000000139e-02 8.048000000000000043e+00
2.659999999999999865e-02 8.015399999999999636e+00
2.829999999999999877e-02 7.989399999999999835e+00
2.999999999999999889e-02 7.970900000000000318e+00
3.160000000000000309e-02 7.960599999999999454e+00
3.330000000000000321e-02 7.958999999999999631e+00
3.500000000000000333e-02 7.966799999999999216e+00
3.660000000000000059e-02 7.984299999999999287e+00
3.830000000000000071e-02 8.011800000000000921e+00
4.000000000000000083e-02 8.049500000000000099e+00
4.159999999999999809e-02 8.097400000000000375e+00
4.329999999999999821e-02 8.155499999999999972e+00
4.499999999999999833e-02 8.223700000000000898e+00
4.660000000000000253e-02 8.301500000000000767e+00
4.830000000000000265e-02 8.388799999999999812e+00
5.000000000000000278e-02 8.484999999999999432e+00
5.160000000000000003e-02 8.589700000000000557e+00
5.330000000000000016e-02 8.702500000000000568e+00
5.500000000000000028e-02 8.823000000000000398e+00
5.659999999999999754e-02 8.950599999999999667e+00
5.829999999999999766e-02 9.085000000000000853e+00
5.999999999999999778e-02 9.225600000000000023e+00
6.160000000000000198e-02 9.372199999999999420e+00
6.329999999999999516e-02 9.524300000000000210e+00
6.500000000000000222e-02 9.681499999999999773e+00
6.660000000000000642e-02 9.843400000000000816e+00
6.829999999999999960e-02 1.000970000000000049e+01
6.990000000000000380e-02 1.017999999999999972e+01
7.159999999999999698e-02 1.035369999999999990e+01
7.330000000000000404e-02 1.053020000000000067e+01
7.489999999999999436e-02 1.070839999999999925e+01
7.660000000000000142e-02 1.088690000000000069e+01
7.829999999999999460e-02 1.106230000000000047e+01
7.989999999999999880e-02 1.122739999999999938e+01
8.160000000000000586e-02 1.136260000000000048e+01
8.329999999999999905e-02 1.142099999999999937e+01
8.490000000000000324e-02 1.136260000000000048e+01
8.659999999999999643e-02 1.122739999999999938e+01
8.830000000000000349e-02 1.106230000000000047e+01
8.989999999999999380e-02 1.088690000000000069e+01
9.160000000000000087e-02 1.070839999999999925e+01
9.329999999999999405e-02 1.053020000000000067e+01
9.489999999999999825e-02 1.035369999999999990e+01
9.660000000000000531e-02 1.017999999999999972e+01
9.829999999999999849e-02 1.000970000000000049e+01
9.990000000000000269e-02 9.843400000000000816e+00
1.015999999999999959e-01 9.681499999999999773e+00
1.033000000000000029e-01 9.524300000000000210e+00
1.048999999999999932e-01 9.372199999999999420e+00
1.066000000000000003e-01 9.225600000000000023e+00
1.082999999999999935e-01 9.085000000000000853e+00
1.098999999999999977e-01 8.950599999999999667e+00
1.116000000000000048e-01 8.823000000000000398e+00
1.131999999999999951e-01 8.702500000000000568e+00
1.149000000000000021e-01 8.589700000000000557e+00
1.165999999999999953e-01 8.484999999999999432e+00
1.181999999999999995e-01 8.388799999999999812e+00
1.199000000000000066e-01 8.301500000000000767e+00
1.215999999999999998e-01 8.223700000000000898e+00
1.232000000000000040e-01 8.155499999999999972e+00
1.248999999999999971e-01 8.097400000000000375e+00
1.265999999999999903e-01 8.049500000000000099e+00
1.282000000000000084e-01 8.011800000000000921e+00
1.298999999999999877e-01 7.984299999999999287e+00
1.315999999999999948e-01 7.966799999999999216e+00
1.332000000000000128e-01 7.958999999999999631e+00
1.348999999999999921e-01 7.960599999999999454e+00
1.365999999999999992e-01 7.970900000000000318e+00
1.381999999999999895e-01 7.989399999999999835e+00
1.398999999999999966e-01 8.015399999999999636e+00
1.416000000000000036e-01 8.048000000000000043e+00
1.431999999999999940e-01 8.086600000000000676e+00
1.449000000000000010e-01 8.130200000000000315e+00
1.466000000000000081e-01 8.177899999999999281e+00
1.481999999999999984e-01 8.228699999999999903e+00
1.499000000000000055e-01 8.281499999999999417e+00
1.516000000000000125e-01 8.335300000000000153e+00
1.532000000000000028e-01 8.388799999999999812e+00
1.549000000000000099e-01 8.440799999999999415e+00
1.565999999999999892e-01 8.489900000000000446e+00
1.582000000000000073e-01 8.534700000000000841e+00
1.598999999999999866e-01 8.573900000000000077e+00
1.615000000000000047e-01 8.605999999999999872e+00
1.632000000000000117e-01 8.630000000000000782e+00
1.648999999999999910e-01 8.644700000000000273e+00
1.665000000000000091e-01 8.649699999999999278e+00
0.000000000000000000e+00 8.649699999999999278e+00
1.699999999999999905e-03 8.644700000000000273e+00
3.299999999999999982e-03 8.630000000000000782e+00
5.000000000000000104e-03 8.605999999999999872e+00
6.700000000000000226e-03 8.646499999999999631e+00
8.300000000000000086e-03 8.697800000000000864e+00
1.000000000000000021e-02 8.759399999999999409e+00
1.170000000000000033e-02 8.830600000000000449e+00
1.329999999999999932e-02 8.910500000000000753e+00
1.499999999999999944e-02 8.998100000000000875e+00
1.669999999999999957e-02 9.091900000000000759e+00
1.830000000000000029e-02 9.190200000000000813e+00
2.000000000000000042e-02 9.291000000000000369e+00
2.170000000000000054e-02 9.391299999999999315e+00
2.330000000000000127e-02 9.487600000000000477e+00
2.500000000000000139e-02 9.575800000000000978e+00
2.659999999999999865e-02 9.651099999999999568e+00
2.829999999999999877e-02 9.709400000000000475e+00
2.999999999999999889e-02 9.747799999999999798e+00
3.160000000000000309e-02 9.766000000000000014e+00
3.330000000000000321e-02 9.765900000000000247e+00
3.500000000000000333e-02 9.751099999999999213e+00
3.660000000000000059e-02 9.725500000000000256e+00
3.830000000000000071e-02 9.692800000000000082e+00
4.000000000000000083e-02 9.656399999999999650e+00
4.159999999999999809e-02 9.619300000000000850e+00
4.329999999999999821e-02 9.584300000000000708e+00
4.499999999999999833e-02 9.554399999999999338e+00
4.660000000000000253e-02 9.532799999999999940e+00
4.830000000000000265e-02 9.523500000000000298e+00
5.000000000000000278e-02 9.531200000000000117e+00
5.160000000000000003e-02 9.560600000000000875e+00
5.330000000000000016e-02 9.615199999999999747e+00
5.500000000000000028e-02 9.695999999999999730e+00
5.659999999999999754e-02 9.800599999999999312e+00
5.829999999999999766e-02 9.924400000000000333e+00
5.999999999999999778e-02 1.006290000000000084e+01
6.160000000000000198e-02 1.021189999999999998e+01
6.329999999999999516e-02 1.036829999999999963e+01
6.500000000000000222e-02 1.052950000000000053e+01
6.660000000000000642e-02 1.069379999999999953e+01
6.829999999999999960e-02 1.085940000000000083e+01
6.990000000000000380e-02 1.102490000000000059e+01
7.159999999999999698e-02 1.118850000000000122e+01
7.330000000000000404e-02 1.134830000000000183e+01
7.489999999999999436e-02 1.150140000000000029e+01
7.660000000000000142e-02 1.164399999999999835e+01
7.829999999999999460e-02 1.177039999999999864e+01
7.989999999999999880e-02 1.187270000000000181e+01
8.160000000000000586e-02 1.194069999999999965e+01
8.329999999999999905e-02 1.196480000000000032e+01
8.490000000000000324e-02 1.194069999999999965e+01
8.659999999999999643e-02 1.187270000000000181e+01
8.830000000000000349e-02 1.177039999999999864e+01
8.989999999999999380e-02 1.164399999999999835e+01
9.160000000000000087e-02 1.150140000000000029e+01
9.329999999999999405e-02 1.134830000000000183e+01
9.489999999999999825e-02 1.118850000000000122e+01
9.660000000000000531e-02 1.102490000000000059e+01
9.829999999999999849e-02 1.085940000000000083e+01
9.990000000000000269e-02 1.069379999999999953e+01
1.015999999999999959e-01 1.052950000000000053e+01
1.033000000000000029e-01 1.036829999999999963e+01
1.048999999999999932e-01 1.021189999999999998e+01
1.066000000000000003e-01 1.006290000000000084e+01
1.082999999999999935e-01 9.924400000000000333e+00
1.098999999999999977e-01 9.800599999999999312e+00
1.116000000000000048e-01 9.695999999999999730e+00
1.131999999999999951e-01 9.615199999999999747e+00
1.149000000000000021e-01 9.560600000000000875e+00
1.165999999999999953e-01 9.531200000000000117e+00
1.181999999999999995e-01 9.523500000000000298e+00
1.199000000000000066e-01 9.532799999999999940e+00
1.215999999999999998e-01 9.554399999999999338e+00
1.232000000000000040e-01 9.584300000000000708e+00
1.248999999999999971e-01 9.619300000000000850e+00
1.265999999999999903e-01 9.656399999999999650e+00
1.282000000000000084e-01 9.692800000000000082e+00
1.298999999999999877e-01 9.725500000000000256e+00
1.315999999999999948e-01 9.751099999999999213e+00
1.332000000000000128e-01 9.765900000000000247e+00
1.348999999999999921e-01 9.766000000000000014e+00
1.365999999999999992e-01 9.747799999999999798e+00
1.381999999999999895e-01 9.709400000000000475e+00
1.398999999999999966e-01 9.651099999999999568e+00
1.416000000000000036e-01 9.575800000000000978e+00
1.431999999999999940e-01 9.487600000000000477e+00
1.449000000000000010e-01 9.391299999999999315e+00
1.466000000000000081e-01 9.291000000000000369e+00
1.481999999999999984e-01 9.190200000000000813e+00
1.499000000000000055e-01 9.091900000000000759e+00
1.516000000000000125e-01 8.998100000000000875e+00
1.532000000000000028e-01 8.910500000000000753e+00
1.549000000000000099e-01 8.830600000000000449e+00
1.565999999999999892e-01 8.759399999999999409e+00
1.582000000000000073e-01 8.697800000000000864e+00
1.598999999999999866e-01 8.646499999999999631e+00
1.615000000000000047e-01 8.605999999999999872e+00
1.632000000000000117e-01 8.630000000000000782e+00
1.648999999999999910e-01 8.644700000000000273e+00
1.665000000000000091e-01 8.649699999999999278e+00
0.000000000000000000e+00 1.191349999999999909e+01
1.699999999999999905e-03 1.190759999999999863e+01
3.299999999999999982e-03 1.188990000000000080e+01
5.000000000000000104e-03 1.186129999999999995e+01
6.700000000000000226e-03 1.182280000000000086e+01
8.300000000000000086e-03 1.177580000000000027e+01
1.000000000000000021e-02 1.172169999999999845e+01
1.170000000000000033e-02 1.166240000000000165e+01
1.329999999999999932e-02 1.159969999999999857e+01
1.499999999999999944e-02 1.153549999999999898e+01
1.669999999999999957e-02 1.147200000000000131e+01
1.830000000000000029e-02 1.141130000000000067e+01
2.000000000000000042e-02 1.135620000000000118e+01
2.170000000000000054e-02 1.130979999999999919e+01
2.330000000000000127e-02 1.127590000000000003e+01
2.500000000000000139e-02 1.125900000000000034e+01
2.659999999999999865e-02 1.126370000000000005e+01
2.829999999999999877e-02 1.129439999999999955e+01
2.999999999999999889e-02 1.135389999999999944e+01
3.160000000000000309e-02 1.144239999999999924e+01
3.330000000000000321e-02 1.155799999999999983e+01
3.500000000000000333e-02 1.169719999999999871e+01
3.660000000000000059e-02 1.185589999999999833e+01
3.830000000000000071e-02 1.203040000000000020e+01
4.000000000000000083e-02 1.221750000000000114e+01
4.159999999999999809e-02 1.241450000000000031e+01
4.329999999999999821e-02 1.261890000000000001e+01
4.499999999999999833e-02 1.282860000000000156e+01
4.660000000000000253e-02 1.304149999999999920e+01
4.830000000000000265e-02 1.325540000000000163e+01
5.000000000000000278e-02 1.346780000000000044e+01
5.160000000000000003e-02 1.367579999999999885e+01
5.330000000000000016e-02 1.387539999999999907e+01
5.500000000000000028e-02 1.406180000000000163e+01
5.659999999999999754e-02 1.422879999999999967e+01
5.829999999999999766e-02 1.436890000000000001e+01
5.999999999999999778e-02 1.447390000000000043e+01
6.160000000000000198e-02 1.453740000000000165e+01
6.329999999999999516e-02 1.436029999999999873e+01
6.500000000000000222e-02 1.414280000000000115e+01
6.660000000000000642e-02 1.392399999999999949e+01
6.829999999999999960e-02 1.370510000000000161e+01
6.990000000000000380e-02 1.348699999999999832e+01
7.159999999999999698e-02 1.327060000000000173e+01
7.330000000000000404e-02 1.305679999999999907e+01
7.489999999999999436e-02 1.284680000000000177e+01
7.660000000000000142e-02 1.264219999999999899e+01
7.829999999999999460e-02 1.244630000000000081e+01
7.989999999999999880e-02 1.226670000000000016e+01
8.160000000000000586e-02 1.212270000000000181e+01
8.329999999999999905e-02 1.206139999999999901e+01
8.490000000000000324e-02 1.212270000000000181e+01
8.659999999999999643e-02 1.226670000000000016e+01
8.830000000000000349e-02 1.244630000000000081e+01
8.989999999999999380e-02 1.264219999999999899e+01
9.160000000000000087e-02 1.284680000000000177e+01
9.329999999999999405e-02 1.305679999999999907e+01
9.489999999999999825e-02 1.327060000000000173e+01
9.660000000000000531e-02 1.348699999999999832e+01
9.829999999999999849e-02 1.370510000000000161e+01
9.990000000000000269e-02 1.392399999999999949e+01
1.015999999999999959e-01 1.414280000000000115e+01
1.033000000000000029e-01 1.436029999999999873e+01
1.048999999999999932e-01 1.453740000000000165e+01
1.066000000000000003e-01 1.447390000000000043e+01
1.082999999999999935e-01 1.436890000000000001e+01
1.098999999999999977e-01 1.422879999999999967e+01
1.116000000000000048e-01 1.406180000000000163e+01
1.131999999999999951e-01 1.387539999999999907e+01
1.149000000000000021e-01 1.367579999999999885e+01
1.165999999999999953e-01 1.346780000000000044e+01
1.181999999999999995e-01 1.325540000000000163e+01
1.199000000000000066e-01 1.304149999999999920e+01
1.215999999999999998e-01 1.282860000000000156e+01
1.232000000000000040e-01 1.261890000000000001e+01
1.248999999999999971e-01 1.241450000000000031e+01
1.265999999999999903e-01 1.221750000000000114e+01
1.282000000000000084e-01 1.203040000000000020e+01
1.298999999999999877e-01 1.185589999999999833e+01
1.315999999999999948e-01 1.169719999999999871e+01
1.332000000000000128e-01 1.155799999999999983e+01
1.348999999999999921e-01 1.144239999999999924e+01
1.365999999999999992e-01 1.135389999999999944e+01
1.381999999999999895e-01 1.129439999999999955e+01
1.398999999999999966e-01 1.126370000000000005e+01
1.416000000000000036e-01 1.125900000000000034e+01
1.431999999999999940e-01 1.127590000000000003e+01
1.449000000000000010e-01 1.130979999999999919e+01
1.466000000000000081e-01 1.135620000000000118e+01
1.481999999999999984e-01 1.141130000000000067e+01
1.499000000000000055e-01 1.147200000000000131e+01
1.516000000000000125e-01 1.153549999999999898e+01
1.532000000000000028e-01 1.159969999999999857e+01
1.549000000000000099e-01 1.166240000000000165e+01
1.565999999999999892e-01 1.172169999999999845e+01
1.582000000000000073e-01 1.177580000000000027e+01
1.598999999999999866e-01 1.182280000000000086e+01
1.615000000000000047e-01 1.186129999999999995e+01
1.632000000000000117e-01 1.188990000000000080e+01
1.648999999999999910e-01 1.190759999999999863e+01
1.665000000000000091e-01 1.191349999999999909e+01
