     4 : nkpt
    13 : nstsv

     1   0.000000000       0.000000000       0.000000000     : k-point, vkl
 (state, eigenvalue and occupancy below)
     1 -0.2651592258       2.000000000    
     2  0.8554901225E-01   1.999961744    
     3  0.9572014343E-01   1.333357699    
     4  0.9572014343E-01   1.333357699    
     5  0.9572022216E-01   1.333322705    
     6  0.1805668089       0.000000000    
     7  0.1805668089       0.000000000    
     8  0.1805669546       0.000000000    
     9  0.3419169869       0.000000000    
    10  0.3731071628       0.000000000    
    11  0.3731071628       0.000000000    
    12  0.4690089615       0.000000000    
    13  0.4690089615       0.000000000    


     2  0.3333333333       0.000000000       0.000000000     : k-point, vkl
 (state, eigenvalue and occupancy below)
     1 -0.2298670395       2.000000000    
     2 -0.7349706926E-01   2.000000000    
     3  0.6868917415E-01   2.000000000    
     4  0.6868925383E-01   2.000000000    
     5  0.1148735801      0.1922436248E-07
     6  0.2143757558       0.000000000    
     7  0.2143758638       0.000000000    
     8  0.3046923195       0.000000000    
     9  0.3723772664       0.000000000    
    10  0.3723772860       0.000000000    
    11  0.3833889059       0.000000000    
    12  0.4904868806       0.000000000    
    13  0.5621643062       0.000000000    


     3  0.3333333333      0.3333333333       0.000000000     : k-point, vkl
 (state, eigenvalue and occupancy below)
     1 -0.2151900843       2.000000000    
     2 -0.8280425640E-01   2.000000000    
     3  0.3367667494E-01   2.000000000    
     4  0.3367673139E-01   2.000000000    
     5  0.1349349652      0.3726516994E-16
     6  0.1699362846       0.000000000    
     7  0.3039103158       0.000000000    
     8  0.3039104370       0.000000000    
     9  0.3462378174       0.000000000    
    10  0.4374126271       0.000000000    
    11  0.4760843232       0.000000000    
    12  0.5331888000       0.000000000    
    13  0.5331888291       0.000000000    


     4  0.6666666667      0.3333333333       0.000000000     : k-point, vkl
 (state, eigenvalue and occupancy below)
     1 -0.1828351591       2.000000000    
     2 -0.1269092353       2.000000000    
     3 -0.1248402062E-01   2.000000000    
     4  0.4083203064E-01   2.000000000    
     5  0.1540881165       0.000000000    
     6  0.2691608759       0.000000000    
     7  0.2859524193       0.000000000    
     8  0.2899760086       0.000000000    
     9  0.3152382321       0.000000000    
    10  0.3701322820       0.000000000    
    11  0.5072602288       0.000000000    
    12  0.5644862727       0.000000000    
    13  0.5724771012       0.000000000    

