
+----------------------------+
| Real-space lattice vectors |
+----------------------------+

vector a1 :    5.800000000       5.800000000       0.000000000    
vector a2 :    5.800000000       0.000000000       5.800000000    
vector a3 :    0.000000000       5.800000000       5.800000000    

Stored column-wise as a matrix :
   5.800000000       5.800000000       0.000000000    
   5.800000000       0.000000000       5.800000000    
   0.000000000       5.800000000       5.800000000    

Inverse of matrix :
  0.8620689655E-01  0.8620689655E-01 -0.8620689655E-01
  0.8620689655E-01 -0.8620689655E-01  0.8620689655E-01
 -0.8620689655E-01  0.8620689655E-01  0.8620689655E-01

Unit cell volume :    390.2240000    


+----------------------------------+
| Reciprocal-space lattice vectors |
+----------------------------------+

vector b1 :   0.5416539058      0.5416539058     -0.5416539058    
vector b2 :   0.5416539058     -0.5416539058      0.5416539058    
vector b3 :  -0.5416539058      0.5416539058      0.5416539058    

Stored column-wise as a matrix :
  0.5416539058      0.5416539058     -0.5416539058    
  0.5416539058     -0.5416539058      0.5416539058    
 -0.5416539058      0.5416539058      0.5416539058    

Inverse of matrix :
  0.9230986699      0.9230986699      -0.000000000    
  0.9230986699      -0.000000000      0.9230986699    
  -0.000000000      0.9230986699      0.9230986699    

Brillouin zone volume :   0.6356610907    
