   0.000000000      -1.302265441    
     
   0.000000000      -1.302265441    
     
   0.000000000      -1.302265260    
     
   0.000000000      -1.302265011    
     
   0.000000000      -1.275682289    
     
   0.000000000      -1.275682106    
     
   0.000000000      -1.275574424    
     
   0.000000000      -1.275574423    
     
   0.000000000      -1.275574367    
     
   0.000000000      -1.275574290    
     
   0.000000000     -0.5507756573    
     
   0.000000000     -0.5507756566    
     
   0.000000000     -0.5507753072    
     
   0.000000000     -0.5507748268    
     
   0.000000000     -0.5346732554    
     
   0.000000000     -0.5346729500    
     
   0.000000000     -0.5335586771    
     
   0.000000000     -0.5335586757    
     
   0.000000000     -0.5335585130    
     
   0.000000000     -0.5335582876    
     
   0.000000000     -0.4375350265    
     
   0.000000000     -0.4375350256    
     
   0.000000000     -0.2269899952E-01
     
   0.000000000     -0.2269899830E-01
     
   0.000000000     -0.1132952485E-01
     
   0.000000000     -0.1132219008E-01
     
   0.000000000     -0.1207201557E-05
     
   0.000000000     -0.1183918786E-05
     
   0.000000000      0.1603373671E-06
     
   0.000000000      0.2052119956E-05
     
   0.000000000      0.1241178908    
     
   0.000000000      0.1241192203    
     
   0.000000000      0.1305512967    
     
   0.000000000      0.1305512994    
     
   0.000000000      0.1305515296    
     
   0.000000000      0.1305518704    
     
   0.000000000      0.2621416714    
     
   0.000000000      0.2621416721    
     
   0.000000000      0.3543518468    
     
   0.000000000      0.3543518541    
     
   0.000000000      0.3543518889    
     
   0.000000000      0.3543519375    
     
   0.000000000      0.4080839899    
     
   0.000000000      0.4086093598    
     
   0.000000000      0.4089918296    
     
   0.000000000      0.4089918364    
     
