     1 : nkpt
    46 : nstsv

     1   1.000000000       1.000000000       1.000000000     : k-point, vkl
 (state, eigenvalue and occupancy below)
     1  -1.172804533       1.000000000    
     2  -1.172804533       1.000000000    
     3  -1.172804352       1.000000000    
     4  -1.172804103       1.000000000    
     5  -1.146221381       1.000000000    
     6  -1.146221198       1.000000000    
     7  -1.146113516       1.000000000    
     8  -1.146113515       1.000000000    
     9  -1.146113459       1.000000000    
    10  -1.146113382       1.000000000    
    11 -0.4213147494       1.000000000    
    12 -0.4213147487       1.000000000    
    13 -0.4213143993       1.000000000    
    14 -0.4213139189       1.000000000    
    15 -0.4052123475       1.000000000    
    16 -0.4052120421       1.000000000    
    17 -0.4040977692       1.000000000    
    18 -0.4040977678       1.000000000    
    19 -0.4040976051       1.000000000    
    20 -0.4040973797       1.000000000    
    21 -0.3080741186       1.000000000    
    22 -0.3080741177       1.000000000    
    23  0.1067619084      0.9999999999    
    24  0.1067619096      0.9999999999    
    25  0.1181313831      0.9999879869    
    26  0.1181387178      0.9999878985    
    27  0.1294597007      0.5002966626    
    28  0.1294597240      0.5002908419    
    29  0.1294610682      0.4999547779    
    30  0.1294629600      0.4994818324    
    31  0.2535787987       0.000000000    
    32  0.2535801282       0.000000000    
    33  0.2600122046       0.000000000    
    34  0.2600122073       0.000000000    
    35  0.2600124375       0.000000000    
    36  0.2600127783       0.000000000    
    37  0.3916025793       0.000000000    
    38  0.3916025800       0.000000000    
    39  0.4838127547       0.000000000    
    40  0.4838127620       0.000000000    
    41  0.4838127968       0.000000000    
    42  0.4838128454       0.000000000    
    43  0.5375448978       0.000000000    
    44  0.5380702677       0.000000000    
    45  0.5384527375       0.000000000    
    46  0.5384527443       0.000000000    

