
scale
 1.0

scale1
 1.0

scale2
 1.0

scale3
 1.0

avec
   5.600000000       5.600000000       0.000000000    
   5.600000000       0.000000000       5.600000000    
   0.000000000       5.600000000       5.600000000    

atoms
   2                                    : nspecies
'Ga.in'                                 : spfname
   1                                    : natoms; atpos, bfcmt below
    0.00000000    0.00000000    0.00000000    0.00000000  0.00000000  0.00000000
'As.in'                                 : spfname
   1                                    : natoms; atpos, bfcmt below
    0.25000000    0.25000000    0.25000000    0.00000000  0.00000000  0.00000000
