
+----------------------------+
| Real-space lattice vectors |
+----------------------------+

vector a1 :    5.600000000       5.600000000       0.000000000    
vector a2 :    5.600000000       0.000000000       5.600000000    
vector a3 :    0.000000000       5.600000000       5.600000000    

Stored column-wise as a matrix :
   5.600000000       5.600000000       0.000000000    
   5.600000000       0.000000000       5.600000000    
   0.000000000       5.600000000       5.600000000    

Inverse of matrix :
  0.8928571429E-01  0.8928571429E-01 -0.8928571429E-01
  0.8928571429E-01 -0.8928571429E-01  0.8928571429E-01
 -0.8928571429E-01  0.8928571429E-01  0.8928571429E-01

Unit cell volume :    351.2320000    


+----------------------------------+
| Reciprocal-space lattice vectors |
+----------------------------------+

vector b1 :   0.5609986881      0.5609986881     -0.5609986881    
vector b2 :   0.5609986881     -0.5609986881      0.5609986881    
vector b3 :  -0.5609986881      0.5609986881      0.5609986881    

Stored column-wise as a matrix :
  0.5609986881      0.5609986881     -0.5609986881    
  0.5609986881     -0.5609986881      0.5609986881    
 -0.5609986881      0.5609986881      0.5609986881    

Inverse of matrix :
  0.8912676813      0.8912676813      -0.000000000    
  0.8912676813      -0.000000000      0.8912676813    
  -0.000000000      0.8912676813      0.8912676813    

Brillouin zone volume :   0.7062289696    
