
Expectation values are computed only over the muffin-tin

k-point :      1   1.000000000       1.000000000       1.000000000    
state :      1
species :    1 (Ga), atom :    1
 L :  -0.2779587589E-04 -0.2571705295E-04  0.3922512232E-05
 S :   0.5194739895E-05  0.6724915550E-05  0.9339176625E-05
 J :  -0.2260113599E-04 -0.1899213740E-04  0.1326168886E-04

k-point :      1   1.000000000       1.000000000       1.000000000    
state :      1
species :    2 (As), atom :    1
 L :   0.5087193358      0.4982588984      0.7300101002E-01
 S :  -0.8375506308E-01 -0.8193972901E-01 -0.1152988718E-01
 J :   0.4249642727      0.4163191694      0.6147112284E-01

k-point :      1   1.000000000       1.000000000       1.000000000    
state :      2
species :    1 (Ga), atom :    1
 L :   0.9653430507E-04  0.9051093367E-04  0.2152855826E-04
 S :   0.3030685951E-04  0.2839188246E-04  0.2207183111E-04
 J :   0.1268411646E-03  0.1189028161E-03  0.4360038937E-04

k-point :      1   1.000000000       1.000000000       1.000000000    
state :      2
species :    2 (As), atom :    1
 L :   -1.071721832      -1.005196375     -0.1886490074E-01
 S :   0.1787941565      0.1676938679      0.4372615888E-02
 J :  -0.8929276759     -0.8375025070     -0.1449228486E-01

k-point :      1   1.000000000       1.000000000       1.000000000    
state :      3
species :    1 (Ga), atom :    1
 L :   0.4644204788E-05  0.1142082302E-04  0.7935102841E-04
 S :  -0.2279987931E-06  0.4288241822E-06  0.6814569429E-05
 J :   0.4416205995E-05  0.1184964720E-04  0.8616559784E-04

k-point :      1   1.000000000       1.000000000       1.000000000    
state :      3
species :    2 (As), atom :    1
 L :  -0.6844086203E-01 -0.1645472163      -1.130731856    
 S :   0.1130179794E-01  0.2721777886E-01  0.1872132756    
 J :  -0.5713906409E-01 -0.1373294375     -0.9435185805    

k-point :      1   1.000000000       1.000000000       1.000000000    
state :      4
species :    1 (Ga), atom :    1
 L :  -0.7215824721E-04 -0.7499032299E-04 -0.1035777671E-03
 S :  -0.3513934256E-04 -0.3541136541E-04 -0.3809131924E-04
 J :  -0.1072975898E-03 -0.1104016884E-03 -0.1416690864E-03

k-point :      1   1.000000000       1.000000000       1.000000000    
state :      4
species :    2 (As), atom :    1
 L :   0.6314401524      0.6714814874       1.076592539    
 S :  -0.1063411866     -0.1129722139     -0.1800562991    
 J :   0.5250989658      0.5585092735      0.8965362403    

k-point :      1   1.000000000       1.000000000       1.000000000    
state :      5
species :    1 (Ga), atom :    1
 L :   0.7046253003E-04  0.7045079140E-04  0.7043717370E-04
 S :  -0.2494370375E-04 -0.2493956469E-04 -0.2493473623E-04
 J :   0.4551882628E-04  0.4551122671E-04  0.4550243747E-04

k-point :      1   1.000000000       1.000000000       1.000000000    
state :      5
species :    2 (As), atom :    1
 L :  -0.3842383304     -0.3841747309     -0.3841000078    
 S :  -0.9605968213E-01 -0.9604378251E-01 -0.9602510156E-01
 J :  -0.4802980125     -0.4802185134     -0.4801251094    

k-point :      1   1.000000000       1.000000000       1.000000000    
state :      6
species :    1 (Ga), atom :    1
 L :  -0.7111665166E-04 -0.7110486973E-04 -0.7109162834E-04
 S :   0.2505787931E-04  0.2505369482E-04  0.2504890085E-04
 J :  -0.4605877235E-04 -0.4605117491E-04 -0.4604272749E-04

k-point :      1   1.000000000       1.000000000       1.000000000    
state :      6
species :    2 (As), atom :    1
 L :   0.3831655894      0.3831013488      0.3830278599    
 S :   0.9579050953E-01  0.9577445039E-01  0.9575607574E-01
 J :   0.4789560990      0.4788757992      0.4787839357    

k-point :      1   1.000000000       1.000000000       1.000000000    
state :      7
species :    1 (Ga), atom :    1
 L :  -0.3947751391E-04 -0.2935837304E-04  0.4616900544E-04
 S :   0.2492475285E-04  0.2387325181E-04  0.1230380752E-04
 J :  -0.1455276106E-04 -0.5485121234E-05  0.5847281296E-04

k-point :      1   1.000000000       1.000000000       1.000000000    
state :      7
species :    2 (As), atom :    1
 L :   0.6909832463      0.5706272309     -0.3672604030    
 S :   0.1726041428      0.1422768276     -0.9378233058E-01
 J :   0.8635873892      0.7129040585     -0.4610427336    

k-point :      1   1.000000000       1.000000000       1.000000000    
state :      8
species :    1 (Ga), atom :    1
 L :   0.6323910818E-04  0.5747705025E-04  0.2523578045E-04
 S :  -0.1682643454E-05 -0.1325709787E-05  0.3280513040E-05
 J :   0.6155646473E-04  0.5615134047E-04  0.2851629349E-04

k-point :      1   1.000000000       1.000000000       1.000000000    
state :      8
species :    2 (As), atom :    1
 L :  -0.7001853095     -0.6342230180     -0.2373781112    
 S :  -0.1767872244     -0.1601485079     -0.6024255263E-01
 J :  -0.8769725339     -0.7943715259     -0.2976206638    

k-point :      1   1.000000000       1.000000000       1.000000000    
state :      9
species :    1 (Ga), atom :    1
 L :  -0.7858042779E-05 -0.1541821787E-04 -0.9133677618E-04
 S :   0.5214083393E-06  0.1745176435E-05  0.1398230557E-04
 J :  -0.7336634440E-05 -0.1367304144E-04 -0.7735447061E-04

k-point :      1   1.000000000       1.000000000       1.000000000    
state :      9
species :    2 (As), atom :    1
 L :   0.8879125797E-01  0.1835390814       1.134435939    
 S :   0.2240007635E-01  0.4624313720E-01  0.2855375706    
 J :   0.1111913343      0.2297822186       1.419973509    

k-point :      1   1.000000000       1.000000000       1.000000000    
state :     10
species :    1 (Ga), atom :    1
 L :  -0.1664225007E-04 -0.1343920542E-04  0.1919356829E-04
 S :  -0.2376771774E-04 -0.2429687078E-04 -0.2957081469E-04
 J :  -0.4040996780E-04 -0.3773607620E-04 -0.1037724641E-04

k-point :      1   1.000000000       1.000000000       1.000000000    
state :     10
species :    2 (As), atom :    1
 L :  -0.7851302478E-01 -0.1188664840     -0.5287218475    
 S :  -0.1794545840E-01 -0.2809976011E-01 -0.1312412983    
 J :  -0.9645848318E-01 -0.1469662441     -0.6599631459    

k-point :      1   1.000000000       1.000000000       1.000000000    
state :     11
species :    1 (Ga), atom :    1
 L :   0.8284501671E-01 -0.2052927535     -0.4758604907E-01
 S :   0.5603167018E-02  0.3440198404E-01  0.2131316628E-01
 J :   0.8844818373E-01 -0.1708907695     -0.2627288279E-01

k-point :      1   1.000000000       1.000000000       1.000000000    
state :     11
species :    2 (As), atom :    1
 L :   0.6016011993E-03  0.2393006469E-03  0.5333947512E-03
 S :   0.4094389615E-03  0.9147072302E-04  0.3267483853E-03
 J :   0.1011040161E-02  0.3307713699E-03  0.8601431365E-03

k-point :      1   1.000000000       1.000000000       1.000000000    
state :     12
species :    1 (Ga), atom :    1
 L :  -0.6552587659     -0.3163635178      0.6540463768E-01
 S :   0.1074092877      0.7097243787E-01  0.2357127587E-02
 J :  -0.5478494782     -0.2453910799      0.6776176527E-01

k-point :      1   1.000000000       1.000000000       1.000000000    
state :     12
species :    2 (As), atom :    1
 L :   0.6779604080E-03  0.1012181525E-02  0.4009073401E-03
 S :   0.2370788431E-03  0.5523064370E-03  0.2759091379E-03
 J :   0.9150392510E-03  0.1564487962E-02  0.6768164780E-03

k-point :      1   1.000000000       1.000000000       1.000000000    
state :     13
species :    1 (Ga), atom :    1
 L :  -0.6714730056E-01 -0.1570746587      -1.089063145    
 S :   0.9659542050E-02  0.2320277717E-01  0.1643545038    
 J :  -0.5748775851E-01 -0.1338718815     -0.9247086415    

k-point :      1   1.000000000       1.000000000       1.000000000    
state :     13
species :    2 (As), atom :    1
 L :   0.2427803702E-04  0.7457986091E-04  0.6241624397E-03
 S :  -0.7359326447E-05 -0.2249817181E-05  0.6884344060E-04
 J :   0.1691871057E-04  0.7233004373E-04  0.6930058803E-03

k-point :      1   1.000000000       1.000000000       1.000000000    
state :     14
species :    1 (Ga), atom :    1
 L :   0.6395324487      0.6787022889       1.071215897    
 S :  -0.1226693034     -0.1285744743     -0.1880220644    
 J :   0.5168631453      0.5501278146      0.8831938329    

k-point :      1   1.000000000       1.000000000       1.000000000    
state :     14
species :    2 (As), atom :    1
 L :  -0.1294319874E-02 -0.1316542437E-02 -0.1548945691E-02
 S :  -0.6381659645E-03 -0.6405347450E-03 -0.6705083103E-03
 J :  -0.1932485839E-02 -0.1957077182E-02 -0.2219454001E-02

k-point :      1   1.000000000       1.000000000       1.000000000    
state :     15
species :    1 (Ga), atom :    1
 L :  -0.3784810125     -0.3792407522     -0.3789931953    
 S :  -0.9462895220E-01 -0.9481889097E-01 -0.9475701328E-01
 J :  -0.4731099647     -0.4740596432     -0.4737502086    

k-point :      1   1.000000000       1.000000000       1.000000000    
state :     15
species :    2 (As), atom :    1
 L :   0.1416631278E-02  0.1419478989E-02  0.1418550988E-02
 S :  -0.4106620782E-03 -0.4114869840E-03 -0.4112180246E-03
 J :   0.1005969200E-02  0.1007992005E-02  0.1007332964E-02

k-point :      1   1.000000000       1.000000000       1.000000000    
state :     16
species :    1 (Ga), atom :    1
 L :   0.3782745552      0.3790344325      0.3787872822    
 S :   0.9457765936E-01  0.9476761645E-01  0.9470583647E-01
 J :   0.4728522146      0.4738020490      0.4734931187    

k-point :      1   1.000000000       1.000000000       1.000000000    
state :     16
species :    2 (As), atom :    1
 L :  -0.1421531556E-02 -0.1424379319E-02 -0.1423452254E-02
 S :   0.4116114021E-03  0.4124363617E-03  0.4121677505E-03
 J :  -0.1009920154E-02 -0.1011942958E-02 -0.1011284504E-02

k-point :      1   1.000000000       1.000000000       1.000000000    
state :     17
species :    1 (Ga), atom :    1
 L :  -0.7156201587     -0.4128330330     -0.2205273075    
 S :  -0.2113627926     -0.1213070601     -0.6637811531E-01
 J :  -0.9269829513     -0.5341400931     -0.2869054228    

k-point :      1   1.000000000       1.000000000       1.000000000    
state :     17
species :    2 (As), atom :    1
 L :   0.7464611999E-03  0.4171676972E-03  0.2568019858E-03
 S :   0.5397220902E-04  0.2332839309E-04  0.3215541547E-04
 J :   0.8004334089E-03  0.4404960903E-03  0.2889574013E-03

k-point :      1   1.000000000       1.000000000       1.000000000    
state :     18
species :    1 (Ga), atom :    1
 L :   0.7331764672      0.3845465488     -0.3552135314    
 S :   0.1887264814      0.8593138604E-01 -0.1202513447    
 J :   0.9219029485      0.4704779348     -0.4754648761    

k-point :      1   1.000000000       1.000000000       1.000000000    
state :     18
species :    2 (As), atom :    1
 L :  -0.1660039473E-03  0.1938895714E-03  0.7006000125E-03
 S :   0.2918702465E-03  0.3159816581E-03  0.2181678490E-03
 J :   0.1258662992E-03  0.5098712295E-03  0.9187678615E-03

k-point :      1   1.000000000       1.000000000       1.000000000    
state :     19
species :    1 (Ga), atom :    1
 L :   0.7832494925E-01  0.1644863703       1.103296954    
 S :   0.2212167898E-01  0.4595790536E-01  0.3054385534    
 J :   0.1004466282      0.2104442757       1.408735508    

k-point :      1   1.000000000       1.000000000       1.000000000    
state :     19
species :    2 (As), atom :    1
 L :  -0.6009079004E-04 -0.1151101615E-03 -0.7095730657E-03
 S :   0.7245196501E-05  0.2086855590E-04  0.1722524590E-03
 J :  -0.5284559354E-04 -0.9424160561E-04 -0.5373206067E-03

k-point :      1   1.000000000       1.000000000       1.000000000    
state :     20
species :    1 (Ga), atom :    1
 L :  -0.9564579983E-01 -0.1359645277     -0.5273211634    
 S :   0.5771905592E-03 -0.1051972309E-01 -0.1187466915    
 J :  -0.9506860927E-01 -0.1464842508     -0.6460678549    

k-point :      1   1.000000000       1.000000000       1.000000000    
state :     20
species :    2 (As), atom :    1
 L :  -0.5258473983E-03 -0.5014279757E-03 -0.2533098829E-03
 S :  -0.3533883953E-03 -0.3604793913E-03 -0.4228769502E-03
 J :  -0.8792357936E-03 -0.8619073670E-03 -0.6761868331E-03

k-point :      1   1.000000000       1.000000000       1.000000000    
state :     21
species :    1 (Ga), atom :    1
 L :  -0.2166996817E-16  0.1240309427E-16  0.2390758950E-17
 S :   0.5184856724E-02  0.4998343703E-01  0.6490888059E-01
 J :   0.5184856724E-02  0.4998343703E-01  0.6490888059E-01

k-point :      1   1.000000000       1.000000000       1.000000000    
state :     21
species :    2 (As), atom :    1
 L :   0.1387086005E-16 -0.7313766080E-17 -0.1521453205E-17
 S :   0.1652993266E-01  0.1593530723      0.2069371406    
 J :   0.1652993266E-01  0.1593530723      0.2069371406    

k-point :      1   1.000000000       1.000000000       1.000000000    
state :     22
species :    1 (Ga), atom :    1
 L :  -0.2166996815E-16  0.1240309428E-16  0.2586259374E-17
 S :  -0.5184856724E-02 -0.4998343703E-01 -0.6490888059E-01
 J :  -0.5184856724E-02 -0.4998343703E-01 -0.6490888059E-01

k-point :      1   1.000000000       1.000000000       1.000000000    
state :     22
species :    2 (As), atom :    1
 L :   0.1387086016E-16 -0.7313766055E-17 -0.1797544483E-17
 S :  -0.1652993266E-01 -0.1593530723     -0.2069371406    
 J :  -0.1652993266E-01 -0.1593530723     -0.2069371406    

k-point :      1   1.000000000       1.000000000       1.000000000    
state :     23
species :    1 (Ga), atom :    1
 L :  -0.3081340410E-15  0.2998552140E-14 -0.3058293920E-15
 S :   0.1932943230E-03 -0.2213940703      0.3646112471E-01
 J :   0.1932943230E-03 -0.2213940703      0.3646112471E-01

k-point :      1   1.000000000       1.000000000       1.000000000    
state :     23
species :    2 (As), atom :    1
 L :  -0.3465544428E-13  0.6141193754E-13 -0.2244541886E-13
 S :   0.1494945719E-03 -0.1712270244      0.2819917391E-01
 J :   0.1494945719E-03 -0.1712270244      0.2819917391E-01

k-point :      1   1.000000000       1.000000000       1.000000000    
state :     24
species :    1 (Ga), atom :    1
 L :   0.1981925113E-14  0.1210364049E-14  0.2178299151E-15
 S :  -0.1932943230E-03  0.2213940703     -0.3646112471E-01
 J :  -0.1932943230E-03  0.2213940703     -0.3646112471E-01

k-point :      1   1.000000000       1.000000000       1.000000000    
state :     24
species :    2 (As), atom :    1
 L :   0.3346000532E-13 -0.2109080844E-13  0.2009160530E-13
 S :  -0.1494945719E-03  0.1712270244     -0.2819917391E-01
 J :  -0.1494945719E-03  0.1712270244     -0.2819917391E-01

k-point :      1   1.000000000       1.000000000       1.000000000    
state :     25
species :    1 (Ga), atom :    1
 L :   0.1525886621E-01  0.1526554585E-01  0.1526115151E-01
 S :  -0.1300779475E-01 -0.1301352996E-01 -0.1300976474E-01
 J :   0.2251071462E-02  0.2252015885E-02  0.2251386770E-02

k-point :      1   1.000000000       1.000000000       1.000000000    
state :     25
species :    2 (As), atom :    1
 L :   0.2115134747      0.2116067831      0.2115455168    
 S :  -0.5415946006E-01 -0.5418335391E-01 -0.5416766656E-01
 J :   0.1573540147      0.1574234292      0.1573778503    

k-point :      1   1.000000000       1.000000000       1.000000000    
state :     26
species :    1 (Ga), atom :    1
 L :  -0.1495892269E-01 -0.1496561957E-01 -0.1496121275E-01
 S :   0.1298782594E-01  0.1299358258E-01  0.1298980270E-01
 J :  -0.1971096755E-02 -0.1972036993E-02 -0.1971410052E-02

k-point :      1   1.000000000       1.000000000       1.000000000    
state :     26
species :    2 (As), atom :    1
 L :  -0.2111724454     -0.2112658030     -0.2112045026    
 S :   0.5406762903E-01  0.5409157882E-01  0.5407585352E-01
 J :  -0.1571048163     -0.1571742242     -0.1571286491    

k-point :      1   1.000000000       1.000000000       1.000000000    
state :     27
species :    1 (Ga), atom :    1
 L :   0.5948812982E-02  0.7434965447E-02  0.6705231577E-02
 S :   0.1022714391E-01  0.1271738822E-01  0.1126216603E-01
 J :   0.1617595689E-01  0.2015235367E-01  0.1796739761E-01

k-point :      1   1.000000000       1.000000000       1.000000000    
state :     27
species :    2 (As), atom :    1
 L :   0.8247414217E-01  0.1025602982      0.9084110657E-01
 S :   0.4232615132E-01  0.5263109716E-01  0.4660502329E-01
 J :   0.1248002935      0.1551913954      0.1374461299    

k-point :      1   1.000000000       1.000000000       1.000000000    
state :     28
species :    1 (Ga), atom :    1
 L :   0.1688890063E-01  0.1530594469E-01  0.1588415864E-01
 S :   0.2765370514E-01  0.2503492631E-01  0.2655941021E-01
 J :   0.4454260577E-01  0.4034087100E-01  0.4244356886E-01

k-point :      1   1.000000000       1.000000000       1.000000000    
state :     28
species :    2 (As), atom :    1
 L :   0.2231079923      0.2019823548      0.2142344691    
 S :   0.1144232372      0.1035869920      0.1099055158    
 J :   0.3375312294      0.3055693468      0.3241399849    

k-point :      1   1.000000000       1.000000000       1.000000000    
state :     29
species :    1 (Ga), atom :    1
 L :  -0.3202544935E-03 -0.1742335077E-03  0.9353415035E-04
 S :  -0.4860672361E-03 -0.2987265541E-03 -0.3999519317E-03
 J :  -0.8063217296E-03 -0.4729600617E-03 -0.3064177813E-03

k-point :      1   1.000000000       1.000000000       1.000000000    
state :     29
species :    2 (As), atom :    1
 L :  -0.3885504911E-02 -0.2369743546E-02 -0.3142518864E-02
 S :  -0.2013287095E-02 -0.1239052086E-02 -0.1667852891E-02
 J :  -0.5898792006E-02 -0.3608795633E-02 -0.4810371755E-02

k-point :      1   1.000000000       1.000000000       1.000000000    
state :     30
species :    1 (Ga), atom :    1
 L :  -0.2282182004E-01 -0.2287101911E-01 -0.2298727872E-01
 S :  -0.3743022111E-01 -0.3748903911E-01 -0.3745706827E-01
 J :  -0.6025204115E-01 -0.6036005823E-01 -0.6044434699E-01

k-point :      1   1.000000000       1.000000000       1.000000000    
state :     30
species :    2 (As), atom :    1
 L :  -0.3020552144     -0.3025314460     -0.3022916264    
 S :  -0.1548926683     -0.1551356669     -0.1549992715    
 J :  -0.4569478827     -0.4576671128     -0.4572908979    

k-point :      1   1.000000000       1.000000000       1.000000000    
state :     31
species :    1 (Ga), atom :    1
 L :   0.1373112303      0.1370183384      0.1372931500    
 S :  -0.3602178672E-01 -0.3594489466E-01 -0.3601697615E-01
 J :   0.1012894436      0.1010734438      0.1012761738    

k-point :      1   1.000000000       1.000000000       1.000000000    
state :     31
species :    2 (As), atom :    1
 L :  -0.1524760984E-01 -0.1521505804E-01 -0.1524559229E-01
 S :  -0.1277090909E-01 -0.1274359699E-01 -0.1276912296E-01
 J :  -0.2801851892E-01 -0.2795865502E-01 -0.2801471526E-01

k-point :      1   1.000000000       1.000000000       1.000000000    
state :     32
species :    1 (Ga), atom :    1
 L :  -0.1371371991     -0.1368446197     -0.1371194888    
 S :   0.3592313640E-01  0.3584657578E-01  0.3591871503E-01
 J :  -0.1012140627     -0.1009980439     -0.1012007738    

k-point :      1   1.000000000       1.000000000       1.000000000    
state :     32
species :    2 (As), atom :    1
 L :   0.1526483817E-01  0.1523231877E-01  0.1526286037E-01
 S :   0.1284340171E-01  0.1281620882E-01  0.1284175406E-01
 J :   0.2810823987E-01  0.2804852759E-01  0.2810461443E-01

k-point :      1   1.000000000       1.000000000       1.000000000    
state :     33
species :    1 (Ga), atom :    1
 L :   0.5067760659E-01 -0.3157611503E-01  0.2101949844    
 S :   0.2658627923E-01 -0.1658713564E-01  0.1103523637    
 J :   0.7726388582E-01 -0.4816325067E-01  0.3205473481    

k-point :      1   1.000000000       1.000000000       1.000000000    
state :     33
species :    2 (As), atom :    1
 L :  -0.5195542346E-02  0.3496677224E-02 -0.2252289705E-01
 S :   0.9604762336E-02 -0.5992735925E-02  0.3986791139E-01
 J :   0.4409219990E-02 -0.2496058701E-02  0.1734501434E-01

k-point :      1   1.000000000       1.000000000       1.000000000    
state :     34
species :    1 (Ga), atom :    1
 L :   0.1455530697      0.2268588288     -0.1407027288E-01
 S :   0.7644564299E-01  0.1191172170     -0.7398663713E-02
 J :   0.2219987127      0.3459760458     -0.2146893660E-01

k-point :      1   1.000000000       1.000000000       1.000000000    
state :     34
species :    2 (As), atom :    1
 L :  -0.1595519844E-01 -0.2449707879E-01  0.1650214586E-02
 S :   0.2761861965E-01  0.4303476802E-01 -0.2673156990E-02
 J :   0.1166342121E-01  0.1853768924E-01 -0.1022942404E-02

k-point :      1   1.000000000       1.000000000       1.000000000    
state :     35
species :    1 (Ga), atom :    1
 L :  -0.5846558529E-02  0.3479770948E-02  0.6016818406E-04
 S :  -0.3034038012E-02  0.1868447596E-02  0.1056509515E-03
 J :  -0.8880596540E-02  0.5348218543E-02  0.1658191356E-03

k-point :      1   1.000000000       1.000000000       1.000000000    
state :     35
species :    2 (As), atom :    1
 L :   0.5978541218E-03 -0.4578094449E-03 -0.4808741990E-03
 S :  -0.1132260676E-02  0.6347631861E-03 -0.4628894175E-06
 J :  -0.5344065546E-03  0.1769537412E-03 -0.4813370884E-03

k-point :      1   1.000000000       1.000000000       1.000000000    
state :     36
species :    1 (Ga), atom :    1
 L :  -0.1905646260     -0.1989426815     -0.1963650180    
 S :  -0.1000714148     -0.1044724040     -0.1031332761    
 J :  -0.2906360407     -0.3034150854     -0.2994982941    

k-point :      1   1.000000000       1.000000000       1.000000000    
state :     36
species :    2 (As), atom :    1
 L :   0.2054113710E-01  0.2144642996E-01  0.2134176773E-01
 S :  -0.3606068141E-01 -0.3764646424E-01 -0.3716398630E-01
 J :  -0.1551954431E-01 -0.1620003427E-01 -0.1582221857E-01

k-point :      1   1.000000000       1.000000000       1.000000000    
state :     37
species :    1 (Ga), atom :    1
 L :  -0.1648565733E-16 -0.7062275633E-17  0.5575562526E-16
 S :   0.9188880721E-01 -0.1215582128E-01  0.4556802686E-01
 J :   0.9188880721E-01 -0.1215582128E-01  0.4556802686E-01

k-point :      1   1.000000000       1.000000000       1.000000000    
state :     37
species :    2 (As), atom :    1
 L :   0.2338546643E-16 -0.1340440388E-16 -0.2749585387E-16
 S :   0.2140343204E-01 -0.2831425311E-02  0.1061404752E-01
 J :   0.2140343204E-01 -0.2831425311E-02  0.1061404752E-01

k-point :      1   1.000000000       1.000000000       1.000000000    
state :     38
species :    1 (Ga), atom :    1
 L :  -0.3543198367E-15  0.1180556265E-16  0.2975637548E-15
 S :  -0.9188880721E-01  0.1215582128E-01 -0.4556802686E-01
 J :  -0.9188880721E-01  0.1215582128E-01 -0.4556802686E-01

k-point :      1   1.000000000       1.000000000       1.000000000    
state :     38
species :    2 (As), atom :    1
 L :   0.4518042859E-16 -0.1334727535E-16 -0.3971208024E-16
 S :  -0.2140343204E-01  0.2831425311E-02 -0.1061404752E-01
 J :  -0.2140343204E-01  0.2831425311E-02 -0.1061404752E-01

k-point :      1   1.000000000       1.000000000       1.000000000    
state :     39
species :    1 (Ga), atom :    1
 L :  -0.2126916933E-03 -0.1743954189E-04 -0.5692489312E-04
 S :  -0.5026024004E-01 -0.8312834130E-02 -0.2928882872E-01
 J :  -0.5047293173E-01 -0.8330273672E-02 -0.2934575362E-01

k-point :      1   1.000000000       1.000000000       1.000000000    
state :     39
species :    2 (As), atom :    1
 L :  -0.4651080489E-03 -0.3947733528E-04 -0.1250174324E-03
 S :  -0.7478423790E-01 -0.1236909235E-01 -0.4358038015E-01
 J :  -0.7524934595E-01 -0.1240856968E-01 -0.4370539758E-01

k-point :      1   1.000000000       1.000000000       1.000000000    
state :     40
species :    1 (Ga), atom :    1
 L :   0.2324592462E-03  0.1097042051E-03 -0.9670039512E-04
 S :   0.2183365896E-01 -0.1771531115E-01 -0.3294505354E-01
 J :   0.2206611820E-01 -0.1760560694E-01 -0.3304175394E-01

k-point :      1   1.000000000       1.000000000       1.000000000    
state :     40
species :    2 (As), atom :    1
 L :   0.5230140221E-03  0.2411602593E-03 -0.1948606220E-03
 S :   0.3248642739E-01 -0.2636029487E-01 -0.4902051874E-01
 J :   0.3300944142E-01 -0.2611913461E-01 -0.4921537936E-01

k-point :      1   1.000000000       1.000000000       1.000000000    
state :     41
species :    1 (Ga), atom :    1
 L :   0.1245862715E-03  0.7293507133E-04  0.5278172701E-03
 S :   0.4366742705E-02  0.7681278978E-02  0.6515259416E-01
 J :   0.4491328976E-02  0.7754214050E-02  0.6568041143E-01

k-point :      1   1.000000000       1.000000000       1.000000000    
state :     41
species :    2 (As), atom :    1
 L :   0.6350642817E-04 -0.5302479430E-04  0.6805530594E-03
 S :   0.6497045970E-02  0.1142924579E-01  0.9694236430E-01
 J :   0.6560552398E-02  0.1137622099E-01  0.9762291736E-01

k-point :      1   1.000000000       1.000000000       1.000000000    
state :     42
species :    1 (Ga), atom :    1
 L :  -0.1437160784E-03 -0.1646342331E-03 -0.3743542990E-03
 S :   0.2405982392E-01  0.1834685218E-01 -0.2918727232E-02
 J :   0.2391610785E-01  0.1818221794E-01 -0.3293081531E-02

k-point :      1   1.000000000       1.000000000       1.000000000    
state :     42
species :    2 (As), atom :    1
 L :  -0.1224469227E-03 -0.1496134570E-03 -0.3608343538E-03
 S :   0.3580090673E-01  0.2730028357E-01 -0.4341324295E-02
 J :   0.3567845981E-01  0.2715067011E-01 -0.4702158648E-02

k-point :      1   1.000000000       1.000000000       1.000000000    
state :     43
species :    1 (Ga), atom :    1
 L :  -0.1036966953E-01 -0.1037036189E-01 -0.1037746425E-01
 S :  -0.7768472996E-02 -0.7768479706E-02 -0.7768414336E-02
 J :  -0.1813814252E-01 -0.1813884160E-01 -0.1814587858E-01

k-point :      1   1.000000000       1.000000000       1.000000000    
state :     43
species :    2 (As), atom :    1
 L :  -0.1483090083E-01 -0.1483039025E-01 -0.1482522386E-01
 S :  -0.6378500669E-02 -0.6378506832E-02 -0.6378446419E-02
 J :  -0.2120940150E-01 -0.2120889708E-01 -0.2120367028E-01

k-point :      1   1.000000000       1.000000000       1.000000000    
state :     44
species :    1 (Ga), atom :    1
 L :  -0.2293887066E-02 -0.2277510151E-02 -0.2112277580E-02
 S :  -0.1858152383E-01 -0.1858163600E-01 -0.1858125580E-01
 J :  -0.2087541090E-01 -0.2085914615E-01 -0.2069353338E-01

k-point :      1   1.000000000       1.000000000       1.000000000    
state :     44
species :    2 (As), atom :    1
 L :  -0.3311137398E-02 -0.3322618307E-02 -0.3438972178E-02
 S :  -0.1523193533E-01 -0.1523204789E-01 -0.1523191869E-01
 J :  -0.1854307273E-01 -0.1855466620E-01 -0.1867089087E-01

k-point :      1   1.000000000       1.000000000       1.000000000    
state :     45
species :    1 (Ga), atom :    1
 L :  -0.2967511287E-02 -0.5126114742E-02 -0.8421576689E-02
 S :   0.4211970840E-02  0.7414757598E-02  0.1257405988E-01
 J :   0.1244459553E-02  0.2288642856E-02  0.4152483193E-02

k-point :      1   1.000000000       1.000000000       1.000000000    
state :     45
species :    2 (As), atom :    1
 L :  -0.4050537624E-02 -0.7197540295E-02 -0.1239491091E-01
 S :   0.3449254921E-02  0.6071967474E-02  0.1029663514E-01
 J :  -0.6012827027E-03 -0.1125572821E-02 -0.2098275772E-02

k-point :      1   1.000000000       1.000000000       1.000000000    
state :     46
species :    1 (Ga), atom :    1
 L :  -0.1466715561E-01 -0.1252416142E-01 -0.9386086023E-02
 S :   0.2235142634E-01  0.1914876194E-01  0.1398901528E-01
 J :   0.7684270725E-02  0.6624600520E-02  0.4602929257E-02

k-point :      1   1.000000000       1.000000000       1.000000000    
state :     46
species :    2 (As), atom :    1
 L :  -0.2224225723E-01 -0.1908436117E-01 -0.1377659785E-01
 S :   0.1830279466E-01  0.1568019742E-01  0.1145534123E-01
 J :  -0.3939462564E-02 -0.3404163756E-02 -0.2321256619E-02
