0  0.4994138527
0  0.4995353282
0  0.4995353282
0  0.4995353281
0  0.2967608372
0  0.4832199675
0  0.4832199629
0  0.4832199646
0  0.4849006446
0  0.4849006446
0  0.1786738993
0  0.1786738975
0  0.1786738972
0  -0.4995210364
0  -0.4995353281
0  -0.4995353282
0  -0.4995353282
0  -0.2966536536
0  -0.4832199646
0  -0.4832199629
0  -0.4832199675
0  -0.4849006447
0  -0.4849006446
0  -0.1786738972
0  -0.1786738975
0  -0.1786738993
1  0.4994158475
1  0.4995197304
1  0.4995339036
1  0.499533904
1  0.2967559751
1  0.4829923752
1  0.4829923871
1  0.4832812115
1  0.4846258736
1  0.4846260772
1  0.1852796495
1  0.1852793899
1  0.1786445308
1  -0.4995226592
1  -0.4995221455
1  -0.499534077
1  -0.4995340772
1  -0.2966471397
1  -0.4831569829
1  -0.4831569977
1  -0.4832808201
1  -0.4849827366
1  -0.4849828813
1  -0.1847579931
1  -0.1847578237
1  -0.1786445212
2  0.4994217842
2  0.4994735308
2  0.4995290545
2  0.499529056
2  0.2967449262
2  0.4823392418
2  0.4823392667
2  0.4834602263
2  0.4840250192
2  0.4840258047
2  0.2004802413
2  0.2004794628
2  0.1785564227
2  -0.4995274856
2  -0.4994831014
2  -0.499530745
2  -0.4995307462
2  -0.2966345189
2  -0.4829204933
2  -0.4829205251
2  -0.4834553617
2  -0.485091985
2  -0.4850925486
2  -0.1988303247
2  -0.1988297817
2  -0.1785564201
3  0.4994315214
3  0.4993984798
3  0.4995202417
3  0.4995202446
3  0.2967384948
3  0.4812826794
3  0.4812827809
3  0.4837425856
3  0.4834047295
3  0.4834058633
3  0.2174138163
3  0.2174138511
3  0.1784098109
3  -0.4995353902
3  -0.4994196822
3  -0.4995255934
3  -0.4995255956
3  -0.2966371487
3  -0.4824277021
3  -0.482427806
3  -0.4837188605
3  -0.4850936306
3  -0.485094505
3  -0.2145746774
3  -0.2145746977
3  -0.1784098098
4  0.4994448284
4  0.4992973933
4  0.4995074508
4  0.499507456
4  0.296755338
4  0.4797978836
4  0.4797980536
4  0.4841035816
4  0.482919817
4  0.4829210136
4  0.2328504249
4  0.2328489391
4  0.1782049957
4  -0.4995461693
4  -0.4993342826
4  -0.4995182951
4  -0.499518299
4  -0.2966926481
4  -0.48161374
4  -0.4816138823
4  -0.4840280414
4  -0.4850166063
4  -0.4850174839
4  -0.2289269033
4  -0.2289258293
4  -0.1782049952
5  0.4994604495
5  0.4991613091
5  0.4994885714
5  0.4994885801
5  0.2968322927
5  0.4777972815
5  0.4777975614
5  0.4843586269
5  0.4824953474
5  0.4824966318
5  0.2460863351
5  0.2460847705
5  0.1779423925
5  -0.4995586873
5  -0.4992175786
5  -0.4995063288
5  -0.4995063358
5  -0.2968662293
5  -0.4803723879
5  -0.4803725943
5  -0.4841701831
5  -0.484809282
5  -0.4848101952
5  -0.241179551
5  -0.2411784045
5  -0.1779423922
6  0.4994802322
6  0.4989810924
6  0.4994682825
6  0.4994682911
6  0.2969228101
6  0.4753784231
6  0.475378769
6  0.4838861258
6  0.4825162276
6  0.4825175883
6  0.2573609701
6  0.2573593907
6  0.4067888829
6  -0.4995744659
6  -0.4991358589
6  -0.4994939323
6  -0.4994939392
6  -0.297273377
6  -0.4788179014
6  -0.4788181367
6  -0.4851912622
6  -0.4848721912
6  -0.4848732638
6  -0.2515398756
6  -0.2515387026
6  -0.404884179
7  0.4995021242
7  0.4988235697
7  0.4994434769
7  0.4994434878
7  0.2972073021
7  0.4725127006
7  0.4725132935
7  0.4842196058
7  0.4828110972
7  0.4828118418
7  0.2670144367
7  0.2670142256
7  0.4064923446
7  -0.4995922968
7  -0.4990108525
7  -0.4994779421
7  -0.4994779508
7  -0.2979311291
7  -0.476893663
7  -0.4768940626
7  -0.4851638864
7  -0.485086272
7  -0.4850867483
7  -0.2603240384
7  -0.2603238834
7  -0.4045467812
8  0.4995258232
8  0.4986589569
8  0.4994138531
8  0.499413856
8  0.2976993658
8  0.4692689143
8  0.4692692158
8  0.4843957819
8  0.4833520864
8  0.4833527659
8  0.2754106344
8  0.2754106652
8  0.4060960055
8  -0.4996116454
8  -0.498879298
8  -0.4994580009
8  -0.4994580021
8  -0.2990341852
8  -0.4746456532
8  -0.4746458558
8  -0.4847414108
8  -0.4854644026
8  -0.4854648657
8  -0.2678776151
8  -0.2678775958
8  -0.4041093936
9  0.499552687
9  0.4985158655
9  0.499384548
9  0.499384553
9  0.2985009119
9  0.4661952441
9  0.4661962598
9  0.4844960004
9  0.4839910079
9  0.4839918878
9  0.2826156726
9  0.2826147885
9  0.4054716154
9  -0.499633851
9  -0.4987667003
9  -0.4994375282
9  -0.4994375318
9  -0.3007990935
9  -0.4724955856
9  -0.4724963038
9  -0.4838639722
9  -0.485867939
9  -0.4858686281
9  -0.2743855738
9  -0.2743848712
9  -0.4034734634
10  0.4995791552
10  0.4983543507
10  0.4993485448
10  0.4993485499
10  0.2996858778
10  0.4626119882
10  0.4626125465
10  0.4840166149
10  0.4848599862
10  0.4848605549
10  0.2891841928
10  0.2891832471
10  0.4049981376
10  -0.4996556246
10  -0.4986363735
10  -0.499412584
10  -0.4994125877
10  -0.3034312917
10  -0.4699342521
10  -0.4699346584
10  -0.4865109857
10  -0.4865113962
10  -0.4819368559
10  -0.2801469686
10  -0.2801461779
10  -0.4029739904
11  0.4996058302
11  0.4982018386
11  0.4993071116
11  0.49930712
11  0.301405616
11  0.4589170589
11  0.458918187
11  0.4858030432
11  0.4858035262
11  0.4829863688
11  0.2951773692
11  0.2951763124
11  0.4045128142
11  -0.4996775967
11  -0.4985128444
11  -0.4993830248
11  -0.4993830316
11  -0.3072427009
11  -0.4672646908
11  -0.4672654838
11  -0.4872270495
11  -0.487227383
11  -0.4788026372
11  -0.285329989
11  -0.2853290766
11  -0.4024766881
12  0.499632172
12  0.4980630654
12  0.4992601013
12  0.4992601108
12  0.3038261954
12  0.455173992
12  0.4551746436
12  0.4867718054
12  0.4867722356
12  0.4812088984
12  0.3007294422
12  0.3007277511
12  0.4040299261
12  -0.4996993167
12  -0.4984000759
12  -0.4993486957
12  -0.4993487037
12  -0.3125514268
12  -0.4645462534
12  -0.4645468168
12  -0.487978865
12  -0.4879791777
12  -0.4741090434
12  -0.2900613988
12  -0.290060171
12  -0.4020003943
13  0.4996576714
13  0.4979422013
13  0.4992074683
13  0.4992074719
13  0.3071451044
13  0.4514264754
13  0.451428029
13  0.4877281222
13  0.487728513
13  0.4784507516
13  0.3059435281
13  0.3059422138
13  0.4035653561
13  -0.4997203586
13  -0.4983015733
13  -0.499309531
13  -0.4993095335
13  -0.3196469526
13  -0.461823853
13  -0.4618250742
13  -0.4887343725
13  -0.488734665
13  -0.4675270501
13  -0.294437983
13  -0.2944368096
13  -0.4015651501
14  0.4996818627
14  0.497842748
14  0.4991492792
14  0.4991492849
14  0.3115833801
14  0.4477057784
14  0.4477066671
14  0.4886430624
14  0.4886434234
14  0.474448296
14  0.3109012627
14  0.3108992094
14  0.403140179
14  -0.4997403324
14  -0.4982202956
14  -0.4992655605
14  -0.4992655652
14  -0.3286983589
14  -0.4591318678
14  -0.4591325367
14  -0.4894675073
14  -0.4894677801
14  -0.4588423369
14  -0.2985343822
14  -0.2985327677
14  -0.401195142
15  0.4997043368
15  0.4977674631
15  0.4990857539
15  0.4990857551
15  0.3173623052
15  0.4440287615
15  0.444029746
15  0.4894953228
15  0.4894955958
15  0.4689301456
15  0.3156634983
15  0.3156618505
15  0.4027836987
15  -0.499758895
15  -0.4981585878
15  -0.4992169457
15  -0.4992169466
15  -0.3396412206
15  -0.4564922403
15  -0.4564930202
15  -0.4901579617
15  -0.4901581717
15  -0.4480684392
15  -0.3024061611
15  -0.3024048362
15  -0.4009208072
16  0.4997247513
16  0.497718307
16  0.4990172463
16  0.4990172524
16  0.3246567965
16  0.4404048303
16  0.4404066899
16  0.4902697234
16  0.4902699611
16  0.4616633801
16  0.3202778476
16  0.3202758656
16  0.402535691
16  -0.499775759
16  -0.4981181323
16  -0.4991639609
16  -0.4991639659
16  -0.3520965849
16  -0.453919542
16  -0.4539210643
16  -0.4907905565
16  -0.4907907387
16  -0.4355283975
16  -0.3060956549
16  -0.3060939321
16  -0.4007800535
17  0.4997428395
17  0.4976964102
17  0.4989442816
17  0.4989442836
17  0.3335236812
17  0.4368386016
17  0.4368398224
17  0.4909564313
17  0.4909565858
17  0.4525259571
17  0.3247774054
17  0.3247755533
17  0.4024473011
17  -0.4997906996
17  -0.4980999187
17  -0.4991070247
17  -0.4991070262
17  -0.3653913286
17  -0.4514229026
17  -0.4514238904
17  -0.4913548749
17  -0.4913549933
17  -0.4218357113
17  -0.3096318562
17  -0.3096303905
17  -0.4008185372
18  0.4997584164
18  0.4977020599
18  0.4988675198
18  0.4988675263
18  0.3438207966
18  0.4333282205
18  0.4333303572
18  0.4915500785
18  0.4915501901
18  0.4415899705
18  0.3291849629
18  0.3291831242
18  0.4025799813
18  -0.4998035607
18  -0.4981042289
18  -0.4990466691
18  -0.4990466744
18  -0.4490044612
18  -0.4490059695
18  -0.3787029719
18  -0.4918446861
18  -0.49184477
18  -0.407751516
18  -0.3130349992
18  -0.3130334749
18  -0.4010892225
19  0.4997713827
19  0.497734703
19  0.4987877851
19  0.4987877829
19  0.3551578306
19  0.4298725419
19  0.4298747051
19  0.4920492726
19  0.4920494348
19  0.4291748297
19  0.3335133773
19  0.333511324
19  0.4030024125
19  -0.4998142573
19  -0.498130638
19  -0.498983564
19  -0.4989835603
19  -0.4466653119
19  -0.4466670788
19  -0.391262269
19  -0.4922575628
19  -0.4922576872
19  -0.3939817942
19  -0.316316532
19  -0.3163149243
19  -0.4016522028
20  0.4997817262
20  0.4977929667
20  0.4987060058
20  0.498706011
20  0.3669282027
20  0.4264681107
20  0.4264703891
20  0.4924560177
20  0.4924560789
20  0.4158194008
20  0.3377669905
20  0.3377648409
20  0.4037869989
20  -0.4998227771
20  -0.4981780289
20  -0.4989184632
20  -0.4989184668
20  -0.4444027293
20  -0.4444045965
20  -0.4025139194
20  -0.4925943852
20  -0.4925944309
20  -0.3810174969
20  -0.3194815371
20  -0.3194798371
20  -0.4025770715
21  0.4997895198
21  0.497874696
21  0.498623245
21  0.4986232514
21  0.3784355701
21  0.423112731
21  0.4231149606
21  0.4927743819
21  0.4927744164
21  0.4021551819
21  0.3419434212
21  0.3419414053
21  0.4050102389
21  -0.4998291793
21  -0.4982446238
21  -0.4988522368
21  -0.4988522409
21  -0.4422130857
21  -0.4422151627
21  -0.4121683101
21  -0.4928581834
21  -0.4928582088
21  -0.3690713939
21  -0.3225303679
21  -0.3225283514
21  -0.403951675
22  0.4997949176
22  0.4979770106
22  0.4985406353
22  0.4985406424
22  0.4198062002
22  0.4198075244
22  0.3890631629
22  0.4930096271
22  0.4930096969
22  0.3887262549
22  0.3460352751
22  0.3460330945
22  0.4067629873
22  -0.4998335907
22  -0.4983280306
22  -0.4987858105
22  -0.4987858118
22  -0.4400929427
22  -0.440093923
22  -0.4201699255
22  -0.4930532677
22  -0.4930533162
22  -0.3580924043
22  -0.3254597162
22  -0.325457996
22  -0.4059002941
23  0.4997981478
23  0.4980963814
23  0.4984593661
23  0.4984593723
23  0.4165494943
23  0.4165518749
23  0.3984014681
23  0.4931667176
23  0.4931667425
23  0.3758488522
23  0.350030935
23  0.3500285291
23  0.4091621365
23  -0.4998362006
23  -0.4984253076
23  -0.4987201518
23  -0.4987201547
23  -0.4380367554
23  -0.4380387409
23  -0.4266255327
23  -0.4931837325
23  -0.4931837486
23  -0.3478289746
23  -0.3282658512
23  -0.3282639068
23  -0.4085909603
24  0.4997995023
24  0.4982287287
24  0.4983806426
24  0.4983806551
24  0.4133505958
24  0.4133521632
24  0.406285801
24  0.4932486536
24  0.493248671
24  0.3637433023
24  0.353916154
24  0.3539138371
24  0.4121805327
24  -0.499837252
24  -0.4985330477
24  -0.4986562503
24  -0.4986562558
24  -0.4360437802
24  -0.436045044
24  -0.4317325986
24  -0.4932516797
24  -0.4932516895
24  -0.3381453287
24  -0.3309443709
24  -0.3309423102
24  -0.4119896319
25  0.499798539
25  0.4982946912
25  0.4982946963
25  0.4983652393
25  0.412321463
25  0.4102606673
25  0.4102630796
25  0.4932649916
25  0.4932649822
25  0.3574407457
25  0.3574383192
25  0.3554323075
25  0.413295101
25  -0.4998361741
25  -0.4985837974
25  -0.4985837982
25  -0.4986444613
25  -0.4353475577
25  -0.4341317441
25  -0.4341338704
25  -0.4932655559
25  -0.4932655482
25  -0.3332799772
25  -0.3332778759
25  -0.3321421483
25  -0.4132423143
26  0.49979814
26  0.4982292671
26  0.4982292792
26  0.4985113977
26  0.4176370896
26  0.4072606876
26  0.4072621303
26  0.4932163612
26  0.4932163315
26  0.3610131806
26  0.3610106262
26  0.3634201892
26  0.3987784736
26  -0.499835906
26  -0.4985307713
26  -0.4985307756
26  -0.4987630192
26  -0.4385516906
26  -0.4323072552
26  -0.4323082729
26  -0.493223232
26  -0.4932232201
26  -0.3356581303
26  -0.335656205
26  -0.3424392867
26  -0.3985553888
27  0.4997969949
27  0.498169951
27  0.4981699616
27  0.4986561794
27  0.4219234889
27  0.4043814499
27  0.4043828678
27  0.493074539
27  0.4930745171
27  0.3644163187
27  0.364413852
27  0.380842216
27  0.3758935967
27  -0.499835027
27  -0.4984824108
27  -0.4984824131
27  -0.4988800409
27  -0.441086522
27  -0.4305671589
27  -0.430568215
27  -0.4930891981
27  -0.4930891958
27  -0.3379034127
27  -0.3379014519
27  -0.3640289089
27  -0.3732819779
28  0.4997955085
28  0.4981176594
28  0.4981176595
28  0.4987947679
28  0.4254085344
28  0.4016617293
28  0.401663555
28  0.492827699
28  0.4928276628
28  0.3676212125
28  0.3676189621
28  0.3899175795
28  0.3622279331
28  -0.4998338739
28  -0.4984394587
28  -0.4984394525
28  -0.4989915269
28  -0.4431382212
28  -0.4289306019
28  -0.4289322995
28  -0.4928426844
28  -0.4928426969
28  -0.340015503
28  -0.3400134422
28  -0.3764535892
28  -0.3577271128
29  0.4997940736
29  0.4980731398
29  0.4980731594
29  0.4989225951
29  0.4283006326
29  0.3991523924
29  0.3991536876
29  0.4924630486
29  0.4924630085
29  0.3705891092
29  0.3705870555
29  0.3943091192
29  0.3539449763
29  -0.4998327729
29  -0.4984025203
29  -0.4984025304
29  -0.499093704
29  -0.4448620578
29  -0.4274243706
29  -0.4274252802
29  -0.4924599319
29  -0.4924599847
29  -0.3419909382
29  -0.341989044
29  -0.3825828863
29  -0.3488999761
30  0.4997930555
30  0.4980370182
30  0.49803702
30  0.4990355248
30  0.4307781073
30  0.3969153032
30  0.3969165851
30  0.4919691273
30  0.4919691339
30  0.3732683998
30  0.3732661907
30  0.3966032283
30  0.3483161791
30  -0.4998320255
30  -0.4983721051
30  -0.4983720969
30  -0.4991831863
30  -0.446384524
30  -0.4260774307
30  -0.426078321
30  -0.4919204866
30  -0.4919203998
30  -0.3438199266
30  -0.3438180111
30  -0.385785265
30  -0.3433410946
31  0.4997927763
31  0.4980096547
31  0.4980096754
31  0.4991300231
31  0.4329885002
31  0.3950241301
31  0.3950253474
31  0.4913381734
31  0.4913381861
31  0.3755930837
31  0.3755912341
31  0.397764658
31  0.344270051
31  -0.4998318952
31  -0.4983484999
31  -0.4983485109
31  -0.4992571269
31  -0.4478073528
31  -0.4249175453
31  -0.4249188175
31  -0.4912166685
31  -0.4912167577
31  -0.3454823266
31  -0.3454803578
31  -0.3874467361
31  -0.339602898
32  0.4997935018
32  0.4979912757
32  0.49799127
32  0.499203303
32  0.4350527174
32  0.3935568898
32  0.3935579144
32  0.4905690863
32  0.4905689994
32  0.3774871585
32  0.3774853753
32  0.3981901918
32  0.3413413047
32  -0.4998325962
32  -0.4983319028
32  -0.4983318832
32  -0.4993133518
32  -0.4492119955
32  -0.4239593882
32  -0.4239601225
32  -0.490366951
32  -0.4903667393
32  -0.3469463821
32  -0.3469445994
32  -0.3881551758
32  -0.3370678999
33  0.4997954308
33  0.4979817936
33  0.4979818181
33  0.4992534294
33  0.4370710378
33  0.3925836799
33  0.3925842796
33  0.4896726667
33  0.4896726857
33  0.378870042
33  0.3788684909
33  0.3980618452
33  0.3393264974
33  -0.4998342848
33  -0.4983222345
33  -0.4983222507
33  -0.4993504678
33  -0.4506636697
33  -0.4231909867
33  -0.42319163
33  -0.4894244142
33  -0.4894244693
33  -0.3481705856
33  -0.3481688845
33  -0.3881846011
33  -0.3354752183
34  0.4997986866
34  0.4979809984
34  0.4979810017
34  0.4992793725
34  0.4391296351
34  0.3921485114
34  0.3921490474
34  0.4886805624
34  0.4886805735
34  0.3796670434
34  0.3796649772
34  0.3974657551
34  0.3381915283
34  -0.4998370546
34  -0.498319359
34  -0.4983193502
34  -0.4993679411
34  -0.4522143982
34  -0.4225710517
34  -0.4225712934
34  -0.4884787418
34  -0.488478768
34  -0.3491078471
34  -0.349106301
34  -0.3876696872
34  -0.3347758997
35  0.4998033099
35  0.4979883705
35  0.4979883579
35  0.4992809937
35  0.4413073258
35  0.3922529279
35  0.3922534088
35  0.487653246
35  0.4876529659
35  0.3798158082
35  0.3798147079
35  0.3964369717
35  0.3380978776
35  -0.4998409363
35  -0.498322864
35  -0.4983228434
35  -0.4993661497
35  -0.4539044898
35  -0.4220344855
35  -0.4220346663
35  -0.4876404387
35  -0.4876401141
35  -0.3497126797
35  -0.3497116101
35  -0.3866742096
35  -0.3351407848
36  0.4998092505
36  0.4980031963
36  0.4980031763
36  0.499258951
36  0.3928477143
36  0.3928477001
36  0.4436835951
36  0.4866811373
36  0.4866810431
36  0.3792764635
36  0.3792749385
36  0.3949782445
36  0.3395721288
36  -0.499845906
36  -0.4983322069
36  -0.4983321842
36  -0.4993464195
36  -0.4557614622
36  -0.4215106737
36  -0.4215113082
36  -0.4870161757
36  -0.48701607
36  -0.3499493666
36  -0.3499477737
36  -0.3852204599
36  -0.3371275326
37  0.499816721
37  0.4980375238
37  0.4980380278
37  0.4992781699
37  0.3924037645
37  0.3943380873
37  0.4476015971
37  0.4850349094
37  0.48634016
37  0.3782082327
37  0.3779779561
37  0.3928387329
37  0.2731779625
37  -0.4998525727
37  -0.4983612463
37  -0.4983600419
37  -0.4992981656
37  -0.4234703544
37  -0.4215020651
37  -0.4572275794
37  -0.4879621657
37  -0.4870959574
37  -0.3495574434
37  -0.3497153706
37  -0.3831569029
37  -0.2675319797
38  0.4998246761
38  0.4980650126
38  0.4980664802
38  0.4992027442
38  0.3932763519
38  0.395743022
38  0.4497264413
38  0.4845135926
38  0.4857480223
38  0.3763259829
38  0.3760359875
38  0.3905550905
38  0.2766849117
38  -0.4998586058
38  -0.4983825559
38  -0.4983804502
38  -0.4992359094
38  -0.42346315
38  -0.4209659714
38  -0.4594134464
38  -0.4878466092
38  -0.4870532181
38  -0.3489017257
38  -0.3491702034
38  -0.3808009903
38  -0.27029548
39  0.4998346153
39  0.498098655
39  0.4981011077
39  0.4991292287
39  0.394273642
39  0.3973417887
39  0.4526920596
39  0.4844598844
39  0.4855800353
39  0.3737495221
39  0.3734300594
39  0.3876365072
39  0.2800753718
39  -0.4998661927
39  -0.4984091343
39  -0.4984061238
39  -0.4991787829
39  -0.4234370347
39  -0.420356307
39  -0.4623708362
39  -0.4881006615
39  -0.4874025027
39  -0.3478758568
39  -0.3482820298
39  -0.377876599
39  -0.2728404159
40  0.4998452893
40  0.4981355516
40  0.4981389538
40  0.4990441161
40  0.3952877982
40  0.3990286623
40  0.4560470163
40  0.4848446795
40  0.4858191896
40  0.3705214925
40  0.3702053496
40  0.38410103
40  0.283397738
40  -0.4998740763
40  -0.4984384068
40  -0.4984345468
40  -0.4991128013
40  -0.4233700411
40  -0.4196492907
40  -0.4656250758
40  -0.4886439409
40  -0.488053675
40  -0.346559967
40  -0.3470475466
40  -0.3744254982
40  -0.2751820004
41  0.4998564007
41  0.4981743101
41  0.4981785685
41  0.4989513244
41  0.3962573401
41  0.4007368022
41  0.4598400921
41  0.4856615237
41  0.4864688587
41  0.3667096245
41  0.366432406
41  0.3798817092
41  0.286680929
41  -0.499881998
41  -0.4984692619
41  -0.498464654
41  -0.4990414632
41  -0.4232621575
41  -0.418848797
41  -0.4691782304
41  -0.489427793
41  -0.4889513851
41  -0.3449871161
41  -0.3455514944
41  -0.3704278348
41  -0.2773377039
42  0.4998676257
42  0.4982135006
42  0.4982184255
42  0.4988548936
42  0.3971337466
42  0.4024256852
42  0.4641066167
42  0.4868578267
42  0.4874885201
42  0.3624091404
42  0.3622025743
42  0.3749257787
42  0.289957646
42  -0.49988969
42  -0.4985005334
42  -0.4984953725
42  -0.4989683226
42  -0.4231302269
42  -0.4179635653
42  -0.4730072927
42  -0.4903872004
42  -0.4900240829
42  -0.3432499226
42  -0.3438509358
42  -0.3658896093
42  -0.2793052256
43  0.4998786222
43  0.4982516863
43  0.4982569868
43  0.4987588584
43  0.3978998265
43  0.4040764324
43  0.4688519753
43  0.4883424039
43  0.488799519
43  0.3577464919
43  0.3576316798
43  0.3692213277
43  0.2932336402
43  -0.4998968929
43  -0.4985310553
43  -0.4985256293
43  -0.4988968198
43  -0.4229826996
43  -0.4170033904
43  -0.477052655
43  -0.4914491489
43  -0.491191927
43  -0.3414314687
43  -0.3420418341
43  -0.360864416
43  -0.2810815137
44  0.4998890363
44  0.4982874715
44  0.4982927522
44  0.498667148
44  0.3985459849
44  0.4056790081
44  0.4740239973
44  0.4899956387
44  0.4902946386
44  0.3528841695
44  0.3528677457
44  0.3628387531
44  0.2964970804
44  -0.4999033734
44  -0.498559697
44  -0.4985543859
44  -0.4988301165
44  -0.4228331663
44  -0.4159828186
44  -0.4812051588
44  -0.4925371262
44  -0.4923727457
44  -0.3396351225
44  -0.340224113
44  -0.3554802861
44  -0.2826453144
45  0.499898507
45  0.4983195507
45  0.4983243288
45  0.4985835108
45  0.3990717237
45  0.4072213943
45  0.4794726712
45  0.4916794999
45  0.4918483045
45  0.3480315832
45  0.3480996319
45  0.355987243
45  0.29969507
45  -0.4999089411
45  -0.4985853964
45  -0.4985806578
45  -0.4987709467
45  -0.4226930725
45  -0.4149247004
45  -0.4852953707
45  -0.4935771278
45  -0.4934867088
45  -0.3379763683
45  -0.3385031462
45  -0.3499666735
45  -0.2839639089
46  0.4999066736
46  0.4983467489
46  0.4983505302
46  0.4985114476
46  0.3994810716
46  0.4086732762
46  0.4849032191
46  0.4932495166
46  0.4933262795
46  0.3434574979
46  0.3435719047
46  0.3490753391
46  0.3027139846
46  -0.4999134611
46  -0.498607206
46  -0.4986034958
46  -0.4987214981
46  -0.4225717071
46  -0.4138700323
46  -0.489091535
46  -0.4945016579
46  -0.4944612612
46  -0.3365688154
46  -0.3369878788
46  -0.344670185
46  -0.2849987557
47  0.4999131875
47  0.4983680748
47  0.4983704852
47  0.4984541226
47  0.3997819747
47  0.4099648693
47  0.4898457714
47  0.4945704329
47  0.4945921676
47  0.3394965903
47  0.3396033588
47  0.3427429026
47  0.3053609687
47  -0.4999168593
47  -0.4986243128
47  -0.4986219649
47  -0.4986833511
47  -0.4224741855
47  -0.4128933489
47  -0.4923142625
47  -0.4952472563
47  -0.4952418694
47  -0.3355043276
47  -0.33577878
47  -0.3400415112
47  -0.2857228768
48  0.4999177361
48  0.4983827496
48  0.4983837526
48  0.4984142193
48  0.3999778817
48  0.4109721832
48  0.4936869986
48  0.4955234342
48  0.4955230451
48  0.3365327053
48  0.3365889349
48  0.3378081104
48  0.3073759402
48  -0.4999191136
48  -0.4986360704
48  -0.4986351101
48  -0.4986575021
48  -0.4224071648
48  -0.4121122249
48  -0.4946734221
48  -0.4957769902
48  -0.4957762912
48  -0.3348269204
48  -0.3349472312
48  -0.3365770268
48  -0.2861426236
49  0.4999200773
49  0.4983902377
49  0.4983903029
49  0.4983937307
49  0.4000763761
49  0.4115364423
49  0.4958080291
49  0.4960202661
49  0.4960202206
49  0.3349394742
49  0.3349346522
49  0.3350814506
49  0.3084759593
49  -0.4999202336
49  -0.4986420803
49  -0.4986419693
49  -0.4986444749
49  -0.4223716039
49  -0.4116688249
49  -0.4959238283
49  -0.4960492936
49  -0.4960492703
49  -0.3345133721
49  -0.3345275427
49  -0.3347147567
49  -0.2863199684
50  0.4999200773
50  0.4983902215
50  0.4983903191
50  0.4983937307
50  0.4000756431
50  0.4115364067
50  0.4958080291
50  0.4960202655
50  0.4960202218
50  0.3349335268
50  0.3349405971
50  0.3350814527
50  0.3084767278
50  -0.4999202336
50  -0.4986420141
50  -0.4986420356
50  -0.4986444749
50  -0.4223721379
50  -0.4116688591
50  -0.4959238282
50  -0.4960492928
50  -0.4960492707
50  -0.3345155566
50  -0.3345253593
50  -0.3347147557
50  -0.2863194005
51  0.4999177361
51  0.4983827478
51  0.4983837544
51  0.4984142193
51  0.3999776982
51  0.4109723164
51  0.4936869986
51  0.4955241056
51  0.4955223739
51  0.3365327641
51  0.3365888763
51  0.3378081104
51  0.3073759901
51  -0.4999191136
51  -0.4986360776
51  -0.4986351029
51  -0.4986575021
51  -0.4224073737
51  -0.4121121043
51  -0.4946734221
51  -0.4957773619
51  -0.4957759191
51  -0.3348271827
51  -0.3349469661
51  -0.3365770268
51  -0.2861425385
52  0.4999131875
52  0.4983680756
52  0.4983704845
52  0.4984541226
52  0.399782916
52  0.40996507
52  0.4898457713
52  0.4945722687
52  0.4945903303
52  0.3394967547
52  0.3396032199
52  0.3427429026
52  0.3053598026
52  -0.4999168593
52  -0.4986243113
52  -0.4986219664
52  -0.4986833511
52  -0.4224732225
52  -0.4128932061
52  -0.4923142625
52  -0.4952506157
52  -0.4952385285
52  -0.3355043143
52  -0.3357788525
52  -0.3400415112
52  -0.2857239049
53  0.4999066736
53  0.4983467506
53  0.4983505286
53  0.4985114476
53  0.3994810542
53  0.4086737305
53  0.484903219
53  0.4932494591
53  0.4933263593
53  0.3434578685
53  0.3435715604
53  0.3490753391
53  0.3027134991
53  -0.4999134611
53  -0.4986072041
53  -0.4986034977
53  -0.4987214981
53  -0.4225715504
53  -0.4138696691
53  -0.489091535
53  -0.4945018578
53  -0.4944610825
53  -0.3365688854
53  -0.3369879473
53  -0.344670185
53  -0.284999116
54  0.499898507
54  0.4983195527
54  0.4983243268
54  0.4985835108
54  0.3990713084
54  0.4072219027
54  0.4794726712
54  0.4916789211
54  0.4918489147
54  0.3480320539
54  0.3480991688
54  0.355987243
54  0.299694938
54  -0.4999089411
54  -0.4985853945
54  -0.4985806597
54  -0.4987709467
54  -0.4226932614
54  -0.4149242721
54  -0.4852953707
54  -0.4935777975
54  -0.4934860616
54  -0.3379770102
54  -0.3385026679
54  -0.3499666735
54  -0.2839639622
55  0.4998890363
55  0.4982874736
55  0.4982927499
55  0.498667148
55  0.3985438826
55  0.4056792284
55  0.4740239973
55  0.4899954331
55  0.4902949534
55  0.3528843463
55  0.3528675101
55  0.3628387532
55  0.2964989122
55  -0.4999033734
55  -0.4985596946
55  -0.4985543887
55  -0.4988301165
55  -0.422834909
55  -0.4159826671
55  -0.4812051587
55  -0.4925373377
55  -0.4923724606
55  -0.339635009
55  -0.3402242995
55  -0.3554802861
55  -0.2826437235
56  0.4998786222
56  0.498251686
56  0.4982569871
56  0.4987588584
56  0.3979005068
56  0.4040760844
56  0.4688519753
56  0.4883424025
56  0.4887995037
56  0.3577465595
56  0.3576316222
56  0.3692213277
56  0.2932333145
56  -0.4998968929
56  -0.4985310559
56  -0.4985256286
56  -0.4988968198
56  -0.4229822031
56  -0.4170036055
56  -0.477052655
56  -0.4914491695
56  -0.4911919263
56  -0.3414300212
56  -0.3420432961
56  -0.360864416
56  -0.2810817607
57  0.4998676257
57  0.4982135028
57  0.4982184232
57  0.4988548936
57  0.3971330399
57  0.402425912
57  0.4641066167
57  0.486857786
57  0.4874885989
57  0.3624094006
57  0.3622022789
57  0.3749257787
57  0.2899581233
57  -0.49988969
57  -0.4985005311
57  -0.498495375
57  -0.4989683226
57  -0.4231310552
57  -0.4179631197
57  -0.4730072927
57  -0.4903872424
57  -0.490024043
57  -0.3432491367
57  -0.3438518316
57  -0.3658896093
57  -0.2793047308
58  0.4998564007
58  0.4981743119
58  0.4981785664
58  0.4989513244
58  0.3962556061
58  0.400736843
58  0.4598400922
58  0.4856614852
58  0.4864689835
58  0.3667098627
58  0.3664321298
58  0.3798817093
58  0.2866825743
58  -0.499881998
58  -0.4984692602
58  -0.4984646562
58  -0.4990414632
58  -0.4232637437
58  -0.4188486511
58  -0.4691782304
58  -0.4894278071
58  -0.4889512905
58  -0.3449876775
58  -0.345550967
58  -0.3704278349
58  -0.2773363097
59  0.4998452893
59  0.4981355521
59  0.4981389533
59  0.4990441161
59  0.3952875873
59  0.3990287761
59  0.4560470163
59  0.4848447034
59  0.4858191715
59  0.3705220506
59  0.3702048017
59  0.38410103
59  0.2833978191
59  -0.4998740763
59  -0.4984384066
59  -0.498434547
59  -0.4991128013
59  -0.4233704154
59  -0.4196490119
59  -0.4656250758
59  -0.4886439483
59  -0.4880536563
59  -0.3465534064
59  -0.3470540933
59  -0.3744254982
59  -0.2751819301
60  0.4998346153
60  0.4980986563
60  0.4981011061
60  0.4991292287
60  0.3942725631
60  0.397341496
60  0.4526920596
60  0.4844597519
60  0.4855801603
60  0.3737505081
60  0.3734291091
60  0.3876365072
60  0.2800767155
60  -0.4998661927
60  -0.4984091322
60  -0.4984061262
60  -0.4991787829
60  -0.4234380078
60  -0.4203565523
60  -0.4623708362
60  -0.4881006468
60  -0.48740247
60  -0.3478826807
60  -0.3482751623
60  -0.377876599
60  -0.2728392882
61  0.4998246761
61  0.4980650127
61  0.4980664803
61  0.4992027442
61  0.3932770392
61  0.3957429181
61  0.4497264412
61  0.4845137536
61  0.485747933
61  0.3763220476
61  0.3760399523
61  0.3905550905
61  0.276684227
61  -0.4998586058
61  -0.4983825558
61  -0.4983804501
61  -0.4992359094
61  -0.4234624949
61  -0.4209661658
61  -0.4594134464
61  -0.4878465402
61  -0.4870532349
61  -0.3488966166
61  -0.3491752286
61  -0.3808009903
61  -0.270296077
62  0.499816721
62  0.4980375243
62  0.4980380274
62  0.4992781699
62  0.3924037865
62  0.3943381352
62  0.4476015971
62  0.4850349279
62  0.4863401475
62  0.3781982615
62  0.3779879085
62  0.3928387329
62  0.2731779052
62  -0.4998525727
62  -0.4983612471
62  -0.4983600411
62  -0.4992981656
62  -0.4234704047
62  -0.4215019438
62  -0.4572275794
62  -0.4879621665
62  -0.4870959612
62  -0.3495621711
62  -0.349710667
62  -0.3831569029
62  -0.2675320219
63  0.4998092505
63  0.4980031976
63  0.498003175
63  0.499258951
63  0.3928476261
63  0.3928477883
63  0.4436835951
63  0.4866811928
63  0.4866809875
63  0.3792760034
63  0.3792753986
63  0.3949782445
63  0.3395721288
63  -0.499845906
63  -0.4983322077
63  -0.4983321834
63  -0.4993464195
63  -0.4557614622
63  -0.421510714
63  -0.4215112678
63  -0.4870162183
63  -0.4870160274
63  -0.3499490979
63  -0.3499480423
63  -0.3852204599
63  -0.3371275326
64  0.4998033099
64  0.497988359
64  0.4979883695
64  0.4992809937
64  0.4413073258
64  0.3922526951
64  0.3922536415
64  0.4876532367
64  0.4876529752
64  0.3798161988
64  0.3798143173
64  0.3964369717
64  0.3380978776
64  -0.4998409363
64  -0.4983228544
64  -0.498322853
64  -0.4993661497
64  -0.4539044898
64  -0.4220342343
64  -0.4220349175
64  -0.4876404264
64  -0.4876401264
64  -0.3497128799
64  -0.3497114099
64  -0.3866742096
64  -0.3351407848
65  0.4997986866
65  0.4979809932
65  0.4979810069
65  0.4992793725
65  0.4391296351
65  0.3921485719
65  0.3921489869
65  0.4886805046
65  0.4886806312
65  0.3796663898
65  0.3796656309
65  0.3974657551
65  0.3381915283
65  -0.4998370546
65  -0.4983193564
65  -0.4983193529
65  -0.4993679411
65  -0.4522143982
65  -0.4225707847
65  -0.4225715605
65  -0.488478677
65  -0.4884788328
65  -0.3491078217
65  -0.3491063264
65  -0.3876696872
65  -0.3347758997
66  0.4997954308
66  0.4979817927
66  0.497981819
66  0.4992534294
66  0.4370710378
66  0.3925834562
66  0.3925845033
66  0.4896727448
66  0.4896726075
66  0.3788701606
66  0.3788683722
66  0.3980618452
66  0.3393264974
66  -0.4998342848
66  -0.4983222338
66  -0.4983222514
66  -0.4993504678
66  -0.4506636697
66  -0.4231909378
66  -0.4231916789
66  -0.4894245592
66  -0.4894243242
66  -0.348170558
66  -0.348168912
66  -0.3881846011
66  -0.3354752183
67  0.4997935018
67  0.4979912822
67  0.4979912634
67  0.499203303
67  0.4350527174
67  0.3935568243
67  0.3935579798
67  0.4905690215
67  0.4905690642
67  0.3774873583
67  0.3774851755
67  0.3981901918
67  0.3413413047
67  -0.4998325962
67  -0.498331905
67  -0.498331881
67  -0.4993133518
67  -0.4492119955
67  -0.4239593375
67  -0.4239601732
67  -0.4903667877
67  -0.4903669026
67  -0.3469463824
67  -0.3469445991
67  -0.3881551758
67  -0.3370678999
68  0.4997927763
68  0.4980096535
68  0.4980096765
68  0.4991300231
68  0.4329885002
68  0.3950241036
68  0.3950253738
68  0.4913381807
68  0.4913381788
68  0.3755933157
68  0.3755910021
68  0.397764658
68  0.344270051
68  -0.4998318952
68  -0.4983484985
68  -0.4983485123
68  -0.4992571269
68  -0.4478073528
68  -0.424917726
68  -0.4249186368
68  -0.4912167003
68  -0.4912167259
68  -0.3454822549
68  -0.3454804295
68  -0.3874467361
68  -0.339602898
69  0.4997930555
69  0.4980370154
69  0.4980370228
69  0.4990355248
69  0.4307781073
69  0.3969151233
69  0.396916765
69  0.4919691383
69  0.4919691229
69  0.3732683843
69  0.3732662062
69  0.3966032283
69  0.3483161791
69  -0.4998320255
69  -0.4983721034
69  -0.4983720986
69  -0.4991831863
69  -0.446384524
69  -0.426077046
69  -0.4260787057
69  -0.4919204019
69  -0.4919204845
69  -0.3438200043
69  -0.3438179334
69  -0.385785265
69  -0.3433410946
70  0.4997940736
70  0.4980731397
70  0.4980731595
70  0.4989225951
70  0.4283006326
70  0.399152356
70  0.399153724
70  0.4924630484
70  0.4924630086
70  0.3705893114
70  0.3705868533
70  0.3943091192
70  0.3539449763
70  -0.4998327729
70  -0.4984025203
70  -0.4984025304
70  -0.499093704
70  -0.4448620578
70  -0.4274243734
70  -0.4274252775
70  -0.4924599318
70  -0.4924599848
70  -0.3419909575
70  -0.3419890247
70  -0.3825828863
70  -0.3488999761
71  0.4997955085
71  0.4981176587
71  0.4981176601
71  0.4987947679
71  0.4254085344
71  0.4016615794
71  0.4016637049
71  0.4928276911
71  0.4928276707
71  0.3676212333
71  0.3676189412
71  0.3899175795
71  0.3622279331
71  -0.4998338739
71  -0.4984394583
71  -0.4984394529
71  -0.4989915269
71  -0.4431382212
71  -0.428930421
71  -0.4289324804
71  -0.4928426875
71  -0.4928426938
71  -0.3400155532
71  -0.3400133919
71  -0.3764535892
71  -0.3577271128
72  0.4997969949
72  0.4981699552
72  0.4981699573
72  0.4986561794
72  0.4219234889
72  0.4043810543
72  0.4043832634
72  0.4930745304
72  0.4930745258
72  0.3644162642
72  0.3644139064
72  0.380842216
72  0.3758935967
72  -0.499835027
72  -0.4984824137
72  -0.4984824102
72  -0.4988800409
72  -0.441086522
72  -0.4305666503
72  -0.4305687236
72  -0.4930891972
72  -0.4930891967
72  -0.3379035141
72  -0.3379013506
72  -0.3640289089
72  -0.3732819779
73  0.49979814
73  0.4982292665
73  0.4982292797
73  0.4985113977
73  0.4176370896
73  0.4072604576
73  0.4072623604
73  0.4932163605
73  0.4932163322
73  0.3610131282
73  0.3610106786
73  0.3634201892
73  0.3987784736
73  -0.499835906
73  -0.498530771
73  -0.4985307759
73  -0.4987630192
73  -0.4385516906
73  -0.432306956
73  -0.4323085721
73  -0.4932232317
73  -0.4932232204
73  -0.3356581603
73  -0.335656175
73  -0.3424392867
73  -0.3985553888
74  0.499798539
74  0.4982946917
74  0.4982946957
74  0.4983652393
74  0.412321463
74  0.4102611103
74  0.4102626367
74  0.4932649909
74  0.4932649829
74  0.357440646
74  0.3574384189
74  0.3554323075
74  0.413295101
74  -0.4998361741
74  -0.4985837982
74  -0.4985837975
74  -0.4986444613
74  -0.4353475577
74  -0.4341322545
74  -0.43413336
74  -0.4932655553
74  -0.4932655487
74  -0.3332799089
74  -0.3332779442
74  -0.3321421483
74  -0.4132423143
75  0.4997995023
75  0.4982287287
75  0.4983806395
75  0.4983806582
75  0.4133507287
75  0.4133520302
75  0.406285801
75  0.4932486571
75  0.4932486676
75  0.3637433023
75  0.3539162553
75  0.3539137359
75  0.4121805327
75  -0.499837252
75  -0.4985330477
75  -0.4986562472
75  -0.4986562589
75  -0.4360439735
75  -0.4360448506
75  -0.4317325986
75  -0.4932516816
75  -0.4932516875
75  -0.3381453287
75  -0.330944342
75  -0.3309423392
75  -0.4119896319
76  0.4997981478
76  0.4980963814
76  0.4984593629
76  0.4984593754
76  0.4165497285
76  0.4165516407
76  0.3984014681
76  0.4931667162
76  0.4931667439
76  0.3758488522
76  0.3500309112
76  0.3500285529
76  0.4091621365
76  -0.4998362006
76  -0.4984253076
76  -0.4987201506
76  -0.4987201559
76  -0.4380369563
76  -0.43803854
76  -0.4266255327
76  -0.4931837316
76  -0.4931837495
76  -0.3478289746
76  -0.3282659026
76  -0.3282638554
76  -0.4085909603
77  0.4997949176
77  0.4979770106
77  0.4985406359
77  0.4985406418
77  0.4198056364
77  0.4198080884
77  0.3890631629
77  0.4930096266
77  0.4930096974
77  0.3887262549
77  0.346035363
77  0.3460330065
77  0.4067629873
77  -0.4998335907
77  -0.4983280306
77  -0.4987858095
77  -0.4987858128
77  -0.4400924253
77  -0.4400944405
77  -0.4201699255
77  -0.4930532674
77  -0.4930533165
77  -0.3580924043
77  -0.3254598282
77  -0.325457884
77  -0.4059002941
78  0.4997895198
78  0.497874696
78  0.4986232471
78  0.4986232494
78  0.3784355701
78  0.4231127282
78  0.4231149633
78  0.4927743814
78  0.4927744169
78  0.4021551819
78  0.3419435702
78  0.3419412563
78  0.4050102389
78  -0.4998291793
78  -0.4982446238
78  -0.4988522392
78  -0.4988522385
78  -0.4422130862
78  -0.4422151621
78  -0.4121683101
78  -0.492858183
78  -0.4928582091
78  -0.3690713939
78  -0.322530438
78  -0.3225282813
78  -0.403951675
79  0.4997817262
79  0.4977929667
79  0.4987060042
79  0.4987060126
79  0.3669282027
79  0.426468092
79  0.4264704079
79  0.4924560173
79  0.4924560793
79  0.4158194008
79  0.3377670013
79  0.3377648302
79  0.4037869989
79  -0.4998227771
79  -0.4981780289
79  -0.4989184639
79  -0.498918466
79  -0.4444027146
79  -0.4444046112
79  -0.4025139194
79  -0.492594385
79  -0.4925944311
79  -0.3810174969
79  -0.3194815554
79  -0.3194798189
79  -0.4025770715
80  0.4997713827
80  0.497734703
80  0.4987877826
80  0.4987877854
80  0.3551578306
80  0.4298726554
80  0.4298745916
80  0.4920492939
80  0.4920494135
80  0.4291748297
80  0.3335133006
80  0.3335114006
80  0.4030024125
80  -0.4998142573
80  -0.498130638
80  -0.4989835613
80  -0.498983563
80  -0.4466653847
80  -0.4466670059
80  -0.391262269
80  -0.4922575791
80  -0.4922576709
80  -0.3939817942
80  -0.3163165935
80  -0.3163148627
80  -0.4016522028
81  0.4997584164
81  0.4977020599
81  0.4988675207
81  0.4988675254
81  0.3438207966
81  0.4333282021
81  0.4333303756
81  0.4915500412
81  0.4915502275
81  0.4415899705
81  0.3291849868
81  0.3291831003
81  0.4025799813
81  -0.4998035607
81  -0.4981042289
81  -0.4990466698
81  -0.4990466736
81  -0.4490044535
81  -0.4490059772
81  -0.378702972
81  -0.4918446567
81  -0.4918447994
81  -0.407751516
81  -0.3130350035
81  -0.3130334706
81  -0.4010892225
82  0.4997428395
82  0.4976964102
82  0.4989442828
82  0.4989442824
82  0.3335236812
82  0.4368382214
82  0.4368402026
82  0.4909564319
82  0.4909565852
82  0.4525259571
82  0.3247773993
82  0.3247755594
82  0.4024473011
82  -0.4997906996
82  -0.4980999187
82  -0.4991070261
82  -0.4991070249
82  -0.3653913286
82  -0.4514226221
82  -0.4514241709
82  -0.491354876
82  -0.4913549922
82  -0.4218357113
82  -0.3096318599
82  -0.3096303869
82  -0.4008185372
83  0.4997247513
83  0.497718307
83  0.4990172494
83  0.4990172493
83  0.3246567965
83  0.4404048272
83  0.440406693
83  0.4902697087
83  0.4902699758
83  0.4616633801
83  0.3202776893
83  0.3202760239
83  0.402535691
83  -0.499775759
83  -0.4981181323
83  -0.4991639636
83  -0.4991639632
83  -0.3520965849
83  -0.4539195884
83  -0.453921018
83  -0.4907905442
83  -0.490790751
83  -0.4355283975
83  -0.306095477
83  -0.30609411
83  -0.4007800535
84  0.4997043368
84  0.4977674631
84  0.4990857506
84  0.4990857585
84  0.3173623052
84  0.4440284031
84  0.4440301044
84  0.4894953283
84  0.4894955903
84  0.4689301456
84  0.3156635602
84  0.3156617886
84  0.4027836987
84  -0.499758895
84  -0.4981585878
84  -0.4992169428
84  -0.4992169496
84  -0.3396412206
84  -0.4564919888
84  -0.4564932716
84  -0.4901579672
84  -0.4901581662
84  -0.4480684392
84  -0.3024062209
84  -0.3024047764
84  -0.4009208072
85  0.4996818627
85  0.497842748
85  0.4991492778
85  0.4991492863
85  0.3115833801
85  0.447705383
85  0.4477070625
85  0.4886430577
85  0.4886434281
85  0.474448296
85  0.3109010343
85  0.3108994378
85  0.403140179
85  -0.4997403324
85  -0.4982202956
85  -0.4992655591
85  -0.4992655665
85  -0.3286983589
85  -0.4591315652
85  -0.4591328392
85  -0.4894675009
85  -0.4894677866
85  -0.4588423369
85  -0.2985342089
85  -0.298532941
85  -0.401195142
86  0.4996576714
86  0.4979422013
86  0.4992074655
86  0.4992074747
86  0.3071451044
86  0.4514265339
86  0.4514279705
86  0.4877281119
86  0.4877285233
86  0.4784507516
86  0.3059435292
86  0.3059422127
86  0.4035653561
86  -0.4997203586
86  -0.4983015733
86  -0.4993095283
86  -0.4993095362
86  -0.3196469526
86  -0.4618239422
86  -0.461824985
86  -0.4887343594
86  -0.4887346781
86  -0.4675270501
86  -0.2944379259
86  -0.2944368667
86  -0.4015651501
87  0.499632172
87  0.4980630654
87  0.4992601037
87  0.4992601084
87  0.3038261954
87  0.455173665
87  0.4551749707
87  0.4867717986
87  0.4867722425
87  0.4812088984
87  0.30072908
87  0.3007281133
87  0.4040299261
87  -0.4996993167
87  -0.4984000759
87  -0.4993486979
87  -0.4993487015
87  -0.3125514268
87  -0.4645460551
87  -0.4645470152
87  -0.487978858
87  -0.4879791848
87  -0.4741090434
87  -0.2900612175
87  -0.2900603524
87  -0.4020003943
88  0.4996058302
88  0.4982018386
88  0.4993071119
88  0.4993071198
88  0.301405616
88  0.4589172861
88  0.4589179598
88  0.485803018
88  0.4858035514
88  0.4829863688
88  0.2951776081
88  0.2951760735
88  0.4045128142
88  -0.4996775967
88  -0.4985128444
88  -0.499383025
88  -0.4993830313
88  -0.3072427009
88  -0.4672648837
88  -0.4672652908
88  -0.4872270295
88  -0.4872274031
88  -0.4788026372
88  -0.2853301347
88  -0.2853289309
88  -0.4024766881
89  0.4995791552
89  0.4983543507
89  0.4993485418
89  0.4993485529
89  0.2996858778
89  0.4626117385
89  0.4626127963
89  0.4840166149
89  0.4848600042
89  0.484860537
89  0.289184184
89  0.2891832559
89  0.4049981376
89  -0.4996556246
89  -0.4986363735
89  -0.4994125813
89  -0.4994125904
89  -0.3034312917
89  -0.4699340857
89  -0.4699348248
89  -0.4865110039
89  -0.486511378
89  -0.4819368559
89  -0.2801469627
89  -0.2801461838
89  -0.4029739904
90  0.499552687
90  0.4985158655
90  0.4993845476
90  0.4993845534
90  0.2985009119
90  0.4661955735
90  0.4661959303
90  0.4844960004
90  0.4839909992
90  0.4839918965
90  0.2826159408
90  0.2826145203
90  0.4054716154
90  -0.499633851
90  -0.4987667003
90  -0.4994375279
90  -0.4994375321
90  -0.3007990935
90  -0.4724958355
90  -0.4724960539
90  -0.4838639722
90  -0.4858679364
90  -0.4858686307
90  -0.2743857514
90  -0.2743846937
90  -0.4034734634
91  0.4995258232
91  0.4986589569
91  0.4994138502
91  0.4994138589
91  0.2976993658
91  0.469268675
91  0.469269455
91  0.4843957819
91  0.4833519089
91  0.4833529434
91  0.2754111849
91  0.2754101146
91  0.4060960055
91  -0.4996116454
91  -0.498879298
91  -0.4994579981
91  -0.4994580049
91  -0.2990341852
91  -0.474645514
91  -0.474645995
91  -0.4847414108
91  -0.4854642345
91  -0.4854650338
91  -0.267877998
91  -0.2678772129
91  -0.4041093936
92  0.4995021242
92  0.4988235697
92  0.4994434773
92  0.4994434874
92  0.2972073021
92  0.4725128679
92  0.4725131262
92  0.4842196058
92  0.4828110725
92  0.4828118665
92  0.2670143924
92  0.2670142699
92  0.4064923446
92  -0.4995922968
92  -0.4990108525
92  -0.4994779424
92  -0.4994779505
92  -0.2979311291
92  -0.4768938055
92  -0.47689392
92  -0.4851638864
92  -0.4850862388
92  -0.4850867815
92  -0.2603240056
92  -0.2603239162
92  -0.4045467812
93  0.4994802322
93  0.4989810924
93  0.4994682835
93  0.4994682901
93  0.2969228101
93  0.4753785485
93  0.4753786437
93  0.4838861258
93  0.4825165143
93  0.4825173017
93  0.2573609456
93  0.2573594152
93  0.4067888829
93  -0.4995744659
93  -0.4991358589
93  -0.4994939332
93  -0.4994939383
93  -0.297273377
93  -0.4788179634
93  -0.4788180747
93  -0.4851912622
93  -0.4848724801
93  -0.4848729749
93  -0.2515398537
93  -0.2515387245
93  -0.404884179
94  0.4994604495
94  0.4991613091
94  0.4994885713
94  0.4994885801
94  0.2968322927
94  0.4777973071
94  0.4777975358
94  0.4843586269
94  0.4824954758
94  0.4824965034
94  0.2460864332
94  0.2460846723
94  0.1779423925
94  -0.4995586873
94  -0.4992175786
94  -0.4995063287
94  -0.4995063359
94  -0.2968662293
94  -0.4803724134
94  -0.4803725688
94  -0.4841701831
94  -0.4848093752
94  -0.484810102
94  -0.2411796155
94  -0.24117834
94  -0.1779423922
95  0.4994448284
95  0.4992973933
95  0.4995074513
95  0.4995074554
95  0.296755338
95  0.4797978752
95  0.479798062
95  0.4841035816
95  0.4829200056
95  0.482920825
95  0.2328503326
95  0.2328490314
95  0.1782049957
95  -0.4995461693
95  -0.4993342826
95  -0.4995182955
95  -0.4995182986
95  -0.2966926481
95  -0.4816137293
95  -0.4816138929
95  -0.4840280414
95  -0.4850168007
95  -0.4850172895
95  -0.2289268381
95  -0.2289258945
95  -0.1782049952
96  0.4994315214
96  0.4993984798
96  0.4995202409
96  0.4995202454
96  0.2967384948
96  0.481282698
96  0.4812827623
96  0.4837425856
96  0.4834049345
96  0.4834056584
96  0.2174137531
96  0.2174139143
96  0.1784098109
96  -0.4995353902
96  -0.4994196822
96  -0.4995255927
96  -0.4995255962
96  -0.2966371487
96  -0.4824277171
96  -0.482427791
96  -0.4837188605
96  -0.4850938086
96  -0.4850943271
96  -0.2145746285
96  -0.2145747466
96  -0.1784098098
97  0.4994217842
97  0.4994735308
97  0.4995290541
97  0.4995290563
97  0.2967449262
97  0.4823392219
97  0.4823392866
97  0.4834602263
97  0.484025042
97  0.4840257819
97  0.2004796968
97  0.2004800073
97  0.1785564227
97  -0.4995274856
97  -0.4994831014
97  -0.4995307448
97  -0.4995307464
97  -0.2966345189
97  -0.482920484
97  -0.4829205344
97  -0.4834553617
97  -0.4850919861
97  -0.4850925475
97  -0.1988299189
97  -0.1988301875
97  -0.1785564201
98  0.4994158475
98  0.4995197304
98  0.4995339036
98  0.499533904
98  0.2967559751
98  0.482992373
98  0.4829923893
98  0.4832812115
98  0.4846259097
98  0.4846260411
98  0.1852796498
98  0.1852793895
98  0.1786445308
98  -0.4995226592
98  -0.4995221455
98  -0.4995340769
98  -0.4995340773
98  -0.2966471397
98  -0.4831569815
98  -0.4831569992
98  -0.4832808201
98  -0.4849827649
98  -0.4849828531
98  -0.1847579928
98  -0.184757824
98  -0.1786445212
99  0.4994138527
99  0.4995353282
99  0.4995353282
99  0.4995353281
99  0.2967608372
99  0.4832199675
99  0.4832199616
99  0.4832199659
99  0.4849006446
99  0.4849006446
99  0.1786738988
99  0.1786738992
99  0.1786738961
99  -0.4995210364
99  -0.4995353281
99  -0.4995353282
99  -0.4995353282
99  -0.2966536536
99  -0.4832199659
99  -0.4832199616
99  -0.4832199675
99  -0.4849006447
99  -0.4849006446
99  -0.178673896
99  -0.1786738992
99  -0.1786738988
