0.0  0.0  -34628.105098512
0.0  0.2222222222222222  -34627.449883968
0.0  0.4444444444444444  -34625.145659903996
0.0  0.6666666666666666  -34621.5897408
0.0  0.8888888888888888  -34618.284474592
0.0  1.1111111111111112  -34618.284474592
0.0  1.3333333333333333  -34621.589737264
0.0  1.5555555555555554  -34625.14564984
0.0  1.7777777777777777  -34627.449882607994
0.0  2.0  -34628.2007484
0.2222222222222222  0.0  -34627.46994288
0.2222222222222222  0.2222222222222222  -34625.848878368
0.2222222222222222  0.4444444444444444  -34623.206716607994
0.2222222222222222  0.6666666666666666  -34619.919975232
0.2222222222222222  0.8888888888888888  -34618.647871488
0.2222222222222222  1.1111111111111112  -34619.889213120005
0.2222222222222222  1.3333333333333333  -34622.42011192
0.2222222222222222  1.5555555555555554  -34625.846569632
0.2222222222222222  1.7777777777777777  -34627.458122576
0.2222222222222222  2.0  -34627.489306015996
0.4444444444444444  0.0  -34625.161421216
0.4444444444444444  0.2222222222222222  -34623.621772832004
0.4444444444444444  0.4444444444444444  -34620.867316416
0.4444444444444444  0.6666666666666666  -34619.597859232
0.4444444444444444  0.8888888888888888  -34619.60354104
0.4444444444444444  1.1111111111111112  -34620.86148528
0.4444444444444444  1.3333333333333333  -34622.439141856004
0.4444444444444444  1.5555555555555554  -34625.148673936
0.4444444444444444  1.7777777777777777  -34625.853532832
0.4444444444444444  2.0  -34625.179393344
0.6666666666666666  0.0  -34621.603671552
0.6666666666666666  0.2222222222222222  -34619.907002192
0.6666666666666666  0.4444444444444444  -34619.611231296
0.6666666666666666  0.6666666666666666  -34619.488504896
0.6666666666666666  0.8888888888888888  -34619.591938608
0.6666666666666666  1.1111111111111112  -34619.878297488
0.6666666666666666  1.3333333333333333  -34629.530216672
0.6666666666666666  1.5555555555555554  -34624.257864144
0.6666666666666666  1.7777777777777777  -34623.599947552
0.6666666666666666  2.0  -34621.613985248
0.8888888888888888  0.0  -34618.294332416
0.8888888888888888  0.2222222222222222  -34618.646186175996
0.8888888888888888  0.4444444444444444  -34619.609460304
0.8888888888888888  0.6666666666666666  -34619.604757151996
0.8888888888888888  0.8888888888888888  -34618.93368528
0.8888888888888888  1.1111111111111112  -34618.247486399996
0.8888888888888888  1.3333333333333333  -34619.907288336
0.8888888888888888  1.5555555555555554  -34620.880490464
0.8888888888888888  1.7777777777777777  -34619.946336384
0.8888888888888888  2.0  -34618.241940048
1.1111111111111112  0.0  -34618.294330239994
1.1111111111111112  0.2222222222222222  -34619.988141424
1.1111111111111112  0.4444444444444444  -34620.898518352
1.1111111111111112  0.6666666666666666  -34619.907288607996
1.1111111111111112  0.8888888888888888  -34618.247512784
1.1111111111111112  1.1111111111111112  -34618.65143632
1.1111111111111112  1.3333333333333333  -34619.604757151996
1.1111111111111112  1.5555555555555554  -34619.60945976
1.1111111111111112  1.7777777777777777  -34618.646182912
1.1111111111111112  2.0  -34618.241176544
1.3333333333333333  0.0  -34621.603702016
1.3333333333333333  0.2222222222222222  -34622.854750512
1.3333333333333333  0.4444444444444444  -34623.548296928
1.3333333333333333  0.6666666666666666  -34621.593560224
1.3333333333333333  0.8888888888888888  -34619.878124768
1.3333333333333333  1.1111111111111112  -34619.591916304
1.3333333333333333  1.3333333333333333  -34619.488504623994
1.3333333333333333  1.5555555555555554  -34619.611231024
1.3333333333333333  1.7777777777777777  -34619.898828319994
1.3333333333333333  2.0  -34621.61401
1.5555555555555554  0.0  -34625.161430464
1.5555555555555554  0.2222222222222222  -34625.853532832
1.5555555555555554  0.4444444444444444  -34625.148729696004
1.5555555555555554  0.6666666666666666  -34622.451741712
1.5555555555555554  0.8888888888888888  -34620.86148528
1.5555555555555554  1.1111111111111112  -34619.603541312
1.5555555555555554  1.3333333333333333  -34619.597859776
1.5555555555555554  1.5555555555555554  -34620.867316416
1.5555555555555554  1.7777777777777777  -34624.07249288
1.5555555555555554  2.0  -34625.179390624
1.7777777777777777  0.0  -34627.469940976
1.7777777777777777  0.2222222222222222  -34627.458122304
1.7777777777777777  0.4444444444444444  -34625.84657072
1.7777777777777777  0.6666666666666666  -34622.42012497599
1.7777777777777777  0.8888888888888888  -34619.88911248
1.7777777777777777  1.1111111111111112  -34618.639086976
1.7777777777777777  1.3333333333333333  -34619.893580895994
1.7777777777777777  1.5555555555555554  -34622.480505984
1.7777777777777777  1.7777777777777777  -34625.848869664
1.7777777777777777  2.0  -34627.489309280005
2.0  0.0  -34628.20506504
2.0  0.2222222222222222  -34627.44289601599
2.0  0.4444444444444444  -34625.13338672
2.0  0.6666666666666666  -34621.584361456
2.0  0.8888888888888888  -34618.319667856
2.0  1.1111111111111112  -34618.31966432
2.0  1.3333333333333333  -34621.584362816
2.0  1.5555555555555554  -34625.133418
2.0  1.7777777777777777  -34627.442896832
2.0  2.0  -34628.14768908799
